Mon Oct 15 15:43:38 2018
Listening on 157.253.205.65:9010
-----------------
execution time: 1539636219.1806147 s
-PY0002-111111111111;contacto de
-----------------
execution time: 1539636219.1817305 s
-PY0002-111111111111;la descarga inicia
-----------------
execution time: 1539636224.1945357 s
-PY0002-111111111111;contacto de
-----------------
execution time: 1539636225.4135625 s
-PY0001-111111111111;la descarga inicia
-----------------
execution time: 1539636225.4186702 s
-PY0001-111111111111;contacto de
-----------------
execution time: 1539636229.2157505 s
-PY0002-111111111111;contacto de
-----------------
execution time: 1539636230.4603193 s
-PY0001-111111111111;contacto de
-----------------
execution time: 1539636234.2400222 s
-PY0002-111111111111;contacto de
-----------------
execution time: 1539636235.4734788 s
-PY0001-111111111111;contacto de
-----------------
execution time: 1539636239.2577598 s
-PY0002-111111111111;contacto de
-----------------
execution time: 1539636240.4837587 s
-PY0001-111111111111;contacto de
-----------------
execution time: 1539636241.6081161 s
-PY0002-111111111111;el tiempo de descarga fue;22.426392555236816
-----------------
execution time: 1539636241.6084654 s
-PY0002-111111111111;es el cliente;1;en terminar
-----------------
execution time: 1539636244.2663965 s
-PY0002-111111111111;contacto de
-----------------
execution time: 1539636245.4925709 s
-PY0001-111111111111;contacto de
-----------------
execution time: 1539636249.2753024 s
-PY0002-111111111111;contacto de
-----------------
