Mon Oct 15 12:18:33 2018
Listening on 157.253.205.65:9010
-----------------
execution time: 1539623913.9590242 s
-PY0002-111111111111;contacto de
-----------------
execution time: 1539623913.9603047 s
-PY0002-111111111111;la descarga inicia
-----------------
execution time: 1539623913.9835439 s
-PY0003-111111111111;contacto de
-----------------
execution time: 1539623913.9844642 s
-PY0003-111111111111;la descarga inicia
-----------------
execution time: 1539623914.2793884 s
-PY0004-111111111111;contacto de
-----------------
execution time: 1539623914.2810056 s
-PY0004-111111111111;la descarga inicia
-----------------
execution time: 1539623914.7020185 s
-PY0001-111111111111;la descarga inicia
-----------------
execution time: 1539623914.70298 s
-PY0001-111111111111;contacto de
-----------------
execution time: 1539623918.9742353 s
-PY0002-111111111111;contacto de
-----------------
execution time: 1539623918.9969096 s
-PY0003-111111111111;contacto de
-----------------
execution time: 1539623919.2905955 s
-PY0004-111111111111;contacto de
-----------------
execution time: 1539623919.7148173 s
-PY0001-111111111111;contacto de
-----------------
execution time: 1539623923.9865923 s
-PY0002-111111111111;contacto de
-----------------
execution time: 1539623924.018548 s
-PY0003-111111111111;contacto de
-----------------
execution time: 1539623924.3068624 s
-PY0004-111111111111;contacto de
-----------------
execution time: 1539623924.7271216 s
-PY0001-111111111111;contacto de
-----------------
execution time: 1539623925.5678177 s
-PY0004-111111111111;el tiempo de descarga fue;11.286818981170654
-----------------
execution time: 1539623925.5681596 s
-PY0004-111111111111;es el cliente;1;en terminar
-----------------
execution time: 1539623925.6182704 s
-PY0002-111111111111;el tiempo de descarga fue;11.65797233581543
-----------------
execution time: 1539623925.6186268 s
-PY0002-111111111111;es el cliente;2;en terminar
-----------------
execution time: 1539623925.6645415 s
-PY0003-111111111111;el tiempo de descarga fue;11.680084228515625
-----------------
execution time: 1539623925.6649268 s
-PY0003-111111111111;es el cliente;3;en terminar
-----------------
execution time: 1539623928.99531 s
-PY0002-111111111111;contacto de
-----------------
execution time: 1539623929.0271187 s
-PY0003-111111111111;contacto de
-----------------
execution time: 1539623929.3204489 s
-PY0004-111111111111;contacto de
-----------------
execution time: 1539623929.7361758 s
-PY0001-111111111111;contacto de
-----------------
execution time: 1539623934.0039487 s
-PY0002-111111111111;contacto de
-----------------
execution time: 1539623934.032659 s
-PY0003-111111111111;contacto de
-----------------
execution time: 1539623934.3297899 s
-PY0004-111111111111;contacto de
-----------------
execution time: 1539623934.7450225 s
-PY0001-111111111111;contacto de
-----------------
execution time: 1539623939.01282 s
-PY0002-111111111111;contacto de
-----------------
execution time: 1539623939.0409448 s
-PY0003-111111111111;contacto de
-----------------
execution time: 1539623939.3392699 s
-PY0004-111111111111;contacto de
-----------------
execution time: 1539623939.754072 s
-PY0001-111111111111;contacto de
-----------------
execution time: 1539623944.0214095 s
-PY0002-111111111111;contacto de
-----------------
execution time: 1539623944.0488756 s
-PY0003-111111111111;contacto de
-----------------
execution time: 1539623944.3476653 s
-PY0004-111111111111;contacto de
-----------------
execution time: 1539623944.7595584 s
-PY0001-111111111111;contacto de
-----------------
