Mon Oct 15 12:15:55 2018
Listening on 157.253.205.65:9010
-----------------
execution time: 1539623755.8043325 s
-PY0002-111111111111;contacto de
-----------------
execution time: 1539623755.805526 s
-PY0002-111111111111;la descarga inicia
-----------------
execution time: 1539623755.8348682 s
-PY0003-111111111111;contacto de
-----------------
execution time: 1539623755.835938 s
-PY0003-111111111111;la descarga inicia
-----------------
execution time: 1539623756.0167027 s
-PY0004-111111111111;contacto de
-----------------
execution time: 1539623756.0185714 s
-PY0004-111111111111;la descarga inicia
-----------------
execution time: 1539623757.3146243 s
-PY0001-111111111111;la descarga inicia
-----------------
execution time: 1539623757.31558 s
-PY0001-111111111111;contacto de
-----------------
execution time: 1539623760.8173811 s
-PY0002-111111111111;contacto de
-----------------
execution time: 1539623760.8457873 s
-PY0003-111111111111;contacto de
-----------------
execution time: 1539623761.0269804 s
-PY0004-111111111111;contacto de
-----------------
execution time: 1539623762.3269641 s
-PY0001-111111111111;contacto de
-----------------
execution time: 1539623765.8366175 s
-PY0002-111111111111;contacto de
-----------------
execution time: 1539623765.8670504 s
-PY0003-111111111111;contacto de
-----------------
execution time: 1539623766.0406442 s
-PY0004-111111111111;contacto de
-----------------
execution time: 1539623767.286378 s
-PY0004-111111111111;el tiempo de descarga fue;11.267814874649048
-----------------
execution time: 1539623767.2867298 s
-PY0004-111111111111;es el cliente;1;en terminar
-----------------
execution time: 1539623767.331729 s
-PY0001-111111111111;contacto de
-----------------
execution time: 1539623770.9159474 s
-PY0002-111111111111;contacto de
-----------------
execution time: 1539623770.9178221 s
-PY0003-111111111111;contacto de
-----------------
execution time: 1539623771.0578682 s
-PY0004-111111111111;contacto de
-----------------
execution time: 1539623772.3406062 s
-PY0001-111111111111;contacto de
-----------------
execution time: 1539623775.9912512 s
-PY0003-111111111111;contacto de
-----------------
execution time: 1539623776.019788 s
-PY0002-111111111111;contacto de
-----------------
execution time: 1539623776.0675104 s
-PY0004-111111111111;contacto de
-----------------
execution time: 1539623776.4579444 s
-PY0002-111111111111;el tiempo de descarga fue;20.652425289154053
-----------------
execution time: 1539623776.4583988 s
-PY0002-111111111111;es el cliente;2;en terminar
-----------------
execution time: 1539623776.525006 s
-PY0003-111111111111;el tiempo de descarga fue;20.689074993133545
-----------------
execution time: 1539623776.5254228 s
-PY0003-111111111111;es el cliente;3;en terminar
-----------------
execution time: 1539623777.350178 s
-PY0001-111111111111;contacto de
-----------------
execution time: 1539623781.0154464 s
-PY0003-111111111111;contacto de
-----------------
execution time: 1539623781.0420065 s
-PY0002-111111111111;contacto de
-----------------
execution time: 1539623781.0760438 s
-PY0004-111111111111;contacto de
-----------------
execution time: 1539623782.3687055 s
-PY0001-111111111111;contacto de
-----------------
execution time: 1539623786.024257 s
-PY0003-111111111111;contacto de
-----------------
execution time: 1539623786.0502505 s
-PY0002-111111111111;contacto de
-----------------
execution time: 1539623786.0847828 s
-PY0004-111111111111;contacto de
-----------------
execution time: 1539623787.4162643 s
-PY0001-111111111111;contacto de
-----------------
execution time: 1539623791.0327034 s
-PY0003-111111111111;contacto de
-----------------
execution time: 1539623791.0583892 s
-PY0002-111111111111;contacto de
-----------------
execution time: 1539623791.093275 s
-PY0004-111111111111;contacto de
-----------------
