Mon Oct 15 15:32:59 2018
Listening on 157.253.205.65:9010
-----------------
execution time: 1539635580.0927231 s
-PY0002-111111111111;contacto de
-----------------
execution time: 1539635580.0939245 s
-PY0002-111111111111;la descarga inicia
-----------------
execution time: 1539635580.0996308 s
-PY0006-111111111111;contacto de
-----------------
execution time: 1539635580.1009161 s
-PY0006-111111111111;la descarga inicia
-----------------
execution time: 1539635580.1036735 s
-PY0003-111111111111;contacto de
-----------------
execution time: 1539635580.1046474 s
-PY0003-111111111111;la descarga inicia
-----------------
execution time: 1539635580.1111047 s
-PY0005-111111111111;contacto de
-----------------
execution time: 1539635580.1121416 s
-PY0005-111111111111;la descarga inicia
-----------------
execution time: 1539635580.2856746 s
-PY0004-111111111111;contacto de
-----------------
execution time: 1539635580.286682 s
-PY0004-111111111111;la descarga inicia
-----------------
execution time: 1539635580.4444246 s
-PY0001-111111111111;contacto de
-----------------
execution time: 1539635580.4454172 s
-PY0001-111111111111;la descarga inicia
-----------------
execution time: 1539635585.1105177 s
-PY0002-111111111111;contacto de
-----------------
execution time: 1539635585.1119163 s
-PY0006-111111111111;contacto de
-----------------
execution time: 1539635585.1158512 s
-PY0003-111111111111;contacto de
-----------------
execution time: 1539635585.1209297 s
-PY0005-111111111111;contacto de
-----------------
execution time: 1539635585.2911873 s
-PY0004-111111111111;contacto de
-----------------
execution time: 1539635585.4598584 s
-PY0001-111111111111;contacto de
-----------------
execution time: 1539635590.1244626 s
-PY0002-111111111111;contacto de
-----------------
execution time: 1539635590.1267745 s
-PY0006-111111111111;contacto de
-----------------
execution time: 1539635590.1279328 s
-PY0005-111111111111;contacto de
-----------------
execution time: 1539635590.1353483 s
-PY0003-111111111111;contacto de
-----------------
execution time: 1539635590.3015513 s
-PY0004-111111111111;contacto de
-----------------
execution time: 1539635590.4742377 s
-PY0001-111111111111;contacto de
-----------------
execution time: 1539635594.531054 s
-PY0002-111111111111;el tiempo de descarga fue;14.43713641166687
-----------------
execution time: 1539635594.5314457 s
-PY0002-111111111111;es el cliente;1;en terminar
-----------------
execution time: 1539635594.91467 s
-PY0004-111111111111;el tiempo de descarga fue;14.627995014190674
-----------------
execution time: 1539635594.915033 s
-PY0004-111111111111;es el cliente;2;en terminar
-----------------
execution time: 1539635595.0775225 s
-PY0005-111111111111;el tiempo de descarga fue;14.965388536453247
-----------------
execution time: 1539635595.0779777 s
-PY0005-111111111111;es el cliente;3;en terminar
-----------------
execution time: 1539635595.136223 s
-PY0005-111111111111;contacto de
-----------------
execution time: 1539635595.137641 s
-PY0002-111111111111;contacto de
-----------------
execution time: 1539635595.1412969 s
-PY0006-111111111111;contacto de
-----------------
execution time: 1539635595.142544 s
-PY0006-111111111111;el tiempo de descarga fue;15.041634321212769
-----------------
execution time: 1539635595.142865 s
-PY0006-111111111111;es el cliente;4;en terminar
-----------------
execution time: 1539635595.1772544 s
-PY0003-111111111111;contacto de
-----------------
execution time: 1539635595.1863866 s
-PY0003-111111111111;el tiempo de descarga fue;15.08174467086792
-----------------
execution time: 1539635595.1866128 s
-PY0003-111111111111;es el cliente;5;en terminar
-----------------
execution time: 1539635595.310001 s
-PY0004-111111111111;contacto de
-----------------
execution time: 1539635595.4825177 s
-PY0001-111111111111;contacto de
-----------------
execution time: 1539635600.145152 s
-PY0005-111111111111;contacto de
-----------------
execution time: 1539635600.147115 s
-PY0002-111111111111;contacto de
-----------------
execution time: 1539635600.1491919 s
-PY0006-111111111111;contacto de
-----------------
execution time: 1539635600.1901379 s
-PY0003-111111111111;contacto de
-----------------
execution time: 1539635600.3193822 s
-PY0004-111111111111;contacto de
-----------------
execution time: 1539635600.486099 s
-PY0001-111111111111;contacto de
-----------------
