Mon Oct 15 16:09:30 2018
Listening on 157.253.205.65:9010
-----------------
execution time: 1539637770.618585 s
-PY0002-111111111111;contacto de
-----------------
execution time: 1539637770.6202092 s
-PY0002-111111111111;la descarga inicia
-----------------
execution time: 1539637770.6241848 s
-PY0006-111111111111;contacto de
-----------------
execution time: 1539637770.6252155 s
-PY0006-111111111111;la descarga inicia
-----------------
execution time: 1539637770.6605225 s
-PY0005-111111111111;contacto de
-----------------
execution time: 1539637770.6620703 s
-PY0005-111111111111;la descarga inicia
-----------------
execution time: 1539637770.6747315 s
-PY0009-111111111111;contacto de
-----------------
execution time: 1539637770.6757658 s
-PY0009-111111111111;la descarga inicia
-----------------
execution time: 1539637770.6901462 s
-PY0007-111111111111;contacto de
-----------------
execution time: 1539637770.6910777 s
-PY0007-111111111111;la descarga inicia
-----------------
execution time: 1539637770.7119973 s
-PY0008-111111111111;contacto de
-----------------
execution time: 1539637770.713101 s
-PY0008-111111111111;la descarga inicia
-----------------
execution time: 1539637770.8039849 s
-PY0004-111111111111;contacto de
-----------------
execution time: 1539637770.806299 s
-PY0004-111111111111;la descarga inicia
-----------------
execution time: 1539637770.8638453 s
-PY0003-111111111111;contacto de
-----------------
execution time: 1539637770.864998 s
-PY0003-111111111111;la descarga inicia
-----------------
execution time: 1539637770.9149683 s
-PY0010-111111111111;contacto de
-----------------
execution time: 1539637770.916303 s
-PY0010-111111111111;la descarga inicia
-----------------
execution time: 1539637775.6346178 s
-PY0002-111111111111;contacto de
-----------------
execution time: 1539637775.635848 s
-PY0006-111111111111;contacto de
-----------------
execution time: 1539637775.6672194 s
-PY0005-111111111111;contacto de
-----------------
execution time: 1539637775.680406 s
-PY0009-111111111111;contacto de
-----------------
execution time: 1539637775.7042313 s
-PY0007-111111111111;contacto de
-----------------
execution time: 1539637775.7186575 s
-PY0008-111111111111;contacto de
-----------------
execution time: 1539637775.8092105 s
-PY0004-111111111111;contacto de
-----------------
execution time: 1539637775.8764472 s
-PY0003-111111111111;contacto de
-----------------
execution time: 1539637775.9204412 s
-PY0010-111111111111;contacto de
-----------------
execution time: 1539637777.061211 s
-PY0001-111111111111;contacto de
-----------------
execution time: 1539637777.0717108 s
-PY0001-111111111111;la descarga inicia
-----------------
execution time: 1539637780.6456037 s
-PY0006-111111111111;contacto de
-----------------
execution time: 1539637780.6523302 s
-PY0002-111111111111;contacto de
-----------------
execution time: 1539637780.6726694 s
-PY0005-111111111111;contacto de
-----------------
execution time: 1539637780.6986437 s
-PY0009-111111111111;contacto de
-----------------
execution time: 1539637780.7095983 s
-PY0007-111111111111;contacto de
-----------------
execution time: 1539637780.7265224 s
-PY0008-111111111111;contacto de
-----------------
execution time: 1539637780.822552 s
-PY0004-111111111111;contacto de
-----------------
execution time: 1539637780.8826988 s
-PY0003-111111111111;contacto de
-----------------
execution time: 1539637780.9373481 s
-PY0010-111111111111;contacto de
-----------------
execution time: 1539637782.099259 s
-PY0001-111111111111;contacto de
-----------------
execution time: 1539637785.660619 s
-PY0006-111111111111;contacto de
-----------------
execution time: 1539637785.6668882 s
-PY0002-111111111111;contacto de
-----------------
execution time: 1539637785.6809072 s
-PY0005-111111111111;contacto de
-----------------
execution time: 1539637785.708583 s
-PY0009-111111111111;contacto de
-----------------
execution time: 1539637785.7179415 s
-PY0007-111111111111;contacto de
-----------------
execution time: 1539637785.7345755 s
-PY0008-111111111111;contacto de
-----------------
execution time: 1539637785.8290563 s
-PY0004-111111111111;contacto de
-----------------
execution time: 1539637785.8903594 s
-PY0003-111111111111;contacto de
-----------------
execution time: 1539637785.9441166 s
-PY0010-111111111111;contacto de
-----------------
execution time: 1539637787.1238325 s
-PY0001-111111111111;contacto de
-----------------
execution time: 1539637790.6696897 s
-PY0006-111111111111;contacto de
-----------------
execution time: 1539637790.6736703 s
-PY0002-111111111111;contacto de
-----------------
execution time: 1539637790.6952488 s
-PY0005-111111111111;contacto de
-----------------
execution time: 1539637790.715935 s
-PY0009-111111111111;contacto de
-----------------
execution time: 1539637790.7337053 s
-PY0007-111111111111;contacto de
-----------------
execution time: 1539637790.7422545 s
-PY0008-111111111111;contacto de
-----------------
execution time: 1539637790.8424904 s
-PY0004-111111111111;contacto de
-----------------
execution time: 1539637790.9051936 s
-PY0003-111111111111;contacto de
-----------------
execution time: 1539637790.962287 s
-PY0010-111111111111;contacto de
-----------------
execution time: 1539637792.1407268 s
-PY0001-111111111111;contacto de
-----------------
execution time: 1539637795.6840668 s
-PY0006-111111111111;contacto de
-----------------
execution time: 1539637795.6857564 s
-PY0002-111111111111;contacto de
-----------------
execution time: 1539637795.7001371 s
-PY0005-111111111111;contacto de
-----------------
execution time: 1539637795.7239814 s
-PY0009-111111111111;contacto de
-----------------
execution time: 1539637795.7402925 s
-PY0007-111111111111;contacto de
-----------------
execution time: 1539637795.749812 s
-PY0008-111111111111;contacto de
-----------------
execution time: 1539637795.8591435 s
-PY0004-111111111111;contacto de
-----------------
execution time: 1539637795.9167418 s
-PY0003-111111111111;contacto de
-----------------
execution time: 1539637795.975898 s
-PY0010-111111111111;contacto de
-----------------
execution time: 1539637797.1596065 s
-PY0001-111111111111;contacto de
-----------------
execution time: 1539637800.696021 s
-PY0002-111111111111;contacto de
-----------------
execution time: 1539637800.6975842 s
-PY0006-111111111111;contacto de
-----------------
execution time: 1539637800.7086556 s
-PY0005-111111111111;contacto de
-----------------
execution time: 1539637800.7389784 s
-PY0009-111111111111;contacto de
-----------------
execution time: 1539637800.74884 s
-PY0007-111111111111;contacto de
-----------------
execution time: 1539637800.7725987 s
-PY0008-111111111111;contacto de
-----------------
execution time: 1539637800.8673375 s
-PY0004-111111111111;contacto de
-----------------
execution time: 1539637800.929824 s
-PY0003-111111111111;contacto de
-----------------
execution time: 1539637800.9876764 s
-PY0010-111111111111;contacto de
-----------------
execution time: 1539637802.1794002 s
-PY0001-111111111111;contacto de
-----------------
execution time: 1539637805.7010956 s
-PY0002-111111111111;contacto de
-----------------
execution time: 1539637805.704663 s
-PY0006-111111111111;contacto de
-----------------
execution time: 1539637805.7230322 s
-PY0005-111111111111;contacto de
-----------------
execution time: 1539637805.7535317 s
-PY0009-111111111111;contacto de
-----------------
execution time: 1539637805.766039 s
-PY0007-111111111111;contacto de
-----------------
execution time: 1539637805.7941682 s
-PY0008-111111111111;contacto de
-----------------
execution time: 1539637805.8845158 s
-PY0004-111111111111;contacto de
-----------------
execution time: 1539637805.9386115 s
-PY0003-111111111111;contacto de
-----------------
execution time: 1539637805.9957805 s
-PY0010-111111111111;contacto de
-----------------
execution time: 1539637807.1917467 s
-PY0001-111111111111;contacto de
-----------------
execution time: 1539637810.8781424 s
-PY0009-111111111111;contacto de
-----------------
execution time: 1539637810.8800752 s
-PY0005-111111111111;contacto de
-----------------
execution time: 1539637811.004062 s
-PY0002-111111111111;contacto de
-----------------
execution time: 1539637811.0052688 s
-PY0007-111111111111;contacto de
-----------------
execution time: 1539637811.0064747 s
-PY0008-111111111111;contacto de
-----------------
execution time: 1539637811.0075445 s
-PY0006-111111111111;contacto de
-----------------
execution time: 1539637811.0952597 s
-PY0004-111111111111;contacto de
-----------------
execution time: 1539637811.0967207 s
-PY0010-111111111111;contacto de
-----------------
execution time: 1539637811.119961 s
-PY0003-111111111111;contacto de
-----------------
execution time: 1539637811.3003707 s
-PY0003-111111111111;el tiempo de descarga fue;40.43537974357605
-----------------
execution time: 1539637811.3007312 s
-PY0003-111111111111;es el cliente;1;en terminar
-----------------
execution time: 1539637812.2003841 s
-PY0001-111111111111;contacto de
-----------------
execution time: 1539637814.1712503 s
-PY0007-111111111111;el tiempo de descarga fue;43.48018026351929
-----------------
execution time: 1539637814.1716416 s
-PY0007-111111111111;es el cliente;2;en terminar
-----------------
execution time: 1539637815.2560115 s
-PY0005-111111111111;el tiempo de descarga fue;44.593947887420654
-----------------
execution time: 1539637815.256334 s
-PY0005-111111111111;es el cliente;3;en terminar
-----------------
execution time: 1539637815.286236 s
-PY0004-111111111111;el tiempo de descarga fue;44.47994542121887
-----------------
execution time: 1539637815.2865393 s
-PY0004-111111111111;es el cliente;4;en terminar
-----------------
execution time: 1539637815.4502354 s
-PY0010-111111111111;el tiempo de descarga fue;44.53394150733948
-----------------
execution time: 1539637815.4505832 s
-PY0010-111111111111;es el cliente;5;en terminar
-----------------
execution time: 1539637815.4879544 s
-PY0008-111111111111;el tiempo de descarga fue;44.77485990524292
-----------------
execution time: 1539637815.4883204 s
-PY0008-111111111111;es el cliente;6;en terminar
-----------------
execution time: 1539637815.8958123 s
-PY0005-111111111111;contacto de
-----------------
execution time: 1539637816.050667 s
-PY0009-111111111111;contacto de
-----------------
execution time: 1539637816.052286 s
-PY0007-111111111111;contacto de
-----------------
execution time: 1539637816.1230075 s
-PY0002-111111111111;contacto de
-----------------
execution time: 1539637816.124554 s
-PY0008-111111111111;contacto de
-----------------
execution time: 1539637816.1260374 s
-PY0006-111111111111;contacto de
-----------------
execution time: 1539637816.1274147 s
-PY0010-111111111111;contacto de
-----------------
execution time: 1539637816.128537 s
-PY0004-111111111111;contacto de
-----------------
execution time: 1539637816.1538272 s
-PY0003-111111111111;contacto de
-----------------
execution time: 1539637817.2088976 s
-PY0001-111111111111;contacto de
-----------------
execution time: 1539637820.9049144 s
-PY0005-111111111111;contacto de
-----------------
execution time: 1539637821.0607898 s
-PY0007-111111111111;contacto de
-----------------
execution time: 1539637821.1941316 s
-PY0009-111111111111;contacto de
-----------------
execution time: 1539637821.1957572 s
-PY0008-111111111111;contacto de
-----------------
execution time: 1539637821.3558116 s
-PY0002-111111111111;contacto de
-----------------
execution time: 1539637821.3571837 s
-PY0010-111111111111;contacto de
-----------------
execution time: 1539637821.358331 s
-PY0004-111111111111;contacto de
-----------------
execution time: 1539637821.359568 s
-PY0006-111111111111;contacto de
-----------------
execution time: 1539637821.360656 s
-PY0003-111111111111;contacto de
-----------------
execution time: 1539637822.2179248 s
-PY0001-111111111111;contacto de
-----------------
execution time: 1539637822.3104537 s
-PY0006-111111111111;el tiempo de descarga fue;51.68524479866028
-----------------
execution time: 1539637822.3107886 s
-PY0006-111111111111;es el cliente;7;en terminar
-----------------
execution time: 1539637822.450562 s
-PY0009-111111111111;el tiempo de descarga fue;51.77480459213257
-----------------
execution time: 1539637822.4509676 s
-PY0009-111111111111;es el cliente;8;en terminar
-----------------
execution time: 1539637823.1512172 s
-PY0002-111111111111;el tiempo de descarga fue;52.531015396118164
-----------------
execution time: 1539637823.151612 s
-PY0002-111111111111;es el cliente;9;en terminar
-----------------
execution time: 1539637825.9140794 s
-PY0005-111111111111;contacto de
-----------------
execution time: 1539637826.069441 s
-PY0007-111111111111;contacto de
-----------------
execution time: 1539637826.2041914 s
-PY0008-111111111111;contacto de
-----------------
execution time: 1539637826.2214553 s
-PY0009-111111111111;contacto de
-----------------
execution time: 1539637826.3670623 s
-PY0010-111111111111;contacto de
-----------------
execution time: 1539637826.3689463 s
-PY0004-111111111111;contacto de
-----------------
execution time: 1539637826.3704386 s
-PY0003-111111111111;contacto de
-----------------
execution time: 1539637826.3865328 s
-PY0006-111111111111;contacto de
-----------------
execution time: 1539637826.4010265 s
-PY0002-111111111111;contacto de
-----------------
execution time: 1539637827.2268977 s
-PY0001-111111111111;contacto de
-----------------
