Mon Oct 15 16:10:36 2018
Listening on 157.253.205.65:9010
-----------------
execution time: 1539637836.8544753 s
-PY0002-111111111111;contacto de
-----------------
execution time: 1539637836.8558435 s
-PY0002-111111111111;la descarga inicia
-----------------
execution time: 1539637836.88886 s
-PY0009-111111111111;contacto de
-----------------
execution time: 1539637836.890466 s
-PY0007-111111111111;contacto de
-----------------
execution time: 1539637836.8917358 s
-PY0009-111111111111;la descarga inicia
-----------------
execution time: 1539637836.892794 s
-PY0006-111111111111;contacto de
-----------------
execution time: 1539637836.8939476 s
-PY0006-111111111111;la descarga inicia
-----------------
execution time: 1539637836.8953314 s
-PY0007-111111111111;la descarga inicia
-----------------
execution time: 1539637836.8993924 s
-PY0005-111111111111;contacto de
-----------------
execution time: 1539637836.900461 s
-PY0005-111111111111;la descarga inicia
-----------------
execution time: 1539637836.9156325 s
-PY0008-111111111111;contacto de
-----------------
execution time: 1539637836.916696 s
-PY0008-111111111111;la descarga inicia
-----------------
execution time: 1539637836.9247835 s
-PY0010-111111111111;contacto de
-----------------
execution time: 1539637836.92601 s
-PY0010-111111111111;la descarga inicia
-----------------
execution time: 1539637836.9662466 s
-PY0003-111111111111;contacto de
-----------------
execution time: 1539637836.9677653 s
-PY0003-111111111111;la descarga inicia
-----------------
execution time: 1539637837.0319083 s
-PY0004-111111111111;contacto de
-----------------
execution time: 1539637837.0334015 s
-PY0004-111111111111;la descarga inicia
-----------------
execution time: 1539637841.8737288 s
-PY0002-111111111111;contacto de
-----------------
execution time: 1539637841.8997052 s
-PY0009-111111111111;contacto de
-----------------
execution time: 1539637841.9068604 s
-PY0006-111111111111;contacto de
-----------------
execution time: 1539637841.9106297 s
-PY0007-111111111111;contacto de
-----------------
execution time: 1539637841.9146528 s
-PY0005-111111111111;contacto de
-----------------
execution time: 1539637841.9310331 s
-PY0008-111111111111;contacto de
-----------------
execution time: 1539637841.9331448 s
-PY0010-111111111111;contacto de
-----------------
execution time: 1539637841.9876506 s
-PY0003-111111111111;contacto de
-----------------
execution time: 1539637842.0446203 s
-PY0004-111111111111;contacto de
-----------------
execution time: 1539637843.303419 s
-PY0001-111111111111;la descarga inicia
-----------------
execution time: 1539637843.3069725 s
-PY0001-111111111111;contacto de
-----------------
execution time: 1539637846.8912642 s
-PY0002-111111111111;contacto de
-----------------
execution time: 1539637846.9307804 s
-PY0006-111111111111;contacto de
-----------------
execution time: 1539637846.9456923 s
-PY0009-111111111111;contacto de
-----------------
execution time: 1539637846.946685 s
-PY0007-111111111111;contacto de
-----------------
execution time: 1539637846.9506571 s
-PY0008-111111111111;contacto de
-----------------
execution time: 1539637846.9520156 s
-PY0005-111111111111;contacto de
-----------------
execution time: 1539637846.9529076 s
-PY0010-111111111111;contacto de
-----------------
execution time: 1539637847.045611 s
-PY0003-111111111111;contacto de
-----------------
execution time: 1539637847.063563 s
-PY0004-111111111111;contacto de
-----------------
execution time: 1539637848.3618815 s
-PY0001-111111111111;contacto de
-----------------
execution time: 1539637851.9700618 s
-PY0002-111111111111;contacto de
-----------------
execution time: 1539637851.9816866 s
-PY0006-111111111111;contacto de
-----------------
execution time: 1539637851.9865592 s
-PY0005-111111111111;contacto de
-----------------
execution time: 1539637852.2005785 s
-PY0008-111111111111;contacto de
-----------------
execution time: 1539637852.207756 s
-PY0009-111111111111;contacto de
-----------------
execution time: 1539637852.8324184 s
-PY0004-111111111111;contacto de
-----------------
execution time: 1539637852.9913335 s
-PY0010-111111111111;contacto de
-----------------
execution time: 1539637854.2340631 s
-PY0003-111111111111;contacto de
-----------------
execution time: 1539637854.2700374 s
-PY0007-111111111111;contacto de
-----------------
execution time: 1539637854.560403 s
-PY0001-111111111111;contacto de
-----------------
execution time: 1539637856.9870558 s
-PY0002-111111111111;contacto de
-----------------
execution time: 1539637857.2405083 s
-PY0008-111111111111;contacto de
-----------------
execution time: 1539637857.2419074 s
-PY0009-111111111111;contacto de
-----------------
execution time: 1539637857.7252033 s
-PY0005-111111111111;contacto de
-----------------
execution time: 1539637857.8783295 s
-PY0004-111111111111;contacto de
-----------------
execution time: 1539637858.0156884 s
-PY0010-111111111111;contacto de
-----------------
execution time: 1539637859.2797282 s
-PY0003-111111111111;contacto de
-----------------
execution time: 1539637859.3656216 s
-PY0007-111111111111;contacto de
-----------------
execution time: 1539637859.9027529 s
-PY0006-111111111111;contacto de
-----------------
execution time: 1539637860.7298417 s
-PY0001-111111111111;contacto de
-----------------
execution time: 1539637862.0029857 s
-PY0002-111111111111;contacto de
-----------------
execution time: 1539637862.4809842 s
-PY0009-111111111111;contacto de
-----------------
execution time: 1539637862.7568383 s
-PY0005-111111111111;contacto de
-----------------
execution time: 1539637862.7582934 s
-PY0008-111111111111;contacto de
-----------------
execution time: 1539637863.2834928 s
-PY0004-111111111111;contacto de
-----------------
execution time: 1539637863.3328602 s
-PY0010-111111111111;contacto de
-----------------
execution time: 1539637864.9163816 s
-PY0006-111111111111;contacto de
-----------------
execution time: 1539637864.990803 s
-PY0003-111111111111;contacto de
-----------------
execution time: 1539637865.0423536 s
-PY0007-111111111111;contacto de
-----------------
execution time: 1539637865.7501175 s
-PY0001-111111111111;contacto de
-----------------
execution time: 1539637867.0152788 s
-PY0002-111111111111;contacto de
-----------------
execution time: 1539637867.4971642 s
-PY0009-111111111111;contacto de
-----------------
execution time: 1539637867.7651212 s
-PY0005-111111111111;contacto de
-----------------
execution time: 1539637867.7666914 s
-PY0008-111111111111;contacto de
-----------------
execution time: 1539637868.3006985 s
-PY0004-111111111111;contacto de
-----------------
execution time: 1539637868.3401961 s
-PY0010-111111111111;contacto de
-----------------
execution time: 1539637869.9301615 s
-PY0006-111111111111;contacto de
-----------------
execution time: 1539637870.006348 s
-PY0003-111111111111;contacto de
-----------------
execution time: 1539637870.0561585 s
-PY0007-111111111111;contacto de
-----------------
execution time: 1539637870.7664382 s
-PY0001-111111111111;contacto de
-----------------
execution time: 1539637872.0279963 s
-PY0002-111111111111;contacto de
-----------------
execution time: 1539637872.510794 s
-PY0009-111111111111;contacto de
-----------------
execution time: 1539637872.774842 s
-PY0005-111111111111;contacto de
-----------------
execution time: 1539637872.7900512 s
-PY0008-111111111111;contacto de
-----------------
execution time: 1539637873.313087 s
-PY0004-111111111111;contacto de
-----------------
execution time: 1539637873.3507302 s
-PY0010-111111111111;contacto de
-----------------
execution time: 1539637874.9493642 s
-PY0006-111111111111;contacto de
-----------------
execution time: 1539637875.0198228 s
-PY0003-111111111111;contacto de
-----------------
execution time: 1539637875.0774136 s
-PY0007-111111111111;contacto de
-----------------
execution time: 1539637875.7749667 s
-PY0001-111111111111;contacto de
-----------------
execution time: 1539637877.117049 s
-PY0002-111111111111;contacto de
-----------------
execution time: 1539637877.186052 s
-PY0003-111111111111;el tiempo de descarga fue;40.21829342842102
-----------------
execution time: 1539637877.1863518 s
-PY0003-111111111111;es el cliente;1;en terminar
-----------------
execution time: 1539637877.8753195 s
-PY0009-111111111111;contacto de
-----------------
execution time: 1539637877.8768406 s
-PY0005-111111111111;contacto de
-----------------
execution time: 1539637877.8778944 s
-PY0008-111111111111;contacto de
-----------------
execution time: 1539637878.5256307 s
-PY0010-111111111111;contacto de
-----------------
execution time: 1539637878.526895 s
-PY0004-111111111111;contacto de
-----------------
execution time: 1539637878.7513812 s
-PY0007-111111111111;el tiempo de descarga fue;41.85605764389038
-----------------
execution time: 1539637878.7518272 s
-PY0007-111111111111;es el cliente;2;en terminar
-----------------
execution time: 1539637880.0322099 s
-PY0003-111111111111;contacto de
-----------------
execution time: 1539637880.091735 s
-PY0007-111111111111;contacto de
-----------------
execution time: 1539637880.251607 s
-PY0006-111111111111;contacto de
-----------------
execution time: 1539637880.7832954 s
-PY0001-111111111111;contacto de
-----------------
execution time: 1539637882.0357666 s
-PY0005-111111111111;el tiempo de descarga fue;45.13531231880188
-----------------
execution time: 1539637882.0362434 s
-PY0005-111111111111;es el cliente;3;en terminar
-----------------
execution time: 1539637882.0822716 s
-PY0010-111111111111;el tiempo de descarga fue;45.15626859664917
-----------------
execution time: 1539637882.0825799 s
-PY0010-111111111111;es el cliente;4;en terminar
-----------------
execution time: 1539637882.2942226 s
-PY0002-111111111111;contacto de
-----------------
execution time: 1539637882.311948 s
-PY0002-111111111111;el tiempo de descarga fue;45.45611214637756
-----------------
execution time: 1539637882.3123045 s
-PY0002-111111111111;es el cliente;5;en terminar
-----------------
execution time: 1539637882.3903134 s
-PY0009-111111111111;el tiempo de descarga fue;45.498584270477295
-----------------
execution time: 1539637882.390692 s
-PY0009-111111111111;es el cliente;6;en terminar
-----------------
execution time: 1539637882.4588053 s
-PY0008-111111111111;el tiempo de descarga fue;45.54211616516113
-----------------
execution time: 1539637882.4592433 s
-PY0008-111111111111;es el cliente;7;en terminar
-----------------
execution time: 1539637882.558614 s
-PY0004-111111111111;el tiempo de descarga fue;45.52522015571594
-----------------
execution time: 1539637882.558936 s
-PY0004-111111111111;es el cliente;8;en terminar
-----------------
execution time: 1539637882.6497197 s
-PY0006-111111111111;el tiempo de descarga fue;45.755779504776
-----------------
execution time: 1539637882.6500845 s
-PY0006-111111111111;es el cliente;9;en terminar
-----------------
execution time: 1539637882.9019296 s
-PY0009-111111111111;contacto de
-----------------
execution time: 1539637883.0129035 s
-PY0008-111111111111;contacto de
-----------------
execution time: 1539637883.0390408 s
-PY0005-111111111111;contacto de
-----------------
execution time: 1539637883.535573 s
-PY0004-111111111111;contacto de
-----------------
execution time: 1539637883.6216624 s
-PY0010-111111111111;contacto de
-----------------
execution time: 1539637885.0406682 s
-PY0003-111111111111;contacto de
-----------------
execution time: 1539637885.096561 s
-PY0007-111111111111;contacto de
-----------------
execution time: 1539637885.2735362 s
-PY0006-111111111111;contacto de
-----------------
execution time: 1539637885.791771 s
-PY0001-111111111111;contacto de
-----------------
