Tue Oct 16 19:37:07 2018
Listening on 157.253.205.65:9010
-----------------
execution time: 1539736629.627484 s
-PY0001-111111111111;la descarga inicia
-----------------
execution time: 1539736629.6283813 s
-PY0001-111111111111;contacto de
-----------------
execution time: 1539736634.636234 s
-PY0001-111111111111;contacto de
-----------------
execution time: 1539736637.3940282 s
-PY0002-111111111111;contacto de
-----------------
execution time: 1539736637.395278 s
-PY0002-111111111111;la descarga inicia
-----------------
execution time: 1539736637.445099 s
-PY0003-111111111111;contacto de
-----------------
execution time: 1539736637.4469001 s
-PY0003-111111111111;la descarga inicia
-----------------
execution time: 1539736637.4550548 s
-PY0004-111111111111;contacto de
-----------------
execution time: 1539736637.45608 s
-PY0004-111111111111;la descarga inicia
-----------------
execution time: 1539736637.467551 s
-PY0005-111111111111;contacto de
-----------------
execution time: 1539736637.4695566 s
-PY0005-111111111111;la descarga inicia
-----------------
execution time: 1539736637.5000198 s
-PY0007-111111111111;contacto de
-----------------
execution time: 1539736637.5017662 s
-PY0007-111111111111;la descarga inicia
-----------------
execution time: 1539736637.502634 s
-PY0013-111111111111;contacto de
-----------------
execution time: 1539736637.5039995 s
-PY0013-111111111111;la descarga inicia
-----------------
execution time: 1539736637.5090423 s
-PY0010-111111111111;contacto de
-----------------
execution time: 1539736637.5107725 s
-PY0010-111111111111;la descarga inicia
-----------------
execution time: 1539736637.5136998 s
-PY0014-111111111111;contacto de
-----------------
execution time: 1539736637.5145454 s
-PY0012-111111111111;contacto de
-----------------
execution time: 1539736637.516442 s
-PY0012-111111111111;la descarga inicia
-----------------
execution time: 1539736637.5178084 s
-PY0009-111111111111;contacto de
-----------------
execution time: 1539736637.5189548 s
-PY0014-111111111111;la descarga inicia
-----------------
execution time: 1539736637.5202847 s
-PY0009-111111111111;la descarga inicia
-----------------
execution time: 1539736637.5614655 s
-PY0006-111111111111;contacto de
-----------------
execution time: 1539736637.563959 s
-PY0006-111111111111;la descarga inicia
-----------------
execution time: 1539736637.5674765 s
-PY0018-111111111111;contacto de
-----------------
execution time: 1539736637.5690515 s
-PY0018-111111111111;la descarga inicia
-----------------
execution time: 1539736637.5774395 s
-PY0022-111111111111;contacto de
-----------------
execution time: 1539736637.5788682 s
-PY0022-111111111111;la descarga inicia
-----------------
execution time: 1539736637.6164808 s
-PY0021-111111111111;contacto de
-----------------
execution time: 1539736637.618326 s
-PY0021-111111111111;la descarga inicia
-----------------
execution time: 1539736637.619912 s
-PY0017-111111111111;contacto de
-----------------
execution time: 1539736637.6210384 s
-PY0017-111111111111;la descarga inicia
-----------------
execution time: 1539736637.6222668 s
-PY0020-111111111111;contacto de
-----------------
execution time: 1539736637.6238453 s
-PY0020-111111111111;la descarga inicia
-----------------
execution time: 1539736637.6274333 s
-PY0023-111111111111;contacto de
-----------------
execution time: 1539736637.628963 s
-PY0023-111111111111;la descarga inicia
-----------------
execution time: 1539736637.6410902 s
-PY0015-111111111111;contacto de
-----------------
execution time: 1539736637.6428175 s
-PY0015-111111111111;la descarga inicia
-----------------
execution time: 1539736637.6502905 s
-PY0011-111111111111;contacto de
-----------------
execution time: 1539736637.6518776 s
-PY0011-111111111111;la descarga inicia
-----------------
execution time: 1539736637.6647456 s
-PY0008-111111111111;contacto de
-----------------
execution time: 1539736637.666029 s
-PY0008-111111111111;la descarga inicia
-----------------
execution time: 1539736637.761994 s
-PY0019-111111111111;contacto de
-----------------
execution time: 1539736637.7637947 s
-PY0019-111111111111;la descarga inicia
-----------------
execution time: 1539736637.8058603 s
-PY0016-111111111111;contacto de
-----------------
execution time: 1539736637.8078356 s
-PY0016-111111111111;la descarga inicia
-----------------
execution time: 1539736639.6539264 s
-PY0001-111111111111;contacto de
-----------------
execution time: 1539736642.4071066 s
-PY0002-111111111111;contacto de
-----------------
execution time: 1539736642.4545548 s
-PY0003-111111111111;contacto de
-----------------
execution time: 1539736642.471084 s
-PY0004-111111111111;contacto de
-----------------
execution time: 1539736642.4836838 s
-PY0005-111111111111;contacto de
-----------------
execution time: 1539736642.5113485 s
-PY0013-111111111111;contacto de
-----------------
execution time: 1539736642.513371 s
-PY0007-111111111111;contacto de
-----------------
execution time: 1539736642.5187926 s
-PY0010-111111111111;contacto de
-----------------
execution time: 1539736642.5241213 s
-PY0014-111111111111;contacto de
-----------------
execution time: 1539736642.5253482 s
-PY0009-111111111111;contacto de
-----------------
execution time: 1539736642.5269337 s
-PY0012-111111111111;contacto de
-----------------
execution time: 1539736642.5716012 s
-PY0006-111111111111;contacto de
-----------------
execution time: 1539736642.5748823 s
-PY0018-111111111111;contacto de
-----------------
execution time: 1539736642.5990334 s
-PY0022-111111111111;contacto de
-----------------
execution time: 1539736642.6260514 s
-PY0021-111111111111;contacto de
-----------------
execution time: 1539736642.6293027 s
-PY0017-111111111111;contacto de
-----------------
execution time: 1539736642.6312084 s
-PY0020-111111111111;contacto de
-----------------
execution time: 1539736642.6406047 s
-PY0023-111111111111;contacto de
-----------------
execution time: 1539736642.6597593 s
-PY0015-111111111111;contacto de
-----------------
execution time: 1539736642.6623476 s
-PY0011-111111111111;contacto de
-----------------
execution time: 1539736642.6720796 s
-PY0008-111111111111;contacto de
-----------------
execution time: 1539736642.7703114 s
-PY0019-111111111111;contacto de
-----------------
execution time: 1539736642.812677 s
-PY0016-111111111111;contacto de
-----------------
execution time: 1539736644.6733625 s
-PY0001-111111111111;contacto de
-----------------
execution time: 1539736647.4585788 s
-PY0002-111111111111;contacto de
-----------------
execution time: 1539736647.578087 s
-PY0003-111111111111;contacto de
-----------------
execution time: 1539736647.582588 s
-PY0005-111111111111;contacto de
-----------------
execution time: 1539736647.5857587 s
-PY0009-111111111111;contacto de
-----------------
execution time: 1539736647.5897312 s
-PY0010-111111111111;contacto de
-----------------
execution time: 1539736647.5932658 s
-PY0006-111111111111;contacto de
-----------------
execution time: 1539736647.606184 s
-PY0018-111111111111;contacto de
-----------------
execution time: 1539736647.614415 s
-PY0012-111111111111;contacto de
-----------------
execution time: 1539736647.6158514 s
-PY0004-111111111111;contacto de
-----------------
execution time: 1539736647.638026 s
-PY0013-111111111111;contacto de
-----------------
execution time: 1539736647.64008 s
-PY0022-111111111111;contacto de
-----------------
execution time: 1539736647.6435335 s
-PY0007-111111111111;contacto de
-----------------
execution time: 1539736647.6455204 s
-PY0021-111111111111;contacto de
-----------------
execution time: 1539736647.6495347 s
-PY0017-111111111111;contacto de
-----------------
execution time: 1539736647.72926 s
-PY0020-111111111111;contacto de
-----------------
execution time: 1539736647.7318304 s
-PY0015-111111111111;contacto de
-----------------
execution time: 1539736648.0209942 s
-PY0014-111111111111;contacto de
-----------------
execution time: 1539736648.0238848 s
-PY0023-111111111111;contacto de
-----------------
execution time: 1539736648.0263362 s
-PY0011-111111111111;contacto de
-----------------
execution time: 1539736648.0288372 s
-PY0008-111111111111;contacto de
-----------------
execution time: 1539736648.031536 s
-PY0019-111111111111;contacto de
-----------------
execution time: 1539736648.061768 s
-PY0016-111111111111;contacto de
-----------------
execution time: 1539736649.6843119 s
-PY0001-111111111111;contacto de
-----------------
execution time: 1539736652.0637057 s
-PY0008-111111111111;el tiempo de descarga fue;14.397686004638672
-----------------
execution time: 1539736652.064392 s
-PY0008-111111111111;es el cliente;1;en terminar
-----------------
execution time: 1539736652.6903834 s
-PY0002-111111111111;contacto de
-----------------
execution time: 1539736652.718657 s
-PY0003-111111111111;contacto de
-----------------
execution time: 1539736652.7199256 s
-PY0009-111111111111;contacto de
-----------------
execution time: 1539736652.7213073 s
-PY0010-111111111111;contacto de
-----------------
execution time: 1539736652.7233114 s
-PY0006-111111111111;contacto de
-----------------
execution time: 1539736652.7253182 s
-PY0018-111111111111;contacto de
-----------------
execution time: 1539736652.7682106 s
-PY0012-111111111111;contacto de
-----------------
execution time: 1539736652.816888 s
-PY0020-111111111111;contacto de
-----------------
execution time: 1539736652.8543792 s
-PY0015-111111111111;contacto de
-----------------
execution time: 1539736652.8573332 s
-PY0013-111111111111;contacto de
-----------------
execution time: 1539736653.0446622 s
-PY0022-111111111111;contacto de
-----------------
execution time: 1539736653.049412 s
-PY0004-111111111111;contacto de
-----------------
execution time: 1539736653.182046 s
-PY0005-111111111111;contacto de
-----------------
execution time: 1539736653.1836429 s
-PY0007-111111111111;contacto de
-----------------
execution time: 1539736653.1849992 s
-PY0011-111111111111;contacto de
-----------------
execution time: 1539736653.1864405 s
-PY0008-111111111111;contacto de
-----------------
execution time: 1539736653.188056 s
-PY0023-111111111111;contacto de
-----------------
execution time: 1539736653.189448 s
-PY0019-111111111111;contacto de
-----------------
execution time: 1539736653.1905804 s
-PY0014-111111111111;contacto de
-----------------
execution time: 1539736653.333266 s
-PY0016-111111111111;contacto de
-----------------
execution time: 1539736653.3721328 s
-PY0018-111111111111;el tiempo de descarga fue;15.80308747291565
-----------------
execution time: 1539736653.372428 s
-PY0018-111111111111;es el cliente;2;en terminar
-----------------
execution time: 1539736653.7580519 s
-PY0021-111111111111;contacto de
-----------------
execution time: 1539736653.7596586 s
-PY0017-111111111111;contacto de
-----------------
execution time: 1539736654.0473058 s
-PY0022-111111111111;el tiempo de descarga fue;16.468445539474487
-----------------
execution time: 1539736654.0479863 s
-PY0022-111111111111;es el cliente;3;en terminar
-----------------
execution time: 1539736654.097948 s
-PY0014-111111111111;el tiempo de descarga fue;16.579001426696777
-----------------
execution time: 1539736654.0988088 s
-PY0014-111111111111;es el cliente;4;en terminar
-----------------
execution time: 1539736654.435471 s
-PY0006-111111111111;el tiempo de descarga fue;16.871519088745117
-----------------
execution time: 1539736654.4360769 s
-PY0006-111111111111;es el cliente;5;en terminar
-----------------
execution time: 1539736654.695561 s
-PY0001-111111111111;contacto de
-----------------
execution time: 1539736654.7432618 s
-PY0020-111111111111;el tiempo de descarga fue;17.11942219734192
-----------------
execution time: 1539736654.7435148 s
-PY0020-111111111111;es el cliente;6;en terminar
-----------------
execution time: 1539736654.8796031 s
-PY0002-111111111111;el tiempo de descarga fue;17.484333276748657
-----------------
execution time: 1539736654.8804753 s
-PY0002-111111111111;es el cliente;7;en terminar
-----------------
execution time: 1539736654.982896 s
-PY0019-111111111111;el tiempo de descarga fue;17.219107389450073
-----------------
execution time: 1539736654.9833477 s
-PY0019-111111111111;es el cliente;8;en terminar
-----------------
execution time: 1539736655.3169754 s
-PY0012-111111111111;el tiempo de descarga fue;17.800541639328003
-----------------
execution time: 1539736655.317421 s
-PY0012-111111111111;es el cliente;9;en terminar
-----------------
execution time: 1539736655.367516 s
-PY0021-111111111111;el tiempo de descarga fue;17.749196767807007
-----------------
execution time: 1539736655.3679867 s
-PY0021-111111111111;es el cliente;10;en terminar
-----------------
execution time: 1539736655.4446023 s
-PY0003-111111111111;el tiempo de descarga fue;17.997710943222046
-----------------
execution time: 1539736655.445223 s
-PY0003-111111111111;es el cliente;11;en terminar
-----------------
execution time: 1539736655.4950838 s
-PY0010-111111111111;el tiempo de descarga fue;17.984318494796753
-----------------
execution time: 1539736655.4956174 s
-PY0010-111111111111;es el cliente;12;en terminar
-----------------
execution time: 1539736655.628769 s
-PY0013-111111111111;el tiempo de descarga fue;18.1247775554657
-----------------
execution time: 1539736655.6293514 s
-PY0013-111111111111;es el cliente;13;en terminar
-----------------
execution time: 1539736655.8180437 s
-PY0009-111111111111;el tiempo de descarga fue;18.29776692390442
-----------------
execution time: 1539736655.8190508 s
-PY0009-111111111111;es el cliente;14;en terminar
-----------------
execution time: 1539736656.233777 s
-PY0023-111111111111;el tiempo de descarga fue;18.604822874069214
-----------------
execution time: 1539736656.2346902 s
-PY0023-111111111111;es el cliente;15;en terminar
-----------------
execution time: 1539736656.2742946 s
-PY0017-111111111111;el tiempo de descarga fue;18.65326452255249
-----------------
execution time: 1539736656.2749977 s
-PY0017-111111111111;es el cliente;16;en terminar
-----------------
execution time: 1539736656.345302 s
-PY0005-111111111111;el tiempo de descarga fue;18.87575364112854
-----------------
execution time: 1539736656.346311 s
-PY0005-111111111111;es el cliente;17;en terminar
-----------------
execution time: 1539736656.9621875 s
-PY0007-111111111111;el tiempo de descarga fue;19.46042799949646
-----------------
execution time: 1539736656.9626775 s
-PY0007-111111111111;es el cliente;18;en terminar
-----------------
execution time: 1539736657.7374895 s
-PY0010-111111111111;contacto de
-----------------
execution time: 1539736657.7414353 s
-PY0002-111111111111;contacto de
-----------------
execution time: 1539736657.743486 s
-PY0006-111111111111;contacto de
-----------------
execution time: 1539736657.7503552 s
-PY0009-111111111111;contacto de
-----------------
execution time: 1539736657.770262 s
-PY0018-111111111111;contacto de
-----------------
execution time: 1539736657.7817295 s
-PY0012-111111111111;contacto de
-----------------
execution time: 1539736657.9307842 s
-PY0015-111111111111;contacto de
-----------------
execution time: 1539736657.9449518 s
-PY0003-111111111111;contacto de
-----------------
execution time: 1539736658.0487375 s
-PY0013-111111111111;contacto de
-----------------
execution time: 1539736658.0627475 s
-PY0022-111111111111;contacto de
-----------------
execution time: 1539736658.3829362 s
-PY0004-111111111111;contacto de
-----------------
execution time: 1539736658.3879986 s
-PY0005-111111111111;contacto de
-----------------
execution time: 1539736658.3925033 s
-PY0008-111111111111;contacto de
-----------------
execution time: 1539736658.3970659 s
-PY0007-111111111111;contacto de
-----------------
execution time: 1539736658.3999681 s
-PY0019-111111111111;contacto de
-----------------
execution time: 1539736658.4023566 s
-PY0023-111111111111;contacto de
-----------------
execution time: 1539736658.4048936 s
-PY0014-111111111111;contacto de
-----------------
execution time: 1539736658.4069326 s
-PY0020-111111111111;contacto de
-----------------
execution time: 1539736658.51595 s
-PY0011-111111111111;contacto de
-----------------
execution time: 1539736658.7768085 s
-PY0017-111111111111;contacto de
-----------------
execution time: 1539736658.7893775 s
-PY0021-111111111111;contacto de
-----------------
execution time: 1539736659.2151105 s
-PY0016-111111111111;contacto de
-----------------
execution time: 1539736659.5011287 s
-PY0016-111111111111;el tiempo de descarga fue;21.693300247192383
-----------------
execution time: 1539736659.5015404 s
-PY0016-111111111111;es el cliente;19;en terminar
-----------------
execution time: 1539736659.7057064 s
-PY0001-111111111111;contacto de
-----------------
execution time: 1539736661.4205706 s
-PY0004-111111111111;el tiempo de descarga fue;23.964498281478882
-----------------
execution time: 1539736661.4210517 s
-PY0004-111111111111;es el cliente;20;en terminar
-----------------
execution time: 1539736662.7495468 s
-PY0010-111111111111;contacto de
-----------------
execution time: 1539736662.7547913 s
-PY0002-111111111111;contacto de
-----------------
execution time: 1539736662.7580657 s
-PY0006-111111111111;contacto de
-----------------
execution time: 1539736662.7615633 s
-PY0009-111111111111;contacto de
-----------------
execution time: 1539736662.7809672 s
-PY0018-111111111111;contacto de
-----------------
execution time: 1539736662.791478 s
-PY0012-111111111111;contacto de
-----------------
execution time: 1539736662.9548807 s
-PY0003-111111111111;contacto de
-----------------
execution time: 1539736663.0287168 s
-PY0015-111111111111;contacto de
-----------------
execution time: 1539736663.0600996 s
-PY0013-111111111111;contacto de
-----------------
execution time: 1539736663.0728853 s
-PY0022-111111111111;contacto de
-----------------
execution time: 1539736663.195466 s
-PY0015-111111111111;el tiempo de descarga fue;25.55265474319458
-----------------
execution time: 1539736663.196106 s
-PY0015-111111111111;es el cliente;21;en terminar
-----------------
execution time: 1539736663.399598 s
-PY0005-111111111111;contacto de
-----------------
execution time: 1539736663.4046419 s
-PY0008-111111111111;contacto de
-----------------
execution time: 1539736663.409935 s
-PY0004-111111111111;contacto de
-----------------
execution time: 1539736663.4141157 s
-PY0007-111111111111;contacto de
-----------------
execution time: 1539736663.4189591 s
-PY0019-111111111111;contacto de
-----------------
execution time: 1539736663.4226422 s
-PY0023-111111111111;contacto de
-----------------
execution time: 1539736663.4253836 s
-PY0014-111111111111;contacto de
-----------------
execution time: 1539736663.4267423 s
-PY0020-111111111111;contacto de
-----------------
execution time: 1539736663.5916257 s
-PY0011-111111111111;contacto de
-----------------
execution time: 1539736663.7824707 s
-PY0011-111111111111;el tiempo de descarga fue;26.130603551864624
-----------------
execution time: 1539736663.782921 s
-PY0011-111111111111;es el cliente;22;en terminar
-----------------
execution time: 1539736663.7861385 s
-PY0017-111111111111;contacto de
-----------------
execution time: 1539736663.798473 s
-PY0021-111111111111;contacto de
-----------------
execution time: 1539736664.2459562 s
-PY0016-111111111111;contacto de
-----------------
execution time: 1539736664.714342 s
-PY0001-111111111111;contacto de
-----------------
execution time: 1539736667.7631233 s
-PY0010-111111111111;contacto de
-----------------
execution time: 1539736667.7659812 s
-PY0002-111111111111;contacto de
-----------------
execution time: 1539736667.7689376 s
-PY0006-111111111111;contacto de
-----------------
execution time: 1539736667.771404 s
-PY0009-111111111111;contacto de
-----------------
execution time: 1539736667.7911978 s
-PY0018-111111111111;contacto de
-----------------
execution time: 1539736667.8019307 s
-PY0012-111111111111;contacto de
-----------------
execution time: 1539736667.965406 s
-PY0003-111111111111;contacto de
-----------------
execution time: 1539736668.0709596 s
-PY0013-111111111111;contacto de
-----------------
execution time: 1539736668.080228 s
-PY0015-111111111111;contacto de
-----------------
execution time: 1539736668.0819952 s
-PY0022-111111111111;contacto de
-----------------
execution time: 1539736668.4099846 s
-PY0005-111111111111;contacto de
-----------------
execution time: 1539736668.4135668 s
-PY0008-111111111111;contacto de
-----------------
execution time: 1539736668.4205382 s
-PY0004-111111111111;contacto de
-----------------
execution time: 1539736668.4252343 s
-PY0007-111111111111;contacto de
-----------------
execution time: 1539736668.4295409 s
-PY0019-111111111111;contacto de
-----------------
execution time: 1539736668.4324644 s
-PY0023-111111111111;contacto de
-----------------
execution time: 1539736668.4354124 s
-PY0014-111111111111;contacto de
-----------------
execution time: 1539736668.4379754 s
-PY0020-111111111111;contacto de
-----------------
execution time: 1539736668.6320422 s
-PY0011-111111111111;contacto de
-----------------
execution time: 1539736668.7961605 s
-PY0017-111111111111;contacto de
-----------------
execution time: 1539736668.8083143 s
-PY0021-111111111111;contacto de
-----------------
execution time: 1539736669.2572112 s
-PY0016-111111111111;contacto de
-----------------
execution time: 1539736669.7262776 s
-PY0001-111111111111;contacto de
-----------------
execution time: 1539736672.7732096 s
-PY0010-111111111111;contacto de
-----------------
execution time: 1539736672.776446 s
-PY0002-111111111111;contacto de
-----------------
execution time: 1539736672.7785661 s
-PY0006-111111111111;contacto de
-----------------
execution time: 1539736672.7804933 s
-PY0009-111111111111;contacto de
-----------------
execution time: 1539736672.8001134 s
-PY0018-111111111111;contacto de
-----------------
execution time: 1539736672.8120537 s
-PY0012-111111111111;contacto de
-----------------
execution time: 1539736672.9797988 s
-PY0003-111111111111;contacto de
-----------------
execution time: 1539736673.0822093 s
-PY0013-111111111111;contacto de
-----------------
execution time: 1539736673.0891118 s
-PY0015-111111111111;contacto de
-----------------
execution time: 1539736673.0907717 s
-PY0022-111111111111;contacto de
-----------------
execution time: 1539736673.4188209 s
-PY0005-111111111111;contacto de
-----------------
execution time: 1539736673.4232018 s
-PY0008-111111111111;contacto de
-----------------
execution time: 1539736673.4300582 s
-PY0004-111111111111;contacto de
-----------------
execution time: 1539736673.4343069 s
-PY0007-111111111111;contacto de
-----------------
execution time: 1539736673.4396408 s
-PY0019-111111111111;contacto de
-----------------
execution time: 1539736673.4425325 s
-PY0023-111111111111;contacto de
-----------------
execution time: 1539736673.4452145 s
-PY0014-111111111111;contacto de
-----------------
execution time: 1539736673.4480247 s
-PY0020-111111111111;contacto de
-----------------
execution time: 1539736673.6428945 s
-PY0011-111111111111;contacto de
-----------------
execution time: 1539736673.8056037 s
-PY0017-111111111111;contacto de
-----------------
execution time: 1539736673.818729 s
-PY0021-111111111111;contacto de
-----------------
execution time: 1539736674.2682853 s
-PY0016-111111111111;contacto de
-----------------
execution time: 1539736674.736801 s
-PY0001-111111111111;contacto de
-----------------
execution time: 1539736677.782466 s
-PY0010-111111111111;contacto de
-----------------
execution time: 1539736677.7861543 s
-PY0002-111111111111;contacto de
-----------------
execution time: 1539736677.7893276 s
-PY0006-111111111111;contacto de
-----------------
execution time: 1539736677.7917085 s
-PY0009-111111111111;contacto de
-----------------
execution time: 1539736677.8101504 s
-PY0018-111111111111;contacto de
-----------------
execution time: 1539736677.8231792 s
-PY0012-111111111111;contacto de
-----------------
execution time: 1539736677.989872 s
-PY0003-111111111111;contacto de
-----------------
execution time: 1539736678.0932255 s
-PY0013-111111111111;contacto de
-----------------
execution time: 1539736678.099772 s
-PY0015-111111111111;contacto de
-----------------
execution time: 1539736678.101633 s
-PY0022-111111111111;contacto de
-----------------
execution time: 1539736678.4291184 s
-PY0005-111111111111;contacto de
-----------------
execution time: 1539736678.4330475 s
-PY0008-111111111111;contacto de
-----------------
execution time: 1539736678.4394205 s
-PY0004-111111111111;contacto de
-----------------
execution time: 1539736678.4440346 s
-PY0007-111111111111;contacto de
-----------------
execution time: 1539736678.4497118 s
-PY0019-111111111111;contacto de
-----------------
execution time: 1539736678.4522216 s
-PY0023-111111111111;contacto de
-----------------
execution time: 1539736678.4560504 s
-PY0014-111111111111;contacto de
-----------------
execution time: 1539736678.4584284 s
-PY0020-111111111111;contacto de
-----------------
execution time: 1539736678.6541872 s
-PY0011-111111111111;contacto de
-----------------
execution time: 1539736678.8154469 s
-PY0017-111111111111;contacto de
-----------------
execution time: 1539736678.8286169 s
-PY0021-111111111111;contacto de
-----------------
execution time: 1539736679.2790322 s
-PY0016-111111111111;contacto de
-----------------
execution time: 1539736679.7467115 s
-PY0001-111111111111;contacto de
-----------------
execution time: 1539736682.7883842 s
-PY0010-111111111111;contacto de
-----------------
execution time: 1539736682.7957458 s
-PY0006-111111111111;contacto de
-----------------
execution time: 1539736682.7989242 s
-PY0002-111111111111;contacto de
-----------------
execution time: 1539736682.8018436 s
-PY0009-111111111111;contacto de
-----------------
execution time: 1539736682.8202336 s
-PY0018-111111111111;contacto de
-----------------
execution time: 1539736682.8349924 s
-PY0012-111111111111;contacto de
-----------------
execution time: 1539736683.0009882 s
-PY0003-111111111111;contacto de
-----------------
execution time: 1539736683.1042652 s
-PY0013-111111111111;contacto de
-----------------
execution time: 1539736683.1092758 s
-PY0015-111111111111;contacto de
-----------------
execution time: 1539736683.1114676 s
-PY0022-111111111111;contacto de
-----------------
execution time: 1539736683.4377747 s
-PY0005-111111111111;contacto de
-----------------
execution time: 1539736683.443928 s
-PY0008-111111111111;contacto de
-----------------
execution time: 1539736683.4481063 s
-PY0004-111111111111;contacto de
-----------------
execution time: 1539736683.4531937 s
-PY0007-111111111111;contacto de
-----------------
execution time: 1539736683.4592888 s
-PY0019-111111111111;contacto de
-----------------
execution time: 1539736683.4613268 s
-PY0023-111111111111;contacto de
-----------------
execution time: 1539736683.4654403 s
-PY0014-111111111111;contacto de
-----------------
execution time: 1539736683.46755 s
-PY0020-111111111111;contacto de
-----------------
execution time: 1539736683.6634583 s
-PY0011-111111111111;contacto de
-----------------
execution time: 1539736683.8255427 s
-PY0017-111111111111;contacto de
-----------------
execution time: 1539736683.8384738 s
-PY0021-111111111111;contacto de
-----------------
execution time: 1539736684.2895417 s
-PY0016-111111111111;contacto de
-----------------
