Mon Oct 15 16:05:50 2018
Listening on 157.253.205.65:9010
-----------------
execution time: 1539637550.8680124 s
-PY0002-111111111111;contacto de
-----------------
execution time: 1539637550.8695488 s
-PY0002-111111111111;la descarga inicia
-----------------
execution time: 1539637550.8712246 s
-PY0006-111111111111;contacto de
-----------------
execution time: 1539637550.8721666 s
-PY0006-111111111111;la descarga inicia
-----------------
execution time: 1539637550.8794317 s
-PY0003-111111111111;contacto de
-----------------
execution time: 1539637550.880209 s
-PY0003-111111111111;la descarga inicia
-----------------
execution time: 1539637551.0124667 s
-PY0004-111111111111;contacto de
-----------------
execution time: 1539637551.013533 s
-PY0004-111111111111;la descarga inicia
-----------------
execution time: 1539637551.1240997 s
-PY0005-111111111111;contacto de
-----------------
execution time: 1539637551.1252818 s
-PY0005-111111111111;la descarga inicia
-----------------
execution time: 1539637555.8815339 s
-PY0002-111111111111;contacto de
-----------------
execution time: 1539637555.886744 s
-PY0006-111111111111;contacto de
-----------------
execution time: 1539637555.8920505 s
-PY0003-111111111111;contacto de
-----------------
execution time: 1539637556.0310977 s
-PY0004-111111111111;contacto de
-----------------
execution time: 1539637556.1365964 s
-PY0005-111111111111;contacto de
-----------------
execution time: 1539637557.0262482 s
-PY0001-111111111111;la descarga inicia
-----------------
execution time: 1539637557.036321 s
-PY0001-111111111111;contacto de
-----------------
execution time: 1539637560.898856 s
-PY0002-111111111111;contacto de
-----------------
execution time: 1539637560.9014742 s
-PY0006-111111111111;contacto de
-----------------
execution time: 1539637560.908848 s
-PY0003-111111111111;contacto de
-----------------
execution time: 1539637561.0502393 s
-PY0004-111111111111;contacto de
-----------------
execution time: 1539637561.158304 s
-PY0005-111111111111;contacto de
-----------------
execution time: 1539637562.0731509 s
-PY0001-111111111111;contacto de
-----------------
execution time: 1539637565.9076211 s
-PY0002-111111111111;contacto de
-----------------
execution time: 1539637565.915599 s
-PY0006-111111111111;contacto de
-----------------
execution time: 1539637565.923105 s
-PY0003-111111111111;contacto de
-----------------
execution time: 1539637566.0747886 s
-PY0004-111111111111;contacto de
-----------------
execution time: 1539637566.170366 s
-PY0005-111111111111;contacto de
-----------------
execution time: 1539637567.0871246 s
-PY0001-111111111111;contacto de
-----------------
execution time: 1539637570.9199715 s
-PY0002-111111111111;contacto de
-----------------
execution time: 1539637570.9349804 s
-PY0006-111111111111;contacto de
-----------------
execution time: 1539637570.9361327 s
-PY0003-111111111111;contacto de
-----------------
execution time: 1539637571.0964053 s
-PY0004-111111111111;contacto de
-----------------
execution time: 1539637571.1904876 s
-PY0005-111111111111;contacto de
-----------------
execution time: 1539637573.0983703 s
-PY0001-111111111111;contacto de
-----------------
execution time: 1539637575.9345343 s
-PY0002-111111111111;contacto de
-----------------
execution time: 1539637575.9491127 s
-PY0006-111111111111;contacto de
-----------------
execution time: 1539637575.9584017 s
-PY0003-111111111111;contacto de
-----------------
execution time: 1539637576.1115704 s
-PY0004-111111111111;contacto de
-----------------
execution time: 1539637576.2136102 s
-PY0005-111111111111;contacto de
-----------------
execution time: 1539637578.1061304 s
-PY0001-111111111111;contacto de
-----------------
execution time: 1539637579.1824226 s
-PY0003-111111111111;el tiempo de descarga fue;28.302220582962036
-----------------
execution time: 1539637579.1828032 s
-PY0003-111111111111;es el cliente;1;en terminar
-----------------
execution time: 1539637579.3859217 s
-PY0004-111111111111;el tiempo de descarga fue;28.372395992279053
-----------------
execution time: 1539637579.3862371 s
-PY0004-111111111111;es el cliente;2;en terminar
-----------------
execution time: 1539637579.4847157 s
-PY0005-111111111111;el tiempo de descarga fue;28.359440326690674
-----------------
execution time: 1539637579.4851265 s
-PY0005-111111111111;es el cliente;3;en terminar
-----------------
execution time: 1539637579.7779915 s
-PY0006-111111111111;el tiempo de descarga fue;28.905831813812256
-----------------
execution time: 1539637579.7782974 s
-PY0006-111111111111;es el cliente;4;en terminar
-----------------
execution time: 1539637579.9910593 s
-PY0002-111111111111;el tiempo de descarga fue;29.121517181396484
-----------------
execution time: 1539637579.9913945 s
-PY0002-111111111111;es el cliente;5;en terminar
-----------------
execution time: 1539637580.9479475 s
-PY0002-111111111111;contacto de
-----------------
execution time: 1539637580.9574223 s
-PY0006-111111111111;contacto de
-----------------
execution time: 1539637580.9683814 s
-PY0003-111111111111;contacto de
-----------------
execution time: 1539637581.1265547 s
-PY0004-111111111111;contacto de
-----------------
execution time: 1539637581.2293417 s
-PY0005-111111111111;contacto de
-----------------
execution time: 1539637583.1141317 s
-PY0001-111111111111;contacto de
-----------------
