Mon Oct 15 15:25:37 2018
Listening on 157.253.205.65:9010
-----------------
execution time: 1539635138.113271 s
-PY0002-111111111111;contacto de
-----------------
execution time: 1539635138.1142015 s
-PY0002-111111111111;la descarga inicia
-----------------
execution time: 1539635138.130044 s
-PY0003-111111111111;contacto de
-----------------
execution time: 1539635138.1309865 s
-PY0003-111111111111;la descarga inicia
-----------------
execution time: 1539635138.2504902 s
-PY0004-111111111111;contacto de
-----------------
execution time: 1539635138.2522671 s
-PY0004-111111111111;la descarga inicia
-----------------
execution time: 1539635138.253556 s
-PY0005-111111111111;contacto de
-----------------
execution time: 1539635138.2545574 s
-PY0005-111111111111;la descarga inicia
-----------------
execution time: 1539635138.5587273 s
-PY0001-111111111111;contacto de
-----------------
execution time: 1539635138.5596375 s
-PY0001-111111111111;la descarga inicia
-----------------
execution time: 1539635143.1280463 s
-PY0002-111111111111;contacto de
-----------------
execution time: 1539635143.1456997 s
-PY0003-111111111111;contacto de
-----------------
execution time: 1539635143.261791 s
-PY0004-111111111111;contacto de
-----------------
execution time: 1539635143.2663116 s
-PY0005-111111111111;contacto de
-----------------
execution time: 1539635143.5680757 s
-PY0001-111111111111;contacto de
-----------------
execution time: 1539635148.1495988 s
-PY0002-111111111111;contacto de
-----------------
execution time: 1539635148.1582313 s
-PY0003-111111111111;contacto de
-----------------
execution time: 1539635148.2759862 s
-PY0004-111111111111;contacto de
-----------------
execution time: 1539635148.2807357 s
-PY0005-111111111111;contacto de
-----------------
execution time: 1539635148.5821157 s
-PY0001-111111111111;contacto de
-----------------
execution time: 1539635150.688903 s
-PY0005-111111111111;el tiempo de descarga fue;12.434353113174438
-----------------
execution time: 1539635150.6892915 s
-PY0005-111111111111;es el cliente;1;en terminar
-----------------
execution time: 1539635151.1037538 s
-PY0003-111111111111;el tiempo de descarga fue;12.972774028778076
-----------------
execution time: 1539635151.1040833 s
-PY0003-111111111111;es el cliente;2;en terminar
-----------------
execution time: 1539635151.2707188 s
-PY0002-111111111111;el tiempo de descarga fue;13.156523942947388
-----------------
execution time: 1539635151.2710865 s
-PY0002-111111111111;es el cliente;3;en terminar
-----------------
execution time: 1539635151.3192952 s
-PY0004-111111111111;el tiempo de descarga fue;13.067034006118774
-----------------
execution time: 1539635151.3196251 s
-PY0004-111111111111;es el cliente;4;en terminar
-----------------
execution time: 1539635153.1622822 s
-PY0002-111111111111;contacto de
-----------------
execution time: 1539635153.1741745 s
-PY0003-111111111111;contacto de
-----------------
execution time: 1539635153.2881954 s
-PY0004-111111111111;contacto de
-----------------
execution time: 1539635153.2930353 s
-PY0005-111111111111;contacto de
-----------------
execution time: 1539635153.5903478 s
-PY0001-111111111111;contacto de
-----------------
execution time: 1539635158.1711388 s
-PY0002-111111111111;contacto de
-----------------
execution time: 1539635158.182061 s
-PY0003-111111111111;contacto de
-----------------
execution time: 1539635158.2971075 s
-PY0004-111111111111;contacto de
-----------------
execution time: 1539635158.300732 s
-PY0005-111111111111;contacto de
-----------------
execution time: 1539635158.598712 s
-PY0001-111111111111;contacto de
-----------------
