Mon Oct 15 00:50:37 2018
Listening on 157.253.205.65:None
-----------------
execution time: 1539582638.219619 s
-PY0002-111111111111;contacto de
-----------------
execution time: 1539582638.221096 s
-PY0002-111111111111;la descarga inicia
-----------------
execution time: 1539582638.619069 s
-PY0001-111111111111;contacto de
-----------------
execution time: 1539582638.6205132 s
-PY0001-111111111111;la descarga inicia
-----------------
execution time: 1539582643.234182 s
-PY0002-111111111111;contacto de
-----------------
execution time: 1539582643.6283486 s
-PY0001-111111111111;contacto de
-----------------
execution time: 1539582646.445068 s
-PY0002-111111111111;el tiempo de descarga fue;8.223978757858276
-----------------
execution time: 1539582648.2444117 s
-PY0002-111111111111;contacto de
-----------------
execution time: 1539582648.6367316 s
-PY0001-111111111111;contacto de
-----------------
execution time: 1539582653.2530346 s
-PY0002-111111111111;contacto de
-----------------
execution time: 1539582653.6467965 s
-PY0001-111111111111;contacto de
-----------------
execution time: 1539582658.261664 s
-PY0002-111111111111;contacto de
-----------------
execution time: 1539582658.655784 s
-PY0001-111111111111;contacto de
-----------------
