Mon Oct 15 01:33:06 2018
Listening on 157.253.205.65:None
-----------------
execution time: 1539585187.1341681 s
-PY0002-111111111111;contacto de
-----------------
execution time: 1539585187.1359558 s
-PY0002-111111111111;la descarga inicia
-----------------
execution time: 1539585187.1528785 s
-PY0003-111111111111;contacto de
-----------------
execution time: 1539585187.1537256 s
-PY0003-111111111111;la descarga inicia
-----------------
execution time: 1539585187.8525963 s
-PY0001-111111111111;contacto de
-----------------
execution time: 1539585187.8535788 s
-PY0001-111111111111;la descarga inicia
-----------------
execution time: 1539585192.1488688 s
-PY0002-111111111111;contacto de
-----------------
execution time: 1539585192.1566448 s
-PY0003-111111111111;contacto de
-----------------
execution time: 1539585192.8623672 s
-PY0001-111111111111;contacto de
-----------------
execution time: 1539585197.1598194 s
-PY0002-111111111111;contacto de
-----------------
execution time: 1539585197.1689916 s
-PY0003-111111111111;contacto de
-----------------
execution time: 1539585197.18835 s
-PY0002-111111111111;el tiempo de descarga fue;10.0524001121521
-----------------
execution time: 1539585197.1957412 s
-PY0003-111111111111;el tiempo de descarga fue;10.042021751403809
-----------------
execution time: 1539585197.8711252 s
-PY0001-111111111111;contacto de
-----------------
execution time: 1539585202.1708572 s
-PY0002-111111111111;contacto de
-----------------
execution time: 1539585202.1813993 s
-PY0003-111111111111;contacto de
-----------------
execution time: 1539585202.8801577 s
-PY0001-111111111111;contacto de
-----------------
execution time: 1539585207.1796782 s
-PY0002-111111111111;contacto de
-----------------
execution time: 1539585207.1909094 s
-PY0003-111111111111;contacto de
-----------------
execution time: 1539585207.8882768 s
-PY0001-111111111111;contacto de
-----------------
