Mon Oct 15 16:00:24 2018
Listening on 157.253.205.65:9010
-----------------
execution time: 1539637224.7264907 s
-PY0002-111111111111;contacto de
-----------------
execution time: 1539637224.7276633 s
-PY0002-111111111111;la descarga inicia
-----------------
execution time: 1539637224.7409642 s
-PY0003-111111111111;contacto de
-----------------
execution time: 1539637224.742068 s
-PY0003-111111111111;la descarga inicia
-----------------
execution time: 1539637224.7552497 s
-PY0005-111111111111;contacto de
-----------------
execution time: 1539637224.756304 s
-PY0005-111111111111;la descarga inicia
-----------------
execution time: 1539637224.883955 s
-PY0004-111111111111;contacto de
-----------------
execution time: 1539637224.8850784 s
-PY0004-111111111111;la descarga inicia
-----------------
execution time: 1539637229.742649 s
-PY0002-111111111111;contacto de
-----------------
execution time: 1539637229.7545736 s
-PY0003-111111111111;contacto de
-----------------
execution time: 1539637229.7673326 s
-PY0005-111111111111;contacto de
-----------------
execution time: 1539637229.8996263 s
-PY0004-111111111111;contacto de
-----------------
execution time: 1539637230.5759332 s
-PY0001-111111111111;contacto de
-----------------
execution time: 1539637230.5866866 s
-PY0001-111111111111;la descarga inicia
-----------------
execution time: 1539637234.7623239 s
-PY0002-111111111111;contacto de
-----------------
execution time: 1539637234.773175 s
-PY0003-111111111111;contacto de
-----------------
execution time: 1539637234.7749026 s
-PY0005-111111111111;contacto de
-----------------
execution time: 1539637234.922008 s
-PY0004-111111111111;contacto de
-----------------
execution time: 1539637235.6100414 s
-PY0001-111111111111;contacto de
-----------------
execution time: 1539637239.7816448 s
-PY0002-111111111111;contacto de
-----------------
execution time: 1539637239.7917614 s
-PY0003-111111111111;contacto de
-----------------
execution time: 1539637239.7928553 s
-PY0005-111111111111;contacto de
-----------------
execution time: 1539637239.9348698 s
-PY0004-111111111111;contacto de
-----------------
execution time: 1539637240.629205 s
-PY0001-111111111111;contacto de
-----------------
execution time: 1539637244.8029635 s
-PY0003-111111111111;contacto de
-----------------
execution time: 1539637244.8048115 s
-PY0002-111111111111;contacto de
-----------------
execution time: 1539637244.8058069 s
-PY0005-111111111111;contacto de
-----------------
execution time: 1539637244.9505177 s
-PY0004-111111111111;contacto de
-----------------
execution time: 1539637246.6438098 s
-PY0001-111111111111;contacto de
-----------------
execution time: 1539637249.8191192 s
-PY0002-111111111111;contacto de
-----------------
execution time: 1539637249.8206146 s
-PY0005-111111111111;contacto de
-----------------
execution time: 1539637249.825252 s
-PY0003-111111111111;contacto de
-----------------
execution time: 1539637249.964596 s
-PY0004-111111111111;contacto de
-----------------
execution time: 1539637251.6523092 s
-PY0001-111111111111;contacto de
-----------------
execution time: 1539637254.902437 s
-PY0002-111111111111;contacto de
-----------------
execution time: 1539637254.904336 s
-PY0005-111111111111;contacto de
-----------------
execution time: 1539637254.9611592 s
-PY0003-111111111111;contacto de
-----------------
execution time: 1539637255.0785465 s
-PY0004-111111111111;contacto de
-----------------
execution time: 1539637256.6587646 s
-PY0001-111111111111;contacto de
-----------------
execution time: 1539637257.4660642 s
-PY0002-111111111111;el tiempo de descarga fue;32.73840808868408
-----------------
execution time: 1539637257.4664452 s
-PY0002-111111111111;es el cliente;1;en terminar
-----------------
execution time: 1539637257.5215611 s
-PY0003-111111111111;el tiempo de descarga fue;32.779499530792236
-----------------
execution time: 1539637257.5218859 s
-PY0003-111111111111;es el cliente;2;en terminar
-----------------
execution time: 1539637257.6486907 s
-PY0004-111111111111;el tiempo de descarga fue;32.763619899749756
-----------------
execution time: 1539637257.6490753 s
-PY0004-111111111111;es el cliente;3;en terminar
-----------------
execution time: 1539637257.727975 s
-PY0005-111111111111;el tiempo de descarga fue;32.97167730331421
-----------------
execution time: 1539637257.728293 s
-PY0005-111111111111;es el cliente;4;en terminar
-----------------
execution time: 1539637259.9424112 s
-PY0005-111111111111;contacto de
-----------------
execution time: 1539637259.9708817 s
-PY0002-111111111111;contacto de
-----------------
execution time: 1539637259.9827185 s
-PY0003-111111111111;contacto de
-----------------
execution time: 1539637260.1464236 s
-PY0004-111111111111;contacto de
-----------------
execution time: 1539637261.664048 s
-PY0001-111111111111;contacto de
-----------------
