Tue Oct 16 19:44:30 2018
Listening on 157.253.205.65:9010
-----------------
execution time: 1539737078.089178 s
-PY0010-111111111111;contacto de
-----------------
execution time: 1539737078.0906181 s
-PY0010-111111111111;la descarga inicia
-----------------
execution time: 1539737078.0935483 s
-PY0004-111111111111;contacto de
-----------------
execution time: 1539737078.0945265 s
-PY0004-111111111111;la descarga inicia
-----------------
execution time: 1539737078.127174 s
-PY0003-111111111111;contacto de
-----------------
execution time: 1539737078.1292772 s
-PY0003-111111111111;la descarga inicia
-----------------
execution time: 1539737078.1310701 s
-PY0006-111111111111;contacto de
-----------------
execution time: 1539737078.1333282 s
-PY0007-111111111111;contacto de
-----------------
execution time: 1539737078.1364377 s
-PY0006-111111111111;la descarga inicia
-----------------
execution time: 1539737078.138538 s
-PY0007-111111111111;la descarga inicia
-----------------
execution time: 1539737078.140723 s
-PY0005-111111111111;contacto de
-----------------
execution time: 1539737078.142241 s
-PY0012-111111111111;contacto de
-----------------
execution time: 1539737078.1441772 s
-PY0012-111111111111;la descarga inicia
-----------------
execution time: 1539737078.1545167 s
-PY0011-111111111111;contacto de
-----------------
execution time: 1539737078.1556346 s
-PY0011-111111111111;la descarga inicia
-----------------
execution time: 1539737078.1646013 s
-PY0014-111111111111;contacto de
-----------------
execution time: 1539737078.166505 s
-PY0014-111111111111;la descarga inicia
-----------------
execution time: 1539737078.1880748 s
-PY0001-111111111111;la descarga inicia
-----------------
execution time: 1539737078.1982825 s
-PY0001-111111111111;contacto de
-----------------
execution time: 1539737078.2149868 s
-PY0019-111111111111;contacto de
-----------------
execution time: 1539737078.2168498 s
-PY0019-111111111111;la descarga inicia
-----------------
execution time: 1539737078.2188125 s
-PY0020-111111111111;contacto de
-----------------
execution time: 1539737078.220643 s
-PY0020-111111111111;la descarga inicia
-----------------
execution time: 1539737078.2243247 s
-PY0015-111111111111;contacto de
-----------------
execution time: 1539737078.2259555 s
-PY0015-111111111111;la descarga inicia
-----------------
execution time: 1539737078.234039 s
-PY0018-111111111111;contacto de
-----------------
execution time: 1539737078.235262 s
-PY0018-111111111111;la descarga inicia
-----------------
execution time: 1539737078.2461934 s
-PY0021-111111111111;contacto de
-----------------
execution time: 1539737078.2475774 s
-PY0021-111111111111;la descarga inicia
-----------------
execution time: 1539737078.2647042 s
-PY0023-111111111111;contacto de
-----------------
execution time: 1539737078.2660642 s
-PY0023-111111111111;la descarga inicia
-----------------
execution time: 1539737078.2702699 s
-PY0022-111111111111;contacto de
-----------------
execution time: 1539737078.271741 s
-PY0022-111111111111;la descarga inicia
-----------------
execution time: 1539737078.3203225 s
-PY0008-111111111111;contacto de
-----------------
execution time: 1539737078.3220627 s
-PY0008-111111111111;la descarga inicia
-----------------
execution time: 1539737078.331684 s
-PY0005-111111111111;la descarga inicia
-----------------
execution time: 1539737078.399104 s
-PY0016-111111111111;contacto de
-----------------
execution time: 1539737078.4010243 s
-PY0016-111111111111;la descarga inicia
-----------------
execution time: 1539737078.4097419 s
-PY0013-111111111111;contacto de
-----------------
execution time: 1539737078.4117696 s
-PY0013-111111111111;la descarga inicia
-----------------
execution time: 1539737078.4147744 s
-PY0009-111111111111;contacto de
-----------------
execution time: 1539737078.4165993 s
-PY0002-111111111111;contacto de
-----------------
execution time: 1539737078.4178636 s
-PY0009-111111111111;la descarga inicia
-----------------
execution time: 1539737078.4191215 s
-PY0002-111111111111;la descarga inicia
-----------------
execution time: 1539737078.517992 s
-PY0017-111111111111;contacto de
-----------------
execution time: 1539737078.5216687 s
-PY0017-111111111111;la descarga inicia
-----------------
execution time: 1539737083.1023166 s
-PY0010-111111111111;contacto de
-----------------
execution time: 1539737083.1096137 s
-PY0004-111111111111;contacto de
-----------------
execution time: 1539737083.1357222 s
-PY0003-111111111111;contacto de
-----------------
execution time: 1539737083.1388326 s
-PY0006-111111111111;contacto de
-----------------
execution time: 1539737083.1428287 s
-PY0007-111111111111;contacto de
-----------------
execution time: 1539737083.1466818 s
-PY0005-111111111111;contacto de
-----------------
execution time: 1539737083.1503224 s
-PY0012-111111111111;contacto de
-----------------
execution time: 1539737083.1611233 s
-PY0011-111111111111;contacto de
-----------------
execution time: 1539737083.1713963 s
-PY0014-111111111111;contacto de
-----------------
execution time: 1539737083.2223637 s
-PY0019-111111111111;contacto de
-----------------
execution time: 1539737083.2271626 s
-PY0020-111111111111;contacto de
-----------------
execution time: 1539737083.2298028 s
-PY0001-111111111111;contacto de
-----------------
execution time: 1539737083.2333393 s
-PY0015-111111111111;contacto de
-----------------
execution time: 1539737083.2449703 s
-PY0018-111111111111;contacto de
-----------------
execution time: 1539737083.2542498 s
-PY0021-111111111111;contacto de
-----------------
execution time: 1539737083.2742884 s
-PY0023-111111111111;contacto de
-----------------
execution time: 1539737083.2796726 s
-PY0022-111111111111;contacto de
-----------------
execution time: 1539737083.3268847 s
-PY0008-111111111111;contacto de
-----------------
execution time: 1539737083.4073596 s
-PY0016-111111111111;contacto de
-----------------
execution time: 1539737083.418797 s
-PY0013-111111111111;contacto de
-----------------
execution time: 1539737083.423592 s
-PY0009-111111111111;contacto de
-----------------
execution time: 1539737083.4258337 s
-PY0002-111111111111;contacto de
-----------------
execution time: 1539737083.5322149 s
-PY0017-111111111111;contacto de
-----------------
execution time: 1539737088.116805 s
-PY0010-111111111111;contacto de
-----------------
execution time: 1539737088.1304336 s
-PY0004-111111111111;contacto de
-----------------
execution time: 1539737088.1528563 s
-PY0007-111111111111;contacto de
-----------------
execution time: 1539737088.154318 s
-PY0006-111111111111;contacto de
-----------------
execution time: 1539737088.1563468 s
-PY0003-111111111111;contacto de
-----------------
execution time: 1539737088.1574266 s
-PY0012-111111111111;contacto de
-----------------
execution time: 1539737088.1588652 s
-PY0005-111111111111;contacto de
-----------------
execution time: 1539737088.1757927 s
-PY0011-111111111111;contacto de
-----------------
execution time: 1539737088.1795137 s
-PY0014-111111111111;contacto de
-----------------
execution time: 1539737088.244534 s
-PY0019-111111111111;contacto de
-----------------
execution time: 1539737088.2520218 s
-PY0015-111111111111;contacto de
-----------------
execution time: 1539737088.2547488 s
-PY0020-111111111111;contacto de
-----------------
execution time: 1539737088.256272 s
-PY0018-111111111111;contacto de
-----------------
execution time: 1539737088.2720003 s
-PY0021-111111111111;contacto de
-----------------
execution time: 1539737088.2900257 s
-PY0023-111111111111;contacto de
-----------------
execution time: 1539737088.3038328 s
-PY0022-111111111111;contacto de
-----------------
execution time: 1539737088.3349376 s
-PY0008-111111111111;contacto de
-----------------
execution time: 1539737088.4219575 s
-PY0016-111111111111;contacto de
-----------------
execution time: 1539737088.428546 s
-PY0013-111111111111;contacto de
-----------------
execution time: 1539737088.430493 s
-PY0009-111111111111;contacto de
-----------------
execution time: 1539737088.43588 s
-PY0002-111111111111;contacto de
-----------------
execution time: 1539737088.5519023 s
-PY0017-111111111111;contacto de
-----------------
execution time: 1539737089.2435243 s
-PY0001-111111111111;contacto de
-----------------
execution time: 1539737093.1448767 s
-PY0004-111111111111;contacto de
-----------------
execution time: 1539737093.1620524 s
-PY0007-111111111111;contacto de
-----------------
execution time: 1539737093.1640759 s
-PY0012-111111111111;contacto de
-----------------
execution time: 1539737093.1658592 s
-PY0003-111111111111;contacto de
-----------------
execution time: 1539737093.169604 s
-PY0006-111111111111;contacto de
-----------------
execution time: 1539737093.1723077 s
-PY0005-111111111111;contacto de
-----------------
execution time: 1539737093.1849077 s
-PY0011-111111111111;contacto de
-----------------
execution time: 1539737093.211001 s
-PY0014-111111111111;contacto de
-----------------
execution time: 1539737093.2614257 s
-PY0019-111111111111;contacto de
-----------------
execution time: 1539737093.2639084 s
-PY0018-111111111111;contacto de
-----------------
execution time: 1539737093.278031 s
-PY0015-111111111111;contacto de
-----------------
execution time: 1539737093.2796721 s
-PY0021-111111111111;contacto de
-----------------
execution time: 1539737093.2866142 s
-PY0020-111111111111;contacto de
-----------------
execution time: 1539737093.3217385 s
-PY0023-111111111111;contacto de
-----------------
execution time: 1539737093.3497949 s
-PY0022-111111111111;contacto de
-----------------
execution time: 1539737093.3566372 s
-PY0008-111111111111;contacto de
-----------------
execution time: 1539737093.4375787 s
-PY0013-111111111111;contacto de
-----------------
execution time: 1539737093.442485 s
-PY0009-111111111111;contacto de
-----------------
execution time: 1539737093.4438999 s
-PY0002-111111111111;contacto de
-----------------
execution time: 1539737093.5665767 s
-PY0017-111111111111;contacto de
-----------------
execution time: 1539737094.1232104 s
-PY0010-111111111111;contacto de
-----------------
execution time: 1539737094.2567117 s
-PY0001-111111111111;contacto de
-----------------
execution time: 1539737094.4351037 s
-PY0016-111111111111;contacto de
-----------------
execution time: 1539737098.157237 s
-PY0004-111111111111;contacto de
-----------------
execution time: 1539737098.1815057 s
-PY0003-111111111111;contacto de
-----------------
execution time: 1539737098.1879787 s
-PY0012-111111111111;contacto de
-----------------
execution time: 1539737098.1893058 s
-PY0006-111111111111;contacto de
-----------------
execution time: 1539737098.1906261 s
-PY0005-111111111111;contacto de
-----------------
execution time: 1539737098.193004 s
-PY0011-111111111111;contacto de
-----------------
execution time: 1539737098.2229493 s
-PY0014-111111111111;contacto de
-----------------
execution time: 1539737098.2825887 s
-PY0019-111111111111;contacto de
-----------------
execution time: 1539737098.2850924 s
-PY0018-111111111111;contacto de
-----------------
execution time: 1539737098.2894251 s
-PY0021-111111111111;contacto de
-----------------
execution time: 1539737098.295418 s
-PY0015-111111111111;contacto de
-----------------
execution time: 1539737098.3210843 s
-PY0020-111111111111;contacto de
-----------------
execution time: 1539737098.3431997 s
-PY0023-111111111111;contacto de
-----------------
execution time: 1539737098.3981981 s
-PY0022-111111111111;contacto de
-----------------
execution time: 1539737098.4456422 s
-PY0013-111111111111;contacto de
-----------------
execution time: 1539737098.450212 s
-PY0009-111111111111;contacto de
-----------------
execution time: 1539737098.4525743 s
-PY0002-111111111111;contacto de
-----------------
execution time: 1539737098.5736248 s
-PY0017-111111111111;contacto de
-----------------
execution time: 1539737098.9247844 s
-PY0008-111111111111;contacto de
-----------------
execution time: 1539737099.1503167 s
-PY0010-111111111111;contacto de
-----------------
execution time: 1539737099.3501344 s
-PY0007-111111111111;contacto de
-----------------
execution time: 1539737099.4542286 s
-PY0016-111111111111;contacto de
-----------------
execution time: 1539737100.2627134 s
-PY0001-111111111111;contacto de
-----------------
execution time: 1539737101.7014456 s
-PY0022-111111111111;el tiempo de descarga fue;23.429710865020752
-----------------
execution time: 1539737101.7019415 s
-PY0022-111111111111;es el cliente;1;en terminar
-----------------
execution time: 1539737103.072237 s
-PY0023-111111111111;el tiempo de descarga fue;24.80647611618042
-----------------
execution time: 1539737103.0730076 s
-PY0023-111111111111;es el cliente;2;en terminar
-----------------
execution time: 1539737103.1696787 s
-PY0020-111111111111;el tiempo de descarga fue;24.94904589653015
-----------------
execution time: 1539737103.171222 s
-PY0020-111111111111;es el cliente;3;en terminar
-----------------
execution time: 1539737103.321052 s
-PY0003-111111111111;contacto de
-----------------
execution time: 1539737103.376062 s
-PY0005-111111111111;contacto de
-----------------
execution time: 1539737103.866331 s
-PY0006-111111111111;contacto de
-----------------
execution time: 1539737103.8697734 s
-PY0014-111111111111;contacto de
-----------------
execution time: 1539737103.8723552 s
-PY0012-111111111111;contacto de
-----------------
execution time: 1539737103.8752203 s
-PY0019-111111111111;contacto de
-----------------
execution time: 1539737103.877304 s
-PY0015-111111111111;contacto de
-----------------
execution time: 1539737103.8799503 s
-PY0020-111111111111;contacto de
-----------------
execution time: 1539737103.8822856 s
-PY0021-111111111111;contacto de
-----------------
execution time: 1539737104.431765 s
-PY0008-111111111111;contacto de
-----------------
execution time: 1539737104.4336238 s
-PY0023-111111111111;contacto de
-----------------
execution time: 1539737104.4349253 s
-PY0010-111111111111;contacto de
-----------------
execution time: 1539737104.4363036 s
-PY0004-111111111111;contacto de
-----------------
execution time: 1539737104.4376266 s
-PY0022-111111111111;contacto de
-----------------
execution time: 1539737104.438789 s
-PY0004-111111111111;el tiempo de descarga fue;26.344268798828125
-----------------
execution time: 1539737104.439056 s
-PY0004-111111111111;es el cliente;4;en terminar
-----------------
execution time: 1539737104.4402945 s
-PY0007-111111111111;contacto de
-----------------
execution time: 1539737104.462618 s
-PY0013-111111111111;contacto de
-----------------
execution time: 1539737104.4639645 s
-PY0009-111111111111;contacto de
-----------------
execution time: 1539737104.4873347 s
-PY0002-111111111111;contacto de
-----------------
execution time: 1539737104.577953 s
-PY0016-111111111111;contacto de
-----------------
execution time: 1539737104.607428 s
-PY0017-111111111111;contacto de
-----------------
execution time: 1539737104.6104572 s
-PY0016-111111111111;el tiempo de descarga fue;26.20944046974182
-----------------
execution time: 1539737104.6109724 s
-PY0016-111111111111;es el cliente;5;en terminar
-----------------
execution time: 1539737104.7373338 s
-PY0011-111111111111;contacto de
-----------------
execution time: 1539737104.8186278 s
-PY0018-111111111111;contacto de
-----------------
execution time: 1539737105.1180656 s
-PY0003-111111111111;el tiempo de descarga fue;26.988799810409546
-----------------
execution time: 1539737105.118759 s
-PY0003-111111111111;es el cliente;6;en terminar
-----------------
execution time: 1539737105.173346 s
-PY0008-111111111111;el tiempo de descarga fue;26.85128903388977
-----------------
execution time: 1539737105.1737962 s
-PY0008-111111111111;es el cliente;7;en terminar
-----------------
execution time: 1539737105.2697957 s
-PY0001-111111111111;contacto de
-----------------
execution time: 1539737105.3066795 s
-PY0010-111111111111;el tiempo de descarga fue;27.21606755256653
-----------------
execution time: 1539737105.3069568 s
-PY0010-111111111111;es el cliente;8;en terminar
-----------------
execution time: 1539737105.873965 s
-PY0019-111111111111;el tiempo de descarga fue;27.65712547302246
-----------------
execution time: 1539737105.8749857 s
-PY0019-111111111111;es el cliente;9;en terminar
-----------------
execution time: 1539737105.9605443 s
-PY0006-111111111111;el tiempo de descarga fue;27.82411813735962
-----------------
execution time: 1539737105.9611616 s
-PY0006-111111111111;es el cliente;10;en terminar
-----------------
execution time: 1539737106.2344446 s
-PY0007-111111111111;el tiempo de descarga fue;28.095916986465454
-----------------
execution time: 1539737106.2350016 s
-PY0007-111111111111;es el cliente;11;en terminar
-----------------
execution time: 1539737106.2968876 s
-PY0021-111111111111;el tiempo de descarga fue;28.049317598342896
-----------------
execution time: 1539737106.2976804 s
-PY0021-111111111111;es el cliente;12;en terminar
-----------------
execution time: 1539737106.533543 s
-PY0005-111111111111;el tiempo de descarga fue;28.201866388320923
-----------------
execution time: 1539737106.534086 s
-PY0005-111111111111;es el cliente;13;en terminar
-----------------
execution time: 1539737106.9334195 s
-PY0009-111111111111;el tiempo de descarga fue;28.515561819076538
-----------------
execution time: 1539737106.9337273 s
-PY0009-111111111111;es el cliente;14;en terminar
-----------------
execution time: 1539737106.9420123 s
-PY0015-111111111111;el tiempo de descarga fue;28.716063499450684
-----------------
execution time: 1539737106.9424806 s
-PY0015-111111111111;es el cliente;15;en terminar
-----------------
execution time: 1539737107.0119917 s
-PY0011-111111111111;el tiempo de descarga fue;28.856364011764526
-----------------
execution time: 1539737107.012455 s
-PY0011-111111111111;es el cliente;16;en terminar
-----------------
execution time: 1539737107.039555 s
-PY0013-111111111111;el tiempo de descarga fue;28.62779402732849
-----------------
execution time: 1539737107.0397284 s
-PY0013-111111111111;es el cliente;17;en terminar
-----------------
execution time: 1539737107.8502853 s
-PY0014-111111111111;el tiempo de descarga fue;29.683786630630493
-----------------
execution time: 1539737107.8512383 s
-PY0014-111111111111;es el cliente;18;en terminar
-----------------
execution time: 1539737108.2198403 s
-PY0002-111111111111;el tiempo de descarga fue;29.80072569847107
-----------------
execution time: 1539737108.220872 s
-PY0002-111111111111;es el cliente;19;en terminar
-----------------
execution time: 1539737108.3378532 s
-PY0003-111111111111;contacto de
-----------------
execution time: 1539737108.3877146 s
-PY0005-111111111111;contacto de
-----------------
execution time: 1539737108.8854725 s
-PY0014-111111111111;contacto de
-----------------
execution time: 1539737108.8893552 s
-PY0020-111111111111;contacto de
-----------------
execution time: 1539737108.8923063 s
-PY0015-111111111111;contacto de
-----------------
execution time: 1539737108.8966336 s
-PY0006-111111111111;contacto de
-----------------
execution time: 1539737108.9038494 s
-PY0017-111111111111;el tiempo de descarga fue;30.382189512252808
-----------------
execution time: 1539737108.9041398 s
-PY0017-111111111111;es el cliente;20;en terminar
-----------------
execution time: 1539737108.9692044 s
-PY0012-111111111111;contacto de
-----------------
execution time: 1539737108.9719172 s
-PY0021-111111111111;contacto de
-----------------
execution time: 1539737108.9739053 s
-PY0019-111111111111;contacto de
-----------------
execution time: 1539737109.4428523 s
-PY0023-111111111111;contacto de
-----------------
execution time: 1539737109.4460375 s
-PY0008-111111111111;contacto de
-----------------
execution time: 1539737109.4476151 s
-PY0004-111111111111;contacto de
-----------------
execution time: 1539737109.4489303 s
-PY0022-111111111111;contacto de
-----------------
execution time: 1539737109.4542851 s
-PY0010-111111111111;contacto de
-----------------
execution time: 1539737109.4568214 s
-PY0007-111111111111;contacto de
-----------------
execution time: 1539737109.5344334 s
-PY0013-111111111111;contacto de
-----------------
execution time: 1539737109.5372682 s
-PY0002-111111111111;contacto de
-----------------
execution time: 1539737109.5424714 s
-PY0009-111111111111;contacto de
-----------------
execution time: 1539737109.6004953 s
-PY0016-111111111111;contacto de
-----------------
execution time: 1539737109.6223106 s
-PY0017-111111111111;contacto de
-----------------
execution time: 1539737109.8058245 s
-PY0011-111111111111;contacto de
-----------------
execution time: 1539737110.4239414 s
-PY0018-111111111111;contacto de
-----------------
execution time: 1539737110.427164 s
-PY0001-111111111111;contacto de
-----------------
execution time: 1539737113.3485882 s
-PY0003-111111111111;contacto de
-----------------
execution time: 1539737113.3968835 s
-PY0005-111111111111;contacto de
-----------------
execution time: 1539737113.8979378 s
-PY0014-111111111111;contacto de
-----------------
execution time: 1539737113.9010775 s
-PY0015-111111111111;contacto de
-----------------
execution time: 1539737113.9035175 s
-PY0020-111111111111;contacto de
-----------------
execution time: 1539737113.9058511 s
-PY0006-111111111111;contacto de
-----------------
execution time: 1539737113.9820375 s
-PY0021-111111111111;contacto de
-----------------
execution time: 1539737113.984854 s
-PY0019-111111111111;contacto de
-----------------
execution time: 1539737114.0868578 s
-PY0012-111111111111;contacto de
-----------------
execution time: 1539737114.4496126 s
-PY0023-111111111111;contacto de
-----------------
execution time: 1539737114.4560401 s
-PY0008-111111111111;contacto de
-----------------
execution time: 1539737114.4576368 s
-PY0004-111111111111;contacto de
-----------------
execution time: 1539737114.4595802 s
-PY0022-111111111111;contacto de
-----------------
execution time: 1539737114.460826 s
-PY0010-111111111111;contacto de
-----------------
execution time: 1539737114.4658716 s
-PY0007-111111111111;contacto de
-----------------
execution time: 1539737114.5449784 s
-PY0013-111111111111;contacto de
-----------------
execution time: 1539737114.5480711 s
-PY0002-111111111111;contacto de
-----------------
execution time: 1539737114.5534127 s
-PY0009-111111111111;contacto de
-----------------
execution time: 1539737114.6115654 s
-PY0016-111111111111;contacto de
-----------------
execution time: 1539737114.6321788 s
-PY0017-111111111111;contacto de
-----------------
execution time: 1539737114.8169396 s
-PY0011-111111111111;contacto de
-----------------
execution time: 1539737115.4375997 s
-PY0001-111111111111;contacto de
-----------------
execution time: 1539737115.530289 s
-PY0018-111111111111;contacto de
-----------------
execution time: 1539737116.3617556 s
-PY0018-111111111111;el tiempo de descarga fue;38.126500606536865
-----------------
execution time: 1539737116.3623433 s
-PY0018-111111111111;es el cliente;21;en terminar
-----------------
execution time: 1539737117.0414276 s
-PY0012-111111111111;el tiempo de descarga fue;38.8972589969635
-----------------
execution time: 1539737117.0419586 s
-PY0012-111111111111;es el cliente;22;en terminar
-----------------
execution time: 1539737118.359109 s
-PY0003-111111111111;contacto de
-----------------
execution time: 1539737118.4062476 s
-PY0005-111111111111;contacto de
-----------------
execution time: 1539737118.908171 s
-PY0015-111111111111;contacto de
-----------------
execution time: 1539737118.9105198 s
-PY0014-111111111111;contacto de
-----------------
execution time: 1539737118.9130795 s
-PY0020-111111111111;contacto de
-----------------
execution time: 1539737118.9151585 s
-PY0006-111111111111;contacto de
-----------------
execution time: 1539737118.9886155 s
-PY0021-111111111111;contacto de
-----------------
execution time: 1539737118.9919822 s
-PY0019-111111111111;contacto de
-----------------
execution time: 1539737119.116627 s
-PY0012-111111111111;contacto de
-----------------
execution time: 1539737119.4618862 s
-PY0023-111111111111;contacto de
-----------------
execution time: 1539737119.465677 s
-PY0008-111111111111;contacto de
-----------------
execution time: 1539737119.4692175 s
-PY0004-111111111111;contacto de
-----------------
execution time: 1539737119.4721231 s
-PY0010-111111111111;contacto de
-----------------
execution time: 1539737119.4751952 s
-PY0022-111111111111;contacto de
-----------------
execution time: 1539737119.478629 s
-PY0007-111111111111;contacto de
-----------------
execution time: 1539737119.5533247 s
-PY0013-111111111111;contacto de
-----------------
execution time: 1539737119.5587575 s
-PY0002-111111111111;contacto de
-----------------
execution time: 1539737119.5646033 s
-PY0009-111111111111;contacto de
-----------------
execution time: 1539737119.6230676 s
-PY0016-111111111111;contacto de
-----------------
execution time: 1539737119.644573 s
-PY0017-111111111111;contacto de
-----------------
execution time: 1539737119.8219626 s
-PY0011-111111111111;contacto de
-----------------
execution time: 1539737120.4482715 s
-PY0001-111111111111;contacto de
-----------------
execution time: 1539737120.7742543 s
-PY0018-111111111111;contacto de
-----------------
