Mon Oct 15 01:47:18 2018
Listening on 157.253.205.65:None
-----------------
execution time: 1539586038.5221858 s
-PY0002-111111111111;contacto de
-----------------
execution time: 1539586038.5236616 s
-PY0002-111111111111;la descarga inicia
-----------------
execution time: 1539586038.602199 s
-PY0003-111111111111;contacto de
-----------------
execution time: 1539586038.6034794 s
-PY0003-111111111111;la descarga inicia
-----------------
execution time: 1539586038.8332982 s
-PY0004-111111111111;contacto de
-----------------
execution time: 1539586038.8350508 s
-PY0004-111111111111;la descarga inicia
-----------------
execution time: 1539586039.0125823 s
-PY0001-111111111111;contacto de
-----------------
execution time: 1539586039.0137224 s
-PY0001-111111111111;la descarga inicia
-----------------
execution time: 1539586043.5341485 s
-PY0002-111111111111;contacto de
-----------------
execution time: 1539586043.6086779 s
-PY0003-111111111111;contacto de
-----------------
execution time: 1539586043.8392172 s
-PY0004-111111111111;contacto de
-----------------
execution time: 1539586044.0501182 s
-PY0001-111111111111;contacto de
-----------------
execution time: 1539586048.5521367 s
-PY0002-111111111111;contacto de
-----------------
execution time: 1539586048.6127963 s
-PY0003-111111111111;contacto de
-----------------
execution time: 1539586048.8547947 s
-PY0004-111111111111;contacto de
-----------------
execution time: 1539586049.058252 s
-PY0001-111111111111;contacto de
-----------------
execution time: 1539586053.5694761 s
-PY0002-111111111111;contacto de
-----------------
execution time: 1539586053.6207683 s
-PY0003-111111111111;contacto de
-----------------
execution time: 1539586053.8764439 s
-PY0004-111111111111;contacto de
-----------------
execution time: 1539586054.0666325 s
-PY0001-111111111111;contacto de
-----------------
execution time: 1539586058.587988 s
-PY0002-111111111111;contacto de
-----------------
execution time: 1539586058.628125 s
-PY0003-111111111111;contacto de
-----------------
execution time: 1539586058.8945947 s
-PY0004-111111111111;contacto de
-----------------
execution time: 1539586059.0751913 s
-PY0001-111111111111;contacto de
-----------------
execution time: 1539586063.5716412 s
-PY0002-111111111111;el tiempo de descarga fue;25.047988653182983
-----------------
execution time: 1539586063.5767918 s
-PY0003-111111111111;el tiempo de descarga fue;24.97331929206848
-----------------
execution time: 1539586063.5996509 s
-PY0002-111111111111;contacto de
-----------------
execution time: 1539586063.617165 s
-PY0004-111111111111;el tiempo de descarga fue;24.782122373580933
-----------------
execution time: 1539586063.6380007 s
-PY0003-111111111111;contacto de
-----------------
execution time: 1539586063.9072409 s
-PY0004-111111111111;contacto de
-----------------
execution time: 1539586064.0844624 s
-PY0001-111111111111;contacto de
-----------------
execution time: 1539586068.6085722 s
-PY0002-111111111111;contacto de
-----------------
execution time: 1539586068.6472917 s
-PY0003-111111111111;contacto de
-----------------
execution time: 1539586068.9160745 s
-PY0004-111111111111;contacto de
-----------------
execution time: 1539586069.0927203 s
-PY0001-111111111111;contacto de
-----------------
