Mon Oct 15 15:21:27 2018
Listening on 157.253.205.65:9010
-----------------
execution time: 1539634887.24142 s
-PY0002-111111111111;contacto de
-----------------
execution time: 1539634887.2427046 s
-PY0002-111111111111;la descarga inicia
-----------------
execution time: 1539634887.2589698 s
-PY0003-111111111111;contacto de
-----------------
execution time: 1539634887.259958 s
-PY0003-111111111111;la descarga inicia
-----------------
execution time: 1539634887.4048274 s
-PY0004-111111111111;contacto de
-----------------
execution time: 1539634887.405869 s
-PY0004-111111111111;la descarga inicia
-----------------
execution time: 1539634887.9758482 s
-PY0001-111111111111;contacto de
-----------------
execution time: 1539634887.9769554 s
-PY0001-111111111111;la descarga inicia
-----------------
execution time: 1539634892.250562 s
-PY0002-111111111111;contacto de
-----------------
execution time: 1539634892.275069 s
-PY0003-111111111111;contacto de
-----------------
execution time: 1539634892.422298 s
-PY0004-111111111111;contacto de
-----------------
execution time: 1539634892.9914553 s
-PY0001-111111111111;contacto de
-----------------
execution time: 1539634897.2684877 s
-PY0002-111111111111;contacto de
-----------------
execution time: 1539634897.2890673 s
-PY0003-111111111111;contacto de
-----------------
execution time: 1539634897.4377413 s
-PY0004-111111111111;contacto de
-----------------
execution time: 1539634898.0025923 s
-PY0001-111111111111;contacto de
-----------------
execution time: 1539634898.5329819 s
-PY0004-111111111111;el tiempo de descarga fue;11.127119779586792
-----------------
execution time: 1539634898.53332 s
-PY0004-111111111111;es el cliente;1;en terminar
-----------------
execution time: 1539634898.5803113 s
-PY0003-111111111111;el tiempo de descarga fue;11.320359468460083
-----------------
execution time: 1539634898.5806274 s
-PY0003-111111111111;es el cliente;2;en terminar
-----------------
execution time: 1539634898.766891 s
-PY0002-111111111111;el tiempo de descarga fue;11.524192810058594
-----------------
execution time: 1539634898.76732 s
-PY0002-111111111111;es el cliente;3;en terminar
-----------------
execution time: 1539634902.2827523 s
-PY0002-111111111111;contacto de
-----------------
execution time: 1539634902.3011062 s
-PY0003-111111111111;contacto de
-----------------
execution time: 1539634902.447638 s
-PY0004-111111111111;contacto de
-----------------
execution time: 1539634903.0107043 s
-PY0001-111111111111;contacto de
-----------------
execution time: 1539634907.2915888 s
-PY0002-111111111111;contacto de
-----------------
execution time: 1539634907.3089864 s
-PY0003-111111111111;contacto de
-----------------
execution time: 1539634907.4567306 s
-PY0004-111111111111;contacto de
-----------------
execution time: 1539634908.018867 s
-PY0001-111111111111;contacto de
-----------------
execution time: 1539634912.3002584 s
-PY0002-111111111111;contacto de
-----------------
execution time: 1539634912.3176537 s
-PY0003-111111111111;contacto de
-----------------
execution time: 1539634912.465855 s
-PY0004-111111111111;contacto de
-----------------
