Mon Oct 15 15:35:48 2018
Listening on 157.253.205.65:9010
-----------------
execution time: 1539635749.1254203 s
-PY0002-111111111111;contacto de
-----------------
execution time: 1539635749.1264455 s
-PY0002-111111111111;la descarga inicia
-----------------
execution time: 1539635749.1437974 s
-PY0003-111111111111;contacto de
-----------------
execution time: 1539635749.1448379 s
-PY0003-111111111111;la descarga inicia
-----------------
execution time: 1539635749.170545 s
-PY0006-111111111111;contacto de
-----------------
execution time: 1539635749.1719491 s
-PY0006-111111111111;la descarga inicia
-----------------
execution time: 1539635749.173051 s
-PY0005-111111111111;contacto de
-----------------
execution time: 1539635749.1740055 s
-PY0005-111111111111;la descarga inicia
-----------------
execution time: 1539635749.18407 s
-PY0007-111111111111;contacto de
-----------------
execution time: 1539635749.1854062 s
-PY0007-111111111111;la descarga inicia
-----------------
execution time: 1539635749.186794 s
-PY0009-111111111111;contacto de
-----------------
execution time: 1539635749.187943 s
-PY0009-111111111111;la descarga inicia
-----------------
execution time: 1539635749.2201693 s
-PY0008-111111111111;contacto de
-----------------
execution time: 1539635749.2213473 s
-PY0008-111111111111;la descarga inicia
-----------------
execution time: 1539635749.2688465 s
-PY0010-111111111111;contacto de
-----------------
execution time: 1539635749.2699244 s
-PY0010-111111111111;la descarga inicia
-----------------
execution time: 1539635749.3134196 s
-PY0004-111111111111;contacto de
-----------------
execution time: 1539635749.314527 s
-PY0004-111111111111;la descarga inicia
-----------------
execution time: 1539635749.6856282 s
-PY0001-111111111111;contacto de
-----------------
execution time: 1539635749.686858 s
-PY0001-111111111111;la descarga inicia
-----------------
execution time: 1539635754.1383927 s
-PY0002-111111111111;contacto de
-----------------
execution time: 1539635754.1507046 s
-PY0003-111111111111;contacto de
-----------------
execution time: 1539635754.179524 s
-PY0005-111111111111;contacto de
-----------------
execution time: 1539635754.1817322 s
-PY0006-111111111111;contacto de
-----------------
execution time: 1539635754.191516 s
-PY0009-111111111111;contacto de
-----------------
execution time: 1539635754.1979387 s
-PY0007-111111111111;contacto de
-----------------
execution time: 1539635754.224628 s
-PY0008-111111111111;contacto de
-----------------
execution time: 1539635754.2742667 s
-PY0010-111111111111;contacto de
-----------------
execution time: 1539635754.320756 s
-PY0004-111111111111;contacto de
-----------------
execution time: 1539635754.6969779 s
-PY0001-111111111111;contacto de
-----------------
execution time: 1539635759.1542633 s
-PY0002-111111111111;contacto de
-----------------
execution time: 1539635759.1606321 s
-PY0003-111111111111;contacto de
-----------------
execution time: 1539635759.1866417 s
-PY0005-111111111111;contacto de
-----------------
execution time: 1539635759.1892235 s
-PY0006-111111111111;contacto de
-----------------
execution time: 1539635759.2044353 s
-PY0009-111111111111;contacto de
-----------------
execution time: 1539635759.2111557 s
-PY0007-111111111111;contacto de
-----------------
execution time: 1539635759.2363765 s
-PY0008-111111111111;contacto de
-----------------
execution time: 1539635759.2901583 s
-PY0010-111111111111;contacto de
-----------------
execution time: 1539635759.334955 s
-PY0004-111111111111;contacto de
-----------------
execution time: 1539635759.7095897 s
-PY0001-111111111111;contacto de
-----------------
execution time: 1539635764.1694286 s
-PY0002-111111111111;contacto de
-----------------
execution time: 1539635764.1848936 s
-PY0003-111111111111;contacto de
-----------------
execution time: 1539635764.1952634 s
-PY0005-111111111111;contacto de
-----------------
execution time: 1539635764.1966512 s
-PY0006-111111111111;contacto de
-----------------
execution time: 1539635764.2218325 s
-PY0009-111111111111;contacto de
-----------------
execution time: 1539635764.2472095 s
-PY0007-111111111111;contacto de
-----------------
execution time: 1539635764.2588983 s
-PY0008-111111111111;contacto de
-----------------
execution time: 1539635764.2987144 s
-PY0010-111111111111;contacto de
-----------------
execution time: 1539635764.343619 s
-PY0004-111111111111;contacto de
-----------------
execution time: 1539635764.722288 s
-PY0001-111111111111;contacto de
-----------------
execution time: 1539635769.1988058 s
-PY0002-111111111111;contacto de
-----------------
execution time: 1539635769.2690108 s
-PY0005-111111111111;contacto de
-----------------
execution time: 1539635769.270346 s
-PY0003-111111111111;contacto de
-----------------
execution time: 1539635769.2815473 s
-PY0009-111111111111;contacto de
-----------------
execution time: 1539635769.2858112 s
-PY0006-111111111111;contacto de
-----------------
execution time: 1539635769.361554 s
-PY0008-111111111111;contacto de
-----------------
execution time: 1539635769.3772223 s
-PY0010-111111111111;contacto de
-----------------
execution time: 1539635769.4516273 s
-PY0007-111111111111;contacto de
-----------------
execution time: 1539635769.5432522 s
-PY0004-111111111111;contacto de
-----------------
execution time: 1539635769.7306795 s
-PY0001-111111111111;contacto de
-----------------
execution time: 1539635772.355608 s
-PY0008-111111111111;el tiempo de descarga fue;23.134267568588257
-----------------
execution time: 1539635772.3559775 s
-PY0008-111111111111;es el cliente;1;en terminar
-----------------
execution time: 1539635772.7966878 s
-PY0007-111111111111;el tiempo de descarga fue;23.61128830909729
-----------------
execution time: 1539635772.7969987 s
-PY0007-111111111111;es el cliente;2;en terminar
-----------------
execution time: 1539635773.382579 s
-PY0010-111111111111;el tiempo de descarga fue;24.11266255378723
-----------------
execution time: 1539635773.3829973 s
-PY0010-111111111111;es el cliente;3;en terminar
-----------------
execution time: 1539635773.7927492 s
-PY0004-111111111111;el tiempo de descarga fue;24.478230237960815
-----------------
execution time: 1539635773.7931154 s
-PY0004-111111111111;es el cliente;4;en terminar
-----------------
execution time: 1539635773.8785129 s
-PY0009-111111111111;el tiempo de descarga fue;24.69057607650757
-----------------
execution time: 1539635773.878937 s
-PY0009-111111111111;es el cliente;5;en terminar
-----------------
execution time: 1539635774.1357338 s
-PY0005-111111111111;el tiempo de descarga fue;24.961735486984253
-----------------
execution time: 1539635774.1360424 s
-PY0005-111111111111;es el cliente;6;en terminar
-----------------
execution time: 1539635774.2650406 s
-PY0002-111111111111;contacto de
-----------------
execution time: 1539635774.2810962 s
-PY0005-111111111111;contacto de
-----------------
execution time: 1539635774.3973792 s
-PY0003-111111111111;contacto de
-----------------
execution time: 1539635774.3990326 s
-PY0008-111111111111;contacto de
-----------------
execution time: 1539635774.4000983 s
-PY0009-111111111111;contacto de
-----------------
execution time: 1539635774.4015665 s
-PY0006-111111111111;contacto de
-----------------
execution time: 1539635774.4038215 s
-PY0010-111111111111;contacto de
-----------------
execution time: 1539635774.524635 s
-PY0007-111111111111;contacto de
-----------------
execution time: 1539635774.5539231 s
-PY0004-111111111111;contacto de
-----------------
execution time: 1539635774.7392478 s
-PY0001-111111111111;contacto de
-----------------
execution time: 1539635777.3845787 s
-PY0003-111111111111;el tiempo de descarga fue;28.23974895477295
-----------------
execution time: 1539635777.384921 s
-PY0003-111111111111;es el cliente;7;en terminar
-----------------
execution time: 1539635777.5872848 s
-PY0006-111111111111;el tiempo de descarga fue;28.415342330932617
-----------------
execution time: 1539635777.5876732 s
-PY0006-111111111111;es el cliente;8;en terminar
-----------------
execution time: 1539635778.368441 s
-PY0002-111111111111;el tiempo de descarga fue;29.24200129508972
-----------------
execution time: 1539635778.3687918 s
-PY0002-111111111111;es el cliente;9;en terminar
-----------------
execution time: 1539635779.2782354 s
-PY0002-111111111111;contacto de
-----------------
execution time: 1539635779.2898586 s
-PY0005-111111111111;contacto de
-----------------
execution time: 1539635779.4092162 s
-PY0009-111111111111;contacto de
-----------------
execution time: 1539635779.410736 s
-PY0008-111111111111;contacto de
-----------------
execution time: 1539635779.412191 s
-PY0003-111111111111;contacto de
-----------------
execution time: 1539635779.4132211 s
-PY0010-111111111111;contacto de
-----------------
execution time: 1539635779.414395 s
-PY0006-111111111111;contacto de
-----------------
execution time: 1539635779.5331063 s
-PY0007-111111111111;contacto de
-----------------
execution time: 1539635779.562457 s
-PY0004-111111111111;contacto de
-----------------
execution time: 1539635779.747848 s
-PY0001-111111111111;contacto de
-----------------
execution time: 1539635784.2883525 s
-PY0002-111111111111;contacto de
-----------------
execution time: 1539635784.2982042 s
-PY0005-111111111111;contacto de
-----------------
execution time: 1539635784.418268 s
-PY0009-111111111111;contacto de
-----------------
execution time: 1539635784.421773 s
-PY0008-111111111111;contacto de
-----------------
execution time: 1539635784.4242578 s
-PY0003-111111111111;contacto de
-----------------
execution time: 1539635784.4262803 s
-PY0010-111111111111;contacto de
-----------------
execution time: 1539635784.428555 s
-PY0006-111111111111;contacto de
-----------------
execution time: 1539635784.5413241 s
-PY0007-111111111111;contacto de
-----------------
execution time: 1539635784.5701807 s
-PY0004-111111111111;contacto de
-----------------
execution time: 1539635784.7562542 s
-PY0001-111111111111;contacto de
-----------------
