Mon Oct 15 15:54:10 2018
Listening on 157.253.205.65:9010
-----------------
execution time: 1539636850.374022 s
-PY0002-111111111111;contacto de
-----------------
execution time: 1539636850.3749206 s
-PY0002-111111111111;la descarga inicia
-----------------
execution time: 1539636850.3913057 s
-PY0003-111111111111;contacto de
-----------------
execution time: 1539636850.39282 s
-PY0003-111111111111;la descarga inicia
-----------------
execution time: 1539636850.5952473 s
-PY0004-111111111111;contacto de
-----------------
execution time: 1539636850.5963922 s
-PY0004-111111111111;la descarga inicia
-----------------
execution time: 1539636855.3958051 s
-PY0002-111111111111;contacto de
-----------------
execution time: 1539636855.418601 s
-PY0003-111111111111;contacto de
-----------------
execution time: 1539636855.616224 s
-PY0004-111111111111;contacto de
-----------------
execution time: 1539636856.4228714 s
-PY0001-111111111111;la descarga inicia
-----------------
execution time: 1539636856.4280086 s
-PY0001-111111111111;contacto de
-----------------
execution time: 1539636860.4200428 s
-PY0002-111111111111;contacto de
-----------------
execution time: 1539636860.439382 s
-PY0003-111111111111;contacto de
-----------------
execution time: 1539636860.6349998 s
-PY0004-111111111111;contacto de
-----------------
execution time: 1539636861.4596395 s
-PY0001-111111111111;contacto de
-----------------
execution time: 1539636865.4268334 s
-PY0002-111111111111;contacto de
-----------------
execution time: 1539636865.4569862 s
-PY0003-111111111111;contacto de
-----------------
execution time: 1539636865.6452317 s
-PY0004-111111111111;contacto de
-----------------
execution time: 1539636866.475951 s
-PY0001-111111111111;contacto de
-----------------
execution time: 1539636870.4399848 s
-PY0002-111111111111;contacto de
-----------------
execution time: 1539636870.4723446 s
-PY0003-111111111111;contacto de
-----------------
execution time: 1539636870.6582444 s
-PY0004-111111111111;contacto de
-----------------
execution time: 1539636871.4915152 s
-PY0001-111111111111;contacto de
-----------------
execution time: 1539636875.4526422 s
-PY0002-111111111111;contacto de
-----------------
execution time: 1539636875.489061 s
-PY0003-111111111111;contacto de
-----------------
execution time: 1539636875.6718943 s
-PY0004-111111111111;contacto de
-----------------
execution time: 1539636876.4997091 s
-PY0001-111111111111;contacto de
-----------------
execution time: 1539636876.5942285 s
-PY0003-111111111111;el tiempo de descarga fue;26.201416015625
-----------------
execution time: 1539636876.5946062 s
-PY0003-111111111111;es el cliente;1;en terminar
-----------------
execution time: 1539636876.5994856 s
-PY0004-111111111111;el tiempo de descarga fue;26.00309991836548
-----------------
execution time: 1539636876.5999475 s
-PY0004-111111111111;es el cliente;2;en terminar
-----------------
execution time: 1539636876.6165137 s
-PY0002-111111111111;el tiempo de descarga fue;26.241599321365356
-----------------
execution time: 1539636876.6167912 s
-PY0002-111111111111;es el cliente;3;en terminar
-----------------
execution time: 1539636880.4652789 s
-PY0002-111111111111;contacto de
-----------------
execution time: 1539636880.503386 s
-PY0003-111111111111;contacto de
-----------------
execution time: 1539636880.6855755 s
-PY0004-111111111111;contacto de
-----------------
execution time: 1539636881.508131 s
-PY0001-111111111111;contacto de
-----------------
