Mon Oct 15 15:48:31 2018
Listening on 157.253.205.65:9010
-----------------
execution time: 1539636512.0978525 s
-PY0002-111111111111;contacto de
-----------------
execution time: 1539636512.0994716 s
-PY0002-111111111111;la descarga inicia
-----------------
execution time: 1539636512.1195078 s
-PY0003-111111111111;contacto de
-----------------
execution time: 1539636512.1209455 s
-PY0003-111111111111;la descarga inicia
-----------------
execution time: 1539636517.1096325 s
-PY0002-111111111111;contacto de
-----------------
execution time: 1539636517.1337552 s
-PY0003-111111111111;contacto de
-----------------
execution time: 1539636518.8192134 s
-PY0001-111111111111;contacto de
-----------------
execution time: 1539636518.8245175 s
-PY0001-111111111111;la descarga inicia
-----------------
execution time: 1539636522.1259618 s
-PY0002-111111111111;contacto de
-----------------
execution time: 1539636522.1540277 s
-PY0003-111111111111;contacto de
-----------------
execution time: 1539636523.847665 s
-PY0001-111111111111;contacto de
-----------------
execution time: 1539636527.1409698 s
-PY0002-111111111111;contacto de
-----------------
execution time: 1539636527.1765053 s
-PY0003-111111111111;contacto de
-----------------
execution time: 1539636528.862367 s
-PY0001-111111111111;contacto de
-----------------
execution time: 1539636532.153944 s
-PY0002-111111111111;contacto de
-----------------
execution time: 1539636532.1984553 s
-PY0003-111111111111;contacto de
-----------------
execution time: 1539636533.8724992 s
-PY0001-111111111111;contacto de
-----------------
execution time: 1539636536.3237693 s
-PY0002-111111111111;el tiempo de descarga fue;24.224304914474487
-----------------
execution time: 1539636536.3242443 s
-PY0002-111111111111;es el cliente;1;en terminar
-----------------
execution time: 1539636536.3460743 s
-PY0003-111111111111;el tiempo de descarga fue;24.22513508796692
-----------------
execution time: 1539636536.3463871 s
-PY0003-111111111111;es el cliente;2;en terminar
-----------------
execution time: 1539636537.1688447 s
-PY0002-111111111111;contacto de
-----------------
execution time: 1539636537.208879 s
-PY0003-111111111111;contacto de
-----------------
execution time: 1539636538.881018 s
-PY0001-111111111111;contacto de
-----------------
execution time: 1539636542.1773338 s
-PY0002-111111111111;contacto de
-----------------
execution time: 1539636542.217983 s
-PY0003-111111111111;contacto de
-----------------
execution time: 1539636543.8892558 s
-PY0001-111111111111;contacto de
-----------------
