Mon Oct 15 16:07:29 2018
Listening on 157.253.205.65:9010
-----------------
execution time: 1539637650.065357 s
-PY0002-111111111111;contacto de
-----------------
execution time: 1539637650.0664284 s
-PY0002-111111111111;la descarga inicia
-----------------
execution time: 1539637650.0866823 s
-PY0006-111111111111;contacto de
-----------------
execution time: 1539637650.0878956 s
-PY0006-111111111111;la descarga inicia
-----------------
execution time: 1539637650.092573 s
-PY0005-111111111111;contacto de
-----------------
execution time: 1539637650.0935998 s
-PY0005-111111111111;la descarga inicia
-----------------
execution time: 1539637650.1138852 s
-PY0003-111111111111;contacto de
-----------------
execution time: 1539637650.1148512 s
-PY0003-111111111111;la descarga inicia
-----------------
execution time: 1539637650.234464 s
-PY0004-111111111111;contacto de
-----------------
execution time: 1539637650.2357004 s
-PY0004-111111111111;la descarga inicia
-----------------
execution time: 1539637655.0802712 s
-PY0002-111111111111;contacto de
-----------------
execution time: 1539637655.0975664 s
-PY0006-111111111111;contacto de
-----------------
execution time: 1539637655.0991967 s
-PY0005-111111111111;contacto de
-----------------
execution time: 1539637655.126423 s
-PY0003-111111111111;contacto de
-----------------
execution time: 1539637655.2418087 s
-PY0004-111111111111;contacto de
-----------------
execution time: 1539637656.7751303 s
-PY0001-111111111111;contacto de
-----------------
execution time: 1539637656.7846906 s
-PY0001-111111111111;la descarga inicia
-----------------
execution time: 1539637660.0962744 s
-PY0002-111111111111;contacto de
-----------------
execution time: 1539637660.1159923 s
-PY0006-111111111111;contacto de
-----------------
execution time: 1539637660.122229 s
-PY0005-111111111111;contacto de
-----------------
execution time: 1539637660.1363351 s
-PY0003-111111111111;contacto de
-----------------
execution time: 1539637660.2663438 s
-PY0004-111111111111;contacto de
-----------------
execution time: 1539637661.804864 s
-PY0001-111111111111;contacto de
-----------------
execution time: 1539637665.1080215 s
-PY0002-111111111111;contacto de
-----------------
execution time: 1539637665.132546 s
-PY0006-111111111111;contacto de
-----------------
execution time: 1539637665.1345136 s
-PY0005-111111111111;contacto de
-----------------
execution time: 1539637665.1614153 s
-PY0003-111111111111;contacto de
-----------------
execution time: 1539637665.2780373 s
-PY0004-111111111111;contacto de
-----------------
execution time: 1539637666.8199825 s
-PY0001-111111111111;contacto de
-----------------
execution time: 1539637670.1254518 s
-PY0002-111111111111;contacto de
-----------------
execution time: 1539637670.1439824 s
-PY0006-111111111111;contacto de
-----------------
execution time: 1539637670.145263 s
-PY0005-111111111111;contacto de
-----------------
execution time: 1539637670.1782439 s
-PY0003-111111111111;contacto de
-----------------
execution time: 1539637670.296591 s
-PY0004-111111111111;contacto de
-----------------
execution time: 1539637671.829137 s
-PY0001-111111111111;contacto de
-----------------
execution time: 1539637675.139532 s
-PY0002-111111111111;contacto de
-----------------
execution time: 1539637675.150195 s
-PY0005-111111111111;contacto de
-----------------
execution time: 1539637675.1574554 s
-PY0006-111111111111;contacto de
-----------------
execution time: 1539637675.1889243 s
-PY0003-111111111111;contacto de
-----------------
execution time: 1539637675.306908 s
-PY0004-111111111111;contacto de
-----------------
execution time: 1539637676.8380802 s
-PY0001-111111111111;contacto de
-----------------
execution time: 1539637679.667502 s
-PY0002-111111111111;el tiempo de descarga fue;29.6010799407959
-----------------
execution time: 1539637679.6678905 s
-PY0002-111111111111;es el cliente;1;en terminar
-----------------
execution time: 1539637680.1507068 s
-PY0002-111111111111;contacto de
-----------------
execution time: 1539637680.1888077 s
-PY0005-111111111111;contacto de
-----------------
execution time: 1539637680.1898592 s
-PY0006-111111111111;contacto de
-----------------
execution time: 1539637680.1933498 s
-PY0003-111111111111;el tiempo de descarga fue;30.07852864265442
-----------------
execution time: 1539637680.193598 s
-PY0003-111111111111;es el cliente;2;en terminar
-----------------
execution time: 1539637680.1989746 s
-PY0003-111111111111;contacto de
-----------------
execution time: 1539637680.2026517 s
-PY0004-111111111111;el tiempo de descarga fue;29.966958045959473
-----------------
execution time: 1539637680.2028794 s
-PY0004-111111111111;es el cliente;3;en terminar
-----------------
execution time: 1539637680.3196957 s
-PY0004-111111111111;contacto de
-----------------
execution time: 1539637681.8462853 s
-PY0001-111111111111;contacto de
-----------------
execution time: 1539637683.795261 s
-PY0005-111111111111;el tiempo de descarga fue;33.70166802406311
-----------------
execution time: 1539637683.7957613 s
-PY0005-111111111111;es el cliente;4;en terminar
-----------------
execution time: 1539637683.932395 s
-PY0006-111111111111;el tiempo de descarga fue;33.84450602531433
-----------------
execution time: 1539637683.9327064 s
-PY0006-111111111111;es el cliente;5;en terminar
-----------------
execution time: 1539637685.1585212 s
-PY0002-111111111111;contacto de
-----------------
execution time: 1539637685.2002838 s
-PY0006-111111111111;contacto de
-----------------
execution time: 1539637685.2068343 s
-PY0003-111111111111;contacto de
-----------------
execution time: 1539637685.2153246 s
-PY0005-111111111111;contacto de
-----------------
execution time: 1539637685.328207 s
-PY0004-111111111111;contacto de
-----------------
execution time: 1539637686.8548048 s
-PY0001-111111111111;contacto de
-----------------
