Mon Oct 15 15:58:11 2018
Listening on 157.253.205.65:9010
-----------------
execution time: 1539637091.940254 s
-PY0002-111111111111;contacto de
-----------------
execution time: 1539637091.9413276 s
-PY0002-111111111111;la descarga inicia
-----------------
execution time: 1539637092.1001892 s
-PY0004-111111111111;contacto de
-----------------
execution time: 1539637092.1014729 s
-PY0004-111111111111;la descarga inicia
-----------------
execution time: 1539637092.1405132 s
-PY0003-111111111111;contacto de
-----------------
execution time: 1539637092.1413658 s
-PY0003-111111111111;la descarga inicia
-----------------
execution time: 1539637096.9544725 s
-PY0002-111111111111;contacto de
-----------------
execution time: 1539637097.114872 s
-PY0004-111111111111;contacto de
-----------------
execution time: 1539637097.154207 s
-PY0003-111111111111;contacto de
-----------------
execution time: 1539637098.0740414 s
-PY0001-111111111111;contacto de
-----------------
execution time: 1539637098.079604 s
-PY0001-111111111111;la descarga inicia
-----------------
execution time: 1539637101.9734306 s
-PY0002-111111111111;contacto de
-----------------
execution time: 1539637102.1317413 s
-PY0004-111111111111;contacto de
-----------------
execution time: 1539637102.1783018 s
-PY0003-111111111111;contacto de
-----------------
execution time: 1539637103.1415436 s
-PY0001-111111111111;contacto de
-----------------
execution time: 1539637106.9861364 s
-PY0002-111111111111;contacto de
-----------------
execution time: 1539637107.1493423 s
-PY0004-111111111111;contacto de
-----------------
execution time: 1539637107.1930735 s
-PY0003-111111111111;contacto de
-----------------
execution time: 1539637108.1555548 s
-PY0001-111111111111;contacto de
-----------------
execution time: 1539637112.0053315 s
-PY0002-111111111111;contacto de
-----------------
execution time: 1539637112.1638975 s
-PY0004-111111111111;contacto de
-----------------
execution time: 1539637112.206919 s
-PY0003-111111111111;contacto de
-----------------
execution time: 1539637113.1927664 s
-PY0001-111111111111;contacto de
-----------------
execution time: 1539637117.018521 s
-PY0002-111111111111;contacto de
-----------------
execution time: 1539637117.1800761 s
-PY0004-111111111111;contacto de
-----------------
execution time: 1539637117.2207127 s
-PY0003-111111111111;contacto de
-----------------
execution time: 1539637118.0604587 s
-PY0003-111111111111;el tiempo de descarga fue;25.919099807739258
-----------------
execution time: 1539637118.0608175 s
-PY0003-111111111111;es el cliente;1;en terminar
-----------------
execution time: 1539637118.1984475 s
-PY0001-111111111111;contacto de
-----------------
execution time: 1539637118.284179 s
-PY0004-111111111111;el tiempo de descarga fue;26.182711839675903
-----------------
execution time: 1539637118.284483 s
-PY0004-111111111111;es el cliente;2;en terminar
-----------------
execution time: 1539637118.368282 s
-PY0002-111111111111;el tiempo de descarga fue;26.426960945129395
-----------------
execution time: 1539637118.3686147 s
-PY0002-111111111111;es el cliente;3;en terminar
-----------------
execution time: 1539637122.050856 s
-PY0002-111111111111;contacto de
-----------------
execution time: 1539637122.1912677 s
-PY0004-111111111111;contacto de
-----------------
execution time: 1539637122.2407565 s
-PY0003-111111111111;contacto de
-----------------
execution time: 1539637123.2097285 s
-PY0001-111111111111;contacto de
-----------------
