Mon Oct 15 16:11:35 2018
Listening on 157.253.205.65:9010
-----------------
execution time: 1539637895.6014934 s
-PY0009-111111111111;contacto de
-----------------
execution time: 1539637895.6043944 s
-PY0009-111111111111;la descarga inicia
-----------------
execution time: 1539637895.605851 s
-PY0002-111111111111;contacto de
-----------------
execution time: 1539637895.6074333 s
-PY0002-111111111111;la descarga inicia
-----------------
execution time: 1539637895.6103468 s
-PY0003-111111111111;contacto de
-----------------
execution time: 1539637895.6130705 s
-PY0003-111111111111;la descarga inicia
-----------------
execution time: 1539637895.614525 s
-PY0006-111111111111;contacto de
-----------------
execution time: 1539637895.616887 s
-PY0006-111111111111;la descarga inicia
-----------------
execution time: 1539637895.623057 s
-PY0005-111111111111;contacto de
-----------------
execution time: 1539637895.6240017 s
-PY0007-111111111111;contacto de
-----------------
execution time: 1539637895.6248848 s
-PY0005-111111111111;la descarga inicia
-----------------
execution time: 1539637895.62592 s
-PY0007-111111111111;la descarga inicia
-----------------
execution time: 1539637895.630027 s
-PY0008-111111111111;contacto de
-----------------
execution time: 1539637895.6319594 s
-PY0008-111111111111;la descarga inicia
-----------------
execution time: 1539637895.6333277 s
-PY0010-111111111111;contacto de
-----------------
execution time: 1539637895.6347587 s
-PY0010-111111111111;la descarga inicia
-----------------
execution time: 1539637895.7611046 s
-PY0004-111111111111;contacto de
-----------------
execution time: 1539637895.7620583 s
-PY0004-111111111111;la descarga inicia
-----------------
execution time: 1539637900.614298 s
-PY0009-111111111111;contacto de
-----------------
execution time: 1539637900.6200855 s
-PY0002-111111111111;contacto de
-----------------
execution time: 1539637900.624982 s
-PY0003-111111111111;contacto de
-----------------
execution time: 1539637900.6259792 s
-PY0006-111111111111;contacto de
-----------------
execution time: 1539637900.6284297 s
-PY0007-111111111111;contacto de
-----------------
execution time: 1539637900.6324358 s
-PY0005-111111111111;contacto de
-----------------
execution time: 1539637900.6369755 s
-PY0008-111111111111;contacto de
-----------------
execution time: 1539637900.6387646 s
-PY0010-111111111111;contacto de
-----------------
execution time: 1539637900.7670825 s
-PY0004-111111111111;contacto de
-----------------
execution time: 1539637901.576039 s
-PY0001-111111111111;la descarga inicia
-----------------
execution time: 1539637901.5870042 s
-PY0001-111111111111;contacto de
-----------------
execution time: 1539637905.6321356 s
-PY0009-111111111111;contacto de
-----------------
execution time: 1539637905.6340418 s
-PY0002-111111111111;contacto de
-----------------
execution time: 1539637905.6349561 s
-PY0006-111111111111;contacto de
-----------------
execution time: 1539637905.6365929 s
-PY0003-111111111111;contacto de
-----------------
execution time: 1539637905.6404037 s
-PY0007-111111111111;contacto de
-----------------
execution time: 1539637905.6457691 s
-PY0005-111111111111;contacto de
-----------------
execution time: 1539637905.6467578 s
-PY0008-111111111111;contacto de
-----------------
execution time: 1539637905.6482491 s
-PY0010-111111111111;contacto de
-----------------
execution time: 1539637905.7750654 s
-PY0004-111111111111;contacto de
-----------------
execution time: 1539637906.6175508 s
-PY0001-111111111111;contacto de
-----------------
execution time: 1539637910.63941 s
-PY0009-111111111111;contacto de
-----------------
execution time: 1539637910.6410668 s
-PY0002-111111111111;contacto de
-----------------
execution time: 1539637910.6420317 s
-PY0006-111111111111;contacto de
-----------------
execution time: 1539637910.644282 s
-PY0003-111111111111;contacto de
-----------------
execution time: 1539637910.6471527 s
-PY0007-111111111111;contacto de
-----------------
execution time: 1539637910.6512437 s
-PY0005-111111111111;contacto de
-----------------
execution time: 1539637910.65266 s
-PY0008-111111111111;contacto de
-----------------
execution time: 1539637910.6541471 s
-PY0010-111111111111;contacto de
-----------------
execution time: 1539637910.788305 s
-PY0004-111111111111;contacto de
-----------------
execution time: 1539637911.6429462 s
-PY0001-111111111111;contacto de
-----------------
execution time: 1539637915.650479 s
-PY0006-111111111111;contacto de
-----------------
execution time: 1539637915.6542346 s
-PY0002-111111111111;contacto de
-----------------
execution time: 1539637915.6554856 s
-PY0009-111111111111;contacto de
-----------------
execution time: 1539637915.6566381 s
-PY0003-111111111111;contacto de
-----------------
execution time: 1539637915.6579316 s
-PY0007-111111111111;contacto de
-----------------
execution time: 1539637915.660813 s
-PY0005-111111111111;contacto de
-----------------
execution time: 1539637915.664292 s
-PY0010-111111111111;contacto de
-----------------
execution time: 1539637915.6692247 s
-PY0008-111111111111;contacto de
-----------------
execution time: 1539637915.7986171 s
-PY0004-111111111111;contacto de
-----------------
execution time: 1539637916.6588502 s
-PY0001-111111111111;contacto de
-----------------
execution time: 1539637920.6602468 s
-PY0006-111111111111;contacto de
-----------------
execution time: 1539637920.6650512 s
-PY0009-111111111111;contacto de
-----------------
execution time: 1539637920.666384 s
-PY0002-111111111111;contacto de
-----------------
execution time: 1539637920.6677856 s
-PY0005-111111111111;contacto de
-----------------
execution time: 1539637920.674832 s
-PY0007-111111111111;contacto de
-----------------
execution time: 1539637920.6776724 s
-PY0010-111111111111;contacto de
-----------------
execution time: 1539637920.6785822 s
-PY0003-111111111111;contacto de
-----------------
execution time: 1539637920.6826315 s
-PY0008-111111111111;contacto de
-----------------
execution time: 1539637920.8094234 s
-PY0004-111111111111;contacto de
-----------------
execution time: 1539637921.6760113 s
-PY0001-111111111111;contacto de
-----------------
execution time: 1539637925.6684043 s
-PY0006-111111111111;contacto de
-----------------
execution time: 1539637925.6703475 s
-PY0009-111111111111;contacto de
-----------------
execution time: 1539637925.6782298 s
-PY0005-111111111111;contacto de
-----------------
execution time: 1539637925.6848273 s
-PY0003-111111111111;contacto de
-----------------
execution time: 1539637925.6889167 s
-PY0002-111111111111;contacto de
-----------------
execution time: 1539637925.6902747 s
-PY0007-111111111111;contacto de
-----------------
execution time: 1539637925.694085 s
-PY0010-111111111111;contacto de
-----------------
execution time: 1539637925.6990087 s
-PY0008-111111111111;contacto de
-----------------
execution time: 1539637925.8211205 s
-PY0004-111111111111;contacto de
-----------------
execution time: 1539637926.6907513 s
-PY0001-111111111111;contacto de
-----------------
execution time: 1539637930.678008 s
-PY0006-111111111111;contacto de
-----------------
execution time: 1539637930.6818824 s
-PY0009-111111111111;contacto de
-----------------
execution time: 1539637930.693419 s
-PY0005-111111111111;contacto de
-----------------
execution time: 1539637930.7025418 s
-PY0002-111111111111;contacto de
-----------------
execution time: 1539637930.7059488 s
-PY0007-111111111111;contacto de
-----------------
execution time: 1539637930.7071471 s
-PY0003-111111111111;contacto de
-----------------
execution time: 1539637930.7082918 s
-PY0010-111111111111;contacto de
-----------------
execution time: 1539637930.7106645 s
-PY0008-111111111111;contacto de
-----------------
execution time: 1539637930.8376706 s
-PY0004-111111111111;contacto de
-----------------
execution time: 1539637931.7065992 s
-PY0001-111111111111;contacto de
-----------------
execution time: 1539637934.4813163 s
-PY0009-111111111111;el tiempo de descarga fue;38.87692880630493
-----------------
execution time: 1539637934.481713 s
-PY0009-111111111111;es el cliente;1;en terminar
-----------------
execution time: 1539637935.3963377 s
-PY0010-111111111111;el tiempo de descarga fue;39.7615852355957
-----------------
execution time: 1539637935.3967292 s
-PY0010-111111111111;es el cliente;2;en terminar
-----------------
execution time: 1539637935.5620587 s
-PY0002-111111111111;el tiempo de descarga fue;39.95463180541992
-----------------
execution time: 1539637935.562367 s
-PY0002-111111111111;es el cliente;3;en terminar
-----------------
execution time: 1539637935.695207 s
-PY0009-111111111111;contacto de
-----------------
execution time: 1539637935.7121017 s
-PY0002-111111111111;contacto de
-----------------
execution time: 1539637935.762315 s
-PY0006-111111111111;contacto de
-----------------
execution time: 1539637935.763639 s
-PY0010-111111111111;contacto de
-----------------
execution time: 1539637935.8643944 s
-PY0003-111111111111;contacto de
-----------------
execution time: 1539637935.8657343 s
-PY0007-111111111111;contacto de
-----------------
execution time: 1539637935.8668468 s
-PY0005-111111111111;contacto de
-----------------
execution time: 1539637935.8748143 s
-PY0008-111111111111;contacto de
-----------------
execution time: 1539637935.9267123 s
-PY0004-111111111111;contacto de
-----------------
execution time: 1539637935.9279542 s
-PY0008-111111111111;el tiempo de descarga fue;40.29600119590759
-----------------
execution time: 1539637935.928318 s
-PY0008-111111111111;es el cliente;4;en terminar
-----------------
execution time: 1539637936.714927 s
-PY0001-111111111111;contacto de
-----------------
execution time: 1539637939.482429 s
-PY0005-111111111111;el tiempo de descarga fue;43.857550382614136
-----------------
execution time: 1539637939.4827604 s
-PY0005-111111111111;es el cliente;5;en terminar
-----------------
execution time: 1539637940.703778 s
-PY0009-111111111111;contacto de
-----------------
execution time: 1539637940.7202916 s
-PY0002-111111111111;contacto de
-----------------
execution time: 1539637940.771702 s
-PY0010-111111111111;contacto de
-----------------
execution time: 1539637940.8133945 s
-PY0006-111111111111;contacto de
-----------------
execution time: 1539637940.8884099 s
-PY0005-111111111111;contacto de
-----------------
execution time: 1539637940.8933856 s
-PY0008-111111111111;contacto de
-----------------
execution time: 1539637940.9496994 s
-PY0007-111111111111;contacto de
-----------------
execution time: 1539637941.0211315 s
-PY0004-111111111111;contacto de
-----------------
execution time: 1539637941.0978086 s
-PY0003-111111111111;contacto de
-----------------
execution time: 1539637941.7233853 s
-PY0001-111111111111;contacto de
-----------------
execution time: 1539637942.579998 s
-PY0004-111111111111;el tiempo de descarga fue;46.81794786453247
-----------------
execution time: 1539637942.580324 s
-PY0004-111111111111;es el cliente;6;en terminar
-----------------
execution time: 1539637945.7125466 s
-PY0009-111111111111;contacto de
-----------------
execution time: 1539637945.728363 s
-PY0002-111111111111;contacto de
-----------------
execution time: 1539637945.778448 s
-PY0010-111111111111;contacto de
-----------------
execution time: 1539637946.013807 s
-PY0006-111111111111;contacto de
-----------------
execution time: 1539637946.0151882 s
-PY0005-111111111111;contacto de
-----------------
execution time: 1539637946.016447 s
-PY0008-111111111111;contacto de
-----------------
execution time: 1539637946.0731506 s
-PY0007-111111111111;contacto de
-----------------
execution time: 1539637946.075513 s
-PY0004-111111111111;contacto de
-----------------
execution time: 1539637946.2119288 s
-PY0003-111111111111;contacto de
-----------------
execution time: 1539637946.7317002 s
-PY0001-111111111111;contacto de
-----------------
execution time: 1539637947.119806 s
-PY0007-111111111111;el tiempo de descarga fue;51.493891954422
-----------------
execution time: 1539637947.120161 s
-PY0007-111111111111;es el cliente;7;en terminar
-----------------
execution time: 1539637947.161602 s
-PY0003-111111111111;el tiempo de descarga fue;51.5485405921936
-----------------
execution time: 1539637947.161972 s
-PY0003-111111111111;es el cliente;8;en terminar
-----------------
execution time: 1539637947.443062 s
-PY0006-111111111111;el tiempo de descarga fue;51.82618570327759
-----------------
execution time: 1539637947.4434414 s
-PY0006-111111111111;es el cliente;9;en terminar
-----------------
execution time: 1539637950.7301903 s
-PY0009-111111111111;contacto de
-----------------
execution time: 1539637950.7508008 s
-PY0002-111111111111;contacto de
-----------------
execution time: 1539637950.7939 s
-PY0010-111111111111;contacto de
-----------------
execution time: 1539637951.053953 s
-PY0008-111111111111;contacto de
-----------------
execution time: 1539637951.0549293 s
-PY0005-111111111111;contacto de
-----------------
execution time: 1539637951.0628297 s
-PY0006-111111111111;contacto de
-----------------
execution time: 1539637951.1267416 s
-PY0004-111111111111;contacto de
-----------------
execution time: 1539637951.2520783 s
-PY0003-111111111111;contacto de
-----------------
execution time: 1539637951.3821075 s
-PY0007-111111111111;contacto de
-----------------
execution time: 1539637951.745313 s
-PY0001-111111111111;contacto de
-----------------
