Mon Oct 15 15:37:36 2018
Listening on 157.253.205.65:9010
-----------------
execution time: 1539635857.0182874 s
-PY0002-111111111111;contacto de
-----------------
execution time: 1539635857.0195315 s
-PY0002-111111111111;la descarga inicia
-----------------
execution time: 1539635857.0360615 s
-PY0003-111111111111;contacto de
-----------------
execution time: 1539635857.0373619 s
-PY0003-111111111111;la descarga inicia
-----------------
execution time: 1539635857.0400422 s
-PY0009-111111111111;contacto de
-----------------
execution time: 1539635857.0410097 s
-PY0009-111111111111;la descarga inicia
-----------------
execution time: 1539635857.0545971 s
-PY0007-111111111111;contacto de
-----------------
execution time: 1539635857.0558496 s
-PY0007-111111111111;la descarga inicia
-----------------
execution time: 1539635857.0569127 s
-PY0006-111111111111;contacto de
-----------------
execution time: 1539635857.0578933 s
-PY0006-111111111111;la descarga inicia
-----------------
execution time: 1539635857.0587757 s
-PY0005-111111111111;contacto de
-----------------
execution time: 1539635857.0596006 s
-PY0005-111111111111;la descarga inicia
-----------------
execution time: 1539635857.0653453 s
-PY0008-111111111111;contacto de
-----------------
execution time: 1539635857.0665293 s
-PY0008-111111111111;la descarga inicia
-----------------
execution time: 1539635857.0794792 s
-PY0010-111111111111;contacto de
-----------------
execution time: 1539635857.0808861 s
-PY0010-111111111111;la descarga inicia
-----------------
execution time: 1539635857.1999073 s
-PY0004-111111111111;contacto de
-----------------
execution time: 1539635857.2010322 s
-PY0004-111111111111;la descarga inicia
-----------------
execution time: 1539635857.4341867 s
-PY0001-111111111111;la descarga inicia
-----------------
execution time: 1539635857.4354436 s
-PY0001-111111111111;contacto de
-----------------
execution time: 1539635862.0320792 s
-PY0002-111111111111;contacto de
-----------------
execution time: 1539635862.0504746 s
-PY0003-111111111111;contacto de
-----------------
execution time: 1539635862.057913 s
-PY0009-111111111111;contacto de
-----------------
execution time: 1539635862.0614038 s
-PY0007-111111111111;contacto de
-----------------
execution time: 1539635862.066519 s
-PY0006-111111111111;contacto de
-----------------
execution time: 1539635862.0676205 s
-PY0005-111111111111;contacto de
-----------------
execution time: 1539635862.0715065 s
-PY0008-111111111111;contacto de
-----------------
execution time: 1539635862.0915787 s
-PY0010-111111111111;contacto de
-----------------
execution time: 1539635862.2047126 s
-PY0004-111111111111;contacto de
-----------------
execution time: 1539635862.4436188 s
-PY0001-111111111111;contacto de
-----------------
execution time: 1539635867.0442097 s
-PY0002-111111111111;contacto de
-----------------
execution time: 1539635867.0684276 s
-PY0003-111111111111;contacto de
-----------------
execution time: 1539635867.0694966 s
-PY0009-111111111111;contacto de
-----------------
execution time: 1539635867.0716574 s
-PY0007-111111111111;contacto de
-----------------
execution time: 1539635867.0739408 s
-PY0005-111111111111;contacto de
-----------------
execution time: 1539635867.0764217 s
-PY0006-111111111111;contacto de
-----------------
execution time: 1539635867.0799274 s
-PY0008-111111111111;contacto de
-----------------
execution time: 1539635867.0964713 s
-PY0010-111111111111;contacto de
-----------------
execution time: 1539635867.2197413 s
-PY0004-111111111111;contacto de
-----------------
execution time: 1539635867.4583244 s
-PY0001-111111111111;contacto de
-----------------
execution time: 1539635872.056252 s
-PY0002-111111111111;contacto de
-----------------
execution time: 1539635872.0787895 s
-PY0007-111111111111;contacto de
-----------------
execution time: 1539635872.080173 s
-PY0009-111111111111;contacto de
-----------------
execution time: 1539635872.0820076 s
-PY0005-111111111111;contacto de
-----------------
execution time: 1539635872.0836732 s
-PY0003-111111111111;contacto de
-----------------
execution time: 1539635872.0859659 s
-PY0006-111111111111;contacto de
-----------------
execution time: 1539635872.0946267 s
-PY0008-111111111111;contacto de
-----------------
execution time: 1539635872.111183 s
-PY0010-111111111111;contacto de
-----------------
execution time: 1539635872.224954 s
-PY0004-111111111111;contacto de
-----------------
execution time: 1539635872.4776514 s
-PY0001-111111111111;contacto de
-----------------
execution time: 1539635877.1416924 s
-PY0002-111111111111;contacto de
-----------------
execution time: 1539635877.1432624 s
-PY0006-111111111111;contacto de
-----------------
execution time: 1539635877.197266 s
-PY0005-111111111111;contacto de
-----------------
execution time: 1539635877.198654 s
-PY0003-111111111111;contacto de
-----------------
execution time: 1539635877.199764 s
-PY0009-111111111111;contacto de
-----------------
execution time: 1539635877.20114 s
-PY0007-111111111111;contacto de
-----------------
execution time: 1539635877.2317677 s
-PY0010-111111111111;contacto de
-----------------
execution time: 1539635877.2650588 s
-PY0008-111111111111;contacto de
-----------------
execution time: 1539635877.2969735 s
-PY0004-111111111111;contacto de
-----------------
execution time: 1539635877.4884431 s
-PY0001-111111111111;contacto de
-----------------
execution time: 1539635882.1829348 s
-PY0002-111111111111;contacto de
-----------------
execution time: 1539635882.2188885 s
-PY0006-111111111111;contacto de
-----------------
execution time: 1539635882.3152647 s
-PY0005-111111111111;contacto de
-----------------
execution time: 1539635882.3164933 s
-PY0003-111111111111;contacto de
-----------------
execution time: 1539635882.3244994 s
-PY0008-111111111111;contacto de
-----------------
execution time: 1539635882.4210274 s
-PY0004-111111111111;contacto de
-----------------
execution time: 1539635882.4225807 s
-PY0007-111111111111;contacto de
-----------------
execution time: 1539635882.4236324 s
-PY0009-111111111111;contacto de
-----------------
execution time: 1539635882.4359312 s
-PY0010-111111111111;contacto de
-----------------
execution time: 1539635882.499388 s
-PY0001-111111111111;contacto de
-----------------
execution time: 1539635883.252856 s
-PY0008-111111111111;el tiempo de descarga fue;26.186333417892456
-----------------
execution time: 1539635883.2532194 s
-PY0008-111111111111;es el cliente;1;en terminar
-----------------
execution time: 1539635883.2924843 s
-PY0009-111111111111;el tiempo de descarga fue;26.251481533050537
-----------------
execution time: 1539635883.2928097 s
-PY0009-111111111111;es el cliente;2;en terminar
-----------------
execution time: 1539635883.313729 s
-PY0002-111111111111;el tiempo de descarga fue;26.294203996658325
-----------------
execution time: 1539635883.314072 s
-PY0002-111111111111;es el cliente;3;en terminar
-----------------
execution time: 1539635883.3584058 s
-PY0003-111111111111;el tiempo de descarga fue;26.32105016708374
-----------------
execution time: 1539635883.3587103 s
-PY0003-111111111111;es el cliente;4;en terminar
-----------------
execution time: 1539635883.3874147 s
-PY0005-111111111111;el tiempo de descarga fue;26.327821016311646
-----------------
execution time: 1539635883.3877332 s
-PY0005-111111111111;es el cliente;5;en terminar
-----------------
execution time: 1539635883.4603374 s
-PY0007-111111111111;el tiempo de descarga fue;26.40449571609497
-----------------
execution time: 1539635883.460734 s
-PY0007-111111111111;es el cliente;6;en terminar
-----------------
execution time: 1539635883.8445904 s
-PY0004-111111111111;el tiempo de descarga fue;26.643566608428955
-----------------
execution time: 1539635883.845005 s
-PY0004-111111111111;es el cliente;7;en terminar
-----------------
execution time: 1539635884.0549374 s
-PY0006-111111111111;el tiempo de descarga fue;26.997051000595093
-----------------
execution time: 1539635884.0553513 s
-PY0006-111111111111;es el cliente;8;en terminar
-----------------
execution time: 1539635884.1346993 s
-PY0010-111111111111;el tiempo de descarga fue;27.05382013320923
-----------------
execution time: 1539635884.1350684 s
-PY0010-111111111111;es el cliente;9;en terminar
-----------------
execution time: 1539635887.2305796 s
-PY0006-111111111111;contacto de
-----------------
execution time: 1539635887.2400274 s
-PY0002-111111111111;contacto de
-----------------
execution time: 1539635887.3295832 s
-PY0003-111111111111;contacto de
-----------------
execution time: 1539635887.3382342 s
-PY0005-111111111111;contacto de
-----------------
execution time: 1539635887.3395069 s
-PY0008-111111111111;contacto de
-----------------
execution time: 1539635887.4352267 s
-PY0004-111111111111;contacto de
-----------------
execution time: 1539635887.437029 s
-PY0009-111111111111;contacto de
-----------------
execution time: 1539635887.443654 s
-PY0007-111111111111;contacto de
-----------------
execution time: 1539635887.458872 s
-PY0010-111111111111;contacto de
-----------------
execution time: 1539635887.5106373 s
-PY0001-111111111111;contacto de
-----------------
execution time: 1539635892.2365847 s
-PY0006-111111111111;contacto de
-----------------
execution time: 1539635892.2481544 s
-PY0002-111111111111;contacto de
-----------------
execution time: 1539635892.338969 s
-PY0003-111111111111;contacto de
-----------------
execution time: 1539635892.3476713 s
-PY0005-111111111111;contacto de
-----------------
execution time: 1539635892.3484933 s
-PY0008-111111111111;contacto de
-----------------
execution time: 1539635892.4448063 s
-PY0004-111111111111;contacto de
-----------------
execution time: 1539635892.44609 s
-PY0009-111111111111;contacto de
-----------------
execution time: 1539635892.4521518 s
-PY0007-111111111111;contacto de
-----------------
execution time: 1539635892.467795 s
-PY0010-111111111111;contacto de
-----------------
