Mon Oct 15 16:12:46 2018
Listening on 157.253.205.65:9010
-----------------
execution time: 1539637966.4417253 s
-PY0007-111111111111;contacto de
-----------------
execution time: 1539637966.4425626 s
-PY0007-111111111111;la descarga inicia
-----------------
execution time: 1539637966.498219 s
-PY0009-111111111111;la descarga inicia
-----------------
execution time: 1539637966.5071547 s
-PY0006-111111111111;la descarga inicia
-----------------
execution time: 1539637966.5079734 s
-PY0008-111111111111;la descarga inicia
-----------------
execution time: 1539637966.5162506 s
-PY0009-111111111111;contacto de
-----------------
execution time: 1539637966.5257368 s
-PY0010-111111111111;la descarga inicia
-----------------
execution time: 1539637966.5313017 s
-PY0006-111111111111;contacto de
-----------------
execution time: 1539637966.5320022 s
-PY0003-111111111111;contacto de
-----------------
execution time: 1539637966.532731 s
-PY0010-111111111111;contacto de
-----------------
execution time: 1539637966.5334048 s
-PY0003-111111111111;la descarga inicia
-----------------
execution time: 1539637966.5340686 s
-PY0008-111111111111;contacto de
-----------------
execution time: 1539637966.5348012 s
-PY0005-111111111111;contacto de
-----------------
execution time: 1539637966.535908 s
-PY0005-111111111111;la descarga inicia
-----------------
execution time: 1539637966.5387516 s
-PY0002-111111111111;contacto de
-----------------
execution time: 1539637966.539746 s
-PY0002-111111111111;la descarga inicia
-----------------
execution time: 1539637966.610991 s
-PY0004-111111111111;contacto de
-----------------
execution time: 1539637966.6225936 s
-PY0004-111111111111;la descarga inicia
-----------------
execution time: 1539637971.51463 s
-PY0007-111111111111;contacto de
-----------------
execution time: 1539637971.5679517 s
-PY0009-111111111111;contacto de
-----------------
execution time: 1539637971.5778844 s
-PY0002-111111111111;contacto de
-----------------
execution time: 1539637971.582308 s
-PY0003-111111111111;contacto de
-----------------
execution time: 1539637971.585446 s
-PY0006-111111111111;contacto de
-----------------
execution time: 1539637971.5864072 s
-PY0010-111111111111;contacto de
-----------------
execution time: 1539637971.58782 s
-PY0005-111111111111;contacto de
-----------------
execution time: 1539637971.588804 s
-PY0008-111111111111;contacto de
-----------------
execution time: 1539637971.6600215 s
-PY0004-111111111111;contacto de
-----------------
execution time: 1539637973.6463377 s
-PY0001-111111111111;la descarga inicia
-----------------
execution time: 1539637973.6566658 s
-PY0001-111111111111;contacto de
-----------------
execution time: 1539637976.5302093 s
-PY0007-111111111111;contacto de
-----------------
execution time: 1539637976.5817916 s
-PY0009-111111111111;contacto de
-----------------
execution time: 1539637976.593197 s
-PY0002-111111111111;contacto de
-----------------
execution time: 1539637976.595675 s
-PY0006-111111111111;contacto de
-----------------
execution time: 1539637976.5972064 s
-PY0003-111111111111;contacto de
-----------------
execution time: 1539637976.5982742 s
-PY0010-111111111111;contacto de
-----------------
execution time: 1539637976.6004395 s
-PY0008-111111111111;contacto de
-----------------
execution time: 1539637976.6039646 s
-PY0005-111111111111;contacto de
-----------------
execution time: 1539637976.6676638 s
-PY0004-111111111111;contacto de
-----------------
execution time: 1539637978.686132 s
-PY0001-111111111111;contacto de
-----------------
execution time: 1539637981.5425296 s
-PY0007-111111111111;contacto de
-----------------
execution time: 1539637981.5914712 s
-PY0009-111111111111;contacto de
-----------------
execution time: 1539637981.6095216 s
-PY0002-111111111111;contacto de
-----------------
execution time: 1539637981.610688 s
-PY0003-111111111111;contacto de
-----------------
execution time: 1539637981.612235 s
-PY0008-111111111111;contacto de
-----------------
execution time: 1539637981.6144938 s
-PY0010-111111111111;contacto de
-----------------
execution time: 1539637981.6155388 s
-PY0005-111111111111;contacto de
-----------------
execution time: 1539637981.616614 s
-PY0006-111111111111;contacto de
-----------------
execution time: 1539637981.6846044 s
-PY0004-111111111111;contacto de
-----------------
execution time: 1539637983.7028458 s
-PY0001-111111111111;contacto de
-----------------
execution time: 1539637986.5588923 s
-PY0007-111111111111;contacto de
-----------------
execution time: 1539637986.6037855 s
-PY0009-111111111111;contacto de
-----------------
execution time: 1539637986.6173341 s
-PY0002-111111111111;contacto de
-----------------
execution time: 1539637986.6206663 s
-PY0008-111111111111;contacto de
-----------------
execution time: 1539637986.6223264 s
-PY0010-111111111111;contacto de
-----------------
execution time: 1539637986.6236415 s
-PY0005-111111111111;contacto de
-----------------
execution time: 1539637986.6251204 s
-PY0003-111111111111;contacto de
-----------------
execution time: 1539637986.6281664 s
-PY0006-111111111111;contacto de
-----------------
execution time: 1539637986.693318 s
-PY0004-111111111111;contacto de
-----------------
execution time: 1539637988.7142534 s
-PY0001-111111111111;contacto de
-----------------
execution time: 1539637991.5639536 s
-PY0007-111111111111;contacto de
-----------------
execution time: 1539637991.611034 s
-PY0009-111111111111;contacto de
-----------------
execution time: 1539637991.6312807 s
-PY0002-111111111111;contacto de
-----------------
execution time: 1539637991.6340327 s
-PY0008-111111111111;contacto de
-----------------
execution time: 1539637991.6363358 s
-PY0010-111111111111;contacto de
-----------------
execution time: 1539637991.6374705 s
-PY0003-111111111111;contacto de
-----------------
execution time: 1539637991.638634 s
-PY0005-111111111111;contacto de
-----------------
execution time: 1539637991.6415186 s
-PY0006-111111111111;contacto de
-----------------
execution time: 1539637991.702857 s
-PY0004-111111111111;contacto de
-----------------
execution time: 1539637993.7345996 s
-PY0001-111111111111;contacto de
-----------------
execution time: 1539637996.5803368 s
-PY0007-111111111111;contacto de
-----------------
execution time: 1539637996.6254563 s
-PY0009-111111111111;contacto de
-----------------
execution time: 1539637996.638359 s
-PY0002-111111111111;contacto de
-----------------
execution time: 1539637996.6444182 s
-PY0010-111111111111;contacto de
-----------------
execution time: 1539637996.6454518 s
-PY0008-111111111111;contacto de
-----------------
execution time: 1539637996.6466627 s
-PY0003-111111111111;contacto de
-----------------
execution time: 1539637996.6479843 s
-PY0005-111111111111;contacto de
-----------------
execution time: 1539637996.6490264 s
-PY0006-111111111111;contacto de
-----------------
execution time: 1539637996.714965 s
-PY0004-111111111111;contacto de
-----------------
execution time: 1539637998.7523148 s
-PY0001-111111111111;contacto de
-----------------
execution time: 1539638001.5888 s
-PY0007-111111111111;contacto de
-----------------
execution time: 1539638001.6401966 s
-PY0009-111111111111;contacto de
-----------------
execution time: 1539638001.6506884 s
-PY0002-111111111111;contacto de
-----------------
execution time: 1539638001.6572213 s
-PY0010-111111111111;contacto de
-----------------
execution time: 1539638001.6585226 s
-PY0003-111111111111;contacto de
-----------------
execution time: 1539638001.6594741 s
-PY0008-111111111111;contacto de
-----------------
execution time: 1539638001.660662 s
-PY0006-111111111111;contacto de
-----------------
execution time: 1539638001.6621711 s
-PY0005-111111111111;contacto de
-----------------
execution time: 1539638001.7282083 s
-PY0004-111111111111;contacto de
-----------------
execution time: 1539638003.7637584 s
-PY0001-111111111111;contacto de
-----------------
execution time: 1539638006.5970862 s
-PY0007-111111111111;contacto de
-----------------
execution time: 1539638006.6501713 s
-PY0009-111111111111;contacto de
-----------------
execution time: 1539638006.666107 s
-PY0010-111111111111;contacto de
-----------------
execution time: 1539638006.6682968 s
-PY0002-111111111111;contacto de
-----------------
execution time: 1539638006.6701005 s
-PY0008-111111111111;contacto de
-----------------
execution time: 1539638006.6723378 s
-PY0005-111111111111;contacto de
-----------------
execution time: 1539638006.674326 s
-PY0003-111111111111;contacto de
-----------------
execution time: 1539638006.675496 s
-PY0006-111111111111;contacto de
-----------------
execution time: 1539638006.7510023 s
-PY0004-111111111111;contacto de
-----------------
execution time: 1539638008.7725751 s
-PY0001-111111111111;contacto de
-----------------
execution time: 1539638009.0825756 s
-PY0010-111111111111;el tiempo de descarga fue;42.556846380233765
-----------------
execution time: 1539638009.0829716 s
-PY0010-111111111111;es el cliente;1;en terminar
-----------------
execution time: 1539638009.5122664 s
-PY0008-111111111111;el tiempo de descarga fue;43.004300594329834
-----------------
execution time: 1539638009.5126235 s
-PY0008-111111111111;es el cliente;2;en terminar
-----------------
execution time: 1539638009.6586046 s
-PY0003-111111111111;el tiempo de descarga fue;43.1252064704895
-----------------
execution time: 1539638009.6589193 s
-PY0003-111111111111;es el cliente;3;en terminar
-----------------
execution time: 1539638009.7142122 s
-PY0004-111111111111;el tiempo de descarga fue;43.09162735939026
-----------------
execution time: 1539638009.7145662 s
-PY0004-111111111111;es el cliente;4;en terminar
-----------------
execution time: 1539638009.7367477 s
-PY0005-111111111111;el tiempo de descarga fue;43.20084547996521
-----------------
execution time: 1539638009.7370646 s
-PY0005-111111111111;es el cliente;5;en terminar
-----------------
execution time: 1539638009.823009 s
-PY0009-111111111111;el tiempo de descarga fue;43.32479667663574
-----------------
execution time: 1539638009.8234603 s
-PY0009-111111111111;es el cliente;6;en terminar
-----------------
execution time: 1539638009.8565924 s
-PY0007-111111111111;el tiempo de descarga fue;43.41403651237488
-----------------
execution time: 1539638009.8568842 s
-PY0007-111111111111;es el cliente;7;en terminar
-----------------
execution time: 1539638009.9200163 s
-PY0002-111111111111;el tiempo de descarga fue;43.380276679992676
-----------------
execution time: 1539638009.9203143 s
-PY0002-111111111111;es el cliente;8;en terminar
-----------------
execution time: 1539638009.9234915 s
-PY0006-111111111111;el tiempo de descarga fue;43.41634488105774
-----------------
execution time: 1539638009.9237087 s
-PY0006-111111111111;es el cliente;9;en terminar
-----------------
execution time: 1539638011.6113462 s
-PY0007-111111111111;contacto de
-----------------
execution time: 1539638011.6636953 s
-PY0009-111111111111;contacto de
-----------------
execution time: 1539638011.675696 s
-PY0010-111111111111;contacto de
-----------------
execution time: 1539638011.6777973 s
-PY0005-111111111111;contacto de
-----------------
execution time: 1539638011.6789172 s
-PY0008-111111111111;contacto de
-----------------
execution time: 1539638011.680819 s
-PY0002-111111111111;contacto de
-----------------
execution time: 1539638011.6829052 s
-PY0003-111111111111;contacto de
-----------------
execution time: 1539638011.68449 s
-PY0006-111111111111;contacto de
-----------------
execution time: 1539638011.7655587 s
-PY0004-111111111111;contacto de
-----------------
execution time: 1539638013.7808921 s
-PY0001-111111111111;contacto de
-----------------
