Mon Oct 15 00:51:24 2018
Listening on 157.253.205.65:None
-----------------
execution time: 1539582684.3145206 s
-PY0002-111111111111;contacto de
-----------------
execution time: 1539582684.3156927 s
-PY0002-111111111111;la descarga inicia
-----------------
execution time: 1539582684.5652854 s
-PY0001-111111111111;contacto de
-----------------
execution time: 1539582684.5663168 s
-PY0001-111111111111;la descarga inicia
-----------------
execution time: 1539582689.33288 s
-PY0002-111111111111;contacto de
-----------------
execution time: 1539582689.5734847 s
-PY0001-111111111111;contacto de
-----------------
execution time: 1539582692.5454283 s
-PY0002-111111111111;el tiempo de descarga fue;8.229742527008057
-----------------
execution time: 1539582694.3465192 s
-PY0002-111111111111;contacto de
-----------------
execution time: 1539582694.5833266 s
-PY0001-111111111111;contacto de
-----------------
execution time: 1539582699.356384 s
-PY0002-111111111111;contacto de
-----------------
execution time: 1539582699.592486 s
-PY0001-111111111111;contacto de
-----------------
execution time: 1539582704.365208 s
-PY0002-111111111111;contacto de
-----------------
execution time: 1539582704.6010458 s
-PY0001-111111111111;contacto de
-----------------
execution time: 1539582709.3741138 s
-PY0002-111111111111;contacto de
-----------------
execution time: 1539582709.6107383 s
-PY0001-111111111111;contacto de
-----------------
execution time: 1539582714.3835661 s
-PY0002-111111111111;contacto de
-----------------
execution time: 1539582714.6201615 s
-PY0001-111111111111;contacto de
-----------------
execution time: 1539582719.3935325 s
-PY0002-111111111111;contacto de
-----------------
execution time: 1539582719.6292062 s
-PY0001-111111111111;contacto de
-----------------
execution time: 1539582724.4019432 s
-PY0002-111111111111;contacto de
-----------------
execution time: 1539582724.6384208 s
-PY0001-111111111111;contacto de
-----------------
execution time: 1539582729.413115 s
-PY0002-111111111111;contacto de
-----------------
execution time: 1539582729.6490214 s
-PY0001-111111111111;contacto de
-----------------
execution time: 1539582734.4232867 s
-PY0002-111111111111;contacto de
-----------------
execution time: 1539582734.697827 s
-PY0001-111111111111;contacto de
-----------------
execution time: 1539582739.4327204 s
-PY0002-111111111111;contacto de
-----------------
execution time: 1539582739.7072258 s
-PY0001-111111111111;contacto de
-----------------
execution time: 1539582744.4419978 s
-PY0002-111111111111;contacto de
-----------------
execution time: 1539582744.7163727 s
-PY0001-111111111111;contacto de
-----------------
execution time: 1539582749.451108 s
-PY0002-111111111111;contacto de
-----------------
execution time: 1539582749.7255726 s
-PY0001-111111111111;contacto de
-----------------
execution time: 1539582754.4599361 s
-PY0002-111111111111;contacto de
-----------------
execution time: 1539582754.7351892 s
-PY0001-111111111111;contacto de
-----------------
execution time: 1539582759.469508 s
-PY0002-111111111111;contacto de
-----------------
execution time: 1539582759.7447467 s
-PY0001-111111111111;contacto de
-----------------
