Mon Oct 15 15:52:46 2018
Listening on 157.253.205.65:9010
-----------------
execution time: 1539636766.831326 s
-PY0002-111111111111;contacto de
-----------------
execution time: 1539636766.8324974 s
-PY0002-111111111111;la descarga inicia
-----------------
execution time: 1539636766.8463006 s
-PY0003-111111111111;contacto de
-----------------
execution time: 1539636766.8474586 s
-PY0003-111111111111;la descarga inicia
-----------------
execution time: 1539636767.0035646 s
-PY0004-111111111111;contacto de
-----------------
execution time: 1539636767.0046003 s
-PY0004-111111111111;la descarga inicia
-----------------
execution time: 1539636771.845064 s
-PY0002-111111111111;contacto de
-----------------
execution time: 1539636771.85688 s
-PY0003-111111111111;contacto de
-----------------
execution time: 1539636772.0201223 s
-PY0004-111111111111;contacto de
-----------------
execution time: 1539636772.4355302 s
-PY0001-111111111111;la descarga inicia
-----------------
execution time: 1539636772.4409006 s
-PY0001-111111111111;contacto de
-----------------
execution time: 1539636776.866662 s
-PY0002-111111111111;contacto de
-----------------
execution time: 1539636776.8776546 s
-PY0003-111111111111;contacto de
-----------------
execution time: 1539636777.0440266 s
-PY0004-111111111111;contacto de
-----------------
execution time: 1539636777.481014 s
-PY0001-111111111111;contacto de
-----------------
execution time: 1539636781.8834288 s
-PY0002-111111111111;contacto de
-----------------
execution time: 1539636781.8971002 s
-PY0003-111111111111;contacto de
-----------------
execution time: 1539636782.0667405 s
-PY0004-111111111111;contacto de
-----------------
execution time: 1539636782.4946685 s
-PY0001-111111111111;contacto de
-----------------
execution time: 1539636786.9049208 s
-PY0002-111111111111;contacto de
-----------------
execution time: 1539636786.9103155 s
-PY0003-111111111111;contacto de
-----------------
execution time: 1539636787.0830646 s
-PY0004-111111111111;contacto de
-----------------
execution time: 1539636787.5114195 s
-PY0001-111111111111;contacto de
-----------------
execution time: 1539636791.9254398 s
-PY0002-111111111111;contacto de
-----------------
execution time: 1539636791.927004 s
-PY0003-111111111111;contacto de
-----------------
execution time: 1539636792.0907292 s
-PY0004-111111111111;contacto de
-----------------
execution time: 1539636792.5234401 s
-PY0001-111111111111;contacto de
-----------------
execution time: 1539636796.966969 s
-PY0002-111111111111;contacto de
-----------------
execution time: 1539636796.968526 s
-PY0003-111111111111;contacto de
-----------------
execution time: 1539636797.1991026 s
-PY0004-111111111111;contacto de
-----------------
execution time: 1539636797.5317352 s
-PY0001-111111111111;contacto de
-----------------
execution time: 1539636801.9970863 s
-PY0003-111111111111;contacto de
-----------------
execution time: 1539636802.0474017 s
-PY0002-111111111111;contacto de
-----------------
execution time: 1539636802.5540652 s
-PY0004-111111111111;contacto de
-----------------
execution time: 1539636802.555229 s
-PY0001-111111111111;contacto de
-----------------
execution time: 1539636807.0573502 s
-PY0003-111111111111;contacto de
-----------------
execution time: 1539636807.2916322 s
-PY0002-111111111111;contacto de
-----------------
execution time: 1539636807.5604753 s
-PY0001-111111111111;contacto de
-----------------
execution time: 1539636807.827633 s
-PY0004-111111111111;contacto de
-----------------
execution time: 1539636812.1246948 s
-PY0003-111111111111;contacto de
-----------------
execution time: 1539636812.519011 s
-PY0002-111111111111;contacto de
-----------------
execution time: 1539636812.5687373 s
-PY0001-111111111111;contacto de
-----------------
execution time: 1539636812.8797174 s
-PY0004-111111111111;contacto de
-----------------
execution time: 1539636817.1587622 s
-PY0003-111111111111;contacto de
-----------------
execution time: 1539636817.5768795 s
-PY0001-111111111111;contacto de
-----------------
execution time: 1539636817.6257415 s
-PY0002-111111111111;contacto de
-----------------
execution time: 1539636817.9593813 s
-PY0004-111111111111;contacto de
-----------------
execution time: 1539636821.9382782 s
-PY0004-111111111111;el tiempo de descarga fue;54.93368434906006
-----------------
execution time: 1539636821.9386292 s
-PY0004-111111111111;es el cliente;1;en terminar
-----------------
execution time: 1539636821.9746864 s
-PY0003-111111111111;el tiempo de descarga fue;55.12725782394409
-----------------
execution time: 1539636821.9749842 s
-PY0003-111111111111;es el cliente;2;en terminar
-----------------
execution time: 1539636822.0380301 s
-PY0002-111111111111;el tiempo de descarga fue;55.2055389881134
-----------------
execution time: 1539636822.0384789 s
-PY0002-111111111111;es el cliente;3;en terminar
-----------------
execution time: 1539636822.2120945 s
-PY0003-111111111111;contacto de
-----------------
execution time: 1539636822.5848832 s
-PY0001-111111111111;contacto de
-----------------
execution time: 1539636822.6374972 s
-PY0002-111111111111;contacto de
-----------------
execution time: 1539636822.9816818 s
-PY0004-111111111111;contacto de
-----------------
execution time: 1539636827.2213168 s
-PY0003-111111111111;contacto de
-----------------
execution time: 1539636827.5928075 s
-PY0001-111111111111;contacto de
-----------------
execution time: 1539636827.645855 s
-PY0002-111111111111;contacto de
-----------------
execution time: 1539636827.9900157 s
-PY0004-111111111111;contacto de
-----------------
