Mon Oct 15 15:38:23 2018
Listening on 157.253.205.65:9010
-----------------
execution time: 1539635903.9416385 s
-PY0008-111111111111;contacto de
-----------------
execution time: 1539635903.942671 s
-PY0008-111111111111;la descarga inicia
-----------------
execution time: 1539635903.9516265 s
-PY0009-111111111111;contacto de
-----------------
execution time: 1539635903.9526358 s
-PY0009-111111111111;la descarga inicia
-----------------
execution time: 1539635903.9570835 s
-PY0007-111111111111;contacto de
-----------------
execution time: 1539635903.9579978 s
-PY0007-111111111111;la descarga inicia
-----------------
execution time: 1539635903.9684846 s
-PY0002-111111111111;contacto de
-----------------
execution time: 1539635903.9695926 s
-PY0002-111111111111;la descarga inicia
-----------------
execution time: 1539635903.971163 s
-PY0006-111111111111;contacto de
-----------------
execution time: 1539635903.9729338 s
-PY0006-111111111111;la descarga inicia
-----------------
execution time: 1539635903.9739347 s
-PY0005-111111111111;contacto de
-----------------
execution time: 1539635903.9749906 s
-PY0005-111111111111;la descarga inicia
-----------------
execution time: 1539635903.988596 s
-PY0003-111111111111;contacto de
-----------------
execution time: 1539635903.989796 s
-PY0003-111111111111;la descarga inicia
-----------------
execution time: 1539635904.0066016 s
-PY0010-111111111111;contacto de
-----------------
execution time: 1539635904.0083985 s
-PY0010-111111111111;la descarga inicia
-----------------
execution time: 1539635904.117017 s
-PY0004-111111111111;contacto de
-----------------
execution time: 1539635904.1184473 s
-PY0004-111111111111;la descarga inicia
-----------------
execution time: 1539635904.4949515 s
-PY0001-111111111111;contacto de
-----------------
execution time: 1539635904.49624 s
-PY0001-111111111111;la descarga inicia
-----------------
execution time: 1539635908.9527671 s
-PY0008-111111111111;contacto de
-----------------
execution time: 1539635908.9614964 s
-PY0009-111111111111;contacto de
-----------------
execution time: 1539635908.9647095 s
-PY0007-111111111111;contacto de
-----------------
execution time: 1539635908.9743915 s
-PY0002-111111111111;contacto de
-----------------
execution time: 1539635908.979677 s
-PY0006-111111111111;contacto de
-----------------
execution time: 1539635908.9807608 s
-PY0005-111111111111;contacto de
-----------------
execution time: 1539635908.9992387 s
-PY0003-111111111111;contacto de
-----------------
execution time: 1539635909.014473 s
-PY0010-111111111111;contacto de
-----------------
execution time: 1539635909.1292193 s
-PY0004-111111111111;contacto de
-----------------
execution time: 1539635909.5092947 s
-PY0001-111111111111;contacto de
-----------------
execution time: 1539635913.9781952 s
-PY0009-111111111111;contacto de
-----------------
execution time: 1539635913.981522 s
-PY0008-111111111111;contacto de
-----------------
execution time: 1539635913.9833689 s
-PY0007-111111111111;contacto de
-----------------
execution time: 1539635913.987339 s
-PY0002-111111111111;contacto de
-----------------
execution time: 1539635913.9890401 s
-PY0005-111111111111;contacto de
-----------------
execution time: 1539635913.9908352 s
-PY0006-111111111111;contacto de
-----------------
execution time: 1539635914.0042503 s
-PY0003-111111111111;contacto de
-----------------
execution time: 1539635914.0287406 s
-PY0010-111111111111;contacto de
-----------------
execution time: 1539635914.1407058 s
-PY0004-111111111111;contacto de
-----------------
execution time: 1539635914.5212471 s
-PY0001-111111111111;contacto de
-----------------
execution time: 1539635918.9894774 s
-PY0008-111111111111;contacto de
-----------------
execution time: 1539635918.9944832 s
-PY0002-111111111111;contacto de
-----------------
execution time: 1539635918.9958646 s
-PY0007-111111111111;contacto de
-----------------
execution time: 1539635918.9969246 s
-PY0009-111111111111;contacto de
-----------------
execution time: 1539635919.0007303 s
-PY0006-111111111111;contacto de
-----------------
execution time: 1539635919.0108166 s
-PY0005-111111111111;contacto de
-----------------
execution time: 1539635919.2149863 s
-PY0003-111111111111;contacto de
-----------------
execution time: 1539635919.216262 s
-PY0010-111111111111;contacto de
-----------------
execution time: 1539635919.2173367 s
-PY0004-111111111111;contacto de
-----------------
execution time: 1539635919.534926 s
-PY0001-111111111111;contacto de
-----------------
execution time: 1539635924.0360186 s
-PY0008-111111111111;contacto de
-----------------
execution time: 1539635924.0378008 s
-PY0006-111111111111;contacto de
-----------------
execution time: 1539635924.0950642 s
-PY0005-111111111111;contacto de
-----------------
execution time: 1539635924.120284 s
-PY0007-111111111111;contacto de
-----------------
execution time: 1539635924.2513585 s
-PY0002-111111111111;contacto de
-----------------
execution time: 1539635924.2845552 s
-PY0009-111111111111;contacto de
-----------------
execution time: 1539635924.3271315 s
-PY0004-111111111111;contacto de
-----------------
execution time: 1539635924.3285315 s
-PY0003-111111111111;contacto de
-----------------
execution time: 1539635924.3918018 s
-PY0010-111111111111;contacto de
-----------------
execution time: 1539635924.5449765 s
-PY0001-111111111111;contacto de
-----------------
execution time: 1539635925.4137352 s
-PY0008-111111111111;el tiempo de descarga fue;21.471070766448975
-----------------
execution time: 1539635925.414191 s
-PY0008-111111111111;es el cliente;1;en terminar
-----------------
execution time: 1539635926.2167494 s
-PY0006-111111111111;el tiempo de descarga fue;22.243821620941162
-----------------
execution time: 1539635926.2171273 s
-PY0006-111111111111;es el cliente;2;en terminar
-----------------
execution time: 1539635926.325725 s
-PY0005-111111111111;el tiempo de descarga fue;22.350740909576416
-----------------
execution time: 1539635926.326036 s
-PY0005-111111111111;es el cliente;3;en terminar
-----------------
execution time: 1539635926.3959322 s
-PY0004-111111111111;el tiempo de descarga fue;22.277493953704834
-----------------
execution time: 1539635926.3963354 s
-PY0004-111111111111;es el cliente;4;en terminar
-----------------
execution time: 1539635926.6571052 s
-PY0010-111111111111;el tiempo de descarga fue;22.648714303970337
-----------------
execution time: 1539635926.6574209 s
-PY0010-111111111111;es el cliente;5;en terminar
-----------------
execution time: 1539635926.7532456 s
-PY0009-111111111111;el tiempo de descarga fue;22.800617456436157
-----------------
execution time: 1539635926.753656 s
-PY0009-111111111111;es el cliente;6;en terminar
-----------------
execution time: 1539635926.8494384 s
-PY0003-111111111111;el tiempo de descarga fue;22.859648942947388
-----------------
execution time: 1539635926.8497956 s
-PY0003-111111111111;es el cliente;7;en terminar
-----------------
execution time: 1539635926.9549663 s
-PY0007-111111111111;el tiempo de descarga fue;22.996975421905518
-----------------
execution time: 1539635926.955332 s
-PY0007-111111111111;es el cliente;8;en terminar
-----------------
execution time: 1539635927.1117222 s
-PY0002-111111111111;el tiempo de descarga fue;23.14213728904724
-----------------
execution time: 1539635927.1120965 s
-PY0002-111111111111;es el cliente;9;en terminar
-----------------
execution time: 1539635929.0579855 s
-PY0008-111111111111;contacto de
-----------------
execution time: 1539635929.1289704 s
-PY0006-111111111111;contacto de
-----------------
execution time: 1539635929.1330564 s
-PY0005-111111111111;contacto de
-----------------
execution time: 1539635929.1428235 s
-PY0007-111111111111;contacto de
-----------------
execution time: 1539635929.273803 s
-PY0002-111111111111;contacto de
-----------------
execution time: 1539635929.3109994 s
-PY0009-111111111111;contacto de
-----------------
execution time: 1539635929.340892 s
-PY0003-111111111111;contacto de
-----------------
execution time: 1539635929.3605917 s
-PY0004-111111111111;contacto de
-----------------
execution time: 1539635929.4042268 s
-PY0010-111111111111;contacto de
-----------------
execution time: 1539635929.5541654 s
-PY0001-111111111111;contacto de
-----------------
execution time: 1539635934.0665376 s
-PY0008-111111111111;contacto de
-----------------
execution time: 1539635934.137046 s
-PY0006-111111111111;contacto de
-----------------
execution time: 1539635934.1408355 s
-PY0005-111111111111;contacto de
-----------------
execution time: 1539635934.1505787 s
-PY0007-111111111111;contacto de
-----------------
execution time: 1539635934.282688 s
-PY0002-111111111111;contacto de
-----------------
execution time: 1539635934.3188386 s
-PY0009-111111111111;contacto de
-----------------
execution time: 1539635934.3489776 s
-PY0003-111111111111;contacto de
-----------------
execution time: 1539635934.3693378 s
-PY0004-111111111111;contacto de
-----------------
execution time: 1539635934.412472 s
-PY0010-111111111111;contacto de
-----------------
execution time: 1539635934.5622447 s
-PY0001-111111111111;contacto de
-----------------
