Tue Oct 16 19:46:27 2018
Listening on 157.253.205.65:9010
-----------------
execution time: 1539737192.925897 s
-PY0004-111111111111;contacto de
-----------------
execution time: 1539737192.9274328 s
-PY0004-111111111111;la descarga inicia
-----------------
execution time: 1539737192.936494 s
-PY0005-111111111111;contacto de
-----------------
execution time: 1539737192.9374392 s
-PY0005-111111111111;la descarga inicia
-----------------
execution time: 1539737192.9640572 s
-PY0002-111111111111;contacto de
-----------------
execution time: 1539737192.9654593 s
-PY0002-111111111111;la descarga inicia
-----------------
execution time: 1539737192.9675057 s
-PY0007-111111111111;contacto de
-----------------
execution time: 1539737192.9694185 s
-PY0007-111111111111;la descarga inicia
-----------------
execution time: 1539737192.9876833 s
-PY0003-111111111111;contacto de
-----------------
execution time: 1539737192.9887168 s
-PY0003-111111111111;la descarga inicia
-----------------
execution time: 1539737193.0033226 s
-PY0006-111111111111;contacto de
-----------------
execution time: 1539737193.0044029 s
-PY0006-111111111111;la descarga inicia
-----------------
execution time: 1539737193.0093513 s
-PY0012-111111111111;contacto de
-----------------
execution time: 1539737193.0105286 s
-PY0012-111111111111;la descarga inicia
-----------------
execution time: 1539737193.0147448 s
-PY0010-111111111111;contacto de
-----------------
execution time: 1539737193.0165532 s
-PY0010-111111111111;la descarga inicia
-----------------
execution time: 1539737193.0200255 s
-PY0013-111111111111;contacto de
-----------------
execution time: 1539737193.0208974 s
-PY0013-111111111111;la descarga inicia
-----------------
execution time: 1539737193.0463881 s
-PY0011-111111111111;contacto de
-----------------
execution time: 1539737193.0476894 s
-PY0011-111111111111;la descarga inicia
-----------------
execution time: 1539737193.0592468 s
-PY0015-111111111111;contacto de
-----------------
execution time: 1539737193.060676 s
-PY0015-111111111111;la descarga inicia
-----------------
execution time: 1539737193.0627916 s
-PY0014-111111111111;contacto de
-----------------
execution time: 1539737193.0636845 s
-PY0014-111111111111;la descarga inicia
-----------------
execution time: 1539737193.0848968 s
-PY0018-111111111111;contacto de
-----------------
execution time: 1539737193.0863793 s
-PY0018-111111111111;la descarga inicia
-----------------
execution time: 1539737193.1053956 s
-PY0022-111111111111;contacto de
-----------------
execution time: 1539737193.1075158 s
-PY0022-111111111111;la descarga inicia
-----------------
execution time: 1539737193.109066 s
-PY0021-111111111111;contacto de
-----------------
execution time: 1539737193.110753 s
-PY0021-111111111111;la descarga inicia
-----------------
execution time: 1539737193.1128464 s
-PY0019-111111111111;contacto de
-----------------
execution time: 1539737193.1148298 s
-PY0019-111111111111;la descarga inicia
-----------------
execution time: 1539737193.1308668 s
-PY0020-111111111111;contacto de
-----------------
execution time: 1539737193.1323278 s
-PY0020-111111111111;la descarga inicia
-----------------
execution time: 1539737193.136475 s
-PY0023-111111111111;contacto de
-----------------
execution time: 1539737193.1379132 s
-PY0023-111111111111;la descarga inicia
-----------------
execution time: 1539737193.1628351 s
-PY0008-111111111111;contacto de
-----------------
execution time: 1539737193.1644206 s
-PY0008-111111111111;la descarga inicia
-----------------
execution time: 1539737193.203982 s
-PY0016-111111111111;contacto de
-----------------
execution time: 1539737193.2052724 s
-PY0016-111111111111;la descarga inicia
-----------------
execution time: 1539737193.21053 s
-PY0009-111111111111;contacto de
-----------------
execution time: 1539737193.2120125 s
-PY0009-111111111111;la descarga inicia
-----------------
execution time: 1539737193.3724055 s
-PY0017-111111111111;contacto de
-----------------
execution time: 1539737193.373645 s
-PY0017-111111111111;la descarga inicia
-----------------
execution time: 1539737195.4891653 s
-PY0001-111111111111;la descarga inicia
-----------------
execution time: 1539737195.4990184 s
-PY0001-111111111111;contacto de
-----------------
execution time: 1539737197.940893 s
-PY0004-111111111111;contacto de
-----------------
execution time: 1539737197.951439 s
-PY0005-111111111111;contacto de
-----------------
execution time: 1539737197.9729664 s
-PY0002-111111111111;contacto de
-----------------
execution time: 1539737197.9764495 s
-PY0007-111111111111;contacto de
-----------------
execution time: 1539737197.9983609 s
-PY0003-111111111111;contacto de
-----------------
execution time: 1539737198.0070877 s
-PY0006-111111111111;contacto de
-----------------
execution time: 1539737198.0153444 s
-PY0012-111111111111;contacto de
-----------------
execution time: 1539737198.0291398 s
-PY0010-111111111111;contacto de
-----------------
execution time: 1539737198.0311184 s
-PY0013-111111111111;contacto de
-----------------
execution time: 1539737198.052111 s
-PY0011-111111111111;contacto de
-----------------
execution time: 1539737198.06379 s
-PY0015-111111111111;contacto de
-----------------
execution time: 1539737198.069779 s
-PY0014-111111111111;contacto de
-----------------
execution time: 1539737198.096901 s
-PY0018-111111111111;contacto de
-----------------
execution time: 1539737198.1130333 s
-PY0022-111111111111;contacto de
-----------------
execution time: 1539737198.1168716 s
-PY0021-111111111111;contacto de
-----------------
execution time: 1539737198.128154 s
-PY0019-111111111111;contacto de
-----------------
execution time: 1539737198.139533 s
-PY0020-111111111111;contacto de
-----------------
execution time: 1539737198.144542 s
-PY0023-111111111111;contacto de
-----------------
execution time: 1539737198.1684225 s
-PY0008-111111111111;contacto de
-----------------
execution time: 1539737198.2137291 s
-PY0016-111111111111;contacto de
-----------------
execution time: 1539737198.216184 s
-PY0009-111111111111;contacto de
-----------------
execution time: 1539737198.3810833 s
-PY0017-111111111111;contacto de
-----------------
execution time: 1539737200.520163 s
-PY0001-111111111111;contacto de
-----------------
execution time: 1539737202.9603589 s
-PY0004-111111111111;contacto de
-----------------
execution time: 1539737202.9656732 s
-PY0005-111111111111;contacto de
-----------------
execution time: 1539737202.988024 s
-PY0007-111111111111;contacto de
-----------------
execution time: 1539737202.9966846 s
-PY0002-111111111111;contacto de
-----------------
execution time: 1539737203.0086372 s
-PY0003-111111111111;contacto de
-----------------
execution time: 1539737203.0160968 s
-PY0006-111111111111;contacto de
-----------------
execution time: 1539737203.0237217 s
-PY0012-111111111111;contacto de
-----------------
execution time: 1539737203.0381558 s
-PY0010-111111111111;contacto de
-----------------
execution time: 1539737203.050195 s
-PY0013-111111111111;contacto de
-----------------
execution time: 1539737203.060561 s
-PY0011-111111111111;contacto de
-----------------
execution time: 1539737203.073177 s
-PY0015-111111111111;contacto de
-----------------
execution time: 1539737203.0780258 s
-PY0014-111111111111;contacto de
-----------------
execution time: 1539737203.1197736 s
-PY0018-111111111111;contacto de
-----------------
execution time: 1539737203.12269 s
-PY0022-111111111111;contacto de
-----------------
execution time: 1539737203.1374624 s
-PY0021-111111111111;contacto de
-----------------
execution time: 1539737203.1547136 s
-PY0019-111111111111;contacto de
-----------------
execution time: 1539737203.1574783 s
-PY0020-111111111111;contacto de
-----------------
execution time: 1539737203.1602569 s
-PY0023-111111111111;contacto de
-----------------
execution time: 1539737203.22532 s
-PY0009-111111111111;contacto de
-----------------
execution time: 1539737203.2271523 s
-PY0016-111111111111;contacto de
-----------------
execution time: 1539737203.3930938 s
-PY0017-111111111111;contacto de
-----------------
execution time: 1539737204.1849015 s
-PY0008-111111111111;contacto de
-----------------
execution time: 1539737205.546703 s
-PY0001-111111111111;contacto de
-----------------
execution time: 1539737207.970762 s
-PY0004-111111111111;contacto de
-----------------
execution time: 1539737208.1781843 s
-PY0005-111111111111;contacto de
-----------------
execution time: 1539737208.1797955 s
-PY0002-111111111111;contacto de
-----------------
execution time: 1539737208.1811407 s
-PY0003-111111111111;contacto de
-----------------
execution time: 1539737208.1824496 s
-PY0012-111111111111;contacto de
-----------------
execution time: 1539737208.4422646 s
-PY0006-111111111111;contacto de
-----------------
execution time: 1539737208.4440815 s
-PY0010-111111111111;contacto de
-----------------
execution time: 1539737208.4453979 s
-PY0013-111111111111;contacto de
-----------------
execution time: 1539737208.447742 s
-PY0019-111111111111;contacto de
-----------------
execution time: 1539737208.4496393 s
-PY0009-111111111111;contacto de
-----------------
execution time: 1539737208.4518552 s
-PY0016-111111111111;contacto de
-----------------
execution time: 1539737208.4537401 s
-PY0011-111111111111;contacto de
-----------------
execution time: 1539737208.486359 s
-PY0015-111111111111;contacto de
-----------------
execution time: 1539737208.6148994 s
-PY0017-111111111111;contacto de
-----------------
execution time: 1539737209.0902839 s
-PY0014-111111111111;contacto de
-----------------
execution time: 1539737209.1262503 s
-PY0018-111111111111;contacto de
-----------------
execution time: 1539737209.1317754 s
-PY0022-111111111111;contacto de
-----------------
execution time: 1539737209.1438298 s
-PY0021-111111111111;contacto de
-----------------
execution time: 1539737209.162629 s
-PY0020-111111111111;contacto de
-----------------
execution time: 1539737209.1737096 s
-PY0023-111111111111;contacto de
-----------------
execution time: 1539737210.570574 s
-PY0001-111111111111;contacto de
-----------------
execution time: 1539737211.4106133 s
-PY0007-111111111111;contacto de
-----------------
execution time: 1539737212.1971548 s
-PY0008-111111111111;contacto de
-----------------
execution time: 1539737213.1887357 s
-PY0005-111111111111;contacto de
-----------------
execution time: 1539737213.1916814 s
-PY0003-111111111111;contacto de
-----------------
execution time: 1539737213.1939604 s
-PY0012-111111111111;contacto de
-----------------
execution time: 1539737213.199752 s
-PY0002-111111111111;contacto de
-----------------
execution time: 1539737213.4549854 s
-PY0013-111111111111;contacto de
-----------------
execution time: 1539737213.46694 s
-PY0009-111111111111;contacto de
-----------------
execution time: 1539737213.4697323 s
-PY0019-111111111111;contacto de
-----------------
execution time: 1539737213.4738414 s
-PY0011-111111111111;contacto de
-----------------
execution time: 1539737213.4919784 s
-PY0015-111111111111;contacto de
-----------------
execution time: 1539737213.6383579 s
-PY0017-111111111111;contacto de
-----------------
execution time: 1539737214.099486 s
-PY0014-111111111111;contacto de
-----------------
execution time: 1539737214.1378686 s
-PY0018-111111111111;contacto de
-----------------
execution time: 1539737214.1403718 s
-PY0022-111111111111;contacto de
-----------------
execution time: 1539737214.1549065 s
-PY0021-111111111111;contacto de
-----------------
execution time: 1539737214.1712549 s
-PY0020-111111111111;contacto de
-----------------
execution time: 1539737214.201809 s
-PY0023-111111111111;contacto de
-----------------
execution time: 1539737214.4544866 s
-PY0010-111111111111;contacto de
-----------------
execution time: 1539737214.4621193 s
-PY0016-111111111111;contacto de
-----------------
execution time: 1539737215.811638 s
-PY0001-111111111111;contacto de
-----------------
execution time: 1539737216.4229305 s
-PY0007-111111111111;contacto de
-----------------
execution time: 1539737216.4745193 s
-PY0006-111111111111;contacto de
-----------------
execution time: 1539737218.4060013 s
-PY0005-111111111111;contacto de
-----------------
execution time: 1539737218.4100847 s
-PY0012-111111111111;contacto de
-----------------
execution time: 1539737218.4130337 s
-PY0008-111111111111;contacto de
-----------------
execution time: 1539737218.4159691 s
-PY0003-111111111111;contacto de
-----------------
execution time: 1539737218.4188418 s
-PY0002-111111111111;contacto de
-----------------
execution time: 1539737218.4635763 s
-PY0013-111111111111;contacto de
-----------------
execution time: 1539737218.4805405 s
-PY0009-111111111111;contacto de
-----------------
execution time: 1539737218.4838145 s
-PY0019-111111111111;contacto de
-----------------
execution time: 1539737218.4875937 s
-PY0011-111111111111;contacto de
-----------------
execution time: 1539737218.500011 s
-PY0015-111111111111;contacto de
-----------------
execution time: 1539737218.6480198 s
-PY0017-111111111111;contacto de
-----------------
execution time: 1539737219.1105587 s
-PY0014-111111111111;contacto de
-----------------
execution time: 1539737219.1541543 s
-PY0022-111111111111;contacto de
-----------------
execution time: 1539737219.1585045 s
-PY0018-111111111111;contacto de
-----------------
execution time: 1539737219.1645918 s
-PY0021-111111111111;contacto de
-----------------
execution time: 1539737219.1792343 s
-PY0020-111111111111;contacto de
-----------------
execution time: 1539737219.2092052 s
-PY0023-111111111111;contacto de
-----------------
execution time: 1539737219.9937565 s
-PY0004-111111111111;contacto de
-----------------
execution time: 1539737220.4732895 s
-PY0016-111111111111;contacto de
-----------------
execution time: 1539737221.434373 s
-PY0007-111111111111;contacto de
-----------------
execution time: 1539737221.48312 s
-PY0006-111111111111;contacto de
-----------------
execution time: 1539737222.4744344 s
-PY0010-111111111111;contacto de
-----------------
execution time: 1539737223.426573 s
-PY0003-111111111111;contacto de
-----------------
execution time: 1539737223.4310625 s
-PY0002-111111111111;contacto de
-----------------
execution time: 1539737223.4334855 s
-PY0012-111111111111;contacto de
-----------------
execution time: 1539737223.4528637 s
-PY0008-111111111111;contacto de
-----------------
execution time: 1539737223.4726713 s
-PY0013-111111111111;contacto de
-----------------
execution time: 1539737223.5034566 s
-PY0005-111111111111;contacto de
-----------------
execution time: 1539737223.5051908 s
-PY0009-111111111111;contacto de
-----------------
execution time: 1539737223.507103 s
-PY0019-111111111111;contacto de
-----------------
execution time: 1539737223.5090976 s
-PY0011-111111111111;contacto de
-----------------
execution time: 1539737223.511527 s
-PY0015-111111111111;contacto de
-----------------
execution time: 1539737223.65741 s
-PY0017-111111111111;contacto de
-----------------
execution time: 1539737224.1439917 s
-PY0014-111111111111;contacto de
-----------------
execution time: 1539737224.1992278 s
-PY0020-111111111111;contacto de
-----------------
execution time: 1539737224.2912288 s
-PY0021-111111111111;contacto de
-----------------
execution time: 1539737224.2939253 s
-PY0023-111111111111;contacto de
-----------------
execution time: 1539737224.3467407 s
-PY0018-111111111111;contacto de
-----------------
execution time: 1539737224.3491454 s
-PY0022-111111111111;contacto de
-----------------
execution time: 1539737225.054135 s
-PY0004-111111111111;contacto de
-----------------
execution time: 1539737225.7521691 s
-PY0016-111111111111;contacto de
-----------------
execution time: 1539737226.2764728 s
-PY0012-111111111111;el tiempo de descarga fue;33.265953063964844
-----------------
execution time: 1539737226.2774904 s
-PY0012-111111111111;es el cliente;1;en terminar
-----------------
execution time: 1539737226.3269615 s
-PY0011-111111111111;el tiempo de descarga fue;33.27928042411804
-----------------
execution time: 1539737226.327774 s
-PY0011-111111111111;es el cliente;2;en terminar
-----------------
execution time: 1539737226.5310225 s
-PY0007-111111111111;contacto de
-----------------
execution time: 1539737226.803345 s
-PY0006-111111111111;contacto de
-----------------
execution time: 1539737227.0050542 s
-PY0010-111111111111;el tiempo de descarga fue;33.988507986068726
-----------------
execution time: 1539737227.0056245 s
-PY0010-111111111111;es el cliente;3;en terminar
-----------------
execution time: 1539737227.4871755 s
-PY0010-111111111111;contacto de
-----------------
execution time: 1539737227.7671542 s
-PY0009-111111111111;el tiempo de descarga fue;34.555150270462036
-----------------
execution time: 1539737227.7679696 s
-PY0009-111111111111;es el cliente;4;en terminar
-----------------
execution time: 1539737227.82765 s
-PY0001-111111111111;contacto de
-----------------
execution time: 1539737228.054102 s
-PY0021-111111111111;el tiempo de descarga fue;34.943355321884155
-----------------
execution time: 1539737228.0546832 s
-PY0021-111111111111;es el cliente;5;en terminar
-----------------
execution time: 1539737228.2077546 s
-PY0004-111111111111;el tiempo de descarga fue;35.28032875061035
-----------------
execution time: 1539737228.2085733 s
-PY0004-111111111111;es el cliente;6;en terminar
-----------------
execution time: 1539737228.6555467 s
-PY0002-111111111111;contacto de
-----------------
execution time: 1539737228.6606069 s
-PY0012-111111111111;contacto de
-----------------
execution time: 1539737228.665291 s
-PY0003-111111111111;contacto de
-----------------
execution time: 1539737228.669236 s
-PY0008-111111111111;contacto de
-----------------
execution time: 1539737228.6731615 s
-PY0009-111111111111;contacto de
-----------------
execution time: 1539737228.6783342 s
-PY0011-111111111111;contacto de
-----------------
execution time: 1539737228.8243496 s
-PY0015-111111111111;contacto de
-----------------
execution time: 1539737228.8273087 s
-PY0017-111111111111;contacto de
-----------------
execution time: 1539737228.8307035 s
-PY0006-111111111111;el tiempo de descarga fue;35.82630681991577
-----------------
execution time: 1539737228.8312724 s
-PY0006-111111111111;es el cliente;7;en terminar
-----------------
execution time: 1539737228.833632 s
-PY0017-111111111111;el tiempo de descarga fue;35.45999336242676
-----------------
execution time: 1539737228.8338492 s
-PY0017-111111111111;es el cliente;8;en terminar
-----------------
execution time: 1539737228.835708 s
-PY0019-111111111111;contacto de
-----------------
execution time: 1539737228.837783 s
-PY0005-111111111111;contacto de
-----------------
execution time: 1539737228.839298 s
-PY0015-111111111111;el tiempo de descarga fue;35.77862787246704
-----------------
execution time: 1539737228.8395994 s
-PY0015-111111111111;es el cliente;9;en terminar
-----------------
execution time: 1539737228.8413503 s
-PY0018-111111111111;el tiempo de descarga fue;35.75515913963318
-----------------
execution time: 1539737228.8416944 s
-PY0018-111111111111;es el cliente;10;en terminar
-----------------
execution time: 1539737229.2031333 s
-PY0007-111111111111;el tiempo de descarga fue;36.23372197151184
-----------------
execution time: 1539737229.2037263 s
-PY0007-111111111111;es el cliente;11;en terminar
-----------------
execution time: 1539737229.2411444 s
-PY0014-111111111111;contacto de
-----------------
execution time: 1539737229.2427344 s
-PY0020-111111111111;contacto de
-----------------
execution time: 1539737229.2630332 s
-PY0003-111111111111;el tiempo de descarga fue;36.27432203292847
-----------------
execution time: 1539737229.2633123 s
-PY0003-111111111111;es el cliente;12;en terminar
-----------------
execution time: 1539737229.3122387 s
-PY0021-111111111111;contacto de
-----------------
execution time: 1539737229.373382 s
-PY0023-111111111111;contacto de
-----------------
execution time: 1539737229.3750448 s
-PY0018-111111111111;contacto de
-----------------
execution time: 1539737229.441719 s
-PY0022-111111111111;contacto de
-----------------
execution time: 1539737229.62521 s
-PY0013-111111111111;contacto de
-----------------
execution time: 1539737229.886438 s
-PY0016-111111111111;el tiempo de descarga fue;36.6811740398407
-----------------
execution time: 1539737229.886853 s
-PY0016-111111111111;es el cliente;13;en terminar
-----------------
execution time: 1539737229.9788358 s
-PY0002-111111111111;el tiempo de descarga fue;37.01338315010071
-----------------
execution time: 1539737229.979421 s
-PY0002-111111111111;es el cliente;14;en terminar
-----------------
execution time: 1539737230.0383685 s
-PY0019-111111111111;el tiempo de descarga fue;36.923545360565186
-----------------
execution time: 1539737230.0389798 s
-PY0019-111111111111;es el cliente;15;en terminar
-----------------
execution time: 1539737230.150243 s
-PY0004-111111111111;contacto de
-----------------
execution time: 1539737230.2994235 s
-PY0008-111111111111;el tiempo de descarga fue;37.13500905036926
-----------------
execution time: 1539737230.2998443 s
-PY0008-111111111111;es el cliente;16;en terminar
-----------------
execution time: 1539737230.7950768 s
-PY0020-111111111111;el tiempo de descarga fue;37.662757873535156
-----------------
execution time: 1539737230.7959645 s
-PY0020-111111111111;es el cliente;17;en terminar
-----------------
execution time: 1539737230.8455372 s
-PY0023-111111111111;el tiempo de descarga fue;37.707629919052124
-----------------
execution time: 1539737230.846009 s
-PY0023-111111111111;es el cliente;18;en terminar
-----------------
execution time: 1539737230.868431 s
-PY0016-111111111111;contacto de
-----------------
execution time: 1539737231.3596013 s
-PY0022-111111111111;el tiempo de descarga fue;38.25209426879883
-----------------
execution time: 1539737231.3604252 s
-PY0022-111111111111;es el cliente;19;en terminar
-----------------
execution time: 1539737231.5478528 s
-PY0007-111111111111;contacto de
-----------------
execution time: 1539737231.8311503 s
-PY0006-111111111111;contacto de
-----------------
execution time: 1539737231.8879693 s
-PY0014-111111111111;el tiempo de descarga fue;38.82429337501526
-----------------
execution time: 1539737231.8886075 s
-PY0014-111111111111;es el cliente;20;en terminar
-----------------
execution time: 1539737232.4950643 s
-PY0010-111111111111;contacto de
-----------------
execution time: 1539737232.8388348 s
-PY0001-111111111111;contacto de
-----------------
execution time: 1539737232.9902563 s
-PY0013-111111111111;el tiempo de descarga fue;39.96936774253845
-----------------
execution time: 1539737232.9907525 s
-PY0013-111111111111;es el cliente;21;en terminar
-----------------
execution time: 1539737233.6643548 s
-PY0005-111111111111;el tiempo de descarga fue;40.72692251205444
-----------------
execution time: 1539737233.6653507 s
-PY0005-111111111111;es el cliente;22;en terminar
-----------------
execution time: 1539737233.6714272 s
-PY0012-111111111111;contacto de
-----------------
execution time: 1539737233.6738114 s
-PY0002-111111111111;contacto de
-----------------
execution time: 1539737233.6843219 s
-PY0009-111111111111;contacto de
-----------------
execution time: 1539737233.6897857 s
-PY0011-111111111111;contacto de
-----------------
execution time: 1539737233.692359 s
-PY0008-111111111111;contacto de
-----------------
execution time: 1539737233.8377447 s
-PY0015-111111111111;contacto de
-----------------
execution time: 1539737233.8408127 s
-PY0017-111111111111;contacto de
-----------------
execution time: 1539737233.8523219 s
-PY0019-111111111111;contacto de
-----------------
execution time: 1539737233.9350393 s
-PY0003-111111111111;contacto de
-----------------
execution time: 1539737234.2732325 s
-PY0014-111111111111;contacto de
-----------------
execution time: 1539737234.3222613 s
-PY0021-111111111111;contacto de
-----------------
execution time: 1539737234.3844912 s
-PY0018-111111111111;contacto de
-----------------
execution time: 1539737234.399861 s
-PY0023-111111111111;contacto de
-----------------
execution time: 1539737234.4028225 s
-PY0005-111111111111;contacto de
-----------------
execution time: 1539737234.4683428 s
-PY0022-111111111111;contacto de
-----------------
execution time: 1539737234.5623097 s
-PY0020-111111111111;contacto de
-----------------
execution time: 1539737234.6554427 s
-PY0013-111111111111;contacto de
-----------------
execution time: 1539737235.1603265 s
-PY0004-111111111111;contacto de
-----------------
execution time: 1539737235.8796318 s
-PY0016-111111111111;contacto de
-----------------
execution time: 1539737236.558271 s
-PY0007-111111111111;contacto de
-----------------
execution time: 1539737236.841806 s
-PY0006-111111111111;contacto de
-----------------
execution time: 1539737237.505851 s
-PY0010-111111111111;contacto de
-----------------
execution time: 1539737237.8497794 s
-PY0001-111111111111;contacto de
-----------------
execution time: 1539737238.6819286 s
-PY0012-111111111111;contacto de
-----------------
execution time: 1539737238.685408 s
-PY0002-111111111111;contacto de
-----------------
execution time: 1539737238.6922092 s
-PY0009-111111111111;contacto de
-----------------
execution time: 1539737238.698755 s
-PY0011-111111111111;contacto de
-----------------
execution time: 1539737238.7018938 s
-PY0008-111111111111;contacto de
-----------------
execution time: 1539737238.8478951 s
-PY0015-111111111111;contacto de
-----------------
execution time: 1539737238.8520057 s
-PY0017-111111111111;contacto de
-----------------
execution time: 1539737238.8618448 s
-PY0019-111111111111;contacto de
-----------------
execution time: 1539737238.9450474 s
-PY0003-111111111111;contacto de
-----------------
execution time: 1539737239.2831337 s
-PY0014-111111111111;contacto de
-----------------
execution time: 1539737239.3323703 s
-PY0021-111111111111;contacto de
-----------------
execution time: 1539737239.3945565 s
-PY0018-111111111111;contacto de
-----------------
execution time: 1539737239.4099212 s
-PY0023-111111111111;contacto de
-----------------
execution time: 1539737239.411709 s
-PY0005-111111111111;contacto de
-----------------
execution time: 1539737239.4753816 s
-PY0022-111111111111;contacto de
-----------------
execution time: 1539737239.5724618 s
-PY0020-111111111111;contacto de
-----------------
execution time: 1539737239.6649933 s
-PY0013-111111111111;contacto de
-----------------
execution time: 1539737240.1707027 s
-PY0004-111111111111;contacto de
-----------------
execution time: 1539737240.891177 s
-PY0016-111111111111;contacto de
-----------------
execution time: 1539737241.5669847 s
-PY0007-111111111111;contacto de
-----------------
execution time: 1539737241.8525558 s
-PY0006-111111111111;contacto de
-----------------
execution time: 1539737242.5179555 s
-PY0010-111111111111;contacto de
-----------------
execution time: 1539737242.8617842 s
-PY0001-111111111111;contacto de
-----------------
execution time: 1539737243.6903455 s
-PY0012-111111111111;contacto de
-----------------
execution time: 1539737243.695046 s
-PY0002-111111111111;contacto de
-----------------
execution time: 1539737243.7029767 s
-PY0009-111111111111;contacto de
-----------------
execution time: 1539737243.7059147 s
-PY0011-111111111111;contacto de
-----------------
execution time: 1539737243.7119007 s
-PY0008-111111111111;contacto de
-----------------
execution time: 1539737243.8571277 s
-PY0015-111111111111;contacto de
-----------------
execution time: 1539737243.8625705 s
-PY0017-111111111111;contacto de
-----------------
execution time: 1539737243.871319 s
-PY0019-111111111111;contacto de
-----------------
execution time: 1539737243.9560764 s
-PY0003-111111111111;contacto de
-----------------
execution time: 1539737244.2931752 s
-PY0014-111111111111;contacto de
-----------------
execution time: 1539737244.3406978 s
-PY0021-111111111111;contacto de
-----------------
execution time: 1539737244.4065382 s
-PY0018-111111111111;contacto de
-----------------
execution time: 1539737244.4195669 s
-PY0023-111111111111;contacto de
-----------------
execution time: 1539737244.4224958 s
-PY0005-111111111111;contacto de
-----------------
execution time: 1539737244.4856038 s
-PY0022-111111111111;contacto de
-----------------
execution time: 1539737244.5821545 s
-PY0020-111111111111;contacto de
-----------------
execution time: 1539737244.6745763 s
-PY0013-111111111111;contacto de
-----------------
execution time: 1539737245.1792572 s
-PY0004-111111111111;contacto de
-----------------
execution time: 1539737245.9034925 s
-PY0016-111111111111;contacto de
-----------------
execution time: 1539737246.578233 s
-PY0007-111111111111;contacto de
-----------------
execution time: 1539737246.8638635 s
-PY0006-111111111111;contacto de
-----------------
execution time: 1539737247.5307837 s
-PY0010-111111111111;contacto de
-----------------
execution time: 1539737247.8727677 s
-PY0001-111111111111;contacto de
-----------------
execution time: 1539737248.6974685 s
-PY0012-111111111111;contacto de
-----------------
execution time: 1539737248.7057064 s
-PY0002-111111111111;contacto de
-----------------
execution time: 1539737248.7129662 s
-PY0011-111111111111;contacto de
-----------------
execution time: 1539737248.717433 s
-PY0009-111111111111;contacto de
-----------------
execution time: 1539737248.7231028 s
-PY0008-111111111111;contacto de
-----------------
execution time: 1539737248.8666887 s
-PY0015-111111111111;contacto de
-----------------
execution time: 1539737248.873545 s
-PY0017-111111111111;contacto de
-----------------
execution time: 1539737248.8765554 s
-PY0019-111111111111;contacto de
-----------------
execution time: 1539737248.9656904 s
-PY0003-111111111111;contacto de
-----------------
execution time: 1539737249.303664 s
-PY0014-111111111111;contacto de
-----------------
execution time: 1539737249.3502967 s
-PY0021-111111111111;contacto de
-----------------
execution time: 1539737249.417632 s
-PY0018-111111111111;contacto de
-----------------
execution time: 1539737249.429642 s
-PY0023-111111111111;contacto de
-----------------
execution time: 1539737249.4327686 s
-PY0005-111111111111;contacto de
-----------------
execution time: 1539737249.4966598 s
-PY0022-111111111111;contacto de
-----------------
execution time: 1539737249.5918965 s
-PY0020-111111111111;contacto de
-----------------
execution time: 1539737249.6857371 s
-PY0013-111111111111;contacto de
-----------------
execution time: 1539737250.1886418 s
-PY0004-111111111111;contacto de
-----------------
execution time: 1539737250.9147258 s
-PY0016-111111111111;contacto de
-----------------
execution time: 1539737251.5894008 s
-PY0007-111111111111;contacto de
-----------------
execution time: 1539737251.8744748 s
-PY0006-111111111111;contacto de
-----------------
execution time: 1539737252.5415382 s
-PY0010-111111111111;contacto de
-----------------
execution time: 1539737252.8834949 s
-PY0001-111111111111;contacto de
-----------------
execution time: 1539737253.7101424 s
-PY0012-111111111111;contacto de
-----------------
execution time: 1539737253.7171009 s
-PY0002-111111111111;contacto de
-----------------
execution time: 1539737253.724243 s
-PY0011-111111111111;contacto de
-----------------
execution time: 1539737253.7286665 s
-PY0009-111111111111;contacto de
-----------------
execution time: 1539737253.734586 s
-PY0008-111111111111;contacto de
-----------------
execution time: 1539737253.875992 s
-PY0015-111111111111;contacto de
-----------------
execution time: 1539737253.8856192 s
-PY0017-111111111111;contacto de
-----------------
execution time: 1539737253.887461 s
-PY0019-111111111111;contacto de
-----------------
execution time: 1539737253.9760494 s
-PY0003-111111111111;contacto de
-----------------
execution time: 1539737254.3148541 s
-PY0014-111111111111;contacto de
-----------------
execution time: 1539737254.3603663 s
-PY0021-111111111111;contacto de
-----------------
execution time: 1539737254.4275725 s
-PY0018-111111111111;contacto de
-----------------
execution time: 1539737254.4404895 s
-PY0023-111111111111;contacto de
-----------------
execution time: 1539737254.4433792 s
-PY0005-111111111111;contacto de
-----------------
execution time: 1539737254.5078802 s
-PY0022-111111111111;contacto de
-----------------
execution time: 1539737254.6031382 s
-PY0020-111111111111;contacto de
-----------------
execution time: 1539737254.6978786 s
-PY0013-111111111111;contacto de
-----------------
execution time: 1539737255.198113 s
-PY0004-111111111111;contacto de
-----------------
execution time: 1539737255.9280183 s
-PY0016-111111111111;contacto de
-----------------
execution time: 1539737256.6016362 s
-PY0007-111111111111;contacto de
-----------------
execution time: 1539737256.8856015 s
-PY0006-111111111111;contacto de
-----------------
execution time: 1539737257.5531797 s
-PY0010-111111111111;contacto de
-----------------
execution time: 1539737257.8933005 s
-PY0001-111111111111;contacto de
-----------------
execution time: 1539737258.721352 s
-PY0012-111111111111;contacto de
-----------------
execution time: 1539737258.7266304 s
-PY0002-111111111111;contacto de
-----------------
execution time: 1539737258.7348828 s
-PY0011-111111111111;contacto de
-----------------
execution time: 1539737258.7402809 s
-PY0009-111111111111;contacto de
-----------------
execution time: 1539737258.7447255 s
-PY0008-111111111111;contacto de
-----------------
execution time: 1539737258.8864164 s
-PY0015-111111111111;contacto de
-----------------
execution time: 1539737258.8981335 s
-PY0017-111111111111;contacto de
-----------------
execution time: 1539737258.9006271 s
-PY0019-111111111111;contacto de
-----------------
execution time: 1539737258.9843738 s
-PY0003-111111111111;contacto de
-----------------
execution time: 1539737259.3266814 s
-PY0014-111111111111;contacto de
-----------------
execution time: 1539737259.3699138 s
-PY0021-111111111111;contacto de
-----------------
execution time: 1539737259.436866 s
-PY0018-111111111111;contacto de
-----------------
execution time: 1539737259.4508796 s
-PY0023-111111111111;contacto de
-----------------
execution time: 1539737259.4527724 s
-PY0005-111111111111;contacto de
-----------------
execution time: 1539737259.5175126 s
-PY0022-111111111111;contacto de
-----------------
execution time: 1539737259.6127884 s
-PY0020-111111111111;contacto de
-----------------
execution time: 1539737259.7083085 s
-PY0013-111111111111;contacto de
-----------------
execution time: 1539737260.2084386 s
-PY0004-111111111111;contacto de
-----------------
execution time: 1539737260.9398675 s
-PY0016-111111111111;contacto de
-----------------
execution time: 1539737261.6132696 s
-PY0007-111111111111;contacto de
-----------------
execution time: 1539737261.8966074 s
-PY0006-111111111111;contacto de
-----------------
execution time: 1539737262.5643044 s
-PY0010-111111111111;contacto de
-----------------
execution time: 1539737262.9035573 s
-PY0001-111111111111;contacto de
-----------------
