Tue Oct 16 19:45:32 2018
Listening on 157.253.205.65:9010
-----------------
execution time: 1539737141.2565937 s
-PY0001-111111111111;contacto de
-----------------
execution time: 1539737141.2578552 s
-PY0001-111111111111;la descarga inicia
-----------------
execution time: 1539737141.3048654 s
-PY0002-111111111111;contacto de
-----------------
execution time: 1539737141.306039 s
-PY0002-111111111111;la descarga inicia
-----------------
execution time: 1539737141.4226506 s
-PY0006-111111111111;contacto de
-----------------
execution time: 1539737141.4276345 s
-PY0006-111111111111;la descarga inicia
-----------------
execution time: 1539737141.4302344 s
-PY0003-111111111111;contacto de
-----------------
execution time: 1539737141.4325728 s
-PY0003-111111111111;la descarga inicia
-----------------
execution time: 1539737141.4352102 s
-PY0007-111111111111;contacto de
-----------------
execution time: 1539737141.436874 s
-PY0007-111111111111;la descarga inicia
-----------------
execution time: 1539737141.4453225 s
-PY0011-111111111111;contacto de
-----------------
execution time: 1539737141.447328 s
-PY0011-111111111111;la descarga inicia
-----------------
execution time: 1539737141.4513557 s
-PY0010-111111111111;contacto de
-----------------
execution time: 1539737141.4525547 s
-PY0010-111111111111;la descarga inicia
-----------------
execution time: 1539737141.4588537 s
-PY0013-111111111111;contacto de
-----------------
execution time: 1539737141.4616282 s
-PY0013-111111111111;la descarga inicia
-----------------
execution time: 1539737141.4646766 s
-PY0012-111111111111;contacto de
-----------------
execution time: 1539737141.466629 s
-PY0012-111111111111;la descarga inicia
-----------------
execution time: 1539737141.477734 s
-PY0015-111111111111;contacto de
-----------------
execution time: 1539737141.478945 s
-PY0015-111111111111;la descarga inicia
-----------------
execution time: 1539737141.500832 s
-PY0004-111111111111;contacto de
-----------------
execution time: 1539737141.503856 s
-PY0004-111111111111;la descarga inicia
-----------------
execution time: 1539737141.5063126 s
-PY0014-111111111111;contacto de
-----------------
execution time: 1539737141.5081863 s
-PY0018-111111111111;contacto de
-----------------
execution time: 1539737141.5097551 s
-PY0014-111111111111;la descarga inicia
-----------------
execution time: 1539737141.5112424 s
-PY0020-111111111111;contacto de
-----------------
execution time: 1539737141.5126846 s
-PY0020-111111111111;la descarga inicia
-----------------
execution time: 1539737141.5143921 s
-PY0018-111111111111;la descarga inicia
-----------------
execution time: 1539737141.516323 s
-PY0005-111111111111;la descarga inicia
-----------------
execution time: 1539737141.5242422 s
-PY0021-111111111111;contacto de
-----------------
execution time: 1539737141.5261831 s
-PY0021-111111111111;la descarga inicia
-----------------
execution time: 1539737141.5438263 s
-PY0022-111111111111;contacto de
-----------------
execution time: 1539737141.545743 s
-PY0022-111111111111;la descarga inicia
-----------------
execution time: 1539737141.550149 s
-PY0019-111111111111;contacto de
-----------------
execution time: 1539737141.5513155 s
-PY0019-111111111111;la descarga inicia
-----------------
execution time: 1539737141.5577948 s
-PY0023-111111111111;contacto de
-----------------
execution time: 1539737141.559682 s
-PY0023-111111111111;la descarga inicia
-----------------
execution time: 1539737141.6140592 s
-PY0008-111111111111;contacto de
-----------------
execution time: 1539737141.6156654 s
-PY0008-111111111111;la descarga inicia
-----------------
execution time: 1539737141.6877663 s
-PY0016-111111111111;contacto de
-----------------
execution time: 1539737141.689752 s
-PY0016-111111111111;la descarga inicia
-----------------
execution time: 1539737141.7076306 s
-PY0009-111111111111;contacto de
-----------------
execution time: 1539737141.7093992 s
-PY0005-111111111111;contacto de
-----------------
execution time: 1539737141.7109847 s
-PY0009-111111111111;la descarga inicia
-----------------
execution time: 1539737141.7908738 s
-PY0017-111111111111;contacto de
-----------------
execution time: 1539737141.7933993 s
-PY0017-111111111111;la descarga inicia
-----------------
execution time: 1539737146.2928944 s
-PY0001-111111111111;contacto de
-----------------
execution time: 1539737146.320476 s
-PY0002-111111111111;contacto de
-----------------
execution time: 1539737146.4354053 s
-PY0003-111111111111;contacto de
-----------------
execution time: 1539737146.44067 s
-PY0006-111111111111;contacto de
-----------------
execution time: 1539737146.4472888 s
-PY0007-111111111111;contacto de
-----------------
execution time: 1539737146.450378 s
-PY0011-111111111111;contacto de
-----------------
execution time: 1539737146.460754 s
-PY0010-111111111111;contacto de
-----------------
execution time: 1539737146.4663 s
-PY0013-111111111111;contacto de
-----------------
execution time: 1539737146.4693773 s
-PY0012-111111111111;contacto de
-----------------
execution time: 1539737146.4831755 s
-PY0015-111111111111;contacto de
-----------------
execution time: 1539737146.5133107 s
-PY0004-111111111111;contacto de
-----------------
execution time: 1539737146.5157616 s
-PY0014-111111111111;contacto de
-----------------
execution time: 1539737146.5174947 s
-PY0018-111111111111;contacto de
-----------------
execution time: 1539737146.5257306 s
-PY0020-111111111111;contacto de
-----------------
execution time: 1539737146.5314047 s
-PY0021-111111111111;contacto de
-----------------
execution time: 1539737146.5562263 s
-PY0022-111111111111;contacto de
-----------------
execution time: 1539737146.558208 s
-PY0019-111111111111;contacto de
-----------------
execution time: 1539737146.5634544 s
-PY0023-111111111111;contacto de
-----------------
execution time: 1539737146.624304 s
-PY0008-111111111111;contacto de
-----------------
execution time: 1539737146.7198918 s
-PY0009-111111111111;contacto de
-----------------
execution time: 1539737146.799476 s
-PY0017-111111111111;contacto de
-----------------
execution time: 1539737147.700608 s
-PY0016-111111111111;contacto de
-----------------
execution time: 1539737147.7219896 s
-PY0005-111111111111;contacto de
-----------------
execution time: 1539737151.3115747 s
-PY0001-111111111111;contacto de
-----------------
execution time: 1539737151.332867 s
-PY0002-111111111111;contacto de
-----------------
execution time: 1539737151.4490383 s
-PY0003-111111111111;contacto de
-----------------
execution time: 1539737151.4538949 s
-PY0006-111111111111;contacto de
-----------------
execution time: 1539737151.472975 s
-PY0007-111111111111;contacto de
-----------------
execution time: 1539737151.4752676 s
-PY0010-111111111111;contacto de
-----------------
execution time: 1539737151.4781907 s
-PY0013-111111111111;contacto de
-----------------
execution time: 1539737151.481662 s
-PY0012-111111111111;contacto de
-----------------
execution time: 1539737151.498363 s
-PY0015-111111111111;contacto de
-----------------
execution time: 1539737151.5303369 s
-PY0018-111111111111;contacto de
-----------------
execution time: 1539737151.5344055 s
-PY0004-111111111111;contacto de
-----------------
execution time: 1539737151.5366898 s
-PY0014-111111111111;contacto de
-----------------
execution time: 1539737151.547872 s
-PY0021-111111111111;contacto de
-----------------
execution time: 1539737151.5590265 s
-PY0020-111111111111;contacto de
-----------------
execution time: 1539737151.7744658 s
-PY0023-111111111111;contacto de
-----------------
execution time: 1539737151.778477 s
-PY0019-111111111111;contacto de
-----------------
execution time: 1539737151.7825394 s
-PY0022-111111111111;contacto de
-----------------
execution time: 1539737151.7855659 s
-PY0008-111111111111;contacto de
-----------------
execution time: 1539737151.788516 s
-PY0009-111111111111;contacto de
-----------------
execution time: 1539737151.8165295 s
-PY0017-111111111111;contacto de
-----------------
execution time: 1539737152.4664435 s
-PY0011-111111111111;contacto de
-----------------
execution time: 1539737152.71606 s
-PY0016-111111111111;contacto de
-----------------
execution time: 1539737152.7365794 s
-PY0005-111111111111;contacto de
-----------------
execution time: 1539737156.3436115 s
-PY0002-111111111111;contacto de
-----------------
execution time: 1539737156.4740918 s
-PY0006-111111111111;contacto de
-----------------
execution time: 1539737156.480662 s
-PY0003-111111111111;contacto de
-----------------
execution time: 1539737156.486002 s
-PY0013-111111111111;contacto de
-----------------
execution time: 1539737156.4876592 s
-PY0007-111111111111;contacto de
-----------------
execution time: 1539737156.4908285 s
-PY0012-111111111111;contacto de
-----------------
execution time: 1539737156.5012002 s
-PY0010-111111111111;contacto de
-----------------
execution time: 1539737156.5141523 s
-PY0015-111111111111;contacto de
-----------------
execution time: 1539737156.5446494 s
-PY0014-111111111111;contacto de
-----------------
execution time: 1539737156.551111 s
-PY0018-111111111111;contacto de
-----------------
execution time: 1539737156.5579083 s
-PY0021-111111111111;contacto de
-----------------
execution time: 1539737156.5600588 s
-PY0004-111111111111;contacto de
-----------------
execution time: 1539737156.593269 s
-PY0020-111111111111;contacto de
-----------------
execution time: 1539737156.787029 s
-PY0019-111111111111;contacto de
-----------------
execution time: 1539737156.7960737 s
-PY0008-111111111111;contacto de
-----------------
execution time: 1539737156.80192 s
-PY0009-111111111111;contacto de
-----------------
execution time: 1539737156.8150923 s
-PY0022-111111111111;contacto de
-----------------
execution time: 1539737156.9865232 s
-PY0023-111111111111;contacto de
-----------------
execution time: 1539737157.0375738 s
-PY0017-111111111111;contacto de
-----------------
execution time: 1539737157.4751387 s
-PY0011-111111111111;contacto de
-----------------
execution time: 1539737157.5437677 s
-PY0001-111111111111;contacto de
-----------------
execution time: 1539737157.7243404 s
-PY0016-111111111111;contacto de
-----------------
execution time: 1539737157.7557778 s
-PY0005-111111111111;contacto de
-----------------
execution time: 1539737161.3539762 s
-PY0002-111111111111;contacto de
-----------------
execution time: 1539737161.4915805 s
-PY0003-111111111111;contacto de
-----------------
execution time: 1539737161.4976459 s
-PY0013-111111111111;contacto de
-----------------
execution time: 1539737161.5016353 s
-PY0012-111111111111;contacto de
-----------------
execution time: 1539737161.5233204 s
-PY0010-111111111111;contacto de
-----------------
execution time: 1539737161.5251808 s
-PY0015-111111111111;contacto de
-----------------
execution time: 1539737161.5490704 s
-PY0006-111111111111;contacto de
-----------------
execution time: 1539737161.5531895 s
-PY0014-111111111111;contacto de
-----------------
execution time: 1539737161.5672503 s
-PY0018-111111111111;contacto de
-----------------
execution time: 1539737161.5697806 s
-PY0021-111111111111;contacto de
-----------------
execution time: 1539737161.6210537 s
-PY0020-111111111111;contacto de
-----------------
execution time: 1539737161.8105679 s
-PY0008-111111111111;contacto de
-----------------
execution time: 1539737162.2513392 s
-PY0009-111111111111;contacto de
-----------------
execution time: 1539737162.2538528 s
-PY0022-111111111111;contacto de
-----------------
execution time: 1539737162.2555969 s
-PY0019-111111111111;contacto de
-----------------
execution time: 1539737162.2571266 s
-PY0017-111111111111;contacto de
-----------------
execution time: 1539737162.2590628 s
-PY0023-111111111111;contacto de
-----------------
execution time: 1539737162.5163329 s
-PY0011-111111111111;contacto de
-----------------
execution time: 1539737162.5527344 s
-PY0001-111111111111;contacto de
-----------------
execution time: 1539737162.6263506 s
-PY0007-111111111111;contacto de
-----------------
execution time: 1539737162.66453 s
-PY0004-111111111111;contacto de
-----------------
execution time: 1539737162.8722801 s
-PY0005-111111111111;contacto de
-----------------
execution time: 1539737162.8759215 s
-PY0016-111111111111;contacto de
-----------------
execution time: 1539737164.6004171 s
-PY0016-111111111111;el tiempo de descarga fue;22.91067361831665
-----------------
execution time: 1539737164.601086 s
-PY0016-111111111111;es el cliente;1;en terminar
-----------------
execution time: 1539737165.5418959 s
-PY0022-111111111111;el tiempo de descarga fue;23.996161460876465
-----------------
execution time: 1539737165.5425398 s
-PY0022-111111111111;es el cliente;2;en terminar
-----------------
execution time: 1539737166.0687132 s
-PY0002-111111111111;el tiempo de descarga fue;24.762682914733887
-----------------
execution time: 1539737166.0692024 s
-PY0002-111111111111;es el cliente;3;en terminar
-----------------
execution time: 1539737166.3667407 s
-PY0002-111111111111;contacto de
-----------------
execution time: 1539737166.5936618 s
-PY0013-111111111111;contacto de
-----------------
execution time: 1539737166.6972163 s
-PY0012-111111111111;contacto de
-----------------
execution time: 1539737166.7373378 s
-PY0015-111111111111;contacto de
-----------------
execution time: 1539737166.7394176 s
-PY0006-111111111111;contacto de
-----------------
execution time: 1539737166.7417684 s
-PY0018-111111111111;contacto de
-----------------
execution time: 1539737166.815405 s
-PY0020-111111111111;contacto de
-----------------
execution time: 1539737166.8192282 s
-PY0021-111111111111;contacto de
-----------------
execution time: 1539737166.82283 s
-PY0005-111111111111;el tiempo de descarga fue;25.306515216827393
-----------------
execution time: 1539737166.8234148 s
-PY0005-111111111111;es el cliente;4;en terminar
-----------------
execution time: 1539737166.8277366 s
-PY0014-111111111111;contacto de
-----------------
execution time: 1539737167.070408 s
-PY0003-111111111111;contacto de
-----------------
execution time: 1539737167.074496 s
-PY0010-111111111111;contacto de
-----------------
execution time: 1539737167.0779533 s
-PY0015-111111111111;el tiempo de descarga fue;25.599016666412354
-----------------
execution time: 1539737167.0786653 s
-PY0015-111111111111;es el cliente;5;en terminar
-----------------
execution time: 1539737167.4714952 s
-PY0009-111111111111;contacto de
-----------------
execution time: 1539737167.4741375 s
-PY0022-111111111111;contacto de
-----------------
execution time: 1539737167.4768496 s
-PY0017-111111111111;contacto de
-----------------
execution time: 1539737167.479512 s
-PY0021-111111111111;el tiempo de descarga fue;25.95333766937256
-----------------
execution time: 1539737167.479947 s
-PY0021-111111111111;es el cliente;6;en terminar
-----------------
execution time: 1539737167.5637965 s
-PY0019-111111111111;contacto de
-----------------
execution time: 1539737167.5652504 s
-PY0023-111111111111;contacto de
-----------------
execution time: 1539737167.6189206 s
-PY0008-111111111111;contacto de
-----------------
execution time: 1539737167.721519 s
-PY0011-111111111111;contacto de
-----------------
execution time: 1539737167.7258701 s
-PY0001-111111111111;contacto de
-----------------
execution time: 1539737167.7299824 s
-PY0004-111111111111;contacto de
-----------------
execution time: 1539737167.8234491 s
-PY0009-111111111111;el tiempo de descarga fue;26.112470865249634
-----------------
execution time: 1539737167.8239875 s
-PY0009-111111111111;es el cliente;7;en terminar
-----------------
execution time: 1539737167.8860166 s
-PY0005-111111111111;contacto de
-----------------
execution time: 1539737167.8935401 s
-PY0016-111111111111;contacto de
-----------------
execution time: 1539737168.0048947 s
-PY0004-111111111111;el tiempo de descarga fue;26.50104522705078
-----------------
execution time: 1539737168.0051749 s
-PY0004-111111111111;es el cliente;8;en terminar
-----------------
execution time: 1539737168.1360545 s
-PY0007-111111111111;contacto de
-----------------
execution time: 1539737168.1379058 s
-PY0014-111111111111;el tiempo de descarga fue;26.628157138824463
-----------------
execution time: 1539737168.13816 s
-PY0014-111111111111;es el cliente;9;en terminar
-----------------
execution time: 1539737168.2079334 s
-PY0017-111111111111;el tiempo de descarga fue;26.414541244506836
-----------------
execution time: 1539737168.208316 s
-PY0017-111111111111;es el cliente;10;en terminar
-----------------
execution time: 1539737168.26702 s
-PY0007-111111111111;el tiempo de descarga fue;26.830153226852417
-----------------
execution time: 1539737168.2674947 s
-PY0007-111111111111;es el cliente;11;en terminar
-----------------
execution time: 1539737168.37448 s
-PY0011-111111111111;el tiempo de descarga fue;26.92716097831726
-----------------
execution time: 1539737168.3748903 s
-PY0011-111111111111;es el cliente;12;en terminar
-----------------
execution time: 1539737168.7369933 s
-PY0003-111111111111;el tiempo de descarga fue;27.304605722427368
-----------------
execution time: 1539737168.737362 s
-PY0003-111111111111;es el cliente;13;en terminar
-----------------
execution time: 1539737168.9888597 s
-PY0010-111111111111;el tiempo de descarga fue;27.536311149597168
-----------------
execution time: 1539737168.9891665 s
-PY0010-111111111111;es el cliente;14;en terminar
-----------------
execution time: 1539737169.2101445 s
-PY0018-111111111111;el tiempo de descarga fue;27.69576144218445
-----------------
execution time: 1539737169.2108974 s
-PY0018-111111111111;es el cliente;15;en terminar
-----------------
execution time: 1539737169.2868197 s
-PY0012-111111111111;el tiempo de descarga fue;27.820202827453613
-----------------
execution time: 1539737169.2872834 s
-PY0012-111111111111;es el cliente;16;en terminar
-----------------
execution time: 1539737169.2899024 s
-PY0013-111111111111;el tiempo de descarga fue;27.828283071517944
-----------------
execution time: 1539737169.2903066 s
-PY0013-111111111111;es el cliente;17;en terminar
-----------------
execution time: 1539737169.546471 s
-PY0023-111111111111;el tiempo de descarga fue;27.986795902252197
-----------------
execution time: 1539737169.5467944 s
-PY0023-111111111111;es el cliente;18;en terminar
-----------------
execution time: 1539737169.8386679 s
-PY0020-111111111111;el tiempo de descarga fue;28.325989723205566
-----------------
execution time: 1539737169.8393013 s
-PY0020-111111111111;es el cliente;19;en terminar
-----------------
execution time: 1539737170.4904163 s
-PY0008-111111111111;el tiempo de descarga fue;28.87475895881653
-----------------
execution time: 1539737170.4907246 s
-PY0008-111111111111;es el cliente;20;en terminar
-----------------
execution time: 1539737171.190868 s
-PY0019-111111111111;el tiempo de descarga fue;29.639559268951416
-----------------
execution time: 1539737171.1916223 s
-PY0019-111111111111;es el cliente;21;en terminar
-----------------
execution time: 1539737171.3764956 s
-PY0002-111111111111;contacto de
-----------------
execution time: 1539737171.5591779 s
-PY0006-111111111111;el tiempo de descarga fue;30.131551265716553
-----------------
execution time: 1539737171.559489 s
-PY0006-111111111111;es el cliente;22;en terminar
-----------------
execution time: 1539737171.7335546 s
-PY0012-111111111111;contacto de
-----------------
execution time: 1539737171.746758 s
-PY0015-111111111111;contacto de
-----------------
execution time: 1539737171.7538264 s
-PY0006-111111111111;contacto de
-----------------
execution time: 1539737171.789486 s
-PY0018-111111111111;contacto de
-----------------
execution time: 1539737171.8453948 s
-PY0014-111111111111;contacto de
-----------------
execution time: 1539737171.846883 s
-PY0020-111111111111;contacto de
-----------------
execution time: 1539737171.9284678 s
-PY0021-111111111111;contacto de
-----------------
execution time: 1539737172.061175 s
-PY0013-111111111111;contacto de
-----------------
execution time: 1539737172.0893562 s
-PY0010-111111111111;contacto de
-----------------
execution time: 1539737172.0950084 s
-PY0003-111111111111;contacto de
-----------------
execution time: 1539737172.4844596 s
-PY0022-111111111111;contacto de
-----------------
execution time: 1539737172.4907618 s
-PY0017-111111111111;contacto de
-----------------
execution time: 1539737172.5025902 s
-PY0009-111111111111;contacto de
-----------------
execution time: 1539737172.5834346 s
-PY0019-111111111111;contacto de
-----------------
execution time: 1539737172.5869038 s
-PY0023-111111111111;contacto de
-----------------
execution time: 1539737172.7373528 s
-PY0011-111111111111;contacto de
-----------------
execution time: 1539737172.7399607 s
-PY0001-111111111111;contacto de
-----------------
execution time: 1539737172.7539134 s
-PY0004-111111111111;contacto de
-----------------
execution time: 1539737172.824144 s
-PY0008-111111111111;contacto de
-----------------
execution time: 1539737172.8966494 s
-PY0005-111111111111;contacto de
-----------------
execution time: 1539737172.904203 s
-PY0016-111111111111;contacto de
-----------------
execution time: 1539737173.1636424 s
-PY0007-111111111111;contacto de
-----------------
