Tue Oct 16 19:38:40 2018
Listening on 157.253.205.65:9010
-----------------
execution time: 1539736722.863602 s
-PY0001-111111111111;contacto de
-----------------
execution time: 1539736722.8651028 s
-PY0001-111111111111;la descarga inicia
-----------------
execution time: 1539736727.873773 s
-PY0001-111111111111;contacto de
-----------------
execution time: 1539736728.5441527 s
-PY0002-111111111111;contacto de
-----------------
execution time: 1539736728.545395 s
-PY0002-111111111111;la descarga inicia
-----------------
execution time: 1539736728.5994065 s
-PY0004-111111111111;contacto de
-----------------
execution time: 1539736728.6023483 s
-PY0004-111111111111;la descarga inicia
-----------------
execution time: 1539736728.6038668 s
-PY0005-111111111111;contacto de
-----------------
execution time: 1539736728.6053634 s
-PY0005-111111111111;la descarga inicia
-----------------
execution time: 1539736728.6134443 s
-PY0009-111111111111;contacto de
-----------------
execution time: 1539736728.6154432 s
-PY0009-111111111111;la descarga inicia
-----------------
execution time: 1539736728.625974 s
-PY0006-111111111111;contacto de
-----------------
execution time: 1539736728.6277924 s
-PY0006-111111111111;la descarga inicia
-----------------
execution time: 1539736728.6383522 s
-PY0003-111111111111;contacto de
-----------------
execution time: 1539736728.6402578 s
-PY0003-111111111111;la descarga inicia
-----------------
execution time: 1539736728.648931 s
-PY0013-111111111111;contacto de
-----------------
execution time: 1539736728.6504297 s
-PY0013-111111111111;la descarga inicia
-----------------
execution time: 1539736728.6858902 s
-PY0014-111111111111;contacto de
-----------------
execution time: 1539736728.6877239 s
-PY0014-111111111111;la descarga inicia
-----------------
execution time: 1539736728.688501 s
-PY0017-111111111111;contacto de
-----------------
execution time: 1539736728.6899405 s
-PY0012-111111111111;contacto de
-----------------
execution time: 1539736728.6910787 s
-PY0012-111111111111;la descarga inicia
-----------------
execution time: 1539736728.6919653 s
-PY0017-111111111111;la descarga inicia
-----------------
execution time: 1539736728.692972 s
-PY0019-111111111111;contacto de
-----------------
execution time: 1539736728.6939242 s
-PY0019-111111111111;la descarga inicia
-----------------
execution time: 1539736728.6969573 s
-PY0021-111111111111;contacto de
-----------------
execution time: 1539736728.6993515 s
-PY0021-111111111111;la descarga inicia
-----------------
execution time: 1539736728.7022064 s
-PY0015-111111111111;contacto de
-----------------
execution time: 1539736728.7038047 s
-PY0015-111111111111;la descarga inicia
-----------------
execution time: 1539736728.7146757 s
-PY0020-111111111111;contacto de
-----------------
execution time: 1539736728.7168543 s
-PY0020-111111111111;la descarga inicia
-----------------
execution time: 1539736728.7181816 s
-PY0022-111111111111;contacto de
-----------------
execution time: 1539736728.7198732 s
-PY0022-111111111111;la descarga inicia
-----------------
execution time: 1539736728.7330863 s
-PY0007-111111111111;contacto de
-----------------
execution time: 1539736728.7352214 s
-PY0007-111111111111;la descarga inicia
-----------------
execution time: 1539736728.73979 s
-PY0008-111111111111;contacto de
-----------------
execution time: 1539736728.7408395 s
-PY0008-111111111111;la descarga inicia
-----------------
execution time: 1539736728.7588773 s
-PY0010-111111111111;contacto de
-----------------
execution time: 1539736728.7613406 s
-PY0010-111111111111;la descarga inicia
-----------------
execution time: 1539736728.8049934 s
-PY0023-111111111111;contacto de
-----------------
execution time: 1539736728.8068776 s
-PY0023-111111111111;la descarga inicia
-----------------
execution time: 1539736728.8755372 s
-PY0016-111111111111;contacto de
-----------------
execution time: 1539736728.8769348 s
-PY0016-111111111111;la descarga inicia
-----------------
execution time: 1539736728.8878968 s
-PY0011-111111111111;contacto de
-----------------
execution time: 1539736728.8893344 s
-PY0011-111111111111;la descarga inicia
-----------------
execution time: 1539736728.9172664 s
-PY0018-111111111111;contacto de
-----------------
execution time: 1539736728.9187076 s
-PY0018-111111111111;la descarga inicia
-----------------
execution time: 1539736733.5610197 s
-PY0002-111111111111;contacto de
-----------------
execution time: 1539736733.6177988 s
-PY0005-111111111111;contacto de
-----------------
execution time: 1539736733.6193595 s
-PY0004-111111111111;contacto de
-----------------
execution time: 1539736733.625711 s
-PY0009-111111111111;contacto de
-----------------
execution time: 1539736733.651498 s
-PY0003-111111111111;contacto de
-----------------
execution time: 1539736733.653969 s
-PY0013-111111111111;contacto de
-----------------
execution time: 1539736733.6940475 s
-PY0014-111111111111;contacto de
-----------------
execution time: 1539736733.7019088 s
-PY0017-111111111111;contacto de
-----------------
execution time: 1539736733.7053304 s
-PY0012-111111111111;contacto de
-----------------
execution time: 1539736733.7090545 s
-PY0019-111111111111;contacto de
-----------------
execution time: 1539736733.7121403 s
-PY0021-111111111111;contacto de
-----------------
execution time: 1539736733.7189856 s
-PY0015-111111111111;contacto de
-----------------
execution time: 1539736733.722928 s
-PY0020-111111111111;contacto de
-----------------
execution time: 1539736733.7278438 s
-PY0022-111111111111;contacto de
-----------------
execution time: 1539736733.7420406 s
-PY0007-111111111111;contacto de
-----------------
execution time: 1539736733.747071 s
-PY0008-111111111111;contacto de
-----------------
execution time: 1539736733.7694588 s
-PY0010-111111111111;contacto de
-----------------
execution time: 1539736733.8175652 s
-PY0023-111111111111;contacto de
-----------------
execution time: 1539736733.8858993 s
-PY0016-111111111111;contacto de
-----------------
execution time: 1539736733.892953 s
-PY0001-111111111111;contacto de
-----------------
execution time: 1539736733.898592 s
-PY0011-111111111111;contacto de
-----------------
execution time: 1539736733.9256046 s
-PY0018-111111111111;contacto de
-----------------
execution time: 1539736734.6425037 s
-PY0006-111111111111;contacto de
-----------------
execution time: 1539736738.5721955 s
-PY0002-111111111111;contacto de
-----------------
execution time: 1539736738.6621807 s
-PY0005-111111111111;contacto de
-----------------
execution time: 1539736738.665247 s
-PY0004-111111111111;contacto de
-----------------
execution time: 1539736738.6679811 s
-PY0009-111111111111;contacto de
-----------------
execution time: 1539736738.6707387 s
-PY0013-111111111111;contacto de
-----------------
execution time: 1539736738.679509 s
-PY0003-111111111111;contacto de
-----------------
execution time: 1539736738.728662 s
-PY0019-111111111111;contacto de
-----------------
execution time: 1539736738.7920063 s
-PY0012-111111111111;contacto de
-----------------
execution time: 1539736738.7934256 s
-PY0017-111111111111;contacto de
-----------------
execution time: 1539736738.8649857 s
-PY0007-111111111111;contacto de
-----------------
execution time: 1539736738.867628 s
-PY0022-111111111111;contacto de
-----------------
execution time: 1539736738.9179678 s
-PY0020-111111111111;contacto de
-----------------
execution time: 1539736738.9206092 s
-PY0010-111111111111;contacto de
-----------------
execution time: 1539736739.0295644 s
-PY0015-111111111111;contacto de
-----------------
execution time: 1539736739.0334702 s
-PY0008-111111111111;contacto de
-----------------
execution time: 1539736739.0360684 s
-PY0021-111111111111;contacto de
-----------------
execution time: 1539736739.037511 s
-PY0016-111111111111;contacto de
-----------------
execution time: 1539736739.0387943 s
-PY0023-111111111111;contacto de
-----------------
execution time: 1539736739.039981 s
-PY0011-111111111111;contacto de
-----------------
execution time: 1539736739.0410976 s
-PY0018-111111111111;contacto de
-----------------
execution time: 1539736739.0639992 s
-PY0014-111111111111;contacto de
-----------------
execution time: 1539736739.689717 s
-PY0006-111111111111;contacto de
-----------------
execution time: 1539736739.9019525 s
-PY0001-111111111111;contacto de
-----------------
execution time: 1539736743.6587262 s
-PY0002-111111111111;contacto de
-----------------
execution time: 1539736743.8495603 s
-PY0013-111111111111;contacto de
-----------------
execution time: 1539736743.8592458 s
-PY0005-111111111111;contacto de
-----------------
execution time: 1539736743.861587 s
-PY0003-111111111111;contacto de
-----------------
execution time: 1539736744.038654 s
-PY0009-111111111111;contacto de
-----------------
execution time: 1539736744.0417366 s
-PY0019-111111111111;contacto de
-----------------
execution time: 1539736744.044282 s
-PY0012-111111111111;contacto de
-----------------
execution time: 1539736744.171113 s
-PY0017-111111111111;contacto de
-----------------
execution time: 1539736744.1735237 s
-PY0022-111111111111;contacto de
-----------------
execution time: 1539736744.1758187 s
-PY0010-111111111111;contacto de
-----------------
execution time: 1539736744.1783218 s
-PY0007-111111111111;contacto de
-----------------
execution time: 1539736744.1812375 s
-PY0015-111111111111;contacto de
-----------------
execution time: 1539736744.1834693 s
-PY0023-111111111111;contacto de
-----------------
execution time: 1539736744.2302053 s
-PY0011-111111111111;contacto de
-----------------
execution time: 1539736744.23409 s
-PY0020-111111111111;contacto de
-----------------
execution time: 1539736744.3786936 s
-PY0008-111111111111;contacto de
-----------------
execution time: 1539736744.3817387 s
-PY0020-111111111111;el tiempo de descarga fue;15.664890766143799
-----------------
execution time: 1539736744.3822296 s
-PY0020-111111111111;es el cliente;1;en terminar
-----------------
execution time: 1539736744.5877085 s
-PY0014-111111111111;contacto de
-----------------
execution time: 1539736744.5918639 s
-PY0021-111111111111;contacto de
-----------------
execution time: 1539736744.595296 s
-PY0018-111111111111;contacto de
-----------------
execution time: 1539736744.7035804 s
-PY0004-111111111111;contacto de
-----------------
execution time: 1539736745.3532395 s
-PY0016-111111111111;contacto de
-----------------
execution time: 1539736745.355356 s
-PY0006-111111111111;contacto de
-----------------
execution time: 1539736745.3572626 s
-PY0001-111111111111;contacto de
-----------------
execution time: 1539736745.5523627 s
-PY0021-111111111111;el tiempo de descarga fue;16.853020191192627
-----------------
execution time: 1539736745.5528579 s
-PY0021-111111111111;es el cliente;2;en terminar
-----------------
execution time: 1539736745.629452 s
-PY0008-111111111111;el tiempo de descarga fue;16.888619422912598
-----------------
execution time: 1539736745.629868 s
-PY0008-111111111111;es el cliente;3;en terminar
-----------------
execution time: 1539736746.5664597 s
-PY0015-111111111111;el tiempo de descarga fue;17.862664222717285
-----------------
execution time: 1539736746.5671017 s
-PY0015-111111111111;es el cliente;4;en terminar
-----------------
execution time: 1539736746.741857 s
-PY0016-111111111111;el tiempo de descarga fue;17.86492919921875
-----------------
execution time: 1539736746.742292 s
-PY0016-111111111111;es el cliente;5;en terminar
-----------------
execution time: 1539736746.8825068 s
-PY0013-111111111111;el tiempo de descarga fue;18.232085466384888
-----------------
execution time: 1539736746.8830576 s
-PY0013-111111111111;es el cliente;6;en terminar
-----------------
execution time: 1539736747.0655477 s
-PY0006-111111111111;el tiempo de descarga fue;18.437763690948486
-----------------
execution time: 1539736747.0664263 s
-PY0006-111111111111;es el cliente;7;en terminar
-----------------
execution time: 1539736747.1096356 s
-PY0009-111111111111;el tiempo de descarga fue;18.494201183319092
-----------------
execution time: 1539736747.1102424 s
-PY0009-111111111111;es el cliente;8;en terminar
-----------------
execution time: 1539736748.016036 s
-PY0011-111111111111;el tiempo de descarga fue;19.12670874595642
-----------------
execution time: 1539736748.0165153 s
-PY0011-111111111111;es el cliente;9;en terminar
-----------------
execution time: 1539736748.0921416 s
-PY0012-111111111111;el tiempo de descarga fue;19.401069164276123
-----------------
execution time: 1539736748.0926409 s
-PY0012-111111111111;es el cliente;10;en terminar
-----------------
execution time: 1539736748.1089134 s
-PY0022-111111111111;el tiempo de descarga fue;19.38904643058777
-----------------
execution time: 1539736748.1092227 s
-PY0022-111111111111;es el cliente;11;en terminar
-----------------
execution time: 1539736748.3713346 s
-PY0019-111111111111;el tiempo de descarga fue;19.677420377731323
-----------------
execution time: 1539736748.372049 s
-PY0019-111111111111;es el cliente;12;en terminar
-----------------
execution time: 1539736748.8226337 s
-PY0014-111111111111;el tiempo de descarga fue;20.134917736053467
-----------------
execution time: 1539736748.8237286 s
-PY0014-111111111111;es el cliente;13;en terminar
-----------------
execution time: 1539736748.874247 s
-PY0013-111111111111;contacto de
-----------------
execution time: 1539736748.9672573 s
-PY0003-111111111111;contacto de
-----------------
execution time: 1539736749.0533395 s
-PY0009-111111111111;contacto de
-----------------
execution time: 1539736749.067564 s
-PY0019-111111111111;contacto de
-----------------
execution time: 1539736749.0738602 s
-PY0012-111111111111;contacto de
-----------------
execution time: 1539736749.8067074 s
-PY0017-111111111111;contacto de
-----------------
execution time: 1539736749.8083491 s
-PY0015-111111111111;contacto de
-----------------
execution time: 1539736749.8097832 s
-PY0010-111111111111;contacto de
-----------------
execution time: 1539736749.8111703 s
-PY0022-111111111111;contacto de
-----------------
execution time: 1539736749.812591 s
-PY0005-111111111111;contacto de
-----------------
execution time: 1539736749.8139079 s
-PY0020-111111111111;contacto de
-----------------
execution time: 1539736749.8152757 s
-PY0011-111111111111;contacto de
-----------------
execution time: 1539736749.8166015 s
-PY0008-111111111111;contacto de
-----------------
execution time: 1539736750.103984 s
-PY0007-111111111111;contacto de
-----------------
execution time: 1539736750.3240707 s
-PY0005-111111111111;el tiempo de descarga fue;21.718716621398926
-----------------
execution time: 1539736750.3245478 s
-PY0005-111111111111;es el cliente;14;en terminar
-----------------
execution time: 1539736750.3679903 s
-PY0016-111111111111;contacto de
-----------------
execution time: 1539736750.3720846 s
-PY0001-111111111111;contacto de
-----------------
execution time: 1539736750.3868463 s
-PY0006-111111111111;contacto de
-----------------
execution time: 1539736750.444332 s
-PY0023-111111111111;contacto de
-----------------
execution time: 1539736750.5539284 s
-PY0002-111111111111;contacto de
-----------------
execution time: 1539736750.5755453 s
-PY0010-111111111111;el tiempo de descarga fue;21.814213514328003
-----------------
execution time: 1539736750.5762954 s
-PY0010-111111111111;es el cliente;15;en terminar
-----------------
execution time: 1539736750.6020977 s
-PY0014-111111111111;contacto de
-----------------
execution time: 1539736750.6084712 s
-PY0021-111111111111;contacto de
-----------------
execution time: 1539736750.627956 s
-PY0018-111111111111;contacto de
-----------------
execution time: 1539736750.660033 s
-PY0003-111111111111;el tiempo de descarga fue;22.019781589508057
-----------------
execution time: 1539736750.6604257 s
-PY0003-111111111111;es el cliente;16;en terminar
-----------------
execution time: 1539736750.7390642 s
-PY0004-111111111111;contacto de
-----------------
execution time: 1539736751.0760171 s
-PY0023-111111111111;el tiempo de descarga fue;22.269148111343384
-----------------
execution time: 1539736751.0764475 s
-PY0023-111111111111;es el cliente;17;en terminar
-----------------
execution time: 1539736751.1993904 s
-PY0007-111111111111;el tiempo de descarga fue;22.46417474746704
-----------------
execution time: 1539736751.1996567 s
-PY0007-111111111111;es el cliente;18;en terminar
-----------------
execution time: 1539736753.884056 s
-PY0013-111111111111;contacto de
-----------------
execution time: 1539736753.982774 s
-PY0003-111111111111;contacto de
-----------------
execution time: 1539736754.0639727 s
-PY0009-111111111111;contacto de
-----------------
execution time: 1539736754.072902 s
-PY0019-111111111111;contacto de
-----------------
execution time: 1539736754.0839775 s
-PY0012-111111111111;contacto de
-----------------
execution time: 1539736754.8167908 s
-PY0015-111111111111;contacto de
-----------------
execution time: 1539736754.8188348 s
-PY0010-111111111111;contacto de
-----------------
execution time: 1539736754.8210058 s
-PY0022-111111111111;contacto de
-----------------
execution time: 1539736754.8230321 s
-PY0020-111111111111;contacto de
-----------------
execution time: 1539736754.8250945 s
-PY0011-111111111111;contacto de
-----------------
execution time: 1539736754.8272836 s
-PY0008-111111111111;contacto de
-----------------
execution time: 1539736754.8328435 s
-PY0005-111111111111;contacto de
-----------------
execution time: 1539736754.9373095 s
-PY0017-111111111111;contacto de
-----------------
execution time: 1539736755.1219804 s
-PY0007-111111111111;contacto de
-----------------
execution time: 1539736755.3809166 s
-PY0001-111111111111;contacto de
-----------------
execution time: 1539736755.3836586 s
-PY0016-111111111111;contacto de
-----------------
execution time: 1539736755.3982766 s
-PY0006-111111111111;contacto de
-----------------
execution time: 1539736755.466654 s
-PY0023-111111111111;contacto de
-----------------
execution time: 1539736755.9126089 s
-PY0002-111111111111;contacto de
-----------------
execution time: 1539736755.9181268 s
-PY0014-111111111111;contacto de
-----------------
execution time: 1539736755.9235425 s
-PY0021-111111111111;contacto de
-----------------
execution time: 1539736755.9260044 s
-PY0018-111111111111;contacto de
-----------------
execution time: 1539736755.9284184 s
-PY0018-111111111111;el tiempo de descarga fue;27.009718656539917
-----------------
execution time: 1539736755.9287624 s
-PY0018-111111111111;es el cliente;19;en terminar
-----------------
execution time: 1539736755.9312077 s
-PY0002-111111111111;el tiempo de descarga fue;27.38582134246826
-----------------
execution time: 1539736755.931686 s
-PY0002-111111111111;es el cliente;20;en terminar
-----------------
execution time: 1539736755.9515355 s
-PY0017-111111111111;el tiempo de descarga fue;27.259578704833984
-----------------
execution time: 1539736755.9519103 s
-PY0017-111111111111;es el cliente;21;en terminar
-----------------
execution time: 1539736756.0978007 s
-PY0004-111111111111;contacto de
-----------------
execution time: 1539736757.1446295 s
-PY0004-111111111111;el tiempo de descarga fue;28.542289972305298
-----------------
execution time: 1539736757.1452007 s
-PY0004-111111111111;es el cliente;22;en terminar
-----------------
execution time: 1539736758.8953764 s
-PY0013-111111111111;contacto de
-----------------
execution time: 1539736758.993613 s
-PY0003-111111111111;contacto de
-----------------
execution time: 1539736759.074455 s
-PY0009-111111111111;contacto de
-----------------
execution time: 1539736759.083474 s
-PY0019-111111111111;contacto de
-----------------
execution time: 1539736759.092825 s
-PY0012-111111111111;contacto de
-----------------
execution time: 1539736759.8274565 s
-PY0015-111111111111;contacto de
-----------------
execution time: 1539736759.830241 s
-PY0010-111111111111;contacto de
-----------------
execution time: 1539736759.8336792 s
-PY0022-111111111111;contacto de
-----------------
execution time: 1539736759.836732 s
-PY0020-111111111111;contacto de
-----------------
execution time: 1539736759.839112 s
-PY0011-111111111111;contacto de
-----------------
execution time: 1539736759.8422277 s
-PY0008-111111111111;contacto de
-----------------
execution time: 1539736759.8445826 s
-PY0005-111111111111;contacto de
-----------------
execution time: 1539736759.9488802 s
-PY0017-111111111111;contacto de
-----------------
execution time: 1539736760.1316874 s
-PY0007-111111111111;contacto de
-----------------
execution time: 1539736760.392226 s
-PY0001-111111111111;contacto de
-----------------
execution time: 1539736760.3957129 s
-PY0016-111111111111;contacto de
-----------------
execution time: 1539736760.408705 s
-PY0006-111111111111;contacto de
-----------------
execution time: 1539736760.4767122 s
-PY0023-111111111111;contacto de
-----------------
execution time: 1539736760.9227912 s
-PY0002-111111111111;contacto de
-----------------
execution time: 1539736760.9297483 s
-PY0014-111111111111;contacto de
-----------------
execution time: 1539736760.9331203 s
-PY0021-111111111111;contacto de
-----------------
execution time: 1539736760.9355185 s
-PY0018-111111111111;contacto de
-----------------
execution time: 1539736761.1201324 s
-PY0004-111111111111;contacto de
-----------------
execution time: 1539736763.9060538 s
-PY0013-111111111111;contacto de
-----------------
execution time: 1539736764.0052116 s
-PY0003-111111111111;contacto de
-----------------
execution time: 1539736764.0848386 s
-PY0009-111111111111;contacto de
-----------------
execution time: 1539736764.0940337 s
-PY0019-111111111111;contacto de
-----------------
execution time: 1539736764.102842 s
-PY0012-111111111111;contacto de
-----------------
execution time: 1539736764.8397143 s
-PY0015-111111111111;contacto de
-----------------
execution time: 1539736764.8427956 s
-PY0010-111111111111;contacto de
-----------------
execution time: 1539736764.845422 s
-PY0022-111111111111;contacto de
-----------------
execution time: 1539736764.847684 s
-PY0020-111111111111;contacto de
-----------------
execution time: 1539736764.8516817 s
-PY0011-111111111111;contacto de
-----------------
execution time: 1539736764.8544855 s
-PY0008-111111111111;contacto de
-----------------
execution time: 1539736764.8563218 s
-PY0005-111111111111;contacto de
-----------------
execution time: 1539736764.9571142 s
-PY0017-111111111111;contacto de
-----------------
execution time: 1539736765.1416125 s
-PY0007-111111111111;contacto de
-----------------
execution time: 1539736765.4043548 s
-PY0001-111111111111;contacto de
-----------------
execution time: 1539736765.4093754 s
-PY0016-111111111111;contacto de
-----------------
execution time: 1539736765.4197052 s
-PY0006-111111111111;contacto de
-----------------
execution time: 1539736765.486449 s
-PY0023-111111111111;contacto de
-----------------
execution time: 1539736765.9333446 s
-PY0002-111111111111;contacto de
-----------------
execution time: 1539736765.938974 s
-PY0014-111111111111;contacto de
-----------------
execution time: 1539736765.941901 s
-PY0018-111111111111;contacto de
-----------------
execution time: 1539736765.94428 s
-PY0021-111111111111;contacto de
-----------------
execution time: 1539736766.1296632 s
-PY0004-111111111111;contacto de
-----------------
execution time: 1539736768.9166245 s
-PY0013-111111111111;contacto de
-----------------
execution time: 1539736769.0142384 s
-PY0003-111111111111;contacto de
-----------------
execution time: 1539736769.0937762 s
-PY0009-111111111111;contacto de
-----------------
execution time: 1539736769.1030078 s
-PY0019-111111111111;contacto de
-----------------
execution time: 1539736769.1112716 s
-PY0012-111111111111;contacto de
-----------------
execution time: 1539736769.8490973 s
-PY0010-111111111111;contacto de
-----------------
execution time: 1539736769.8523273 s
-PY0015-111111111111;contacto de
-----------------
execution time: 1539736769.8552923 s
-PY0020-111111111111;contacto de
-----------------
execution time: 1539736769.8572516 s
-PY0022-111111111111;contacto de
-----------------
execution time: 1539736769.8628109 s
-PY0011-111111111111;contacto de
-----------------
execution time: 1539736769.8657773 s
-PY0008-111111111111;contacto de
-----------------
execution time: 1539736769.8678477 s
-PY0005-111111111111;contacto de
-----------------
execution time: 1539736769.9675815 s
-PY0017-111111111111;contacto de
-----------------
execution time: 1539736770.1517642 s
-PY0007-111111111111;contacto de
-----------------
execution time: 1539736770.417528 s
-PY0001-111111111111;contacto de
-----------------
execution time: 1539736770.4217474 s
-PY0016-111111111111;contacto de
-----------------
execution time: 1539736770.431347 s
-PY0006-111111111111;contacto de
-----------------
execution time: 1539736770.496126 s
-PY0023-111111111111;contacto de
-----------------
execution time: 1539736770.9434884 s
-PY0002-111111111111;contacto de
-----------------
execution time: 1539736770.9482458 s
-PY0014-111111111111;contacto de
-----------------
execution time: 1539736770.9513688 s
-PY0018-111111111111;contacto de
-----------------
execution time: 1539736770.953466 s
-PY0021-111111111111;contacto de
-----------------
execution time: 1539736771.1395075 s
-PY0004-111111111111;contacto de
-----------------
execution time: 1539736773.927355 s
-PY0013-111111111111;contacto de
-----------------
execution time: 1539736774.0223432 s
-PY0003-111111111111;contacto de
-----------------
execution time: 1539736774.1026928 s
-PY0009-111111111111;contacto de
-----------------
execution time: 1539736774.1092293 s
-PY0019-111111111111;contacto de
-----------------
execution time: 1539736774.12077 s
-PY0012-111111111111;contacto de
-----------------
