Mon Oct 15 15:58:55 2018
Listening on 157.253.205.65:9010
-----------------
execution time: 1539637135.682552 s
-PY0002-111111111111;contacto de
-----------------
execution time: 1539637135.6839182 s
-PY0002-111111111111;la descarga inicia
-----------------
execution time: 1539637135.705806 s
-PY0003-111111111111;contacto de
-----------------
execution time: 1539637135.7069116 s
-PY0003-111111111111;la descarga inicia
-----------------
execution time: 1539637135.7204041 s
-PY0005-111111111111;contacto de
-----------------
execution time: 1539637135.7213197 s
-PY0005-111111111111;la descarga inicia
-----------------
execution time: 1539637135.842075 s
-PY0004-111111111111;contacto de
-----------------
execution time: 1539637135.8441172 s
-PY0004-111111111111;la descarga inicia
-----------------
execution time: 1539637140.6996229 s
-PY0002-111111111111;contacto de
-----------------
execution time: 1539637140.7235105 s
-PY0003-111111111111;contacto de
-----------------
execution time: 1539637140.7343414 s
-PY0005-111111111111;contacto de
-----------------
execution time: 1539637140.8535159 s
-PY0004-111111111111;contacto de
-----------------
execution time: 1539637141.502104 s
-PY0001-111111111111;contacto de
-----------------
execution time: 1539637141.511463 s
-PY0001-111111111111;la descarga inicia
-----------------
execution time: 1539637145.715593 s
-PY0002-111111111111;contacto de
-----------------
execution time: 1539637145.7437093 s
-PY0003-111111111111;contacto de
-----------------
execution time: 1539637145.744653 s
-PY0005-111111111111;contacto de
-----------------
execution time: 1539637145.8757155 s
-PY0004-111111111111;contacto de
-----------------
execution time: 1539637146.523764 s
-PY0001-111111111111;contacto de
-----------------
execution time: 1539637150.732682 s
-PY0002-111111111111;contacto de
-----------------
execution time: 1539637150.7618322 s
-PY0005-111111111111;contacto de
-----------------
execution time: 1539637150.7628949 s
-PY0003-111111111111;contacto de
-----------------
execution time: 1539637150.8878794 s
-PY0004-111111111111;contacto de
-----------------
execution time: 1539637151.5373764 s
-PY0001-111111111111;contacto de
-----------------
execution time: 1539637155.7561774 s
-PY0002-111111111111;contacto de
-----------------
execution time: 1539637155.7812874 s
-PY0003-111111111111;contacto de
-----------------
execution time: 1539637155.7824726 s
-PY0005-111111111111;contacto de
-----------------
execution time: 1539637155.9040082 s
-PY0004-111111111111;contacto de
-----------------
execution time: 1539637156.5467405 s
-PY0001-111111111111;contacto de
-----------------
execution time: 1539637160.7654443 s
-PY0002-111111111111;contacto de
-----------------
execution time: 1539637160.7976484 s
-PY0003-111111111111;contacto de
-----------------
execution time: 1539637160.830246 s
-PY0005-111111111111;contacto de
-----------------
execution time: 1539637160.9233146 s
-PY0004-111111111111;contacto de
-----------------
execution time: 1539637161.5586467 s
-PY0001-111111111111;contacto de
-----------------
execution time: 1539637165.4242072 s
-PY0003-111111111111;el tiempo de descarga fue;29.717302799224854
-----------------
execution time: 1539637165.4246058 s
-PY0003-111111111111;es el cliente;1;en terminar
-----------------
execution time: 1539637165.5185773 s
-PY0002-111111111111;el tiempo de descarga fue;29.83466625213623
-----------------
execution time: 1539637165.5189657 s
-PY0002-111111111111;es el cliente;2;en terminar
-----------------
execution time: 1539637165.7735875 s
-PY0002-111111111111;contacto de
-----------------
execution time: 1539637165.8114693 s
-PY0003-111111111111;contacto de
-----------------
execution time: 1539637165.9173489 s
-PY0005-111111111111;contacto de
-----------------
execution time: 1539637165.9946074 s
-PY0004-111111111111;contacto de
-----------------
execution time: 1539637166.5671074 s
-PY0001-111111111111;contacto de
-----------------
execution time: 1539637167.6818748 s
-PY0005-111111111111;el tiempo de descarga fue;31.960561990737915
-----------------
execution time: 1539637167.682331 s
-PY0005-111111111111;es el cliente;3;en terminar
-----------------
execution time: 1539637167.775893 s
-PY0004-111111111111;el tiempo de descarga fue;31.931785106658936
-----------------
execution time: 1539637167.776289 s
-PY0004-111111111111;es el cliente;4;en terminar
-----------------
execution time: 1539637170.7822423 s
-PY0002-111111111111;contacto de
-----------------
execution time: 1539637170.8207319 s
-PY0003-111111111111;contacto de
-----------------
execution time: 1539637170.9410295 s
-PY0005-111111111111;contacto de
-----------------
execution time: 1539637171.017591 s
-PY0004-111111111111;contacto de
-----------------
execution time: 1539637171.5765684 s
-PY0001-111111111111;contacto de
-----------------
