Mon Oct 15 15:22:10 2018
Listening on 157.253.205.65:9010
-----------------
execution time: 1539634930.2251658 s
-PY0002-111111111111;contacto de
-----------------
execution time: 1539634930.2260816 s
-PY0002-111111111111;la descarga inicia
-----------------
execution time: 1539634930.2755601 s
-PY0005-111111111111;contacto de
-----------------
execution time: 1539634930.276581 s
-PY0005-111111111111;la descarga inicia
-----------------
execution time: 1539634930.3212929 s
-PY0003-111111111111;contacto de
-----------------
execution time: 1539634930.322224 s
-PY0003-111111111111;la descarga inicia
-----------------
execution time: 1539634930.3840685 s
-PY0004-111111111111;contacto de
-----------------
execution time: 1539634930.3854012 s
-PY0004-111111111111;la descarga inicia
-----------------
execution time: 1539634930.9171796 s
-PY0001-111111111111;contacto de
-----------------
execution time: 1539634930.9180748 s
-PY0001-111111111111;la descarga inicia
-----------------
execution time: 1539634935.2400694 s
-PY0002-111111111111;contacto de
-----------------
execution time: 1539634935.286555 s
-PY0005-111111111111;contacto de
-----------------
execution time: 1539634935.3392422 s
-PY0003-111111111111;contacto de
-----------------
execution time: 1539634935.3955314 s
-PY0004-111111111111;contacto de
-----------------
execution time: 1539634935.921604 s
-PY0001-111111111111;contacto de
-----------------
execution time: 1539634940.2531497 s
-PY0002-111111111111;contacto de
-----------------
execution time: 1539634940.302771 s
-PY0005-111111111111;contacto de
-----------------
execution time: 1539634940.3616467 s
-PY0003-111111111111;contacto de
-----------------
execution time: 1539634940.4146652 s
-PY0004-111111111111;contacto de
-----------------
execution time: 1539634940.9295917 s
-PY0001-111111111111;contacto de
-----------------
execution time: 1539634942.3768601 s
-PY0002-111111111111;el tiempo de descarga fue;12.150785446166992
-----------------
execution time: 1539634942.3772125 s
-PY0002-111111111111;es el cliente;1;en terminar
-----------------
execution time: 1539634942.60204 s
-PY0003-111111111111;el tiempo de descarga fue;12.279822587966919
-----------------
execution time: 1539634942.6023746 s
-PY0003-111111111111;es el cliente;2;en terminar
-----------------
execution time: 1539634942.7044165 s
-PY0005-111111111111;el tiempo de descarga fue;12.427841424942017
-----------------
execution time: 1539634942.7047763 s
-PY0005-111111111111;es el cliente;3;en terminar
-----------------
execution time: 1539634942.7315516 s
-PY0004-111111111111;el tiempo de descarga fue;12.346158266067505
-----------------
execution time: 1539634942.7318633 s
-PY0004-111111111111;es el cliente;4;en terminar
-----------------
execution time: 1539634945.2667727 s
-PY0002-111111111111;contacto de
-----------------
execution time: 1539634945.3186426 s
-PY0005-111111111111;contacto de
-----------------
execution time: 1539634945.374799 s
-PY0003-111111111111;contacto de
-----------------
execution time: 1539634945.4247546 s
-PY0004-111111111111;contacto de
-----------------
execution time: 1539634945.9379342 s
-PY0001-111111111111;contacto de
-----------------
execution time: 1539634950.275334 s
-PY0002-111111111111;contacto de
-----------------
execution time: 1539634950.323837 s
-PY0005-111111111111;contacto de
-----------------
execution time: 1539634950.3829684 s
-PY0003-111111111111;contacto de
-----------------
execution time: 1539634950.433717 s
-PY0004-111111111111;contacto de
-----------------
execution time: 1539634950.9463744 s
-PY0001-111111111111;contacto de
-----------------
