Mon Oct 15 15:51:18 2018
Listening on 157.253.205.65:9010
-----------------
execution time: 1539636678.6173108 s
-PY0003-111111111111;contacto de
-----------------
execution time: 1539636678.6185381 s
-PY0003-111111111111;la descarga inicia
-----------------
execution time: 1539636678.6712353 s
-PY0002-111111111111;contacto de
-----------------
execution time: 1539636678.6722767 s
-PY0002-111111111111;la descarga inicia
-----------------
execution time: 1539636683.6340053 s
-PY0003-111111111111;contacto de
-----------------
execution time: 1539636683.6872764 s
-PY0002-111111111111;contacto de
-----------------
execution time: 1539636684.5722828 s
-PY0001-111111111111;la descarga inicia
-----------------
execution time: 1539636684.583009 s
-PY0001-111111111111;contacto de
-----------------
execution time: 1539636688.6579628 s
-PY0003-111111111111;contacto de
-----------------
execution time: 1539636688.7043502 s
-PY0002-111111111111;contacto de
-----------------
execution time: 1539636689.6245537 s
-PY0001-111111111111;contacto de
-----------------
execution time: 1539636693.6675105 s
-PY0003-111111111111;contacto de
-----------------
execution time: 1539636693.727143 s
-PY0002-111111111111;contacto de
-----------------
execution time: 1539636694.6366346 s
-PY0001-111111111111;contacto de
-----------------
execution time: 1539636698.684876 s
-PY0003-111111111111;contacto de
-----------------
execution time: 1539636698.7472315 s
-PY0002-111111111111;contacto de
-----------------
execution time: 1539636699.646953 s
-PY0001-111111111111;contacto de
-----------------
execution time: 1539636702.5651233 s
-PY0003-111111111111;el tiempo de descarga fue;23.946690320968628
-----------------
execution time: 1539636702.565734 s
-PY0003-111111111111;es el cliente;1;en terminar
-----------------
execution time: 1539636702.5743248 s
-PY0002-111111111111;el tiempo de descarga fue;23.902055263519287
-----------------
execution time: 1539636702.5747762 s
-PY0002-111111111111;es el cliente;2;en terminar
-----------------
execution time: 1539636703.694301 s
-PY0003-111111111111;contacto de
-----------------
execution time: 1539636703.7614415 s
-PY0002-111111111111;contacto de
-----------------
execution time: 1539636704.6560242 s
-PY0001-111111111111;contacto de
-----------------
