Mon Oct 15 15:49:55 2018
Listening on 157.253.205.65:9010
-----------------
execution time: 1539636595.642492 s
-PY0002-111111111111;contacto de
-----------------
execution time: 1539636595.6444123 s
-PY0002-111111111111;la descarga inicia
-----------------
execution time: 1539636595.6498816 s
-PY0003-111111111111;contacto de
-----------------
execution time: 1539636595.6509593 s
-PY0003-111111111111;la descarga inicia
-----------------
execution time: 1539636600.656578 s
-PY0002-111111111111;contacto de
-----------------
execution time: 1539636600.6615274 s
-PY0003-111111111111;contacto de
-----------------
execution time: 1539636601.334671 s
-PY0001-111111111111;la descarga inicia
-----------------
execution time: 1539636601.3401403 s
-PY0001-111111111111;contacto de
-----------------
execution time: 1539636605.6783028 s
-PY0003-111111111111;contacto de
-----------------
execution time: 1539636605.679939 s
-PY0002-111111111111;contacto de
-----------------
execution time: 1539636606.3776767 s
-PY0001-111111111111;contacto de
-----------------
execution time: 1539636610.697061 s
-PY0003-111111111111;contacto de
-----------------
execution time: 1539636610.7005541 s
-PY0002-111111111111;contacto de
-----------------
execution time: 1539636611.3911817 s
-PY0001-111111111111;contacto de
-----------------
execution time: 1539636615.7167811 s
-PY0003-111111111111;contacto de
-----------------
execution time: 1539636615.7197065 s
-PY0002-111111111111;contacto de
-----------------
execution time: 1539636616.4019675 s
-PY0001-111111111111;contacto de
-----------------
execution time: 1539636619.3751874 s
-PY0002-111111111111;el tiempo de descarga fue;23.730786085128784
-----------------
execution time: 1539636619.3756878 s
-PY0002-111111111111;es el cliente;1;en terminar
-----------------
execution time: 1539636619.4096165 s
-PY0003-111111111111;el tiempo de descarga fue;23.758663177490234
-----------------
execution time: 1539636619.4098496 s
-PY0003-111111111111;es el cliente;2;en terminar
-----------------
execution time: 1539636620.7294242 s
-PY0003-111111111111;contacto de
-----------------
execution time: 1539636620.731992 s
-PY0002-111111111111;contacto de
-----------------
execution time: 1539636621.4117908 s
-PY0001-111111111111;contacto de
-----------------
