Mon Oct 15 00:44:58 2018
Listening on 157.253.205.65:None
-----------------
execution time: 1539582298.5764432 s
-PY0002-111111111111;contacto de
-----------------
execution time: 1539582298.577415 s
-PY0002-111111111111;la descarga inicia
-----------------
execution time: 1539582298.9854743 s
-PY0001-111111111111;contacto de
-----------------
execution time: 1539582298.986428 s
-PY0001-111111111111;la descarga inicia
-----------------
execution time: 1539582303.592426 s
-PY0002-111111111111;contacto de
-----------------
execution time: 1539582303.9946527 s
-PY0001-111111111111;contacto de
-----------------
execution time: 1539582306.880425 s
-PY0002-111111111111;el tiempo de descarga fue;8.303017854690552
-----------------
execution time: 1539582308.606714 s
-PY0002-111111111111;contacto de
-----------------
execution time: 1539582308.9996212 s
-PY0001-111111111111;contacto de
-----------------
execution time: 1539582313.6161993 s
-PY0002-111111111111;contacto de
-----------------
execution time: 1539582314.0089545 s
-PY0001-111111111111;contacto de
-----------------
