Mon Oct 15 00:45:56 2018
Listening on 157.253.205.65:None
-----------------
execution time: 1539582357.2945683 s
-PY0002-111111111111;contacto de
-----------------
execution time: 1539582357.2956808 s
-PY0002-111111111111;la descarga inicia
-----------------
execution time: 1539582357.7784731 s
-PY0001-111111111111;contacto de
-----------------
execution time: 1539582357.779353 s
-PY0001-111111111111;la descarga inicia
-----------------
execution time: 1539582362.3122098 s
-PY0002-111111111111;contacto de
-----------------
execution time: 1539582362.786839 s
-PY0001-111111111111;contacto de
-----------------
execution time: 1539582367.326264 s
-PY0002-111111111111;contacto de
-----------------
execution time: 1539582367.79578 s
-PY0001-111111111111;contacto de
-----------------
execution time: 1539582372.335367 s
-PY0002-111111111111;contacto de
-----------------
execution time: 1539582372.804297 s
-PY0001-111111111111;contacto de
-----------------
execution time: 1539582377.344991 s
-PY0002-111111111111;contacto de
-----------------
execution time: 1539582377.8133478 s
-PY0001-111111111111;contacto de
-----------------
execution time: 1539582382.3541803 s
-PY0002-111111111111;contacto de
-----------------
execution time: 1539582382.8221474 s
-PY0001-111111111111;contacto de
-----------------
execution time: 1539582387.3630974 s
-PY0002-111111111111;contacto de
-----------------
execution time: 1539582387.8312275 s
-PY0001-111111111111;contacto de
-----------------
execution time: 1539582392.3721435 s
-PY0002-111111111111;contacto de
-----------------
execution time: 1539582392.8401065 s
-PY0001-111111111111;contacto de
-----------------
execution time: 1539582397.381429 s
-PY0002-111111111111;contacto de
-----------------
execution time: 1539582397.8483229 s
-PY0001-111111111111;contacto de
-----------------
execution time: 1539582402.3908918 s
-PY0002-111111111111;contacto de
-----------------
execution time: 1539582402.8520486 s
-PY0001-111111111111;contacto de
-----------------
execution time: 1539582407.3996553 s
-PY0002-111111111111;contacto de
-----------------
execution time: 1539582407.8610997 s
-PY0001-111111111111;contacto de
-----------------
execution time: 1539582412.410104 s
-PY0002-111111111111;contacto de
-----------------
execution time: 1539582412.8698545 s
-PY0001-111111111111;contacto de
-----------------
execution time: 1539582417.4158146 s
-PY0002-111111111111;contacto de
-----------------
execution time: 1539582417.8790336 s
-PY0001-111111111111;contacto de
-----------------
execution time: 1539582422.4214396 s
-PY0002-111111111111;contacto de
-----------------
execution time: 1539582422.8889134 s
-PY0001-111111111111;contacto de
-----------------
execution time: 1539582427.4302623 s
-PY0002-111111111111;contacto de
-----------------
execution time: 1539582427.8979685 s
-PY0001-111111111111;contacto de
-----------------
execution time: 1539582432.4384625 s
-PY0002-111111111111;contacto de
-----------------
execution time: 1539582432.9068592 s
-PY0001-111111111111;contacto de
-----------------
execution time: 1539582437.4479835 s
-PY0002-111111111111;contacto de
-----------------
execution time: 1539582437.91577 s
-PY0001-111111111111;contacto de
-----------------
execution time: 1539582442.4576595 s
-PY0002-111111111111;contacto de
-----------------
execution time: 1539582442.9246786 s
-PY0001-111111111111;contacto de
-----------------
execution time: 1539582447.4671764 s
-PY0002-111111111111;contacto de
-----------------
execution time: 1539582447.9335773 s
-PY0001-111111111111;contacto de
-----------------
execution time: 1539582452.4759326 s
-PY0002-111111111111;contacto de
-----------------
execution time: 1539582452.942624 s
-PY0001-111111111111;contacto de
-----------------
execution time: 1539582457.4835298 s
-PY0002-111111111111;contacto de
-----------------
execution time: 1539582457.95203 s
-PY0001-111111111111;contacto de
-----------------
execution time: 1539582462.488771 s
-PY0002-111111111111;contacto de
-----------------
execution time: 1539582462.962291 s
-PY0001-111111111111;contacto de
-----------------
execution time: 1539582467.497626 s
-PY0002-111111111111;contacto de
-----------------
execution time: 1539582467.9719477 s
-PY0001-111111111111;contacto de
-----------------
execution time: 1539582472.5068433 s
-PY0002-111111111111;contacto de
-----------------
execution time: 1539582472.9770143 s
-PY0001-111111111111;contacto de
-----------------
execution time: 1539582477.51319 s
-PY0002-111111111111;contacto de
-----------------
execution time: 1539582477.9859612 s
-PY0001-111111111111;contacto de
-----------------
execution time: 1539582482.5211182 s
-PY0002-111111111111;contacto de
-----------------
execution time: 1539582482.9951177 s
-PY0001-111111111111;contacto de
-----------------
execution time: 1539582487.5267932 s
-PY0002-111111111111;contacto de
-----------------
execution time: 1539582488.0037043 s
-PY0001-111111111111;contacto de
-----------------
execution time: 1539582492.5356693 s
-PY0002-111111111111;contacto de
-----------------
execution time: 1539582493.012599 s
-PY0001-111111111111;contacto de
-----------------
execution time: 1539582497.5447323 s
-PY0002-111111111111;contacto de
-----------------
execution time: 1539582498.0215173 s
-PY0001-111111111111;contacto de
-----------------
execution time: 1539582502.553472 s
-PY0002-111111111111;contacto de
-----------------
execution time: 1539582503.0304596 s
-PY0001-111111111111;contacto de
-----------------
execution time: 1539582507.56222 s
-PY0002-111111111111;contacto de
-----------------
execution time: 1539582508.0397596 s
-PY0001-111111111111;contacto de
-----------------
execution time: 1539582512.5710943 s
-PY0002-111111111111;contacto de
-----------------
execution time: 1539582513.0495574 s
-PY0001-111111111111;contacto de
-----------------
execution time: 1539582517.5803192 s
-PY0002-111111111111;contacto de
-----------------
execution time: 1539582518.0589268 s
-PY0001-111111111111;contacto de
-----------------
execution time: 1539582522.5901487 s
-PY0002-111111111111;contacto de
-----------------
execution time: 1539582523.0678985 s
-PY0001-111111111111;contacto de
-----------------
execution time: 1539582527.5973575 s
-PY0002-111111111111;contacto de
-----------------
execution time: 1539582528.0770607 s
-PY0001-111111111111;contacto de
-----------------
execution time: 1539582532.6064444 s
-PY0002-111111111111;contacto de
-----------------
execution time: 1539582533.0861332 s
-PY0001-111111111111;contacto de
-----------------
execution time: 1539582537.6159375 s
-PY0002-111111111111;contacto de
-----------------
execution time: 1539582538.0956335 s
-PY0001-111111111111;contacto de
-----------------
execution time: 1539582542.6262095 s
-PY0002-111111111111;contacto de
-----------------
execution time: 1539582543.1044824 s
-PY0001-111111111111;contacto de
-----------------
execution time: 1539582547.6357405 s
-PY0002-111111111111;contacto de
-----------------
execution time: 1539582548.1127942 s
-PY0001-111111111111;contacto de
-----------------
execution time: 1539582552.6448731 s
-PY0002-111111111111;contacto de
-----------------
execution time: 1539582553.1213474 s
-PY0001-111111111111;contacto de
-----------------
execution time: 1539582557.65407 s
-PY0002-111111111111;contacto de
-----------------
execution time: 1539582558.1301184 s
-PY0001-111111111111;contacto de
-----------------
execution time: 1539582562.66374 s
-PY0002-111111111111;contacto de
-----------------
execution time: 1539582563.1414673 s
-PY0001-111111111111;contacto de
-----------------
execution time: 1539582567.672811 s
-PY0002-111111111111;contacto de
-----------------
execution time: 1539582568.1512384 s
-PY0001-111111111111;contacto de
-----------------
execution time: 1539582572.6822026 s
-PY0002-111111111111;contacto de
-----------------
execution time: 1539582573.1598601 s
-PY0001-111111111111;contacto de
-----------------
execution time: 1539582577.69164 s
-PY0002-111111111111;contacto de
-----------------
execution time: 1539582578.1690283 s
-PY0001-111111111111;contacto de
-----------------
execution time: 1539582582.7012377 s
-PY0002-111111111111;contacto de
-----------------
execution time: 1539582583.178025 s
-PY0001-111111111111;contacto de
-----------------
execution time: 1539582587.7105362 s
-PY0002-111111111111;contacto de
-----------------
execution time: 1539582588.1863391 s
-PY0001-111111111111;contacto de
-----------------
execution time: 1539582592.7199602 s
-PY0002-111111111111;contacto de
-----------------
execution time: 1539582593.1951246 s
-PY0001-111111111111;contacto de
-----------------
execution time: 1539582597.72985 s
-PY0002-111111111111;contacto de
-----------------
execution time: 1539582598.205025 s
-PY0001-111111111111;contacto de
-----------------
execution time: 1539582602.7399054 s
-PY0002-111111111111;contacto de
-----------------
execution time: 1539582603.2135096 s
-PY0001-111111111111;contacto de
-----------------
execution time: 1539582607.7493565 s
-PY0002-111111111111;contacto de
-----------------
execution time: 1539582608.2223272 s
-PY0001-111111111111;contacto de
-----------------
execution time: 1539582612.7582238 s
-PY0002-111111111111;contacto de
-----------------
execution time: 1539582613.2310371 s
-PY0001-111111111111;contacto de
-----------------
execution time: 1539582617.7682939 s
-PY0002-111111111111;contacto de
-----------------
execution time: 1539582618.2392879 s
-PY0001-111111111111;contacto de
-----------------
execution time: 1539582622.777407 s
-PY0002-111111111111;contacto de
-----------------
execution time: 1539582623.2477186 s
-PY0001-111111111111;contacto de
-----------------
execution time: 1539582627.7867887 s
-PY0002-111111111111;contacto de
-----------------
execution time: 1539582628.25568 s
-PY0001-111111111111;contacto de
-----------------
execution time: 1539582632.7961109 s
-PY0002-111111111111;contacto de
-----------------
execution time: 1539582633.2638218 s
-PY0001-111111111111;contacto de
-----------------
