Mon Oct 15 15:36:40 2018
Listening on 157.253.205.65:9010
-----------------
execution time: 1539635801.044272 s
-PY0002-111111111111;contacto de
-----------------
execution time: 1539635801.045665 s
-PY0002-111111111111;la descarga inicia
-----------------
execution time: 1539635801.0677593 s
-PY0009-111111111111;contacto de
-----------------
execution time: 1539635801.068714 s
-PY0009-111111111111;la descarga inicia
-----------------
execution time: 1539635801.0708892 s
-PY0007-111111111111;contacto de
-----------------
execution time: 1539635801.0718307 s
-PY0007-111111111111;la descarga inicia
-----------------
execution time: 1539635801.0767074 s
-PY0006-111111111111;contacto de
-----------------
execution time: 1539635801.0776803 s
-PY0003-111111111111;contacto de
-----------------
execution time: 1539635801.0786386 s
-PY0006-111111111111;la descarga inicia
-----------------
execution time: 1539635801.07979 s
-PY0003-111111111111;la descarga inicia
-----------------
execution time: 1539635801.0890343 s
-PY0005-111111111111;contacto de
-----------------
execution time: 1539635801.0901701 s
-PY0005-111111111111;la descarga inicia
-----------------
execution time: 1539635801.0997355 s
-PY0010-111111111111;contacto de
-----------------
execution time: 1539635801.1006706 s
-PY0010-111111111111;la descarga inicia
-----------------
execution time: 1539635801.1313086 s
-PY0008-111111111111;contacto de
-----------------
execution time: 1539635801.1322591 s
-PY0008-111111111111;la descarga inicia
-----------------
execution time: 1539635801.2367184 s
-PY0004-111111111111;contacto de
-----------------
execution time: 1539635801.237854 s
-PY0004-111111111111;la descarga inicia
-----------------
execution time: 1539635801.895331 s
-PY0001-111111111111;contacto de
-----------------
execution time: 1539635801.8968444 s
-PY0001-111111111111;la descarga inicia
-----------------
execution time: 1539635806.061228 s
-PY0002-111111111111;contacto de
-----------------
execution time: 1539635806.081309 s
-PY0009-111111111111;contacto de
-----------------
execution time: 1539635806.082342 s
-PY0007-111111111111;contacto de
-----------------
execution time: 1539635806.0857828 s
-PY0003-111111111111;contacto de
-----------------
execution time: 1539635806.0871375 s
-PY0006-111111111111;contacto de
-----------------
execution time: 1539635806.0968575 s
-PY0005-111111111111;contacto de
-----------------
execution time: 1539635806.1074455 s
-PY0010-111111111111;contacto de
-----------------
execution time: 1539635806.1380706 s
-PY0008-111111111111;contacto de
-----------------
execution time: 1539635806.2463136 s
-PY0004-111111111111;contacto de
-----------------
execution time: 1539635806.9082658 s
-PY0001-111111111111;contacto de
-----------------
execution time: 1539635811.0746808 s
-PY0002-111111111111;contacto de
-----------------
execution time: 1539635811.091818 s
-PY0007-111111111111;contacto de
-----------------
execution time: 1539635811.0988758 s
-PY0003-111111111111;contacto de
-----------------
execution time: 1539635811.0998013 s
-PY0009-111111111111;contacto de
-----------------
execution time: 1539635811.1049325 s
-PY0006-111111111111;contacto de
-----------------
execution time: 1539635811.106077 s
-PY0005-111111111111;contacto de
-----------------
execution time: 1539635811.1152704 s
-PY0010-111111111111;contacto de
-----------------
execution time: 1539635811.1504025 s
-PY0008-111111111111;contacto de
-----------------
execution time: 1539635811.2538588 s
-PY0004-111111111111;contacto de
-----------------
execution time: 1539635811.9274964 s
-PY0001-111111111111;contacto de
-----------------
execution time: 1539635816.0823321 s
-PY0002-111111111111;contacto de
-----------------
execution time: 1539635816.1008153 s
-PY0007-111111111111;contacto de
-----------------
execution time: 1539635816.1051247 s
-PY0003-111111111111;contacto de
-----------------
execution time: 1539635816.1093485 s
-PY0009-111111111111;contacto de
-----------------
execution time: 1539635816.114835 s
-PY0005-111111111111;contacto de
-----------------
execution time: 1539635816.1239269 s
-PY0006-111111111111;contacto de
-----------------
execution time: 1539635816.125069 s
-PY0010-111111111111;contacto de
-----------------
execution time: 1539635816.1588135 s
-PY0008-111111111111;contacto de
-----------------
execution time: 1539635816.2652693 s
-PY0004-111111111111;contacto de
-----------------
execution time: 1539635816.9442286 s
-PY0001-111111111111;contacto de
-----------------
execution time: 1539635821.125913 s
-PY0002-111111111111;contacto de
-----------------
execution time: 1539635821.136349 s
-PY0007-111111111111;contacto de
-----------------
execution time: 1539635821.213028 s
-PY0009-111111111111;contacto de
-----------------
execution time: 1539635821.2144568 s
-PY0003-111111111111;contacto de
-----------------
execution time: 1539635821.2411435 s
-PY0006-111111111111;contacto de
-----------------
execution time: 1539635821.2421465 s
-PY0005-111111111111;contacto de
-----------------
execution time: 1539635821.2431164 s
-PY0008-111111111111;contacto de
-----------------
execution time: 1539635821.3606684 s
-PY0010-111111111111;contacto de
-----------------
execution time: 1539635821.3767188 s
-PY0004-111111111111;contacto de
-----------------
execution time: 1539635821.6452289 s
-PY0003-111111111111;el tiempo de descarga fue;20.5654456615448
-----------------
execution time: 1539635821.645612 s
-PY0003-111111111111;es el cliente;1;en terminar
-----------------
execution time: 1539635821.9528081 s
-PY0001-111111111111;contacto de
-----------------
execution time: 1539635822.0535216 s
-PY0007-111111111111;el tiempo de descarga fue;20.98169732093811
-----------------
execution time: 1539635822.0538056 s
-PY0007-111111111111;es el cliente;2;en terminar
-----------------
execution time: 1539635822.122096 s
-PY0010-111111111111;el tiempo de descarga fue;21.02143168449402
-----------------
execution time: 1539635822.12236 s
-PY0010-111111111111;es el cliente;3;en terminar
-----------------
execution time: 1539635822.2424083 s
-PY0008-111111111111;el tiempo de descarga fue;21.110155820846558
-----------------
execution time: 1539635822.2427192 s
-PY0008-111111111111;es el cliente;4;en terminar
-----------------
execution time: 1539635822.3342028 s
-PY0002-111111111111;el tiempo de descarga fue;21.288544178009033
-----------------
execution time: 1539635822.3345366 s
-PY0002-111111111111;es el cliente;5;en terminar
-----------------
execution time: 1539635822.3739424 s
-PY0009-111111111111;el tiempo de descarga fue;21.30523419380188
-----------------
execution time: 1539635822.3744113 s
-PY0009-111111111111;es el cliente;6;en terminar
-----------------
execution time: 1539635822.5677965 s
-PY0006-111111111111;el tiempo de descarga fue;21.489165782928467
-----------------
execution time: 1539635822.5681655 s
-PY0006-111111111111;es el cliente;7;en terminar
-----------------
execution time: 1539635822.616167 s
-PY0005-111111111111;el tiempo de descarga fue;21.52600598335266
-----------------
execution time: 1539635822.6166177 s
-PY0005-111111111111;es el cliente;8;en terminar
-----------------
execution time: 1539635823.0145576 s
-PY0004-111111111111;el tiempo de descarga fue;21.776712894439697
-----------------
execution time: 1539635823.014948 s
-PY0004-111111111111;es el cliente;9;en terminar
-----------------
execution time: 1539635826.164312 s
-PY0002-111111111111;contacto de
-----------------
execution time: 1539635826.2120996 s
-PY0007-111111111111;contacto de
-----------------
execution time: 1539635826.2556744 s
-PY0005-111111111111;contacto de
-----------------
execution time: 1539635826.2636049 s
-PY0008-111111111111;contacto de
-----------------
execution time: 1539635826.2837946 s
-PY0003-111111111111;contacto de
-----------------
execution time: 1539635826.2951672 s
-PY0009-111111111111;contacto de
-----------------
execution time: 1539635826.3167646 s
-PY0006-111111111111;contacto de
-----------------
execution time: 1539635826.3833942 s
-PY0010-111111111111;contacto de
-----------------
execution time: 1539635826.3963072 s
-PY0004-111111111111;contacto de
-----------------
execution time: 1539635826.9617887 s
-PY0001-111111111111;contacto de
-----------------
