Mon Oct 15 15:45:03 2018
Listening on 157.253.205.65:9010
-----------------
execution time: 1539636304.0972998 s
-PY0002-111111111111;contacto de
-----------------
execution time: 1539636304.0993576 s
-PY0002-111111111111;la descarga inicia
-----------------
execution time: 1539636309.115003 s
-PY0002-111111111111;contacto de
-----------------
execution time: 1539636310.3257034 s
-PY0001-111111111111;contacto de
-----------------
execution time: 1539636310.3356268 s
-PY0001-111111111111;la descarga inicia
-----------------
execution time: 1539636314.1350996 s
-PY0002-111111111111;contacto de
-----------------
execution time: 1539636315.3528705 s
-PY0001-111111111111;contacto de
-----------------
execution time: 1539636319.1492872 s
-PY0002-111111111111;contacto de
-----------------
execution time: 1539636320.3613653 s
-PY0001-111111111111;contacto de
-----------------
execution time: 1539636324.1683402 s
-PY0002-111111111111;contacto de
-----------------
execution time: 1539636325.3709643 s
-PY0001-111111111111;contacto de
-----------------
execution time: 1539636326.2755432 s
-PY0002-111111111111;el tiempo de descarga fue;22.176192045211792
-----------------
execution time: 1539636326.2760198 s
-PY0002-111111111111;es el cliente;1;en terminar
-----------------
execution time: 1539636329.1779325 s
-PY0002-111111111111;contacto de
-----------------
execution time: 1539636330.3793845 s
-PY0001-111111111111;contacto de
-----------------
