Mon Oct 15 15:27:02 2018
Listening on 157.253.205.65:9010
-----------------
execution time: 1539635222.859038 s
-PY0002-111111111111;contacto de
-----------------
execution time: 1539635222.8603697 s
-PY0002-111111111111;la descarga inicia
-----------------
execution time: 1539635222.8671389 s
-PY0003-111111111111;contacto de
-----------------
execution time: 1539635222.8680446 s
-PY0003-111111111111;la descarga inicia
-----------------
execution time: 1539635222.8745153 s
-PY0005-111111111111;contacto de
-----------------
execution time: 1539635222.8756356 s
-PY0005-111111111111;la descarga inicia
-----------------
execution time: 1539635223.0223215 s
-PY0004-111111111111;contacto de
-----------------
execution time: 1539635223.023496 s
-PY0004-111111111111;la descarga inicia
-----------------
execution time: 1539635223.1343524 s
-PY0001-111111111111;contacto de
-----------------
execution time: 1539635223.1355646 s
-PY0001-111111111111;la descarga inicia
-----------------
execution time: 1539635227.8715632 s
-PY0002-111111111111;contacto de
-----------------
execution time: 1539635227.882414 s
-PY0003-111111111111;contacto de
-----------------
execution time: 1539635227.8893344 s
-PY0005-111111111111;contacto de
-----------------
execution time: 1539635228.0273104 s
-PY0004-111111111111;contacto de
-----------------
execution time: 1539635228.1410155 s
-PY0001-111111111111;contacto de
-----------------
execution time: 1539635233.0895894 s
-PY0002-111111111111;contacto de
-----------------
execution time: 1539635233.0907962 s
-PY0005-111111111111;contacto de
-----------------
execution time: 1539635233.0919013 s
-PY0003-111111111111;contacto de
-----------------
execution time: 1539635233.0931568 s
-PY0004-111111111111;contacto de
-----------------
execution time: 1539635233.149625 s
-PY0001-111111111111;contacto de
-----------------
execution time: 1539635235.911162 s
-PY0003-111111111111;el tiempo de descarga fue;13.043124437332153
-----------------
execution time: 1539635235.9116213 s
-PY0003-111111111111;es el cliente;1;en terminar
-----------------
execution time: 1539635238.100547 s
-PY0003-111111111111;contacto de
-----------------
execution time: 1539635238.1343496 s
-PY0002-111111111111;contacto de
-----------------
execution time: 1539635238.1461868 s
-PY0005-111111111111;contacto de
-----------------
execution time: 1539635238.1557107 s
-PY0001-111111111111;contacto de
-----------------
execution time: 1539635238.2028677 s
-PY0004-111111111111;contacto de
-----------------
execution time: 1539635238.2047598 s
-PY0005-111111111111;el tiempo de descarga fue;15.32913327217102
-----------------
execution time: 1539635238.2051313 s
-PY0005-111111111111;es el cliente;2;en terminar
-----------------
execution time: 1539635238.2782571 s
-PY0004-111111111111;el tiempo de descarga fue;15.25476861000061
-----------------
execution time: 1539635238.278615 s
-PY0004-111111111111;es el cliente;3;en terminar
-----------------
execution time: 1539635238.4042227 s
-PY0002-111111111111;el tiempo de descarga fue;15.543858766555786
-----------------
execution time: 1539635238.4045427 s
-PY0002-111111111111;es el cliente;4;en terminar
-----------------
execution time: 1539635243.1093976 s
-PY0003-111111111111;contacto de
-----------------
execution time: 1539635243.1564078 s
-PY0005-111111111111;contacto de
-----------------
execution time: 1539635243.157945 s
-PY0002-111111111111;contacto de
-----------------
execution time: 1539635243.1635866 s
-PY0001-111111111111;contacto de
-----------------
execution time: 1539635243.237633 s
-PY0004-111111111111;contacto de
-----------------
execution time: 1539635248.1181111 s
-PY0003-111111111111;contacto de
-----------------
execution time: 1539635248.1650531 s
-PY0005-111111111111;contacto de
-----------------
execution time: 1539635248.1661134 s
-PY0002-111111111111;contacto de
-----------------
execution time: 1539635248.1720788 s
-PY0001-111111111111;contacto de
-----------------
execution time: 1539635248.2479851 s
-PY0004-111111111111;contacto de
-----------------
