Mon Oct 15 15:55:24 2018
Listening on 157.253.205.65:9010
-----------------
execution time: 1539636924.9753559 s
-PY0002-111111111111;contacto de
-----------------
execution time: 1539636924.9768214 s
-PY0002-111111111111;la descarga inicia
-----------------
execution time: 1539636924.9879296 s
-PY0003-111111111111;contacto de
-----------------
execution time: 1539636924.988776 s
-PY0003-111111111111;la descarga inicia
-----------------
execution time: 1539636925.1329312 s
-PY0004-111111111111;contacto de
-----------------
execution time: 1539636925.133894 s
-PY0004-111111111111;la descarga inicia
-----------------
execution time: 1539636929.9924157 s
-PY0002-111111111111;contacto de
-----------------
execution time: 1539636930.0043664 s
-PY0003-111111111111;contacto de
-----------------
execution time: 1539636930.144771 s
-PY0004-111111111111;contacto de
-----------------
execution time: 1539636931.0500154 s
-PY0001-111111111111;contacto de
-----------------
execution time: 1539636931.059517 s
-PY0001-111111111111;la descarga inicia
-----------------
execution time: 1539636935.0128498 s
-PY0002-111111111111;contacto de
-----------------
execution time: 1539636935.0232143 s
-PY0003-111111111111;contacto de
-----------------
execution time: 1539636935.166907 s
-PY0004-111111111111;contacto de
-----------------
execution time: 1539636936.0816638 s
-PY0001-111111111111;contacto de
-----------------
execution time: 1539636940.0289538 s
-PY0002-111111111111;contacto de
-----------------
execution time: 1539636940.041115 s
-PY0003-111111111111;contacto de
-----------------
execution time: 1539636940.1959069 s
-PY0004-111111111111;contacto de
-----------------
execution time: 1539636941.1100292 s
-PY0001-111111111111;contacto de
-----------------
execution time: 1539636945.0566936 s
-PY0002-111111111111;contacto de
-----------------
execution time: 1539636945.0740008 s
-PY0003-111111111111;contacto de
-----------------
execution time: 1539636945.2191124 s
-PY0004-111111111111;contacto de
-----------------
execution time: 1539636946.1265152 s
-PY0001-111111111111;contacto de
-----------------
execution time: 1539636950.094045 s
-PY0002-111111111111;contacto de
-----------------
execution time: 1539636950.0978482 s
-PY0003-111111111111;contacto de
-----------------
execution time: 1539636950.2408755 s
-PY0004-111111111111;contacto de
-----------------
execution time: 1539636951.1361089 s
-PY0001-111111111111;contacto de
-----------------
execution time: 1539636955.0470247 s
-PY0003-111111111111;el tiempo de descarga fue;30.058340072631836
-----------------
execution time: 1539636955.0474222 s
-PY0003-111111111111;es el cliente;1;en terminar
-----------------
execution time: 1539636955.1296396 s
-PY0002-111111111111;contacto de
-----------------
execution time: 1539636955.1309197 s
-PY0003-111111111111;contacto de
-----------------
execution time: 1539636955.2573757 s
-PY0004-111111111111;contacto de
-----------------
execution time: 1539636955.2592294 s
-PY0004-111111111111;el tiempo de descarga fue;30.12534236907959
-----------------
execution time: 1539636955.2594743 s
-PY0004-111111111111;es el cliente;2;en terminar
-----------------
execution time: 1539636955.2698023 s
-PY0002-111111111111;el tiempo de descarga fue;30.292988061904907
-----------------
execution time: 1539636955.2699838 s
-PY0002-111111111111;es el cliente;3;en terminar
-----------------
execution time: 1539636956.144638 s
-PY0001-111111111111;contacto de
-----------------
execution time: 1539636960.139094 s
-PY0003-111111111111;contacto de
-----------------
execution time: 1539636960.1816292 s
-PY0002-111111111111;contacto de
-----------------
execution time: 1539636960.2643123 s
-PY0004-111111111111;contacto de
-----------------
execution time: 1539636961.1531742 s
-PY0001-111111111111;contacto de
-----------------
