Mon Oct 15 16:02:15 2018
Listening on 157.253.205.65:9010
-----------------
execution time: 1539637335.563369 s
-PY0003-111111111111;contacto de
-----------------
execution time: 1539637335.5644755 s
-PY0003-111111111111;la descarga inicia
-----------------
execution time: 1539637335.5737057 s
-PY0005-111111111111;contacto de
-----------------
execution time: 1539637335.5746973 s
-PY0005-111111111111;la descarga inicia
-----------------
execution time: 1539637335.60205 s
-PY0002-111111111111;contacto de
-----------------
execution time: 1539637335.6031892 s
-PY0002-111111111111;la descarga inicia
-----------------
execution time: 1539637335.6919858 s
-PY0004-111111111111;contacto de
-----------------
execution time: 1539637335.6936018 s
-PY0004-111111111111;la descarga inicia
-----------------
execution time: 1539637340.574221 s
-PY0003-111111111111;contacto de
-----------------
execution time: 1539637340.585972 s
-PY0005-111111111111;contacto de
-----------------
execution time: 1539637340.610799 s
-PY0002-111111111111;contacto de
-----------------
execution time: 1539637340.7055948 s
-PY0004-111111111111;contacto de
-----------------
execution time: 1539637342.1555855 s
-PY0001-111111111111;contacto de
-----------------
execution time: 1539637342.165788 s
-PY0001-111111111111;la descarga inicia
-----------------
execution time: 1539637345.5903819 s
-PY0003-111111111111;contacto de
-----------------
execution time: 1539637345.6022213 s
-PY0005-111111111111;contacto de
-----------------
execution time: 1539637345.6276011 s
-PY0002-111111111111;contacto de
-----------------
execution time: 1539637345.7269406 s
-PY0004-111111111111;contacto de
-----------------
execution time: 1539637347.1888282 s
-PY0001-111111111111;contacto de
-----------------
execution time: 1539637350.6039896 s
-PY0003-111111111111;contacto de
-----------------
execution time: 1539637350.6152833 s
-PY0005-111111111111;contacto de
-----------------
execution time: 1539637350.639577 s
-PY0002-111111111111;contacto de
-----------------
execution time: 1539637350.740536 s
-PY0004-111111111111;contacto de
-----------------
execution time: 1539637352.207373 s
-PY0001-111111111111;contacto de
-----------------
execution time: 1539637355.6286833 s
-PY0003-111111111111;contacto de
-----------------
execution time: 1539637355.6299434 s
-PY0005-111111111111;contacto de
-----------------
execution time: 1539637355.6482852 s
-PY0002-111111111111;contacto de
-----------------
execution time: 1539637355.7558923 s
-PY0004-111111111111;contacto de
-----------------
execution time: 1539637357.2226312 s
-PY0001-111111111111;contacto de
-----------------
execution time: 1539637360.6399684 s
-PY0003-111111111111;contacto de
-----------------
execution time: 1539637360.6478019 s
-PY0005-111111111111;contacto de
-----------------
execution time: 1539637360.6662 s
-PY0002-111111111111;contacto de
-----------------
execution time: 1539637360.7682307 s
-PY0004-111111111111;contacto de
-----------------
execution time: 1539637362.2344408 s
-PY0001-111111111111;contacto de
-----------------
execution time: 1539637363.4143336 s
-PY0003-111111111111;el tiempo de descarga fue;27.849864721298218
-----------------
execution time: 1539637363.4148161 s
-PY0003-111111111111;es el cliente;1;en terminar
-----------------
execution time: 1539637363.4363387 s
-PY0004-111111111111;el tiempo de descarga fue;27.74274492263794
-----------------
execution time: 1539637363.436693 s
-PY0004-111111111111;es el cliente;2;en terminar
-----------------
execution time: 1539637363.494372 s
-PY0005-111111111111;el tiempo de descarga fue;27.919803619384766
-----------------
execution time: 1539637363.4947307 s
-PY0005-111111111111;es el cliente;3;en terminar
-----------------
execution time: 1539637363.599782 s
-PY0002-111111111111;el tiempo de descarga fue;27.996599912643433
-----------------
execution time: 1539637363.6001544 s
-PY0002-111111111111;es el cliente;4;en terminar
-----------------
execution time: 1539637365.6531696 s
-PY0003-111111111111;contacto de
-----------------
execution time: 1539637365.6558795 s
-PY0005-111111111111;contacto de
-----------------
execution time: 1539637365.6774762 s
-PY0002-111111111111;contacto de
-----------------
execution time: 1539637365.78041 s
-PY0004-111111111111;contacto de
-----------------
execution time: 1539637367.2428565 s
-PY0001-111111111111;contacto de
-----------------
