Tue Oct 16 19:41:44 2018
Listening on 157.253.205.65:9010
-----------------
execution time: 1539736906.6862965 s
-PY0001-111111111111;contacto de
-----------------
execution time: 1539736906.6876676 s
-PY0001-111111111111;la descarga inicia
-----------------
execution time: 1539736911.6915483 s
-PY0001-111111111111;contacto de
-----------------
execution time: 1539736913.488082 s
-PY0006-111111111111;contacto de
-----------------
execution time: 1539736913.4899297 s
-PY0006-111111111111;la descarga inicia
-----------------
execution time: 1539736913.4999697 s
-PY0005-111111111111;contacto de
-----------------
execution time: 1539736913.5008957 s
-PY0005-111111111111;la descarga inicia
-----------------
execution time: 1539736913.5155833 s
-PY0004-111111111111;contacto de
-----------------
execution time: 1539736913.516916 s
-PY0004-111111111111;la descarga inicia
-----------------
execution time: 1539736913.5210207 s
-PY0002-111111111111;contacto de
-----------------
execution time: 1539736913.5222504 s
-PY0002-111111111111;la descarga inicia
-----------------
execution time: 1539736913.5270932 s
-PY0003-111111111111;contacto de
-----------------
execution time: 1539736913.5281494 s
-PY0003-111111111111;la descarga inicia
-----------------
execution time: 1539736913.5596135 s
-PY0012-111111111111;contacto de
-----------------
execution time: 1539736913.5619268 s
-PY0012-111111111111;la descarga inicia
-----------------
execution time: 1539736913.5661495 s
-PY0007-111111111111;contacto de
-----------------
execution time: 1539736913.5683477 s
-PY0007-111111111111;la descarga inicia
-----------------
execution time: 1539736913.5695975 s
-PY0010-111111111111;contacto de
-----------------
execution time: 1539736913.5710616 s
-PY0014-111111111111;contacto de
-----------------
execution time: 1539736913.5725758 s
-PY0010-111111111111;la descarga inicia
-----------------
execution time: 1539736913.5742352 s
-PY0014-111111111111;la descarga inicia
-----------------
execution time: 1539736913.5750802 s
-PY0013-111111111111;contacto de
-----------------
execution time: 1539736913.5779293 s
-PY0013-111111111111;la descarga inicia
-----------------
execution time: 1539736913.580415 s
-PY0011-111111111111;contacto de
-----------------
execution time: 1539736913.5823743 s
-PY0011-111111111111;la descarga inicia
-----------------
execution time: 1539736913.5868664 s
-PY0017-111111111111;contacto de
-----------------
execution time: 1539736913.5890114 s
-PY0017-111111111111;la descarga inicia
-----------------
execution time: 1539736913.5904899 s
-PY0009-111111111111;contacto de
-----------------
execution time: 1539736913.5919154 s
-PY0009-111111111111;la descarga inicia
-----------------
execution time: 1539736913.6296158 s
-PY0015-111111111111;contacto de
-----------------
execution time: 1539736913.6323342 s
-PY0015-111111111111;la descarga inicia
-----------------
execution time: 1539736913.6399782 s
-PY0018-111111111111;contacto de
-----------------
execution time: 1539736913.642273 s
-PY0018-111111111111;la descarga inicia
-----------------
execution time: 1539736913.6508307 s
-PY0020-111111111111;contacto de
-----------------
execution time: 1539736913.6529477 s
-PY0020-111111111111;la descarga inicia
-----------------
execution time: 1539736913.6548536 s
-PY0021-111111111111;contacto de
-----------------
execution time: 1539736913.6566103 s
-PY0021-111111111111;la descarga inicia
-----------------
execution time: 1539736913.6613874 s
-PY0023-111111111111;contacto de
-----------------
execution time: 1539736913.6655781 s
-PY0022-111111111111;contacto de
-----------------
execution time: 1539736913.667271 s
-PY0022-111111111111;la descarga inicia
-----------------
execution time: 1539736913.7104769 s
-PY0019-111111111111;contacto de
-----------------
execution time: 1539736913.712299 s
-PY0019-111111111111;la descarga inicia
-----------------
execution time: 1539736913.7189212 s
-PY0008-111111111111;contacto de
-----------------
execution time: 1539736913.721399 s
-PY0008-111111111111;la descarga inicia
-----------------
execution time: 1539736913.8065896 s
-PY0016-111111111111;contacto de
-----------------
execution time: 1539736913.808688 s
-PY0016-111111111111;la descarga inicia
-----------------
execution time: 1539736914.662207 s
-PY0023-111111111111;la descarga inicia
-----------------
execution time: 1539736916.7092237 s
-PY0001-111111111111;contacto de
-----------------
execution time: 1539736918.5060782 s
-PY0006-111111111111;contacto de
-----------------
execution time: 1539736918.508633 s
-PY0005-111111111111;contacto de
-----------------
execution time: 1539736918.5301182 s
-PY0004-111111111111;contacto de
-----------------
execution time: 1539736918.534237 s
-PY0002-111111111111;contacto de
-----------------
execution time: 1539736918.5382836 s
-PY0003-111111111111;contacto de
-----------------
execution time: 1539736918.5644383 s
-PY0012-111111111111;contacto de
-----------------
execution time: 1539736918.579021 s
-PY0007-111111111111;contacto de
-----------------
execution time: 1539736918.5847943 s
-PY0010-111111111111;contacto de
-----------------
execution time: 1539736918.587529 s
-PY0014-111111111111;contacto de
-----------------
execution time: 1539736918.5896556 s
-PY0013-111111111111;contacto de
-----------------
execution time: 1539736918.5910232 s
-PY0011-111111111111;contacto de
-----------------
execution time: 1539736918.5951383 s
-PY0017-111111111111;contacto de
-----------------
execution time: 1539736918.599275 s
-PY0009-111111111111;contacto de
-----------------
execution time: 1539736918.637684 s
-PY0015-111111111111;contacto de
-----------------
execution time: 1539736918.6491342 s
-PY0018-111111111111;contacto de
-----------------
execution time: 1539736918.6612532 s
-PY0020-111111111111;contacto de
-----------------
execution time: 1539736918.6641457 s
-PY0021-111111111111;contacto de
-----------------
execution time: 1539736918.670526 s
-PY0023-111111111111;contacto de
-----------------
execution time: 1539736918.6870308 s
-PY0022-111111111111;contacto de
-----------------
execution time: 1539736918.7165353 s
-PY0019-111111111111;contacto de
-----------------
execution time: 1539736918.7256792 s
-PY0008-111111111111;contacto de
-----------------
execution time: 1539736918.8145928 s
-PY0016-111111111111;contacto de
-----------------
execution time: 1539736921.9375658 s
-PY0001-111111111111;contacto de
-----------------
execution time: 1539736923.544781 s
-PY0005-111111111111;contacto de
-----------------
execution time: 1539736923.5566623 s
-PY0003-111111111111;contacto de
-----------------
execution time: 1539736923.5592756 s
-PY0002-111111111111;contacto de
-----------------
execution time: 1539736923.6390886 s
-PY0004-111111111111;contacto de
-----------------
execution time: 1539736923.6417942 s
-PY0014-111111111111;contacto de
-----------------
execution time: 1539736923.645562 s
-PY0017-111111111111;contacto de
-----------------
execution time: 1539736923.64965 s
-PY0011-111111111111;contacto de
-----------------
execution time: 1539736923.6532652 s
-PY0012-111111111111;contacto de
-----------------
execution time: 1539736923.656638 s
-PY0009-111111111111;contacto de
-----------------
execution time: 1539736923.6940632 s
-PY0015-111111111111;contacto de
-----------------
execution time: 1539736923.6961076 s
-PY0013-111111111111;contacto de
-----------------
execution time: 1539736923.6981072 s
-PY0018-111111111111;contacto de
-----------------
execution time: 1539736923.7586424 s
-PY0021-111111111111;contacto de
-----------------
execution time: 1539736923.7812536 s
-PY0023-111111111111;contacto de
-----------------
execution time: 1539736923.7827635 s
-PY0019-111111111111;contacto de
-----------------
execution time: 1539736923.8086648 s
-PY0008-111111111111;contacto de
-----------------
execution time: 1539736923.8100145 s
-PY0020-111111111111;contacto de
-----------------
execution time: 1539736923.8117738 s
-PY0022-111111111111;contacto de
-----------------
execution time: 1539736923.9924731 s
-PY0007-111111111111;contacto de
-----------------
execution time: 1539736923.994809 s
-PY0016-111111111111;contacto de
-----------------
execution time: 1539736924.5726273 s
-PY0006-111111111111;contacto de
-----------------
execution time: 1539736924.657307 s
-PY0010-111111111111;contacto de
-----------------
execution time: 1539736926.950474 s
-PY0001-111111111111;contacto de
-----------------
execution time: 1539736927.3857903 s
-PY0018-111111111111;el tiempo de descarga fue;13.743527889251709
-----------------
execution time: 1539736927.3862293 s
-PY0018-111111111111;es el cliente;1;en terminar
-----------------
execution time: 1539736927.9611595 s
-PY0009-111111111111;el tiempo de descarga fue;14.369252681732178
-----------------
execution time: 1539736927.9617386 s
-PY0009-111111111111;es el cliente;2;en terminar
-----------------
execution time: 1539736927.9655087 s
-PY0006-111111111111;el tiempo de descarga fue;14.475586891174316
-----------------
execution time: 1539736927.9661984 s
-PY0006-111111111111;es el cliente;3;en terminar
-----------------
execution time: 1539736928.228722 s
-PY0011-111111111111;el tiempo de descarga fue;14.646356582641602
-----------------
execution time: 1539736928.2291446 s
-PY0011-111111111111;es el cliente;4;en terminar
-----------------
execution time: 1539736928.2943408 s
-PY0020-111111111111;el tiempo de descarga fue;14.641400575637817
-----------------
execution time: 1539736928.2946944 s
-PY0020-111111111111;es el cliente;5;en terminar
-----------------
execution time: 1539736928.4911032 s
-PY0012-111111111111;el tiempo de descarga fue;14.9291832447052
-----------------
execution time: 1539736928.4915354 s
-PY0012-111111111111;es el cliente;6;en terminar
-----------------
execution time: 1539736928.6371403 s
-PY0003-111111111111;contacto de
-----------------
execution time: 1539736929.0742493 s
-PY0005-111111111111;contacto de
-----------------
execution time: 1539736929.0764356 s
-PY0002-111111111111;contacto de
-----------------
execution time: 1539736929.078295 s
-PY0011-111111111111;contacto de
-----------------
execution time: 1539736929.0804608 s
-PY0017-111111111111;contacto de
-----------------
execution time: 1539736929.0821743 s
-PY0009-111111111111;contacto de
-----------------
execution time: 1539736929.2155836 s
-PY0004-111111111111;contacto de
-----------------
execution time: 1539736929.2170925 s
-PY0018-111111111111;contacto de
-----------------
execution time: 1539736929.2184665 s
-PY0012-111111111111;contacto de
-----------------
execution time: 1539736929.22016 s
-PY0015-111111111111;contacto de
-----------------
execution time: 1539736929.6223578 s
-PY0006-111111111111;contacto de
-----------------
execution time: 1539736929.6454656 s
-PY0010-111111111111;el tiempo de descarga fue;16.072898387908936
-----------------
execution time: 1539736929.6459448 s
-PY0010-111111111111;es el cliente;7;en terminar
-----------------
execution time: 1539736929.673305 s
-PY0010-111111111111;contacto de
-----------------
execution time: 1539736929.7558627 s
-PY0003-111111111111;el tiempo de descarga fue;16.22771978378296
-----------------
execution time: 1539736929.7563994 s
-PY0003-111111111111;es el cliente;8;en terminar
-----------------
execution time: 1539736929.7849412 s
-PY0021-111111111111;contacto de
-----------------
execution time: 1539736929.8004441 s
-PY0002-111111111111;el tiempo de descarga fue;16.278200387954712
-----------------
execution time: 1539736929.800784 s
-PY0002-111111111111;es el cliente;9;en terminar
-----------------
execution time: 1539736929.8175247 s
-PY0013-111111111111;contacto de
-----------------
execution time: 1539736929.8238082 s
-PY0019-111111111111;contacto de
-----------------
execution time: 1539736929.82499 s
-PY0020-111111111111;contacto de
-----------------
execution time: 1539736929.8640993 s
-PY0023-111111111111;contacto de
-----------------
execution time: 1539736929.8654397 s
-PY0008-111111111111;el tiempo de descarga fue;16.14404797554016
-----------------
execution time: 1539736929.8655982 s
-PY0008-111111111111;es el cliente;10;en terminar
-----------------
execution time: 1539736929.8672712 s
-PY0008-111111111111;contacto de
-----------------
execution time: 1539736929.8708012 s
-PY0014-111111111111;contacto de
-----------------
execution time: 1539736929.909024 s
-PY0022-111111111111;contacto de
-----------------
execution time: 1539736930.0339549 s
-PY0016-111111111111;contacto de
-----------------
execution time: 1539736930.0577104 s
-PY0007-111111111111;contacto de
-----------------
execution time: 1539736930.116901 s
-PY0007-111111111111;el tiempo de descarga fue;16.54856014251709
-----------------
execution time: 1539736930.1171093 s
-PY0007-111111111111;es el cliente;11;en terminar
-----------------
execution time: 1539736930.3719406 s
-PY0022-111111111111;el tiempo de descarga fue;16.704675674438477
-----------------
execution time: 1539736930.3723524 s
-PY0022-111111111111;es el cliente;12;en terminar
-----------------
execution time: 1539736931.1693516 s
-PY0023-111111111111;el tiempo de descarga fue;16.50715160369873
-----------------
execution time: 1539736931.1697934 s
-PY0023-111111111111;es el cliente;13;en terminar
-----------------
execution time: 1539736931.2030356 s
-PY0005-111111111111;el tiempo de descarga fue;17.702146768569946
-----------------
execution time: 1539736931.203414 s
-PY0005-111111111111;es el cliente;14;en terminar
-----------------
execution time: 1539736931.4465816 s
-PY0017-111111111111;el tiempo de descarga fue;17.857577323913574
-----------------
execution time: 1539736931.447058 s
-PY0017-111111111111;es el cliente;15;en terminar
-----------------
execution time: 1539736931.4981842 s
-PY0014-111111111111;el tiempo de descarga fue;17.92395544052124
-----------------
execution time: 1539736931.4984784 s
-PY0014-111111111111;es el cliente;16;en terminar
-----------------
execution time: 1539736931.9621158 s
-PY0001-111111111111;contacto de
-----------------
execution time: 1539736932.1465373 s
-PY0016-111111111111;el tiempo de descarga fue;18.337855577468872
-----------------
execution time: 1539736932.1470003 s
-PY0016-111111111111;es el cliente;17;en terminar
-----------------
execution time: 1539736933.2269194 s
-PY0004-111111111111;el tiempo de descarga fue;19.710013151168823
-----------------
execution time: 1539736933.227917 s
-PY0004-111111111111;es el cliente;18;en terminar
-----------------
execution time: 1539736933.666233 s
-PY0003-111111111111;contacto de
-----------------
execution time: 1539736933.685997 s
-PY0019-111111111111;el tiempo de descarga fue;19.973707675933838
-----------------
execution time: 1539736933.6867383 s
-PY0019-111111111111;es el cliente;19;en terminar
-----------------
execution time: 1539736934.08703 s
-PY0005-111111111111;contacto de
-----------------
execution time: 1539736934.0890958 s
-PY0011-111111111111;contacto de
-----------------
execution time: 1539736934.0917873 s
-PY0009-111111111111;contacto de
-----------------
execution time: 1539736934.105886 s
-PY0017-111111111111;contacto de
-----------------
execution time: 1539736934.1795268 s
-PY0002-111111111111;contacto de
-----------------
execution time: 1539736934.2273786 s
-PY0018-111111111111;contacto de
-----------------
execution time: 1539736934.2298186 s
-PY0012-111111111111;contacto de
-----------------
execution time: 1539736934.2368984 s
-PY0004-111111111111;contacto de
-----------------
execution time: 1539736934.6758065 s
-PY0015-111111111111;contacto de
-----------------
execution time: 1539736934.6778772 s
-PY0006-111111111111;contacto de
-----------------
execution time: 1539736934.6824653 s
-PY0010-111111111111;contacto de
-----------------
execution time: 1539736934.8345215 s
-PY0020-111111111111;contacto de
-----------------
execution time: 1539736935.0689325 s
-PY0013-111111111111;contacto de
-----------------
execution time: 1539736935.0711873 s
-PY0008-111111111111;contacto de
-----------------
execution time: 1539736935.0734558 s
-PY0019-111111111111;contacto de
-----------------
execution time: 1539736935.075111 s
-PY0023-111111111111;contacto de
-----------------
execution time: 1539736935.0769296 s
-PY0022-111111111111;contacto de
-----------------
execution time: 1539736935.0785985 s
-PY0021-111111111111;contacto de
-----------------
execution time: 1539736935.0801234 s
-PY0014-111111111111;contacto de
-----------------
execution time: 1539736935.081621 s
-PY0016-111111111111;contacto de
-----------------
execution time: 1539736935.0828772 s
-PY0007-111111111111;contacto de
-----------------
execution time: 1539736936.9742095 s
-PY0001-111111111111;contacto de
-----------------
execution time: 1539736938.6764202 s
-PY0003-111111111111;contacto de
-----------------
execution time: 1539736939.095488 s
-PY0005-111111111111;contacto de
-----------------
execution time: 1539736939.0985954 s
-PY0011-111111111111;contacto de
-----------------
execution time: 1539736939.1015058 s
-PY0009-111111111111;contacto de
-----------------
execution time: 1539736939.115677 s
-PY0017-111111111111;contacto de
-----------------
execution time: 1539736939.1888325 s
-PY0002-111111111111;contacto de
-----------------
execution time: 1539736939.2371871 s
-PY0018-111111111111;contacto de
-----------------
execution time: 1539736939.2400768 s
-PY0012-111111111111;contacto de
-----------------
execution time: 1539736939.2455719 s
-PY0004-111111111111;contacto de
-----------------
execution time: 1539736939.6870909 s
-PY0006-111111111111;contacto de
-----------------
execution time: 1539736939.692189 s
-PY0010-111111111111;contacto de
-----------------
execution time: 1539736939.7065144 s
-PY0013-111111111111;el tiempo de descarga fue;26.12859582901001
-----------------
execution time: 1539736939.7069228 s
-PY0013-111111111111;es el cliente;20;en terminar
-----------------
execution time: 1539736939.7922208 s
-PY0015-111111111111;contacto de
-----------------
execution time: 1539736939.8446426 s
-PY0020-111111111111;contacto de
-----------------
execution time: 1539736940.034969 s
-PY0021-111111111111;el tiempo de descarga fue;26.378366947174072
-----------------
execution time: 1539736940.0354447 s
-PY0021-111111111111;es el cliente;21;en terminar
-----------------
execution time: 1539736940.078649 s
-PY0019-111111111111;contacto de
-----------------
execution time: 1539736940.0806696 s
-PY0023-111111111111;contacto de
-----------------
execution time: 1539736940.0819812 s
-PY0008-111111111111;contacto de
-----------------
execution time: 1539736940.0859241 s
-PY0022-111111111111;contacto de
-----------------
execution time: 1539736940.087654 s
-PY0015-111111111111;el tiempo de descarga fue;26.45532727241516
-----------------
execution time: 1539736940.088087 s
-PY0015-111111111111;es el cliente;22;en terminar
-----------------
execution time: 1539736940.0899801 s
-PY0014-111111111111;contacto de
-----------------
execution time: 1539736940.0914583 s
-PY0007-111111111111;contacto de
-----------------
execution time: 1539736940.092664 s
-PY0016-111111111111;contacto de
-----------------
execution time: 1539736940.118597 s
-PY0013-111111111111;contacto de
-----------------
execution time: 1539736940.2357306 s
-PY0021-111111111111;contacto de
-----------------
execution time: 1539736941.9868572 s
-PY0001-111111111111;contacto de
-----------------
execution time: 1539736943.6861997 s
-PY0003-111111111111;contacto de
-----------------
execution time: 1539736944.1051505 s
-PY0005-111111111111;contacto de
-----------------
execution time: 1539736944.1075091 s
-PY0011-111111111111;contacto de
-----------------
execution time: 1539736944.112236 s
-PY0009-111111111111;contacto de
-----------------
execution time: 1539736944.127062 s
-PY0017-111111111111;contacto de
-----------------
execution time: 1539736944.1984665 s
-PY0002-111111111111;contacto de
-----------------
execution time: 1539736944.2472444 s
-PY0018-111111111111;contacto de
-----------------
execution time: 1539736944.2502646 s
-PY0012-111111111111;contacto de
-----------------
execution time: 1539736944.2548068 s
-PY0004-111111111111;contacto de
-----------------
execution time: 1539736944.699028 s
-PY0006-111111111111;contacto de
-----------------
execution time: 1539736944.7028239 s
-PY0010-111111111111;contacto de
-----------------
execution time: 1539736944.8091965 s
-PY0015-111111111111;contacto de
-----------------
execution time: 1539736944.8556857 s
-PY0020-111111111111;contacto de
-----------------
execution time: 1539736945.0887842 s
-PY0019-111111111111;contacto de
-----------------
execution time: 1539736945.0909178 s
-PY0023-111111111111;contacto de
-----------------
execution time: 1539736945.0928712 s
-PY0008-111111111111;contacto de
-----------------
execution time: 1539736945.0956461 s
-PY0022-111111111111;contacto de
-----------------
execution time: 1539736945.098718 s
-PY0014-111111111111;contacto de
-----------------
execution time: 1539736945.10185 s
-PY0007-111111111111;contacto de
-----------------
execution time: 1539736945.104344 s
-PY0016-111111111111;contacto de
-----------------
execution time: 1539736945.127747 s
-PY0013-111111111111;contacto de
-----------------
execution time: 1539736945.244691 s
-PY0021-111111111111;contacto de
-----------------
