Tue Oct 16 19:42:38 2018
Listening on 157.253.205.65:9010
-----------------
execution time: 1539736966.6998541 s
-PY0001-111111111111;contacto de
-----------------
execution time: 1539736966.7077248 s
-PY0001-111111111111;la descarga inicia
-----------------
execution time: 1539736968.7789521 s
-PY0005-111111111111;contacto de
-----------------
execution time: 1539736968.78048 s
-PY0005-111111111111;la descarga inicia
-----------------
execution time: 1539736968.828945 s
-PY0004-111111111111;contacto de
-----------------
execution time: 1539736968.8301547 s
-PY0004-111111111111;la descarga inicia
-----------------
execution time: 1539736968.8492131 s
-PY0003-111111111111;contacto de
-----------------
execution time: 1539736968.8506184 s
-PY0003-111111111111;la descarga inicia
-----------------
execution time: 1539736968.8665202 s
-PY0002-111111111111;contacto de
-----------------
execution time: 1539736968.8685167 s
-PY0002-111111111111;la descarga inicia
-----------------
execution time: 1539736968.8811314 s
-PY0009-111111111111;contacto de
-----------------
execution time: 1539736968.8821511 s
-PY0009-111111111111;la descarga inicia
-----------------
execution time: 1539736968.8832142 s
-PY0012-111111111111;contacto de
-----------------
execution time: 1539736968.8841825 s
-PY0012-111111111111;la descarga inicia
-----------------
execution time: 1539736968.8890207 s
-PY0006-111111111111;contacto de
-----------------
execution time: 1539736968.8903477 s
-PY0006-111111111111;la descarga inicia
-----------------
execution time: 1539736968.893075 s
-PY0007-111111111111;contacto de
-----------------
execution time: 1539736968.8943973 s
-PY0007-111111111111;la descarga inicia
-----------------
execution time: 1539736968.8961086 s
-PY0010-111111111111;contacto de
-----------------
execution time: 1539736968.8971405 s
-PY0010-111111111111;la descarga inicia
-----------------
execution time: 1539736968.9182813 s
-PY0011-111111111111;contacto de
-----------------
execution time: 1539736968.9192302 s
-PY0011-111111111111;la descarga inicia
-----------------
execution time: 1539736968.921469 s
-PY0013-111111111111;contacto de
-----------------
execution time: 1539736968.9229372 s
-PY0013-111111111111;la descarga inicia
-----------------
execution time: 1539736968.937172 s
-PY0017-111111111111;contacto de
-----------------
execution time: 1539736968.9384847 s
-PY0017-111111111111;la descarga inicia
-----------------
execution time: 1539736968.9464486 s
-PY0018-111111111111;contacto de
-----------------
execution time: 1539736968.947754 s
-PY0018-111111111111;la descarga inicia
-----------------
execution time: 1539736968.970537 s
-PY0020-111111111111;contacto de
-----------------
execution time: 1539736968.973706 s
-PY0020-111111111111;la descarga inicia
-----------------
execution time: 1539736968.9766989 s
-PY0021-111111111111;contacto de
-----------------
execution time: 1539736968.979669 s
-PY0021-111111111111;la descarga inicia
-----------------
execution time: 1539736968.9822326 s
-PY0014-111111111111;contacto de
-----------------
execution time: 1539736968.9852815 s
-PY0014-111111111111;la descarga inicia
-----------------
execution time: 1539736968.9871657 s
-PY0019-111111111111;contacto de
-----------------
execution time: 1539736968.9896722 s
-PY0019-111111111111;la descarga inicia
-----------------
execution time: 1539736968.9915447 s
-PY0015-111111111111;contacto de
-----------------
execution time: 1539736968.9931223 s
-PY0015-111111111111;la descarga inicia
-----------------
execution time: 1539736968.9990342 s
-PY0022-111111111111;contacto de
-----------------
execution time: 1539736969.000618 s
-PY0022-111111111111;la descarga inicia
-----------------
execution time: 1539736969.2111576 s
-PY0023-111111111111;contacto de
-----------------
execution time: 1539736969.215035 s
-PY0008-111111111111;contacto de
-----------------
execution time: 1539736969.218531 s
-PY0008-111111111111;la descarga inicia
-----------------
execution time: 1539736969.2222629 s
-PY0016-111111111111;contacto de
-----------------
execution time: 1539736969.226165 s
-PY0016-111111111111;la descarga inicia
-----------------
execution time: 1539736970.210875 s
-PY0023-111111111111;la descarga inicia
-----------------
execution time: 1539736971.7321937 s
-PY0001-111111111111;contacto de
-----------------
execution time: 1539736973.7910712 s
-PY0005-111111111111;contacto de
-----------------
execution time: 1539736973.836686 s
-PY0004-111111111111;contacto de
-----------------
execution time: 1539736973.8607213 s
-PY0003-111111111111;contacto de
-----------------
execution time: 1539736973.8786554 s
-PY0002-111111111111;contacto de
-----------------
execution time: 1539736973.8931677 s
-PY0009-111111111111;contacto de
-----------------
execution time: 1539736973.8962698 s
-PY0012-111111111111;contacto de
-----------------
execution time: 1539736973.9289346 s
-PY0013-111111111111;contacto de
-----------------
execution time: 1539736973.9317305 s
-PY0011-111111111111;contacto de
-----------------
execution time: 1539736973.9483123 s
-PY0017-111111111111;contacto de
-----------------
execution time: 1539736973.9532304 s
-PY0018-111111111111;contacto de
-----------------
execution time: 1539736973.9797802 s
-PY0020-111111111111;contacto de
-----------------
execution time: 1539736973.9842694 s
-PY0021-111111111111;contacto de
-----------------
execution time: 1539736973.992686 s
-PY0014-111111111111;contacto de
-----------------
execution time: 1539736973.9953792 s
-PY0019-111111111111;contacto de
-----------------
execution time: 1539736973.9997933 s
-PY0015-111111111111;contacto de
-----------------
execution time: 1539736974.0083096 s
-PY0022-111111111111;contacto de
-----------------
execution time: 1539736974.2200954 s
-PY0023-111111111111;contacto de
-----------------
execution time: 1539736974.2277727 s
-PY0008-111111111111;contacto de
-----------------
execution time: 1539736974.2420802 s
-PY0016-111111111111;contacto de
-----------------
execution time: 1539736974.3122606 s
-PY0010-111111111111;contacto de
-----------------
execution time: 1539736974.8997037 s
-PY0006-111111111111;contacto de
-----------------
execution time: 1539736974.9044182 s
-PY0007-111111111111;contacto de
-----------------
execution time: 1539736976.7460773 s
-PY0001-111111111111;contacto de
-----------------
execution time: 1539736978.8079073 s
-PY0005-111111111111;contacto de
-----------------
execution time: 1539736978.8465414 s
-PY0004-111111111111;contacto de
-----------------
execution time: 1539736978.870416 s
-PY0003-111111111111;contacto de
-----------------
execution time: 1539736978.8903844 s
-PY0002-111111111111;contacto de
-----------------
execution time: 1539736978.9161897 s
-PY0009-111111111111;contacto de
-----------------
execution time: 1539736978.9238718 s
-PY0012-111111111111;contacto de
-----------------
execution time: 1539736978.9413242 s
-PY0013-111111111111;contacto de
-----------------
execution time: 1539736978.9486773 s
-PY0011-111111111111;contacto de
-----------------
execution time: 1539736978.956113 s
-PY0017-111111111111;contacto de
-----------------
execution time: 1539736978.961658 s
-PY0018-111111111111;contacto de
-----------------
execution time: 1539736978.9913886 s
-PY0021-111111111111;contacto de
-----------------
execution time: 1539736979.001302 s
-PY0014-111111111111;contacto de
-----------------
execution time: 1539736979.0063653 s
-PY0020-111111111111;contacto de
-----------------
execution time: 1539736979.0082166 s
-PY0019-111111111111;contacto de
-----------------
execution time: 1539736979.0106056 s
-PY0015-111111111111;contacto de
-----------------
execution time: 1539736979.0307388 s
-PY0022-111111111111;contacto de
-----------------
execution time: 1539736979.2308106 s
-PY0023-111111111111;contacto de
-----------------
execution time: 1539736979.2401013 s
-PY0008-111111111111;contacto de
-----------------
execution time: 1539736979.5354898 s
-PY0010-111111111111;contacto de
-----------------
execution time: 1539736979.5377126 s
-PY0016-111111111111;contacto de
-----------------
execution time: 1539736979.909815 s
-PY0006-111111111111;contacto de
-----------------
execution time: 1539736979.922935 s
-PY0007-111111111111;contacto de
-----------------
execution time: 1539736981.771968 s
-PY0001-111111111111;contacto de
-----------------
execution time: 1539736983.8673062 s
-PY0004-111111111111;contacto de
-----------------
execution time: 1539736983.8789506 s
-PY0003-111111111111;contacto de
-----------------
execution time: 1539736983.8985114 s
-PY0002-111111111111;contacto de
-----------------
execution time: 1539736983.9330478 s
-PY0009-111111111111;contacto de
-----------------
execution time: 1539736983.9369335 s
-PY0012-111111111111;contacto de
-----------------
execution time: 1539736983.9517348 s
-PY0013-111111111111;contacto de
-----------------
execution time: 1539736983.9643786 s
-PY0017-111111111111;contacto de
-----------------
execution time: 1539736983.9698832 s
-PY0018-111111111111;contacto de
-----------------
execution time: 1539736983.9737713 s
-PY0011-111111111111;contacto de
-----------------
execution time: 1539736984.0012107 s
-PY0021-111111111111;contacto de
-----------------
execution time: 1539736984.0218916 s
-PY0014-111111111111;contacto de
-----------------
execution time: 1539736984.0249386 s
-PY0015-111111111111;contacto de
-----------------
execution time: 1539736984.028756 s
-PY0019-111111111111;contacto de
-----------------
execution time: 1539736984.0337324 s
-PY0020-111111111111;contacto de
-----------------
execution time: 1539736984.060217 s
-PY0022-111111111111;contacto de
-----------------
execution time: 1539736984.2290485 s
-PY0005-111111111111;contacto de
-----------------
execution time: 1539736984.2448153 s
-PY0023-111111111111;contacto de
-----------------
execution time: 1539736984.544061 s
-PY0016-111111111111;contacto de
-----------------
execution time: 1539736984.92547 s
-PY0006-111111111111;contacto de
-----------------
execution time: 1539736985.1327965 s
-PY0007-111111111111;contacto de
-----------------
execution time: 1539736985.2595515 s
-PY0008-111111111111;contacto de
-----------------
execution time: 1539736985.5454664 s
-PY0010-111111111111;contacto de
-----------------
execution time: 1539736986.7936625 s
-PY0001-111111111111;contacto de
-----------------
execution time: 1539736988.9126723 s
-PY0004-111111111111;contacto de
-----------------
execution time: 1539736988.9300177 s
-PY0002-111111111111;contacto de
-----------------
execution time: 1539736988.9424698 s
-PY0003-111111111111;contacto de
-----------------
execution time: 1539736988.9566505 s
-PY0009-111111111111;contacto de
-----------------
execution time: 1539736988.9928486 s
-PY0012-111111111111;contacto de
-----------------
execution time: 1539736989.038065 s
-PY0017-111111111111;contacto de
-----------------
execution time: 1539736989.0554492 s
-PY0011-111111111111;contacto de
-----------------
execution time: 1539736989.0575304 s
-PY0013-111111111111;contacto de
-----------------
execution time: 1539736989.0996585 s
-PY0014-111111111111;contacto de
-----------------
execution time: 1539736989.1025038 s
-PY0015-111111111111;contacto de
-----------------
execution time: 1539736989.2595043 s
-PY0019-111111111111;contacto de
-----------------
execution time: 1539736989.2609155 s
-PY0020-111111111111;contacto de
-----------------
execution time: 1539736989.2620301 s
-PY0022-111111111111;contacto de
-----------------
execution time: 1539736989.2635577 s
-PY0021-111111111111;contacto de
-----------------
execution time: 1539736989.2766771 s
-PY0018-111111111111;contacto de
-----------------
execution time: 1539736989.2891505 s
-PY0005-111111111111;contacto de
-----------------
execution time: 1539736989.4750998 s
-PY0023-111111111111;contacto de
-----------------
execution time: 1539736989.5984197 s
-PY0016-111111111111;contacto de
-----------------
execution time: 1539736990.0637887 s
-PY0006-111111111111;contacto de
-----------------
execution time: 1539736990.1323168 s
-PY0020-111111111111;el tiempo de descarga fue;21.158636569976807
-----------------
execution time: 1539736990.1326704 s
-PY0020-111111111111;es el cliente;1;en terminar
-----------------
execution time: 1539736990.2850568 s
-PY0007-111111111111;contacto de
-----------------
execution time: 1539736990.4223201 s
-PY0008-111111111111;contacto de
-----------------
execution time: 1539736990.5981808 s
-PY0010-111111111111;contacto de
-----------------
execution time: 1539736991.7070327 s
-PY0013-111111111111;el tiempo de descarga fue;22.78410243988037
-----------------
execution time: 1539736991.7074554 s
-PY0013-111111111111;es el cliente;2;en terminar
-----------------
execution time: 1539736991.803302 s
-PY0001-111111111111;contacto de
-----------------
execution time: 1539736992.6745634 s
-PY0015-111111111111;el tiempo de descarga fue;23.681448221206665
-----------------
execution time: 1539736992.6748438 s
-PY0015-111111111111;es el cliente;3;en terminar
-----------------
execution time: 1539736992.6968188 s
-PY0008-111111111111;el tiempo de descarga fue;23.478296041488647
-----------------
execution time: 1539736992.696979 s
-PY0008-111111111111;es el cliente;4;en terminar
-----------------
execution time: 1539736993.2565918 s
-PY0011-111111111111;el tiempo de descarga fue;24.337368726730347
-----------------
execution time: 1539736993.2568934 s
-PY0011-111111111111;es el cliente;5;en terminar
-----------------
execution time: 1539736993.4570405 s
-PY0009-111111111111;el tiempo de descarga fue;24.57489800453186
-----------------
execution time: 1539736993.4576426 s
-PY0009-111111111111;es el cliente;6;en terminar
-----------------
execution time: 1539736993.860403 s
-PY0022-111111111111;el tiempo de descarga fue;24.859793663024902
-----------------
execution time: 1539736993.8606565 s
-PY0022-111111111111;es el cliente;7;en terminar
-----------------
execution time: 1539736994.0916436 s
-PY0002-111111111111;contacto de
-----------------
execution time: 1539736994.4322827 s
-PY0004-111111111111;contacto de
-----------------
execution time: 1539736994.4355962 s
-PY0003-111111111111;contacto de
-----------------
execution time: 1539736994.4380984 s
-PY0009-111111111111;contacto de
-----------------
execution time: 1539736994.4400878 s
-PY0012-111111111111;contacto de
-----------------
execution time: 1539736994.4946182 s
-PY0017-111111111111;contacto de
-----------------
execution time: 1539736994.4964762 s
-PY0013-111111111111;contacto de
-----------------
execution time: 1539736994.4980574 s
-PY0011-111111111111;contacto de
-----------------
execution time: 1539736994.4991257 s
-PY0017-111111111111;el tiempo de descarga fue;25.560648202896118
-----------------
execution time: 1539736994.499393 s
-PY0017-111111111111;es el cliente;8;en terminar
-----------------
execution time: 1539736994.6832943 s
-PY0018-111111111111;contacto de
-----------------
execution time: 1539736994.6870887 s
-PY0023-111111111111;contacto de
-----------------
execution time: 1539736994.690565 s
-PY0015-111111111111;contacto de
-----------------
execution time: 1539736994.6941662 s
-PY0014-111111111111;contacto de
-----------------
execution time: 1539736994.9107187 s
-PY0016-111111111111;contacto de
-----------------
execution time: 1539736994.9126468 s
-PY0006-111111111111;el tiempo de descarga fue;26.02230477333069
-----------------
execution time: 1539736994.9129426 s
-PY0006-111111111111;es el cliente;9;en terminar
-----------------
execution time: 1539736995.080865 s
-PY0006-111111111111;contacto de
-----------------
execution time: 1539736995.090795 s
-PY0007-111111111111;el tiempo de descarga fue;26.19640588760376
-----------------
execution time: 1539736995.0911908 s
-PY0007-111111111111;es el cliente;10;en terminar
-----------------
execution time: 1539736995.1702373 s
-PY0021-111111111111;el tiempo de descarga fue;26.19057869911194
-----------------
execution time: 1539736995.1707625 s
-PY0021-111111111111;es el cliente;11;en terminar
-----------------
execution time: 1539736995.210162 s
-PY0019-111111111111;el tiempo de descarga fue;26.22049641609192
-----------------
execution time: 1539736995.2106876 s
-PY0019-111111111111;es el cliente;12;en terminar
-----------------
execution time: 1539736995.2726886 s
-PY0019-111111111111;contacto de
-----------------
execution time: 1539736995.2744637 s
-PY0021-111111111111;contacto de
-----------------
execution time: 1539736995.2812998 s
-PY0022-111111111111;contacto de
-----------------
execution time: 1539736995.3165307 s
-PY0005-111111111111;contacto de
-----------------
execution time: 1539736995.3180587 s
-PY0020-111111111111;contacto de
-----------------
execution time: 1539736995.319648 s
-PY0007-111111111111;contacto de
-----------------
execution time: 1539736995.331518 s
-PY0002-111111111111;el tiempo de descarga fue;26.46300745010376
-----------------
execution time: 1539736995.3317585 s
-PY0002-111111111111;es el cliente;13;en terminar
-----------------
execution time: 1539736995.3330617 s
-PY0010-111111111111;el tiempo de descarga fue;26.435927152633667
-----------------
execution time: 1539736995.3332763 s
-PY0010-111111111111;es el cliente;14;en terminar
-----------------
execution time: 1539736995.436386 s
-PY0008-111111111111;contacto de
-----------------
execution time: 1539736995.4395921 s
-PY0003-111111111111;el tiempo de descarga fue;26.588980674743652
-----------------
execution time: 1539736995.439814 s
-PY0003-111111111111;es el cliente;15;en terminar
-----------------
execution time: 1539736995.6130164 s
-PY0010-111111111111;contacto de
-----------------
execution time: 1539736995.6511326 s
-PY0012-111111111111;el tiempo de descarga fue;26.766956567764282
-----------------
execution time: 1539736995.6513696 s
-PY0012-111111111111;es el cliente;16;en terminar
-----------------
execution time: 1539736995.7206848 s
-PY0016-111111111111;el tiempo de descarga fue;26.494526386260986
-----------------
execution time: 1539736995.7211368 s
-PY0016-111111111111;es el cliente;17;en terminar
-----------------
execution time: 1539736995.8226516 s
-PY0005-111111111111;el tiempo de descarga fue;27.04218077659607
-----------------
execution time: 1539736995.8232262 s
-PY0005-111111111111;es el cliente;18;en terminar
-----------------
execution time: 1539736996.445513 s
-PY0023-111111111111;el tiempo de descarga fue;26.234648942947388
-----------------
execution time: 1539736996.4460306 s
-PY0023-111111111111;es el cliente;19;en terminar
-----------------
execution time: 1539736996.811497 s
-PY0001-111111111111;contacto de
-----------------
execution time: 1539736996.8686416 s
-PY0018-111111111111;el tiempo de descarga fue;27.92089533805847
-----------------
execution time: 1539736996.8689241 s
-PY0018-111111111111;es el cliente;20;en terminar
-----------------
execution time: 1539736996.9569178 s
-PY0014-111111111111;el tiempo de descarga fue;27.97164273262024
-----------------
execution time: 1539736996.9572499 s
-PY0014-111111111111;es el cliente;21;en terminar
-----------------
execution time: 1539736998.0689504 s
-PY0004-111111111111;el tiempo de descarga fue;29.23880434036255
-----------------
execution time: 1539736998.0694907 s
-PY0004-111111111111;es el cliente;22;en terminar
-----------------
execution time: 1539736999.1788669 s
-PY0002-111111111111;contacto de
-----------------
execution time: 1539736999.4486942 s
-PY0009-111111111111;contacto de
-----------------
execution time: 1539736999.45075 s
-PY0003-111111111111;contacto de
-----------------
execution time: 1539736999.453658 s
-PY0012-111111111111;contacto de
-----------------
execution time: 1539736999.4823844 s
-PY0004-111111111111;contacto de
-----------------
execution time: 1539736999.501793 s
-PY0013-111111111111;contacto de
-----------------
execution time: 1539736999.504254 s
-PY0017-111111111111;contacto de
-----------------
execution time: 1539736999.506731 s
-PY0011-111111111111;contacto de
-----------------
execution time: 1539736999.6979198 s
-PY0023-111111111111;contacto de
-----------------
execution time: 1539736999.7002468 s
-PY0015-111111111111;contacto de
-----------------
execution time: 1539736999.70818 s
-PY0018-111111111111;contacto de
-----------------
execution time: 1539736999.7146902 s
-PY0014-111111111111;contacto de
-----------------
execution time: 1539736999.942282 s
-PY0016-111111111111;contacto de
-----------------
execution time: 1539737000.090998 s
-PY0006-111111111111;contacto de
-----------------
execution time: 1539737000.28395 s
-PY0019-111111111111;contacto de
-----------------
execution time: 1539737000.2884448 s
-PY0021-111111111111;contacto de
-----------------
execution time: 1539737000.292729 s
-PY0022-111111111111;contacto de
-----------------
execution time: 1539737000.3283918 s
-PY0020-111111111111;contacto de
-----------------
execution time: 1539737000.330107 s
-PY0007-111111111111;contacto de
-----------------
execution time: 1539737000.3540258 s
-PY0005-111111111111;contacto de
-----------------
execution time: 1539737000.4479814 s
-PY0008-111111111111;contacto de
-----------------
execution time: 1539737000.6229935 s
-PY0010-111111111111;contacto de
-----------------
execution time: 1539737001.8171363 s
-PY0001-111111111111;contacto de
-----------------
