Mon Oct 15 01:46:12 2018
Listening on 157.253.205.65:None
-----------------
execution time: 1539585972.513278 s
-PY0002-111111111111;contacto de
-----------------
execution time: 1539585972.5146916 s
-PY0002-111111111111;la descarga inicia
-----------------
execution time: 1539585972.5234845 s
-PY0003-111111111111;contacto de
-----------------
execution time: 1539585972.524597 s
-PY0003-111111111111;la descarga inicia
-----------------
execution time: 1539585972.973464 s
-PY0001-111111111111;contacto de
-----------------
execution time: 1539585972.9757233 s
-PY0001-111111111111;la descarga inicia
-----------------
execution time: 1539585977.5269053 s
-PY0002-111111111111;contacto de
-----------------
execution time: 1539585977.5288231 s
-PY0003-111111111111;contacto de
-----------------
execution time: 1539585977.980779 s
-PY0001-111111111111;contacto de
-----------------
execution time: 1539585982.5356984 s
-PY0003-111111111111;contacto de
-----------------
execution time: 1539585982.5462196 s
-PY0002-111111111111;contacto de
-----------------
execution time: 1539585982.989394 s
-PY0001-111111111111;contacto de
-----------------
execution time: 1539585987.543831 s
-PY0003-111111111111;contacto de
-----------------
execution time: 1539585987.565044 s
-PY0002-111111111111;contacto de
-----------------
execution time: 1539585987.9975934 s
-PY0001-111111111111;contacto de
-----------------
execution time: 1539585992.5524645 s
-PY0003-111111111111;contacto de
-----------------
execution time: 1539585992.5871549 s
-PY0002-111111111111;contacto de
-----------------
execution time: 1539585993.0067728 s
-PY0001-111111111111;contacto de
-----------------
execution time: 1539585997.5597782 s
-PY0003-111111111111;contacto de
-----------------
execution time: 1539585997.6072292 s
-PY0002-111111111111;contacto de
-----------------
execution time: 1539585998.0158339 s
-PY0001-111111111111;contacto de
-----------------
execution time: 1539586002.5668945 s
-PY0003-111111111111;contacto de
-----------------
execution time: 1539586002.629172 s
-PY0002-111111111111;contacto de
-----------------
execution time: 1539586003.0245934 s
-PY0001-111111111111;contacto de
-----------------
execution time: 1539586007.5750353 s
-PY0003-111111111111;contacto de
-----------------
execution time: 1539586007.6443055 s
-PY0002-111111111111;contacto de
-----------------
execution time: 1539586008.0330453 s
-PY0001-111111111111;contacto de
-----------------
execution time: 1539586012.5828307 s
-PY0003-111111111111;contacto de
-----------------
execution time: 1539586012.6603284 s
-PY0002-111111111111;contacto de
-----------------
execution time: 1539586013.0424533 s
-PY0001-111111111111;contacto de
-----------------
execution time: 1539586015.091769 s
-PY0002-111111111111;el tiempo de descarga fue;42.57708477973938
-----------------
execution time: 1539586015.1003215 s
-PY0003-111111111111;el tiempo de descarga fue;42.57574200630188
-----------------
execution time: 1539586017.5921903 s
-PY0003-111111111111;contacto de
-----------------
execution time: 1539586017.6692777 s
-PY0002-111111111111;contacto de
-----------------
execution time: 1539586018.051184 s
-PY0001-111111111111;contacto de
-----------------
execution time: 1539586022.6011953 s
-PY0003-111111111111;contacto de
-----------------
execution time: 1539586022.677644 s
-PY0002-111111111111;contacto de
-----------------
execution time: 1539586023.0613656 s
-PY0001-111111111111;contacto de
-----------------
execution time: 1539586027.610774 s
-PY0003-111111111111;contacto de
-----------------
execution time: 1539586027.6858554 s
-PY0002-111111111111;contacto de
-----------------
execution time: 1539586028.069931 s
-PY0001-111111111111;contacto de
-----------------
execution time: 1539586032.621093 s
-PY0003-111111111111;contacto de
-----------------
execution time: 1539586032.6942997 s
-PY0002-111111111111;contacto de
-----------------
execution time: 1539586033.0785491 s
-PY0001-111111111111;contacto de
-----------------
execution time: 1539586037.6307254 s
-PY0003-111111111111;contacto de
-----------------
execution time: 1539586037.7021065 s
-PY0002-111111111111;contacto de
-----------------
