Tue Oct 16 19:41:03 2018
Listening on 157.253.205.65:9010
-----------------
execution time: 1539736865.8453255 s
-PY0001-111111111111;contacto de
-----------------
execution time: 1539736865.8467855 s
-PY0001-111111111111;la descarga inicia
-----------------
execution time: 1539736870.8534775 s
-PY0001-111111111111;contacto de
-----------------
execution time: 1539736871.2598963 s
-PY0006-111111111111;contacto de
-----------------
execution time: 1539736871.2610545 s
-PY0006-111111111111;la descarga inicia
-----------------
execution time: 1539736871.2930424 s
-PY0004-111111111111;contacto de
-----------------
execution time: 1539736871.2948642 s
-PY0004-111111111111;la descarga inicia
-----------------
execution time: 1539736871.2997851 s
-PY0013-111111111111;contacto de
-----------------
execution time: 1539736871.301035 s
-PY0013-111111111111;la descarga inicia
-----------------
execution time: 1539736871.3185577 s
-PY0005-111111111111;contacto de
-----------------
execution time: 1539736871.3202112 s
-PY0005-111111111111;la descarga inicia
-----------------
execution time: 1539736871.3217804 s
-PY0002-111111111111;contacto de
-----------------
execution time: 1539736871.3229475 s
-PY0002-111111111111;la descarga inicia
-----------------
execution time: 1539736871.3239622 s
-PY0012-111111111111;contacto de
-----------------
execution time: 1539736871.3250291 s
-PY0012-111111111111;la descarga inicia
-----------------
execution time: 1539736871.3283417 s
-PY0003-111111111111;contacto de
-----------------
execution time: 1539736871.3298483 s
-PY0003-111111111111;la descarga inicia
-----------------
execution time: 1539736871.3324065 s
-PY0011-111111111111;contacto de
-----------------
execution time: 1539736871.3338313 s
-PY0011-111111111111;la descarga inicia
-----------------
execution time: 1539736871.3361464 s
-PY0007-111111111111;contacto de
-----------------
execution time: 1539736871.3377616 s
-PY0007-111111111111;la descarga inicia
-----------------
execution time: 1539736871.342791 s
-PY0009-111111111111;contacto de
-----------------
execution time: 1539736871.344295 s
-PY0009-111111111111;la descarga inicia
-----------------
execution time: 1539736871.347804 s
-PY0010-111111111111;contacto de
-----------------
execution time: 1539736871.3493545 s
-PY0010-111111111111;la descarga inicia
-----------------
execution time: 1539736871.3618987 s
-PY0014-111111111111;contacto de
-----------------
execution time: 1539736871.3633585 s
-PY0014-111111111111;la descarga inicia
-----------------
execution time: 1539736871.3925078 s
-PY0018-111111111111;contacto de
-----------------
execution time: 1539736871.3938959 s
-PY0018-111111111111;la descarga inicia
-----------------
execution time: 1539736871.3957112 s
-PY0017-111111111111;contacto de
-----------------
execution time: 1539736871.3969572 s
-PY0017-111111111111;la descarga inicia
-----------------
execution time: 1539736871.4075205 s
-PY0019-111111111111;contacto de
-----------------
execution time: 1539736871.4089115 s
-PY0019-111111111111;la descarga inicia
-----------------
execution time: 1539736871.4113119 s
-PY0022-111111111111;contacto de
-----------------
execution time: 1539736871.412729 s
-PY0022-111111111111;la descarga inicia
-----------------
execution time: 1539736871.4180984 s
-PY0020-111111111111;contacto de
-----------------
execution time: 1539736871.4194775 s
-PY0020-111111111111;la descarga inicia
-----------------
execution time: 1539736871.4250324 s
-PY0021-111111111111;contacto de
-----------------
execution time: 1539736871.426383 s
-PY0021-111111111111;la descarga inicia
-----------------
execution time: 1539736871.4525218 s
-PY0008-111111111111;contacto de
-----------------
execution time: 1539736871.4549668 s
-PY0008-111111111111;la descarga inicia
-----------------
execution time: 1539736871.5759158 s
-PY0016-111111111111;contacto de
-----------------
execution time: 1539736871.579507 s
-PY0016-111111111111;la descarga inicia
-----------------
execution time: 1539736871.6707795 s
-PY0015-111111111111;contacto de
-----------------
execution time: 1539736871.6734362 s
-PY0015-111111111111;la descarga inicia
-----------------
execution time: 1539736871.6876945 s
-PY0023-111111111111;contacto de
-----------------
execution time: 1539736871.6902487 s
-PY0023-111111111111;la descarga inicia
-----------------
execution time: 1539736875.8739352 s
-PY0001-111111111111;contacto de
-----------------
execution time: 1539736876.3069472 s
-PY0004-111111111111;contacto de
-----------------
execution time: 1539736876.3140438 s
-PY0013-111111111111;contacto de
-----------------
execution time: 1539736876.3365362 s
-PY0002-111111111111;contacto de
-----------------
execution time: 1539736876.3410192 s
-PY0012-111111111111;contacto de
-----------------
execution time: 1539736876.3444452 s
-PY0011-111111111111;contacto de
-----------------
execution time: 1539736876.348633 s
-PY0003-111111111111;contacto de
-----------------
execution time: 1539736876.3525302 s
-PY0009-111111111111;contacto de
-----------------
execution time: 1539736876.356662 s
-PY0010-111111111111;contacto de
-----------------
execution time: 1539736876.37185 s
-PY0014-111111111111;contacto de
-----------------
execution time: 1539736876.398553 s
-PY0018-111111111111;contacto de
-----------------
execution time: 1539736876.4081619 s
-PY0017-111111111111;contacto de
-----------------
execution time: 1539736876.4165256 s
-PY0019-111111111111;contacto de
-----------------
execution time: 1539736876.4198225 s
-PY0022-111111111111;contacto de
-----------------
execution time: 1539736876.4316168 s
-PY0021-111111111111;contacto de
-----------------
execution time: 1539736876.440203 s
-PY0020-111111111111;contacto de
-----------------
execution time: 1539736876.5911794 s
-PY0016-111111111111;contacto de
-----------------
execution time: 1539736876.6840646 s
-PY0015-111111111111;contacto de
-----------------
execution time: 1539736876.7135055 s
-PY0023-111111111111;contacto de
-----------------
execution time: 1539736877.266558 s
-PY0006-111111111111;contacto de
-----------------
execution time: 1539736877.7414896 s
-PY0005-111111111111;contacto de
-----------------
execution time: 1539736877.7438474 s
-PY0007-111111111111;contacto de
-----------------
execution time: 1539736877.7469962 s
-PY0008-111111111111;contacto de
-----------------
execution time: 1539736880.8874996 s
-PY0001-111111111111;contacto de
-----------------
execution time: 1539736881.3231056 s
-PY0004-111111111111;contacto de
-----------------
execution time: 1539736881.335045 s
-PY0013-111111111111;contacto de
-----------------
execution time: 1539736881.354808 s
-PY0011-111111111111;contacto de
-----------------
execution time: 1539736881.4275868 s
-PY0012-111111111111;contacto de
-----------------
execution time: 1539736881.4296355 s
-PY0009-111111111111;contacto de
-----------------
execution time: 1539736881.4316506 s
-PY0002-111111111111;contacto de
-----------------
execution time: 1539736881.4335268 s
-PY0014-111111111111;contacto de
-----------------
execution time: 1539736881.4454193 s
-PY0018-111111111111;contacto de
-----------------
execution time: 1539736881.4466255 s
-PY0019-111111111111;contacto de
-----------------
execution time: 1539736881.4478827 s
-PY0017-111111111111;contacto de
-----------------
execution time: 1539736881.4492338 s
-PY0003-111111111111;contacto de
-----------------
execution time: 1539736881.573817 s
-PY0021-111111111111;contacto de
-----------------
execution time: 1539736881.5766232 s
-PY0022-111111111111;contacto de
-----------------
execution time: 1539736881.579752 s
-PY0020-111111111111;contacto de
-----------------
execution time: 1539736881.5825925 s
-PY0010-111111111111;contacto de
-----------------
execution time: 1539736881.7936506 s
-PY0023-111111111111;contacto de
-----------------
execution time: 1539736881.7997782 s
-PY0015-111111111111;contacto de
-----------------
execution time: 1539736881.80162 s
-PY0016-111111111111;contacto de
-----------------
execution time: 1539736882.319252 s
-PY0006-111111111111;contacto de
-----------------
execution time: 1539736882.856341 s
-PY0007-111111111111;contacto de
-----------------
execution time: 1539736882.8827088 s
-PY0008-111111111111;contacto de
-----------------
execution time: 1539736882.941609 s
-PY0005-111111111111;contacto de
-----------------
execution time: 1539736884.2446415 s
-PY0016-111111111111;el tiempo de descarga fue;12.66514277458191
-----------------
execution time: 1539736884.2450533 s
-PY0016-111111111111;es el cliente;1;en terminar
-----------------
execution time: 1539736885.441203 s
-PY0020-111111111111;el tiempo de descarga fue;14.021838188171387
-----------------
execution time: 1539736885.4416528 s
-PY0020-111111111111;es el cliente;2;en terminar
-----------------
execution time: 1539736885.8921516 s
-PY0001-111111111111;contacto de
-----------------
execution time: 1539736885.9305706 s
-PY0012-111111111111;el tiempo de descarga fue;14.605548620223999
-----------------
execution time: 1539736885.9309094 s
-PY0012-111111111111;es el cliente;3;en terminar
-----------------
execution time: 1539736886.0573187 s
-PY0018-111111111111;el tiempo de descarga fue;14.663429498672485
-----------------
execution time: 1539736886.058001 s
-PY0018-111111111111;es el cliente;4;en terminar
-----------------
execution time: 1539736886.3366299 s
-PY0004-111111111111;contacto de
-----------------
execution time: 1539736886.3480175 s
-PY0017-111111111111;el tiempo de descarga fue;14.951066970825195
-----------------
execution time: 1539736886.3482487 s
-PY0017-111111111111;es el cliente;5;en terminar
-----------------
execution time: 1539736886.4446313 s
-PY0011-111111111111;contacto de
-----------------
execution time: 1539736886.447139 s
-PY0012-111111111111;contacto de
-----------------
execution time: 1539736886.6241558 s
-PY0014-111111111111;contacto de
-----------------
execution time: 1539736886.6261523 s
-PY0002-111111111111;contacto de
-----------------
execution time: 1539736886.6273277 s
-PY0017-111111111111;contacto de
-----------------
execution time: 1539736886.6288795 s
-PY0019-111111111111;el tiempo de descarga fue;15.219974279403687
-----------------
execution time: 1539736886.6293519 s
-PY0019-111111111111;es el cliente;6;en terminar
-----------------
execution time: 1539736886.8827333 s
-PY0003-111111111111;contacto de
-----------------
execution time: 1539736886.886647 s
-PY0018-111111111111;contacto de
-----------------
execution time: 1539736887.1864362 s
-PY0021-111111111111;contacto de
-----------------
execution time: 1539736887.1888328 s
-PY0019-111111111111;contacto de
-----------------
execution time: 1539736887.1906178 s
-PY0022-111111111111;contacto de
-----------------
execution time: 1539736887.1922576 s
-PY0013-111111111111;contacto de
-----------------
execution time: 1539736887.1938317 s
-PY0020-111111111111;contacto de
-----------------
execution time: 1539736887.1959462 s
-PY0009-111111111111;contacto de
-----------------
execution time: 1539736887.1982691 s
-PY0010-111111111111;contacto de
-----------------
execution time: 1539736887.3425276 s
-PY0006-111111111111;contacto de
-----------------
execution time: 1539736887.3739645 s
-PY0015-111111111111;el tiempo de descarga fue;15.700538396835327
-----------------
execution time: 1539736887.3744733 s
-PY0015-111111111111;es el cliente;7;en terminar
-----------------
execution time: 1539736887.582909 s
-PY0023-111111111111;el tiempo de descarga fue;15.8926682472229
-----------------
execution time: 1539736887.5836737 s
-PY0023-111111111111;es el cliente;8;en terminar
-----------------
execution time: 1539736887.5862825 s
-PY0010-111111111111;el tiempo de descarga fue;16.236934423446655
-----------------
execution time: 1539736887.5866432 s
-PY0010-111111111111;es el cliente;9;en terminar
-----------------
execution time: 1539736887.5883915 s
-PY0005-111111111111;el tiempo de descarga fue;16.26818609237671
-----------------
execution time: 1539736887.5887494 s
-PY0005-111111111111;es el cliente;10;en terminar
-----------------
execution time: 1539736887.5903883 s
-PY0007-111111111111;el tiempo de descarga fue;16.25263237953186
-----------------
execution time: 1539736887.590724 s
-PY0007-111111111111;es el cliente;11;en terminar
-----------------
execution time: 1539736887.8124337 s
-PY0016-111111111111;contacto de
-----------------
execution time: 1539736887.822763 s
-PY0023-111111111111;contacto de
-----------------
execution time: 1539736887.8264124 s
-PY0015-111111111111;contacto de
-----------------
execution time: 1539736887.8404746 s
-PY0009-111111111111;el tiempo de descarga fue;16.49641728401184
-----------------
execution time: 1539736887.8409772 s
-PY0009-111111111111;es el cliente;12;en terminar
-----------------
execution time: 1539736887.8775687 s
-PY0007-111111111111;contacto de
-----------------
execution time: 1539736888.0239127 s
-PY0008-111111111111;contacto de
-----------------
execution time: 1539736888.0269186 s
-PY0005-111111111111;contacto de
-----------------
execution time: 1539736888.0296361 s
-PY0002-111111111111;el tiempo de descarga fue;16.706697463989258
-----------------
execution time: 1539736888.0301332 s
-PY0002-111111111111;es el cliente;13;en terminar
-----------------
execution time: 1539736888.5729327 s
-PY0022-111111111111;el tiempo de descarga fue;17.160210132598877
-----------------
execution time: 1539736888.5733805 s
-PY0022-111111111111;es el cliente;14;en terminar
-----------------
execution time: 1539736888.6294549 s
-PY0013-111111111111;el tiempo de descarga fue;17.328428745269775
-----------------
execution time: 1539736888.6300828 s
-PY0013-111111111111;es el cliente;15;en terminar
-----------------
execution time: 1539736888.7168531 s
-PY0021-111111111111;el tiempo de descarga fue;17.290478944778442
-----------------
execution time: 1539736888.7175217 s
-PY0021-111111111111;es el cliente;16;en terminar
-----------------
execution time: 1539736888.823699 s
-PY0014-111111111111;el tiempo de descarga fue;17.4603488445282
-----------------
execution time: 1539736888.824199 s
-PY0014-111111111111;es el cliente;17;en terminar
-----------------
execution time: 1539736888.973507 s
-PY0004-111111111111;el tiempo de descarga fue;17.67865252494812
-----------------
execution time: 1539736888.9739888 s
-PY0004-111111111111;es el cliente;18;en terminar
-----------------
execution time: 1539736889.313543 s
-PY0011-111111111111;el tiempo de descarga fue;17.979721307754517
-----------------
execution time: 1539736889.314436 s
-PY0011-111111111111;es el cliente;19;en terminar
-----------------
execution time: 1539736890.1238294 s
-PY0003-111111111111;el tiempo de descarga fue;18.794200658798218
-----------------
execution time: 1539736890.1245158 s
-PY0003-111111111111;es el cliente;20;en terminar
-----------------
execution time: 1539736890.645792 s
-PY0006-111111111111;el tiempo de descarga fue;19.384745836257935
-----------------
execution time: 1539736890.6466749 s
-PY0006-111111111111;es el cliente;21;en terminar
-----------------
execution time: 1539736890.8995037 s
-PY0001-111111111111;contacto de
-----------------
execution time: 1539736891.3464289 s
-PY0004-111111111111;contacto de
-----------------
execution time: 1539736891.4570014 s
-PY0012-111111111111;contacto de
-----------------
execution time: 1539736891.4642696 s
-PY0008-111111111111;el tiempo de descarga fue;20.009313344955444
-----------------
execution time: 1539736891.4648154 s
-PY0008-111111111111;es el cliente;22;en terminar
-----------------
execution time: 1539736891.4751637 s
-PY0011-111111111111;contacto de
-----------------
execution time: 1539736891.6368515 s
-PY0017-111111111111;contacto de
-----------------
execution time: 1539736891.702567 s
-PY0014-111111111111;contacto de
-----------------
execution time: 1539736891.8649452 s
-PY0002-111111111111;contacto de
-----------------
execution time: 1539736891.8978589 s
-PY0018-111111111111;contacto de
-----------------
execution time: 1539736891.9209204 s
-PY0003-111111111111;contacto de
-----------------
execution time: 1539736892.199044 s
-PY0019-111111111111;contacto de
-----------------
execution time: 1539736892.2039404 s
-PY0020-111111111111;contacto de
-----------------
execution time: 1539736892.2068396 s
-PY0013-111111111111;contacto de
-----------------
execution time: 1539736892.2085724 s
-PY0010-111111111111;contacto de
-----------------
execution time: 1539736892.2118764 s
-PY0022-111111111111;contacto de
-----------------
execution time: 1539736892.2164114 s
-PY0009-111111111111;contacto de
-----------------
execution time: 1539736892.3541777 s
-PY0006-111111111111;contacto de
-----------------
execution time: 1539736892.688047 s
-PY0021-111111111111;contacto de
-----------------
execution time: 1539736892.8195937 s
-PY0016-111111111111;contacto de
-----------------
execution time: 1539736892.8330264 s
-PY0023-111111111111;contacto de
-----------------
execution time: 1539736892.8364666 s
-PY0015-111111111111;contacto de
-----------------
execution time: 1539736892.8874133 s
-PY0007-111111111111;contacto de
-----------------
execution time: 1539736893.0364337 s
-PY0005-111111111111;contacto de
-----------------
execution time: 1539736893.0684721 s
-PY0008-111111111111;contacto de
-----------------
execution time: 1539736895.9124846 s
-PY0001-111111111111;contacto de
-----------------
execution time: 1539736896.356645 s
-PY0004-111111111111;contacto de
-----------------
execution time: 1539736896.468507 s
-PY0012-111111111111;contacto de
-----------------
execution time: 1539736896.4868815 s
-PY0011-111111111111;contacto de
-----------------
execution time: 1539736896.6478965 s
-PY0017-111111111111;contacto de
-----------------
execution time: 1539736896.7128568 s
-PY0014-111111111111;contacto de
-----------------
