Mon Oct 15 00:51:02 2018
Listening on 157.253.205.65:None
-----------------
execution time: 1539582662.7657027 s
-PY0002-111111111111;contacto de
-----------------
execution time: 1539582662.767019 s
-PY0002-111111111111;la descarga inicia
-----------------
execution time: 1539582662.9286637 s
-PY0003-111111111111;contacto de
-----------------
execution time: 1539582662.9299796 s
-PY0003-111111111111;la descarga inicia
-----------------
execution time: 1539582663.2156057 s
-PY0001-111111111111;contacto de
-----------------
execution time: 1539582663.2166324 s
-PY0001-111111111111;la descarga inicia
-----------------
execution time: 1539582667.7757561 s
-PY0002-111111111111;contacto de
-----------------
execution time: 1539582667.9351995 s
-PY0003-111111111111;contacto de
-----------------
execution time: 1539582668.2268991 s
-PY0001-111111111111;contacto de
-----------------
execution time: 1539582672.7878032 s
-PY0002-111111111111;contacto de
-----------------
execution time: 1539582672.8203716 s
-PY0003-111111111111;el tiempo de descarga fue;9.890398025512695
-----------------
execution time: 1539582672.8353565 s
-PY0002-111111111111;el tiempo de descarga fue;10.068344116210938
-----------------
execution time: 1539582672.9437335 s
-PY0003-111111111111;contacto de
-----------------
execution time: 1539582673.2353108 s
-PY0001-111111111111;contacto de
-----------------
execution time: 1539582677.7975488 s
-PY0002-111111111111;contacto de
-----------------
execution time: 1539582677.9535015 s
-PY0003-111111111111;contacto de
-----------------
execution time: 1539582678.2445173 s
-PY0001-111111111111;contacto de
-----------------
execution time: 1539582682.807034 s
-PY0002-111111111111;contacto de
-----------------
execution time: 1539582682.9639332 s
-PY0003-111111111111;contacto de
-----------------
execution time: 1539582683.253646 s
-PY0001-111111111111;contacto de
-----------------
