Mon Oct 15 16:05:08 2018
Listening on 157.253.205.65:9010
-----------------
execution time: 1539637508.4849486 s
-PY0002-111111111111;contacto de
-----------------
execution time: 1539637508.4859512 s
-PY0002-111111111111;la descarga inicia
-----------------
execution time: 1539637508.4892013 s
-PY0005-111111111111;contacto de
-----------------
execution time: 1539637508.490232 s
-PY0005-111111111111;la descarga inicia
-----------------
execution time: 1539637508.5042295 s
-PY0006-111111111111;contacto de
-----------------
execution time: 1539637508.5056992 s
-PY0006-111111111111;la descarga inicia
-----------------
execution time: 1539637508.5069857 s
-PY0003-111111111111;contacto de
-----------------
execution time: 1539637508.508012 s
-PY0003-111111111111;la descarga inicia
-----------------
execution time: 1539637508.6830556 s
-PY0004-111111111111;contacto de
-----------------
execution time: 1539637508.684084 s
-PY0004-111111111111;la descarga inicia
-----------------
execution time: 1539637513.4977584 s
-PY0002-111111111111;contacto de
-----------------
execution time: 1539637513.502744 s
-PY0005-111111111111;contacto de
-----------------
execution time: 1539637513.5120602 s
-PY0006-111111111111;contacto de
-----------------
execution time: 1539637513.5154667 s
-PY0003-111111111111;contacto de
-----------------
execution time: 1539637513.701658 s
-PY0004-111111111111;contacto de
-----------------
execution time: 1539637514.3866525 s
-PY0001-111111111111;contacto de
-----------------
execution time: 1539637514.3943868 s
-PY0001-111111111111;la descarga inicia
-----------------
execution time: 1539637518.51306 s
-PY0002-111111111111;contacto de
-----------------
execution time: 1539637518.5214474 s
-PY0005-111111111111;contacto de
-----------------
execution time: 1539637518.526631 s
-PY0006-111111111111;contacto de
-----------------
execution time: 1539637518.5313087 s
-PY0003-111111111111;contacto de
-----------------
execution time: 1539637518.717955 s
-PY0004-111111111111;contacto de
-----------------
execution time: 1539637519.4162354 s
-PY0001-111111111111;contacto de
-----------------
execution time: 1539637523.5317543 s
-PY0002-111111111111;contacto de
-----------------
execution time: 1539637523.5403302 s
-PY0005-111111111111;contacto de
-----------------
execution time: 1539637523.542557 s
-PY0006-111111111111;contacto de
-----------------
execution time: 1539637523.545865 s
-PY0003-111111111111;contacto de
-----------------
execution time: 1539637523.7398684 s
-PY0004-111111111111;contacto de
-----------------
execution time: 1539637524.4296055 s
-PY0001-111111111111;contacto de
-----------------
execution time: 1539637528.5453107 s
-PY0002-111111111111;contacto de
-----------------
execution time: 1539637528.5545874 s
-PY0005-111111111111;contacto de
-----------------
execution time: 1539637528.5606415 s
-PY0006-111111111111;contacto de
-----------------
execution time: 1539637528.5713575 s
-PY0003-111111111111;contacto de
-----------------
execution time: 1539637528.7605832 s
-PY0004-111111111111;contacto de
-----------------
execution time: 1539637529.4417756 s
-PY0001-111111111111;contacto de
-----------------
execution time: 1539637533.5661461 s
-PY0005-111111111111;contacto de
-----------------
execution time: 1539637533.570185 s
-PY0002-111111111111;contacto de
-----------------
execution time: 1539637533.579728 s
-PY0006-111111111111;contacto de
-----------------
execution time: 1539637533.5850964 s
-PY0003-111111111111;contacto de
-----------------
execution time: 1539637533.7780802 s
-PY0004-111111111111;contacto de
-----------------
execution time: 1539637534.4475286 s
-PY0001-111111111111;contacto de
-----------------
execution time: 1539637537.4778502 s
-PY0002-111111111111;el tiempo de descarga fue;28.991905450820923
-----------------
execution time: 1539637537.4781964 s
-PY0002-111111111111;es el cliente;1;en terminar
-----------------
execution time: 1539637537.5655963 s
-PY0006-111111111111;el tiempo de descarga fue;29.059902667999268
-----------------
execution time: 1539637537.5659375 s
-PY0006-111111111111;es el cliente;2;en terminar
-----------------
execution time: 1539637537.5875921 s
-PY0003-111111111111;el tiempo de descarga fue;29.079587936401367
-----------------
execution time: 1539637537.5879457 s
-PY0003-111111111111;es el cliente;3;en terminar
-----------------
execution time: 1539637537.8244562 s
-PY0005-111111111111;el tiempo de descarga fue;29.33423089981079
-----------------
execution time: 1539637537.8248348 s
-PY0005-111111111111;es el cliente;4;en terminar
-----------------
execution time: 1539637537.8678832 s
-PY0004-111111111111;el tiempo de descarga fue;29.18380641937256
-----------------
execution time: 1539637537.8682766 s
-PY0004-111111111111;es el cliente;5;en terminar
-----------------
execution time: 1539637538.5751495 s
-PY0005-111111111111;contacto de
-----------------
execution time: 1539637538.5822566 s
-PY0002-111111111111;contacto de
-----------------
execution time: 1539637538.5925105 s
-PY0006-111111111111;contacto de
-----------------
execution time: 1539637538.5939164 s
-PY0003-111111111111;contacto de
-----------------
execution time: 1539637538.794684 s
-PY0004-111111111111;contacto de
-----------------
execution time: 1539637539.4556704 s
-PY0001-111111111111;contacto de
-----------------
