Mon Oct 15 15:47:53 2018
Listening on 157.253.205.65:9010
-----------------
execution time: 1539636473.422595 s
-PY0002-111111111111;contacto de
-----------------
execution time: 1539636473.423691 s
-PY0002-111111111111;la descarga inicia
-----------------
execution time: 1539636478.4397402 s
-PY0002-111111111111;contacto de
-----------------
execution time: 1539636479.8127296 s
-PY0001-111111111111;la descarga inicia
-----------------
execution time: 1539636479.8225436 s
-PY0001-111111111111;contacto de
-----------------
execution time: 1539636483.4593267 s
-PY0002-111111111111;contacto de
-----------------
execution time: 1539636484.8584397 s
-PY0001-111111111111;contacto de
-----------------
execution time: 1539636488.4813023 s
-PY0002-111111111111;contacto de
-----------------
execution time: 1539636489.8656075 s
-PY0001-111111111111;contacto de
-----------------
execution time: 1539636493.4952476 s
-PY0002-111111111111;contacto de
-----------------
execution time: 1539636494.873643 s
-PY0001-111111111111;contacto de
-----------------
execution time: 1539636495.5128767 s
-PY0002-111111111111;el tiempo de descarga fue;22.089192152023315
-----------------
execution time: 1539636495.5132976 s
-PY0002-111111111111;es el cliente;1;en terminar
-----------------
execution time: 1539636498.5073507 s
-PY0002-111111111111;contacto de
-----------------
execution time: 1539636499.881722 s
-PY0001-111111111111;contacto de
-----------------
