Tue Oct 16 19:40:06 2018
Listening on 157.253.205.65:9010
-----------------
execution time: 1539736807.571902 s
-PY0001-111111111111;contacto de
-----------------
execution time: 1539736807.572824 s
-PY0001-111111111111;la descarga inicia
-----------------
execution time: 1539736812.5803745 s
-PY0001-111111111111;contacto de
-----------------
execution time: 1539736813.4028401 s
-PY0002-111111111111;contacto de
-----------------
execution time: 1539736813.4040139 s
-PY0002-111111111111;la descarga inicia
-----------------
execution time: 1539736813.4147687 s
-PY0005-111111111111;contacto de
-----------------
execution time: 1539736813.4159415 s
-PY0005-111111111111;la descarga inicia
-----------------
execution time: 1539736813.4211414 s
-PY0003-111111111111;contacto de
-----------------
execution time: 1539736813.4220397 s
-PY0003-111111111111;la descarga inicia
-----------------
execution time: 1539736813.4265594 s
-PY0011-111111111111;contacto de
-----------------
execution time: 1539736813.4275296 s
-PY0011-111111111111;la descarga inicia
-----------------
execution time: 1539736813.439619 s
-PY0009-111111111111;contacto de
-----------------
execution time: 1539736813.4405277 s
-PY0009-111111111111;la descarga inicia
-----------------
execution time: 1539736813.4584925 s
-PY0012-111111111111;contacto de
-----------------
execution time: 1539736813.4596133 s
-PY0012-111111111111;la descarga inicia
-----------------
execution time: 1539736813.463611 s
-PY0006-111111111111;contacto de
-----------------
execution time: 1539736813.4650931 s
-PY0006-111111111111;la descarga inicia
-----------------
execution time: 1539736813.471911 s
-PY0013-111111111111;contacto de
-----------------
execution time: 1539736813.4731226 s
-PY0013-111111111111;la descarga inicia
-----------------
execution time: 1539736813.4826145 s
-PY0014-111111111111;contacto de
-----------------
execution time: 1539736813.4841282 s
-PY0014-111111111111;la descarga inicia
-----------------
execution time: 1539736813.4934783 s
-PY0004-111111111111;contacto de
-----------------
execution time: 1539736813.495069 s
-PY0004-111111111111;la descarga inicia
-----------------
execution time: 1539736813.496538 s
-PY0015-111111111111;contacto de
-----------------
execution time: 1539736813.4975045 s
-PY0015-111111111111;la descarga inicia
-----------------
execution time: 1539736813.5044503 s
-PY0017-111111111111;contacto de
-----------------
execution time: 1539736813.5059774 s
-PY0017-111111111111;la descarga inicia
-----------------
execution time: 1539736813.5134547 s
-PY0021-111111111111;contacto de
-----------------
execution time: 1539736813.5147927 s
-PY0021-111111111111;la descarga inicia
-----------------
execution time: 1539736813.5282137 s
-PY0020-111111111111;contacto de
-----------------
execution time: 1539736813.5296364 s
-PY0020-111111111111;la descarga inicia
-----------------
execution time: 1539736813.530761 s
-PY0022-111111111111;contacto de
-----------------
execution time: 1539736813.532298 s
-PY0022-111111111111;la descarga inicia
-----------------
execution time: 1539736813.5601048 s
-PY0023-111111111111;contacto de
-----------------
execution time: 1539736813.564105 s
-PY0023-111111111111;la descarga inicia
-----------------
execution time: 1539736813.566911 s
-PY0019-111111111111;contacto de
-----------------
execution time: 1539736813.5695288 s
-PY0019-111111111111;la descarga inicia
-----------------
execution time: 1539736813.7864435 s
-PY0008-111111111111;contacto de
-----------------
execution time: 1539736813.7901604 s
-PY0018-111111111111;contacto de
-----------------
execution time: 1539736813.796673 s
-PY0018-111111111111;la descarga inicia
-----------------
execution time: 1539736813.7985218 s
-PY0016-111111111111;contacto de
-----------------
execution time: 1539736814.583515 s
-PY0008-111111111111;la descarga inicia
-----------------
execution time: 1539736814.6174932 s
-PY0010-111111111111;la descarga inicia
-----------------
execution time: 1539736814.6220841 s
-PY0010-111111111111;contacto de
-----------------
execution time: 1539736814.6252425 s
-PY0007-111111111111;la descarga inicia
-----------------
execution time: 1539736814.6512854 s
-PY0016-111111111111;la descarga inicia
-----------------
execution time: 1539736816.6263855 s
-PY0007-111111111111;contacto de
-----------------
execution time: 1539736817.5950308 s
-PY0001-111111111111;contacto de
-----------------
execution time: 1539736818.4135296 s
-PY0002-111111111111;contacto de
-----------------
execution time: 1539736818.4285588 s
-PY0005-111111111111;contacto de
-----------------
execution time: 1539736818.4307241 s
-PY0003-111111111111;contacto de
-----------------
execution time: 1539736818.4403303 s
-PY0011-111111111111;contacto de
-----------------
execution time: 1539736818.4465885 s
-PY0009-111111111111;contacto de
-----------------
execution time: 1539736818.4655733 s
-PY0012-111111111111;contacto de
-----------------
execution time: 1539736818.4810672 s
-PY0013-111111111111;contacto de
-----------------
execution time: 1539736818.487984 s
-PY0014-111111111111;contacto de
-----------------
execution time: 1539736818.505034 s
-PY0004-111111111111;contacto de
-----------------
execution time: 1539736818.5109048 s
-PY0015-111111111111;contacto de
-----------------
execution time: 1539736818.5144172 s
-PY0017-111111111111;contacto de
-----------------
execution time: 1539736818.5200486 s
-PY0021-111111111111;contacto de
-----------------
execution time: 1539736818.5600686 s
-PY0020-111111111111;contacto de
-----------------
execution time: 1539736818.5620198 s
-PY0022-111111111111;contacto de
-----------------
execution time: 1539736818.5764751 s
-PY0023-111111111111;contacto de
-----------------
execution time: 1539736818.5783262 s
-PY0019-111111111111;contacto de
-----------------
execution time: 1539736818.799121 s
-PY0008-111111111111;contacto de
-----------------
execution time: 1539736818.8021593 s
-PY0018-111111111111;contacto de
-----------------
execution time: 1539736818.8111715 s
-PY0016-111111111111;contacto de
-----------------
execution time: 1539736819.6331544 s
-PY0010-111111111111;contacto de
-----------------
execution time: 1539736821.4748087 s
-PY0006-111111111111;contacto de
-----------------
execution time: 1539736821.6494415 s
-PY0007-111111111111;contacto de
-----------------
execution time: 1539736822.604977 s
-PY0001-111111111111;contacto de
-----------------
execution time: 1539736823.4266908 s
-PY0002-111111111111;contacto de
-----------------
execution time: 1539736823.4431865 s
-PY0003-111111111111;contacto de
-----------------
execution time: 1539736823.4486492 s
-PY0011-111111111111;contacto de
-----------------
execution time: 1539736823.4602878 s
-PY0009-111111111111;contacto de
-----------------
execution time: 1539736823.4736507 s
-PY0012-111111111111;contacto de
-----------------
execution time: 1539736823.548328 s
-PY0005-111111111111;contacto de
-----------------
execution time: 1539736823.5527344 s
-PY0013-111111111111;contacto de
-----------------
execution time: 1539736823.5570414 s
-PY0014-111111111111;contacto de
-----------------
execution time: 1539736823.560833 s
-PY0015-111111111111;contacto de
-----------------
execution time: 1539736823.5624597 s
-PY0017-111111111111;contacto de
-----------------
execution time: 1539736823.564757 s
-PY0021-111111111111;contacto de
-----------------
execution time: 1539736823.6676097 s
-PY0022-111111111111;contacto de
-----------------
execution time: 1539736823.6933062 s
-PY0020-111111111111;contacto de
-----------------
execution time: 1539736823.6977584 s
-PY0019-111111111111;contacto de
-----------------
execution time: 1539736823.821149 s
-PY0023-111111111111;contacto de
-----------------
execution time: 1539736823.8453412 s
-PY0018-111111111111;contacto de
-----------------
execution time: 1539736823.8478258 s
-PY0016-111111111111;contacto de
-----------------
execution time: 1539736824.3712616 s
-PY0008-111111111111;contacto de
-----------------
execution time: 1539736824.5259743 s
-PY0004-111111111111;contacto de
-----------------
execution time: 1539736824.830814 s
-PY0010-111111111111;contacto de
-----------------
execution time: 1539736826.5284765 s
-PY0006-111111111111;contacto de
-----------------
execution time: 1539736827.1135721 s
-PY0007-111111111111;contacto de
-----------------
execution time: 1539736827.8205187 s
-PY0001-111111111111;contacto de
-----------------
execution time: 1539736828.4594057 s
-PY0002-111111111111;contacto de
-----------------
execution time: 1539736828.5757277 s
-PY0011-111111111111;contacto de
-----------------
execution time: 1539736828.577606 s
-PY0003-111111111111;contacto de
-----------------
execution time: 1539736828.6095614 s
-PY0009-111111111111;contacto de
-----------------
execution time: 1539736828.6117628 s
-PY0012-111111111111;contacto de
-----------------
execution time: 1539736828.8010652 s
-PY0014-111111111111;contacto de
-----------------
execution time: 1539736828.8027108 s
-PY0005-111111111111;contacto de
-----------------
execution time: 1539736828.8042288 s
-PY0015-111111111111;contacto de
-----------------
execution time: 1539736828.8487747 s
-PY0017-111111111111;contacto de
-----------------
execution time: 1539736828.9059167 s
-PY0021-111111111111;contacto de
-----------------
execution time: 1539736828.9086258 s
-PY0019-111111111111;contacto de
-----------------
execution time: 1539736829.0636518 s
-PY0022-111111111111;contacto de
-----------------
execution time: 1539736829.0667646 s
-PY0020-111111111111;contacto de
-----------------
execution time: 1539736829.0698397 s
-PY0023-111111111111;contacto de
-----------------
execution time: 1539736829.0724173 s
-PY0018-111111111111;contacto de
-----------------
execution time: 1539736829.0747895 s
-PY0016-111111111111;contacto de
-----------------
execution time: 1539736829.0775828 s
-PY0013-111111111111;contacto de
-----------------
execution time: 1539736829.4224432 s
-PY0008-111111111111;contacto de
-----------------
execution time: 1539736829.8419309 s
-PY0004-111111111111;contacto de
-----------------
execution time: 1539736829.8439994 s
-PY0017-111111111111;el tiempo de descarga fue;16.338029146194458
-----------------
execution time: 1539736829.8445022 s
-PY0017-111111111111;es el cliente;1;en terminar
-----------------
execution time: 1539736829.9256983 s
-PY0010-111111111111;contacto de
-----------------
execution time: 1539736829.9628897 s
-PY0014-111111111111;el tiempo de descarga fue;16.47876811027527
-----------------
execution time: 1539736829.9632816 s
-PY0014-111111111111;es el cliente;2;en terminar
-----------------
execution time: 1539736830.4984255 s
-PY0004-111111111111;el tiempo de descarga fue;17.003363370895386
-----------------
execution time: 1539736830.498858 s
-PY0004-111111111111;es el cliente;3;en terminar
-----------------
execution time: 1539736831.147679 s
-PY0019-111111111111;el tiempo de descarga fue;17.578160524368286
-----------------
execution time: 1539736831.1487339 s
-PY0019-111111111111;es el cliente;4;en terminar
-----------------
execution time: 1539736831.368008 s
-PY0007-111111111111;el tiempo de descarga fue;16.742774486541748
-----------------
execution time: 1539736831.3683136 s
-PY0007-111111111111;es el cliente;5;en terminar
-----------------
execution time: 1539736831.4231727 s
-PY0008-111111111111;el tiempo de descarga fue;16.839836359024048
-----------------
execution time: 1539736831.423472 s
-PY0008-111111111111;es el cliente;6;en terminar
-----------------
execution time: 1539736831.6571653 s
-PY0006-111111111111;contacto de
-----------------
execution time: 1539736831.6729803 s
-PY0005-111111111111;el tiempo de descarga fue;18.257044553756714
-----------------
execution time: 1539736831.6732552 s
-PY0005-111111111111;es el cliente;7;en terminar
-----------------
execution time: 1539736831.924621 s
-PY0018-111111111111;el tiempo de descarga fue;18.12795662879944
-----------------
execution time: 1539736831.9251919 s
-PY0018-111111111111;es el cliente;8;en terminar
-----------------
execution time: 1539736831.9555705 s
-PY0010-111111111111;el tiempo de descarga fue;17.33808660507202
-----------------
execution time: 1539736831.956151 s
-PY0010-111111111111;es el cliente;9;en terminar
-----------------
execution time: 1539736832.0637639 s
-PY0020-111111111111;el tiempo de descarga fue;18.53413438796997
-----------------
execution time: 1539736832.0642996 s
-PY0020-111111111111;es el cliente;10;en terminar
-----------------
execution time: 1539736832.1521971 s
-PY0007-111111111111;contacto de
-----------------
execution time: 1539736832.344769 s
-PY0013-111111111111;el tiempo de descarga fue;18.871654510498047
-----------------
execution time: 1539736832.3451872 s
-PY0013-111111111111;es el cliente;11;en terminar
-----------------
execution time: 1539736832.4936912 s
-PY0011-111111111111;el tiempo de descarga fue;19.066168069839478
-----------------
execution time: 1539736832.4941232 s
-PY0011-111111111111;es el cliente;12;en terminar
-----------------
execution time: 1539736832.5549865 s
-PY0003-111111111111;el tiempo de descarga fue;19.132955312728882
-----------------
execution time: 1539736832.5555007 s
-PY0003-111111111111;es el cliente;13;en terminar
-----------------
execution time: 1539736832.582752 s
-PY0012-111111111111;el tiempo de descarga fue;19.12314534187317
-----------------
execution time: 1539736832.5830557 s
-PY0012-111111111111;es el cliente;14;en terminar
-----------------
execution time: 1539736832.6557288 s
-PY0002-111111111111;el tiempo de descarga fue;19.25172185897827
-----------------
execution time: 1539736832.6561794 s
-PY0002-111111111111;es el cliente;15;en terminar
-----------------
execution time: 1539736832.6598134 s
-PY0016-111111111111;el tiempo de descarga fue;18.0085346698761
-----------------
execution time: 1539736832.6601746 s
-PY0016-111111111111;es el cliente;16;en terminar
-----------------
execution time: 1539736832.749261 s
-PY0015-111111111111;el tiempo de descarga fue;19.251763582229614
-----------------
execution time: 1539736832.7496755 s
-PY0015-111111111111;es el cliente;17;en terminar
-----------------
execution time: 1539736832.8189487 s
-PY0022-111111111111;el tiempo de descarga fue;19.2867431640625
-----------------
execution time: 1539736832.819758 s
-PY0022-111111111111;es el cliente;18;en terminar
-----------------
execution time: 1539736832.830695 s
-PY0001-111111111111;contacto de
-----------------
execution time: 1539736832.8994427 s
-PY0021-111111111111;el tiempo de descarga fue;19.384658813476562
-----------------
execution time: 1539736832.9002364 s
-PY0021-111111111111;es el cliente;19;en terminar
-----------------
execution time: 1539736832.9804094 s
-PY0006-111111111111;el tiempo de descarga fue;19.515324354171753
-----------------
execution time: 1539736832.981213 s
-PY0006-111111111111;es el cliente;20;en terminar
-----------------
execution time: 1539736833.5004191 s
-PY0002-111111111111;contacto de
-----------------
execution time: 1539736833.5910208 s
-PY0003-111111111111;contacto de
-----------------
execution time: 1539736833.5929027 s
-PY0011-111111111111;contacto de
-----------------
execution time: 1539736833.6243136 s
-PY0012-111111111111;contacto de
-----------------
execution time: 1539736833.6899085 s
-PY0009-111111111111;contacto de
-----------------
execution time: 1539736833.8123107 s
-PY0005-111111111111;contacto de
-----------------
execution time: 1539736833.8273056 s
-PY0014-111111111111;contacto de
-----------------
execution time: 1539736833.8329966 s
-PY0015-111111111111;contacto de
-----------------
execution time: 1539736833.8624535 s
-PY0017-111111111111;contacto de
-----------------
execution time: 1539736833.9240212 s
-PY0019-111111111111;contacto de
-----------------
execution time: 1539736833.944438 s
-PY0021-111111111111;contacto de
-----------------
execution time: 1539736834.0793588 s
-PY0022-111111111111;contacto de
-----------------
execution time: 1539736834.0940468 s
-PY0013-111111111111;contacto de
-----------------
execution time: 1539736834.0965168 s
-PY0016-111111111111;contacto de
-----------------
execution time: 1539736834.0994213 s
-PY0020-111111111111;contacto de
-----------------
execution time: 1539736834.1020112 s
-PY0018-111111111111;contacto de
-----------------
execution time: 1539736834.770021 s
-PY0023-111111111111;contacto de
-----------------
execution time: 1539736834.7740555 s
-PY0008-111111111111;contacto de
-----------------
execution time: 1539736834.8646543 s
-PY0004-111111111111;contacto de
-----------------
execution time: 1539736834.9401786 s
-PY0010-111111111111;contacto de
-----------------
execution time: 1539736836.6898754 s
-PY0006-111111111111;contacto de
-----------------
execution time: 1539736837.162431 s
-PY0007-111111111111;contacto de
-----------------
execution time: 1539736837.8410184 s
-PY0001-111111111111;contacto de
-----------------
execution time: 1539736838.5104086 s
-PY0002-111111111111;contacto de
-----------------
execution time: 1539736838.6013749 s
-PY0003-111111111111;contacto de
-----------------
execution time: 1539736838.6045554 s
-PY0011-111111111111;contacto de
-----------------
execution time: 1539736838.6341083 s
-PY0012-111111111111;contacto de
-----------------
execution time: 1539736838.7271469 s
-PY0009-111111111111;contacto de
-----------------
execution time: 1539736838.8219385 s
-PY0005-111111111111;contacto de
-----------------
execution time: 1539736838.837002 s
-PY0014-111111111111;contacto de
-----------------
execution time: 1539736838.83891 s
-PY0015-111111111111;contacto de
-----------------
execution time: 1539736838.8686311 s
-PY0017-111111111111;contacto de
-----------------
execution time: 1539736838.9296358 s
-PY0019-111111111111;contacto de
-----------------
execution time: 1539736838.9506207 s
-PY0021-111111111111;contacto de
-----------------
execution time: 1539736839.0905774 s
-PY0022-111111111111;contacto de
-----------------
execution time: 1539736839.105529 s
-PY0013-111111111111;contacto de
-----------------
execution time: 1539736839.1074338 s
-PY0016-111111111111;contacto de
-----------------
execution time: 1539736839.109654 s
-PY0020-111111111111;contacto de
-----------------
execution time: 1539736839.1120913 s
-PY0018-111111111111;contacto de
-----------------
execution time: 1539736839.8916955 s
-PY0023-111111111111;contacto de
-----------------
execution time: 1539736839.896187 s
-PY0008-111111111111;contacto de
-----------------
execution time: 1539736839.9010115 s
-PY0004-111111111111;contacto de
-----------------
execution time: 1539736839.9525552 s
-PY0010-111111111111;contacto de
-----------------
execution time: 1539736841.4241629 s
-PY0009-111111111111;el tiempo de descarga fue;27.983643293380737
-----------------
execution time: 1539736841.4253035 s
-PY0009-111111111111;es el cliente;21;en terminar
-----------------
execution time: 1539736841.444723 s
-PY0023-111111111111;el tiempo de descarga fue;27.880627393722534
-----------------
execution time: 1539736841.4452841 s
-PY0023-111111111111;es el cliente;22;en terminar
-----------------
execution time: 1539736841.7000575 s
-PY0006-111111111111;contacto de
-----------------
execution time: 1539736842.1738272 s
-PY0007-111111111111;contacto de
-----------------
execution time: 1539736842.8516984 s
-PY0001-111111111111;contacto de
-----------------
execution time: 1539736843.5214703 s
-PY0002-111111111111;contacto de
-----------------
execution time: 1539736843.6102064 s
-PY0003-111111111111;contacto de
-----------------
execution time: 1539736843.6147017 s
-PY0011-111111111111;contacto de
-----------------
execution time: 1539736843.6445575 s
-PY0012-111111111111;contacto de
-----------------
execution time: 1539736843.7583134 s
-PY0009-111111111111;contacto de
-----------------
execution time: 1539736843.8326185 s
-PY0005-111111111111;contacto de
-----------------
execution time: 1539736843.8452313 s
-PY0015-111111111111;contacto de
-----------------
execution time: 1539736843.8500743 s
-PY0014-111111111111;contacto de
-----------------
execution time: 1539736843.878721 s
-PY0017-111111111111;contacto de
-----------------
execution time: 1539736843.9407036 s
-PY0019-111111111111;contacto de
-----------------
execution time: 1539736843.9611232 s
-PY0021-111111111111;contacto de
-----------------
execution time: 1539736844.1010368 s
-PY0022-111111111111;contacto de
-----------------
execution time: 1539736844.1155612 s
-PY0013-111111111111;contacto de
-----------------
execution time: 1539736844.1186764 s
-PY0016-111111111111;contacto de
-----------------
execution time: 1539736844.1214628 s
-PY0020-111111111111;contacto de
-----------------
execution time: 1539736844.1237752 s
-PY0018-111111111111;contacto de
-----------------
execution time: 1539736844.9077747 s
-PY0023-111111111111;contacto de
-----------------
execution time: 1539736844.912244 s
-PY0008-111111111111;contacto de
-----------------
execution time: 1539736844.9157004 s
-PY0004-111111111111;contacto de
-----------------
execution time: 1539736844.963397 s
-PY0010-111111111111;contacto de
-----------------
