Mon Oct 15 16:06:43 2018
Listening on 157.253.205.65:9010
-----------------
execution time: 1539637603.4685643 s
-PY0002-111111111111;contacto de
-----------------
execution time: 1539637603.469559 s
-PY0002-111111111111;la descarga inicia
-----------------
execution time: 1539637603.4814458 s
-PY0003-111111111111;contacto de
-----------------
execution time: 1539637603.482815 s
-PY0003-111111111111;la descarga inicia
-----------------
execution time: 1539637603.4883752 s
-PY0006-111111111111;contacto de
-----------------
execution time: 1539637603.4895418 s
-PY0006-111111111111;la descarga inicia
-----------------
execution time: 1539637603.5020628 s
-PY0005-111111111111;contacto de
-----------------
execution time: 1539637603.5030692 s
-PY0005-111111111111;la descarga inicia
-----------------
execution time: 1539637603.6157553 s
-PY0004-111111111111;contacto de
-----------------
execution time: 1539637603.61698 s
-PY0004-111111111111;la descarga inicia
-----------------
execution time: 1539637608.4785364 s
-PY0002-111111111111;contacto de
-----------------
execution time: 1539637608.4960713 s
-PY0003-111111111111;contacto de
-----------------
execution time: 1539637608.5007162 s
-PY0006-111111111111;contacto de
-----------------
execution time: 1539637608.512338 s
-PY0005-111111111111;contacto de
-----------------
execution time: 1539637608.6288605 s
-PY0004-111111111111;contacto de
-----------------
execution time: 1539637609.2614968 s
-PY0001-111111111111;contacto de
-----------------
execution time: 1539637609.271453 s
-PY0001-111111111111;la descarga inicia
-----------------
execution time: 1539637613.496048 s
-PY0002-111111111111;contacto de
-----------------
execution time: 1539637613.5137403 s
-PY0003-111111111111;contacto de
-----------------
execution time: 1539637613.5242558 s
-PY0006-111111111111;contacto de
-----------------
execution time: 1539637613.5258057 s
-PY0005-111111111111;contacto de
-----------------
execution time: 1539637613.6437693 s
-PY0004-111111111111;contacto de
-----------------
execution time: 1539637614.2963784 s
-PY0001-111111111111;contacto de
-----------------
execution time: 1539637618.5156653 s
-PY0002-111111111111;contacto de
-----------------
execution time: 1539637618.552208 s
-PY0003-111111111111;contacto de
-----------------
execution time: 1539637618.5613024 s
-PY0005-111111111111;contacto de
-----------------
execution time: 1539637618.5634282 s
-PY0006-111111111111;contacto de
-----------------
execution time: 1539637618.670089 s
-PY0004-111111111111;contacto de
-----------------
execution time: 1539637619.3172882 s
-PY0001-111111111111;contacto de
-----------------
execution time: 1539637623.5534499 s
-PY0002-111111111111;contacto de
-----------------
execution time: 1539637623.5790288 s
-PY0003-111111111111;contacto de
-----------------
execution time: 1539637623.5921242 s
-PY0006-111111111111;contacto de
-----------------
execution time: 1539637623.6632128 s
-PY0005-111111111111;contacto de
-----------------
execution time: 1539637623.7095475 s
-PY0004-111111111111;contacto de
-----------------
execution time: 1539637624.3613362 s
-PY0001-111111111111;contacto de
-----------------
execution time: 1539637628.6169887 s
-PY0002-111111111111;contacto de
-----------------
execution time: 1539637629.3235517 s
-PY0006-111111111111;contacto de
-----------------
execution time: 1539637629.372197 s
-PY0004-111111111111;contacto de
-----------------
execution time: 1539637629.6196759 s
-PY0001-111111111111;contacto de
-----------------
execution time: 1539637630.0780258 s
-PY0005-111111111111;contacto de
-----------------
execution time: 1539637630.1461382 s
-PY0003-111111111111;contacto de
-----------------
execution time: 1539637631.6276553 s
-PY0002-111111111111;el tiempo de descarga fue;28.15810251235962
-----------------
execution time: 1539637631.6282318 s
-PY0002-111111111111;es el cliente;1;en terminar
-----------------
execution time: 1539637632.1106036 s
-PY0003-111111111111;el tiempo de descarga fue;28.627795219421387
-----------------
execution time: 1539637632.1110308 s
-PY0003-111111111111;es el cliente;2;en terminar
-----------------
execution time: 1539637633.057215 s
-PY0005-111111111111;el tiempo de descarga fue;29.554152965545654
-----------------
execution time: 1539637633.0576909 s
-PY0005-111111111111;es el cliente;3;en terminar
-----------------
execution time: 1539637633.1700335 s
-PY0006-111111111111;el tiempo de descarga fue;29.680498361587524
-----------------
execution time: 1539637633.1704328 s
-PY0006-111111111111;es el cliente;4;en terminar
-----------------
execution time: 1539637633.361935 s
-PY0004-111111111111;el tiempo de descarga fue;29.744962215423584
-----------------
execution time: 1539637633.3622563 s
-PY0004-111111111111;es el cliente;5;en terminar
-----------------
execution time: 1539637633.8154743 s
-PY0002-111111111111;contacto de
-----------------
execution time: 1539637634.4275372 s
-PY0004-111111111111;contacto de
-----------------
execution time: 1539637634.7507021 s
-PY0001-111111111111;contacto de
-----------------
execution time: 1539637635.0982301 s
-PY0005-111111111111;contacto de
-----------------
execution time: 1539637635.7291603 s
-PY0003-111111111111;contacto de
-----------------
execution time: 1539637637.1271255 s
-PY0006-111111111111;contacto de
-----------------
execution time: 1539637639.1694212 s
-PY0002-111111111111;contacto de
-----------------
execution time: 1539637639.6053746 s
-PY0004-111111111111;contacto de
-----------------
execution time: 1539637640.110402 s
-PY0001-111111111111;contacto de
-----------------
execution time: 1539637640.355527 s
-PY0005-111111111111;contacto de
-----------------
