Mon Oct 15 15:45:55 2018
Listening on 157.253.205.65:9010
-----------------
execution time: 1539636355.9915488 s
-PY0002-111111111111;contacto de
-----------------
execution time: 1539636355.992758 s
-PY0002-111111111111;la descarga inicia
-----------------
execution time: 1539636361.0090618 s
-PY0002-111111111111;contacto de
-----------------
execution time: 1539636361.2623851 s
-PY0001-111111111111;la descarga inicia
-----------------
execution time: 1539636361.2678113 s
-PY0001-111111111111;contacto de
-----------------
execution time: 1539636366.0281994 s
-PY0002-111111111111;contacto de
-----------------
execution time: 1539636366.2987628 s
-PY0001-111111111111;contacto de
-----------------
execution time: 1539636371.0415177 s
-PY0002-111111111111;contacto de
-----------------
execution time: 1539636371.3169887 s
-PY0001-111111111111;contacto de
-----------------
execution time: 1539636376.0620165 s
-PY0002-111111111111;contacto de
-----------------
execution time: 1539636376.3249614 s
-PY0001-111111111111;contacto de
-----------------
execution time: 1539636378.4619734 s
-PY0002-111111111111;el tiempo de descarga fue;22.4692223072052
-----------------
execution time: 1539636378.4624212 s
-PY0002-111111111111;es el cliente;1;en terminar
-----------------
execution time: 1539636381.0702815 s
-PY0002-111111111111;contacto de
-----------------
execution time: 1539636381.3331833 s
-PY0001-111111111111;contacto de
-----------------
