Mon Oct 15 15:28:44 2018
Listening on 157.253.205.65:9010
-----------------
execution time: 1539635324.9977272 s
-PY0002-111111111111;contacto de
-----------------
execution time: 1539635324.9986424 s
-PY0002-111111111111;la descarga inicia
-----------------
execution time: 1539635325.0118244 s
-PY0003-111111111111;contacto de
-----------------
execution time: 1539635325.012838 s
-PY0005-111111111111;contacto de
-----------------
execution time: 1539635325.0137384 s
-PY0005-111111111111;la descarga inicia
-----------------
execution time: 1539635325.0146258 s
-PY0003-111111111111;la descarga inicia
-----------------
execution time: 1539635325.1479402 s
-PY0004-111111111111;contacto de
-----------------
execution time: 1539635325.1489978 s
-PY0004-111111111111;la descarga inicia
-----------------
execution time: 1539635325.519344 s
-PY0001-111111111111;contacto de
-----------------
execution time: 1539635325.520365 s
-PY0001-111111111111;la descarga inicia
-----------------
execution time: 1539635330.0140047 s
-PY0002-111111111111;contacto de
-----------------
execution time: 1539635330.0253222 s
-PY0005-111111111111;contacto de
-----------------
execution time: 1539635330.0264573 s
-PY0003-111111111111;contacto de
-----------------
execution time: 1539635330.1633782 s
-PY0004-111111111111;contacto de
-----------------
execution time: 1539635330.5319214 s
-PY0001-111111111111;contacto de
-----------------
execution time: 1539635335.02946 s
-PY0002-111111111111;contacto de
-----------------
execution time: 1539635335.0383337 s
-PY0003-111111111111;contacto de
-----------------
execution time: 1539635335.0463142 s
-PY0005-111111111111;contacto de
-----------------
execution time: 1539635335.180848 s
-PY0004-111111111111;contacto de
-----------------
execution time: 1539635335.5459151 s
-PY0001-111111111111;contacto de
-----------------
execution time: 1539635337.372255 s
-PY0002-111111111111;el tiempo de descarga fue;12.373619794845581
-----------------
execution time: 1539635337.3725843 s
-PY0002-111111111111;es el cliente;1;en terminar
-----------------
execution time: 1539635337.6528246 s
-PY0004-111111111111;el tiempo de descarga fue;12.503887176513672
-----------------
execution time: 1539635337.6531906 s
-PY0004-111111111111;es el cliente;2;en terminar
-----------------
execution time: 1539635337.776404 s
-PY0003-111111111111;el tiempo de descarga fue;12.761784791946411
-----------------
execution time: 1539635337.7768147 s
-PY0003-111111111111;es el cliente;3;en terminar
-----------------
execution time: 1539635337.7992728 s
-PY0005-111111111111;el tiempo de descarga fue;12.78554081916809
-----------------
execution time: 1539635337.7997203 s
-PY0005-111111111111;es el cliente;4;en terminar
-----------------
execution time: 1539635340.0380163 s
-PY0002-111111111111;contacto de
-----------------
execution time: 1539635340.0506384 s
-PY0003-111111111111;contacto de
-----------------
execution time: 1539635340.0593429 s
-PY0005-111111111111;contacto de
-----------------
execution time: 1539635340.1951962 s
-PY0004-111111111111;contacto de
-----------------
execution time: 1539635340.5549824 s
-PY0001-111111111111;contacto de
-----------------
execution time: 1539635345.0465505 s
-PY0002-111111111111;contacto de
-----------------
execution time: 1539635345.0587 s
-PY0003-111111111111;contacto de
-----------------
execution time: 1539635345.0671175 s
-PY0005-111111111111;contacto de
-----------------
execution time: 1539635345.2042832 s
-PY0004-111111111111;contacto de
-----------------
execution time: 1539635345.5632708 s
-PY0001-111111111111;contacto de
-----------------
