Mon Oct 15 15:39:05 2018
Listening on 157.253.205.65:9010
-----------------
execution time: 1539635946.0220063 s
-PY0006-111111111111;contacto de
-----------------
execution time: 1539635946.0231073 s
-PY0006-111111111111;la descarga inicia
-----------------
execution time: 1539635946.02665 s
-PY0002-111111111111;contacto de
-----------------
execution time: 1539635946.027702 s
-PY0002-111111111111;la descarga inicia
-----------------
execution time: 1539635946.0373125 s
-PY0005-111111111111;contacto de
-----------------
execution time: 1539635946.0382395 s
-PY0005-111111111111;la descarga inicia
-----------------
execution time: 1539635946.0425599 s
-PY0009-111111111111;contacto de
-----------------
execution time: 1539635946.04384 s
-PY0009-111111111111;la descarga inicia
-----------------
execution time: 1539635946.0448797 s
-PY0007-111111111111;contacto de
-----------------
execution time: 1539635946.0464034 s
-PY0007-111111111111;la descarga inicia
-----------------
execution time: 1539635946.047521 s
-PY0003-111111111111;contacto de
-----------------
execution time: 1539635946.0486147 s
-PY0003-111111111111;la descarga inicia
-----------------
execution time: 1539635946.0583744 s
-PY0008-111111111111;contacto de
-----------------
execution time: 1539635946.0596104 s
-PY0008-111111111111;la descarga inicia
-----------------
execution time: 1539635946.073174 s
-PY0010-111111111111;contacto de
-----------------
execution time: 1539635946.0741286 s
-PY0010-111111111111;la descarga inicia
-----------------
execution time: 1539635946.226264 s
-PY0004-111111111111;contacto de
-----------------
execution time: 1539635946.2274718 s
-PY0004-111111111111;la descarga inicia
-----------------
execution time: 1539635946.6869588 s
-PY0001-111111111111;contacto de
-----------------
execution time: 1539635946.6880376 s
-PY0001-111111111111;la descarga inicia
-----------------
execution time: 1539635951.0345683 s
-PY0006-111111111111;contacto de
-----------------
execution time: 1539635951.038224 s
-PY0002-111111111111;contacto de
-----------------
execution time: 1539635951.0480614 s
-PY0005-111111111111;contacto de
-----------------
execution time: 1539635951.0511606 s
-PY0009-111111111111;contacto de
-----------------
execution time: 1539635951.0527012 s
-PY0007-111111111111;contacto de
-----------------
execution time: 1539635951.0553298 s
-PY0003-111111111111;contacto de
-----------------
execution time: 1539635951.0638585 s
-PY0008-111111111111;contacto de
-----------------
execution time: 1539635951.0806293 s
-PY0010-111111111111;contacto de
-----------------
execution time: 1539635951.2327106 s
-PY0004-111111111111;contacto de
-----------------
execution time: 1539635951.700334 s
-PY0001-111111111111;contacto de
-----------------
execution time: 1539635956.045058 s
-PY0006-111111111111;contacto de
-----------------
execution time: 1539635956.0521803 s
-PY0002-111111111111;contacto de
-----------------
execution time: 1539635956.05364 s
-PY0005-111111111111;contacto de
-----------------
execution time: 1539635956.0597377 s
-PY0009-111111111111;contacto de
-----------------
execution time: 1539635956.0609274 s
-PY0007-111111111111;contacto de
-----------------
execution time: 1539635956.0623405 s
-PY0003-111111111111;contacto de
-----------------
execution time: 1539635956.0802882 s
-PY0008-111111111111;contacto de
-----------------
execution time: 1539635956.0879068 s
-PY0010-111111111111;contacto de
-----------------
execution time: 1539635956.2444072 s
-PY0004-111111111111;contacto de
-----------------
execution time: 1539635956.719519 s
-PY0001-111111111111;contacto de
-----------------
execution time: 1539635961.0566778 s
-PY0006-111111111111;contacto de
-----------------
execution time: 1539635961.0599163 s
-PY0002-111111111111;contacto de
-----------------
execution time: 1539635961.0686908 s
-PY0005-111111111111;contacto de
-----------------
execution time: 1539635961.0760093 s
-PY0007-111111111111;contacto de
-----------------
execution time: 1539635961.077486 s
-PY0009-111111111111;contacto de
-----------------
execution time: 1539635961.0787883 s
-PY0003-111111111111;contacto de
-----------------
execution time: 1539635961.1003885 s
-PY0008-111111111111;contacto de
-----------------
execution time: 1539635961.101497 s
-PY0010-111111111111;contacto de
-----------------
execution time: 1539635961.2563617 s
-PY0004-111111111111;contacto de
-----------------
execution time: 1539635961.7350671 s
-PY0001-111111111111;contacto de
-----------------
execution time: 1539635966.0954428 s
-PY0002-111111111111;contacto de
-----------------
execution time: 1539635966.0968122 s
-PY0006-111111111111;contacto de
-----------------
execution time: 1539635966.121881 s
-PY0009-111111111111;contacto de
-----------------
execution time: 1539635966.1228893 s
-PY0007-111111111111;contacto de
-----------------
execution time: 1539635966.1237824 s
-PY0010-111111111111;contacto de
-----------------
execution time: 1539635966.1666658 s
-PY0005-111111111111;contacto de
-----------------
execution time: 1539635966.2249746 s
-PY0003-111111111111;contacto de
-----------------
execution time: 1539635966.2261422 s
-PY0008-111111111111;contacto de
-----------------
execution time: 1539635966.317369 s
-PY0004-111111111111;contacto de
-----------------
execution time: 1539635966.7481554 s
-PY0001-111111111111;contacto de
-----------------
execution time: 1539635968.0416687 s
-PY0006-111111111111;el tiempo de descarga fue;22.018568754196167
-----------------
execution time: 1539635968.0421157 s
-PY0006-111111111111;es el cliente;1;en terminar
-----------------
execution time: 1539635969.0000548 s
-PY0002-111111111111;el tiempo de descarga fue;22.97235941886902
-----------------
execution time: 1539635969.000404 s
-PY0002-111111111111;es el cliente;2;en terminar
-----------------
execution time: 1539635971.1101933 s
-PY0006-111111111111;contacto de
-----------------
execution time: 1539635971.1806626 s
-PY0002-111111111111;contacto de
-----------------
execution time: 1539635971.219289 s
-PY0010-111111111111;contacto de
-----------------
execution time: 1539635971.3420737 s
-PY0007-111111111111;contacto de
-----------------
execution time: 1539635971.3434064 s
-PY0008-111111111111;contacto de
-----------------
execution time: 1539635971.4009447 s
-PY0005-111111111111;contacto de
-----------------
execution time: 1539635971.4021032 s
-PY0003-111111111111;contacto de
-----------------
execution time: 1539635971.403101 s
-PY0009-111111111111;contacto de
-----------------
execution time: 1539635971.4827769 s
-PY0004-111111111111;contacto de
-----------------
execution time: 1539635971.7601957 s
-PY0001-111111111111;contacto de
-----------------
execution time: 1539635974.6107674 s
-PY0010-111111111111;el tiempo de descarga fue;28.53664517402649
-----------------
execution time: 1539635974.6110914 s
-PY0010-111111111111;es el cliente;3;en terminar
-----------------
execution time: 1539635974.7058089 s
-PY0009-111111111111;el tiempo de descarga fue;28.661979913711548
-----------------
execution time: 1539635974.7062423 s
-PY0009-111111111111;es el cliente;4;en terminar
-----------------
execution time: 1539635974.7564828 s
-PY0003-111111111111;el tiempo de descarga fue;28.70787477493286
-----------------
execution time: 1539635974.756842 s
-PY0003-111111111111;es el cliente;5;en terminar
-----------------
execution time: 1539635974.7787998 s
-PY0007-111111111111;el tiempo de descarga fue;28.732402801513672
-----------------
execution time: 1539635974.779086 s
-PY0007-111111111111;es el cliente;6;en terminar
-----------------
execution time: 1539635974.8010242 s
-PY0008-111111111111;el tiempo de descarga fue;28.741420030593872
-----------------
execution time: 1539635974.801283 s
-PY0008-111111111111;es el cliente;7;en terminar
-----------------
execution time: 1539635974.9925687 s
-PY0005-111111111111;el tiempo de descarga fue;28.954336404800415
-----------------
execution time: 1539635974.992949 s
-PY0005-111111111111;es el cliente;8;en terminar
-----------------
execution time: 1539635975.5027523 s
-PY0004-111111111111;el tiempo de descarga fue;29.275289058685303
-----------------
execution time: 1539635975.503202 s
-PY0004-111111111111;es el cliente;9;en terminar
-----------------
execution time: 1539635976.1215212 s
-PY0006-111111111111;contacto de
-----------------
execution time: 1539635976.1913633 s
-PY0002-111111111111;contacto de
-----------------
execution time: 1539635976.235231 s
-PY0010-111111111111;contacto de
-----------------
execution time: 1539635976.3567557 s
-PY0007-111111111111;contacto de
-----------------
execution time: 1539635976.3834107 s
-PY0008-111111111111;contacto de
-----------------
execution time: 1539635976.4149327 s
-PY0003-111111111111;contacto de
-----------------
execution time: 1539635976.4226744 s
-PY0005-111111111111;contacto de
-----------------
execution time: 1539635976.42464 s
-PY0009-111111111111;contacto de
-----------------
execution time: 1539635976.4968436 s
-PY0004-111111111111;contacto de
-----------------
execution time: 1539635976.7686675 s
-PY0001-111111111111;contacto de
-----------------
execution time: 1539635981.1306458 s
-PY0006-111111111111;contacto de
-----------------
execution time: 1539635981.1997104 s
-PY0002-111111111111;contacto de
-----------------
execution time: 1539635981.2437797 s
-PY0010-111111111111;contacto de
-----------------
