Mon Oct 15 16:08:20 2018
Listening on 157.253.205.65:9010
-----------------
execution time: 1539637700.4805543 s
-PY0002-111111111111;contacto de
-----------------
execution time: 1539637700.481919 s
-PY0002-111111111111;la descarga inicia
-----------------
execution time: 1539637700.4860427 s
-PY0009-111111111111;contacto de
-----------------
execution time: 1539637700.4870293 s
-PY0009-111111111111;la descarga inicia
-----------------
execution time: 1539637700.499273 s
-PY0005-111111111111;contacto de
-----------------
execution time: 1539637700.5001864 s
-PY0006-111111111111;contacto de
-----------------
execution time: 1539637700.5011551 s
-PY0005-111111111111;la descarga inicia
-----------------
execution time: 1539637700.502047 s
-PY0006-111111111111;la descarga inicia
-----------------
execution time: 1539637700.5048738 s
-PY0007-111111111111;contacto de
-----------------
execution time: 1539637700.5060217 s
-PY0007-111111111111;la descarga inicia
-----------------
execution time: 1539637700.5093825 s
-PY0008-111111111111;contacto de
-----------------
execution time: 1539637700.5104206 s
-PY0008-111111111111;la descarga inicia
-----------------
execution time: 1539637700.5129545 s
-PY0010-111111111111;contacto de
-----------------
execution time: 1539637700.513913 s
-PY0010-111111111111;la descarga inicia
-----------------
execution time: 1539637700.6205375 s
-PY0003-111111111111;contacto de
-----------------
execution time: 1539637700.621613 s
-PY0003-111111111111;la descarga inicia
-----------------
execution time: 1539637700.675972 s
-PY0004-111111111111;contacto de
-----------------
execution time: 1539637700.677259 s
-PY0004-111111111111;la descarga inicia
-----------------
execution time: 1539637705.4946206 s
-PY0002-111111111111;contacto de
-----------------
execution time: 1539637705.5023742 s
-PY0009-111111111111;contacto de
-----------------
execution time: 1539637705.5104375 s
-PY0005-111111111111;contacto de
-----------------
execution time: 1539637705.5114276 s
-PY0006-111111111111;contacto de
-----------------
execution time: 1539637705.5137985 s
-PY0008-111111111111;contacto de
-----------------
execution time: 1539637705.5166037 s
-PY0007-111111111111;contacto de
-----------------
execution time: 1539637705.5201912 s
-PY0010-111111111111;contacto de
-----------------
execution time: 1539637705.629641 s
-PY0003-111111111111;contacto de
-----------------
execution time: 1539637705.680812 s
-PY0004-111111111111;contacto de
-----------------
execution time: 1539637706.9788394 s
-PY0001-111111111111;contacto de
-----------------
execution time: 1539637706.9892235 s
-PY0001-111111111111;la descarga inicia
-----------------
execution time: 1539637710.5050418 s
-PY0002-111111111111;contacto de
-----------------
execution time: 1539637710.5119798 s
-PY0009-111111111111;contacto de
-----------------
execution time: 1539637710.516043 s
-PY0005-111111111111;contacto de
-----------------
execution time: 1539637710.5281627 s
-PY0006-111111111111;contacto de
-----------------
execution time: 1539637710.5296097 s
-PY0008-111111111111;contacto de
-----------------
execution time: 1539637710.5307114 s
-PY0007-111111111111;contacto de
-----------------
execution time: 1539637710.5317802 s
-PY0010-111111111111;contacto de
-----------------
execution time: 1539637710.638129 s
-PY0003-111111111111;contacto de
-----------------
execution time: 1539637710.6888144 s
-PY0004-111111111111;contacto de
-----------------
execution time: 1539637712.0153103 s
-PY0001-111111111111;contacto de
-----------------
execution time: 1539637715.5134609 s
-PY0002-111111111111;contacto de
-----------------
execution time: 1539637715.5251102 s
-PY0009-111111111111;contacto de
-----------------
execution time: 1539637715.5259876 s
-PY0005-111111111111;contacto de
-----------------
execution time: 1539637715.535815 s
-PY0007-111111111111;contacto de
-----------------
execution time: 1539637715.5371397 s
-PY0006-111111111111;contacto de
-----------------
execution time: 1539637715.538485 s
-PY0008-111111111111;contacto de
-----------------
execution time: 1539637715.539683 s
-PY0010-111111111111;contacto de
-----------------
execution time: 1539637715.6488395 s
-PY0003-111111111111;contacto de
-----------------
execution time: 1539637715.7009563 s
-PY0004-111111111111;contacto de
-----------------
execution time: 1539637717.0360315 s
-PY0001-111111111111;contacto de
-----------------
execution time: 1539637720.530696 s
-PY0002-111111111111;contacto de
-----------------
execution time: 1539637720.5340114 s
-PY0005-111111111111;contacto de
-----------------
execution time: 1539637720.5353656 s
-PY0009-111111111111;contacto de
-----------------
execution time: 1539637720.5437708 s
-PY0007-111111111111;contacto de
-----------------
execution time: 1539637720.5452688 s
-PY0006-111111111111;contacto de
-----------------
execution time: 1539637720.5466151 s
-PY0008-111111111111;contacto de
-----------------
execution time: 1539637720.5478096 s
-PY0010-111111111111;contacto de
-----------------
execution time: 1539637720.657633 s
-PY0003-111111111111;contacto de
-----------------
execution time: 1539637720.7080574 s
-PY0004-111111111111;contacto de
-----------------
execution time: 1539637722.0595143 s
-PY0001-111111111111;contacto de
-----------------
execution time: 1539637725.5397367 s
-PY0005-111111111111;contacto de
-----------------
execution time: 1539637725.5414133 s
-PY0002-111111111111;contacto de
-----------------
execution time: 1539637725.5429697 s
-PY0009-111111111111;contacto de
-----------------
execution time: 1539637725.55118 s
-PY0007-111111111111;contacto de
-----------------
execution time: 1539637725.5529468 s
-PY0008-111111111111;contacto de
-----------------
execution time: 1539637725.561776 s
-PY0010-111111111111;contacto de
-----------------
execution time: 1539637725.5626807 s
-PY0006-111111111111;contacto de
-----------------
execution time: 1539637725.6652646 s
-PY0003-111111111111;contacto de
-----------------
execution time: 1539637725.727634 s
-PY0004-111111111111;contacto de
-----------------
execution time: 1539637727.0747716 s
-PY0001-111111111111;contacto de
-----------------
execution time: 1539637730.5532172 s
-PY0002-111111111111;contacto de
-----------------
execution time: 1539637730.558055 s
-PY0005-111111111111;contacto de
-----------------
execution time: 1539637730.5685356 s
-PY0007-111111111111;contacto de
-----------------
execution time: 1539637730.5696223 s
-PY0008-111111111111;contacto de
-----------------
execution time: 1539637730.587972 s
-PY0006-111111111111;contacto de
-----------------
execution time: 1539637730.591609 s
-PY0010-111111111111;contacto de
-----------------
execution time: 1539637730.6526113 s
-PY0009-111111111111;contacto de
-----------------
execution time: 1539637730.6834798 s
-PY0003-111111111111;contacto de
-----------------
execution time: 1539637730.7645705 s
-PY0004-111111111111;contacto de
-----------------
execution time: 1539637732.0993426 s
-PY0001-111111111111;contacto de
-----------------
execution time: 1539637735.5736306 s
-PY0002-111111111111;contacto de
-----------------
execution time: 1539637735.6036928 s
-PY0008-111111111111;contacto de
-----------------
execution time: 1539637735.671386 s
-PY0009-111111111111;contacto de
-----------------
execution time: 1539637735.7020833 s
-PY0003-111111111111;contacto de
-----------------
execution time: 1539637735.7913327 s
-PY0004-111111111111;contacto de
-----------------
execution time: 1539637736.5965846 s
-PY0007-111111111111;contacto de
-----------------
execution time: 1539637736.6142514 s
-PY0006-111111111111;contacto de
-----------------
execution time: 1539637736.6329834 s
-PY0010-111111111111;contacto de
-----------------
execution time: 1539637736.984972 s
-PY0005-111111111111;contacto de
-----------------
execution time: 1539637737.3805022 s
-PY0001-111111111111;contacto de
-----------------
execution time: 1539637740.6304855 s
-PY0008-111111111111;contacto de
-----------------
execution time: 1539637740.6362872 s
-PY0002-111111111111;contacto de
-----------------
execution time: 1539637740.955482 s
-PY0009-111111111111;contacto de
-----------------
execution time: 1539637741.6795707 s
-PY0006-111111111111;contacto de
-----------------
execution time: 1539637741.834166 s
-PY0010-111111111111;contacto de
-----------------
execution time: 1539637741.944832 s
-PY0007-111111111111;contacto de
-----------------
execution time: 1539637742.325002 s
-PY0005-111111111111;contacto de
-----------------
execution time: 1539637742.6767478 s
-PY0003-111111111111;contacto de
-----------------
execution time: 1539637742.8593762 s
-PY0001-111111111111;contacto de
-----------------
execution time: 1539637743.3108425 s
-PY0004-111111111111;contacto de
-----------------
execution time: 1539637743.538586 s
-PY0010-111111111111;el tiempo de descarga fue;43.02468013763428
-----------------
execution time: 1539637743.5388503 s
-PY0010-111111111111;es el cliente;1;en terminar
-----------------
execution time: 1539637743.5450563 s
-PY0006-111111111111;el tiempo de descarga fue;43.04301643371582
-----------------
execution time: 1539637743.5452402 s
-PY0006-111111111111;es el cliente;2;en terminar
-----------------
execution time: 1539637744.2530196 s
-PY0002-111111111111;el tiempo de descarga fue;43.77112579345703
-----------------
execution time: 1539637744.2533808 s
-PY0002-111111111111;es el cliente;3;en terminar
-----------------
execution time: 1539637744.2714326 s
-PY0008-111111111111;el tiempo de descarga fue;43.7610182762146
-----------------
execution time: 1539637744.2717376 s
-PY0008-111111111111;es el cliente;4;en terminar
-----------------
execution time: 1539637744.2914243 s
-PY0009-111111111111;el tiempo de descarga fue;43.80440139770508
-----------------
execution time: 1539637744.2916968 s
-PY0009-111111111111;es el cliente;5;en terminar
-----------------
execution time: 1539637744.445007 s
-PY0005-111111111111;el tiempo de descarga fue;43.943902015686035
-----------------
execution time: 1539637744.445372 s
-PY0005-111111111111;es el cliente;6;en terminar
-----------------
execution time: 1539637745.3279877 s
-PY0003-111111111111;el tiempo de descarga fue;44.70638108253479
-----------------
execution time: 1539637745.3283124 s
-PY0003-111111111111;es el cliente;7;en terminar
-----------------
execution time: 1539637745.4383714 s
-PY0007-111111111111;el tiempo de descarga fue;44.93235635757446
-----------------
execution time: 1539637745.4386232 s
-PY0007-111111111111;es el cliente;8;en terminar
-----------------
execution time: 1539637745.6549513 s
-PY0008-111111111111;contacto de
-----------------
execution time: 1539637745.6934743 s
-PY0002-111111111111;contacto de
-----------------
execution time: 1539637746.19464 s
-PY0004-111111111111;el tiempo de descarga fue;45.517475843429565
-----------------
execution time: 1539637746.19504 s
-PY0004-111111111111;es el cliente;9;en terminar
-----------------
execution time: 1539637746.9096518 s
-PY0006-111111111111;contacto de
-----------------
execution time: 1539637747.0537076 s
-PY0009-111111111111;contacto de
-----------------
execution time: 1539637747.3119125 s
-PY0007-111111111111;contacto de
-----------------
execution time: 1539637747.912578 s
-PY0003-111111111111;contacto de
-----------------
execution time: 1539637748.3937383 s
-PY0010-111111111111;contacto de
-----------------
execution time: 1539637748.6206126 s
-PY0004-111111111111;contacto de
-----------------
execution time: 1539637748.828796 s
-PY0005-111111111111;contacto de
-----------------
execution time: 1539637750.6449132 s
-PY0001-111111111111;contacto de
-----------------
execution time: 1539637750.9446418 s
-PY0008-111111111111;contacto de
-----------------
execution time: 1539637751.6277852 s
-PY0002-111111111111;contacto de
-----------------
execution time: 1539637751.9262683 s
-PY0006-111111111111;contacto de
-----------------
execution time: 1539637752.0700126 s
-PY0009-111111111111;contacto de
-----------------
execution time: 1539637752.3257716 s
-PY0007-111111111111;contacto de
-----------------
execution time: 1539637752.922349 s
-PY0003-111111111111;contacto de
-----------------
execution time: 1539637753.4092937 s
-PY0010-111111111111;contacto de
-----------------
execution time: 1539637753.7051654 s
-PY0004-111111111111;contacto de
-----------------
execution time: 1539637755.1876729 s
-PY0005-111111111111;contacto de
-----------------
execution time: 1539637755.653356 s
-PY0001-111111111111;contacto de
-----------------
execution time: 1539637755.9532962 s
-PY0008-111111111111;contacto de
-----------------
execution time: 1539637756.6364155 s
-PY0002-111111111111;contacto de
-----------------
execution time: 1539637756.9349856 s
-PY0006-111111111111;contacto de
-----------------
execution time: 1539637757.0783083 s
-PY0009-111111111111;contacto de
-----------------
execution time: 1539637757.3345082 s
-PY0007-111111111111;contacto de
-----------------
execution time: 1539637757.9315975 s
-PY0003-111111111111;contacto de
-----------------
execution time: 1539637758.4188554 s
-PY0010-111111111111;contacto de
-----------------
