Mon Oct 15 15:50:35 2018
Listening on 157.253.205.65:9010
-----------------
execution time: 1539636636.1672566 s
-PY0002-111111111111;contacto de
-----------------
execution time: 1539636636.1685865 s
-PY0002-111111111111;la descarga inicia
-----------------
execution time: 1539636636.1694934 s
-PY0003-111111111111;contacto de
-----------------
execution time: 1539636636.1704776 s
-PY0003-111111111111;la descarga inicia
-----------------
execution time: 1539636641.1823533 s
-PY0002-111111111111;contacto de
-----------------
execution time: 1539636641.1837945 s
-PY0003-111111111111;contacto de
-----------------
execution time: 1539636642.547832 s
-PY0001-111111111111;la descarga inicia
-----------------
execution time: 1539636642.5578837 s
-PY0001-111111111111;contacto de
-----------------
execution time: 1539636646.2057035 s
-PY0002-111111111111;contacto de
-----------------
execution time: 1539636646.2077591 s
-PY0003-111111111111;contacto de
-----------------
execution time: 1539636647.5880806 s
-PY0001-111111111111;contacto de
-----------------
execution time: 1539636651.2205868 s
-PY0002-111111111111;contacto de
-----------------
execution time: 1539636651.2230473 s
-PY0003-111111111111;contacto de
-----------------
execution time: 1539636652.6032076 s
-PY0001-111111111111;contacto de
-----------------
execution time: 1539636656.2290423 s
-PY0002-111111111111;contacto de
-----------------
execution time: 1539636656.2510295 s
-PY0003-111111111111;contacto de
-----------------
execution time: 1539636657.6100695 s
-PY0001-111111111111;contacto de
-----------------
execution time: 1539636660.337449 s
-PY0002-111111111111;el tiempo de descarga fue;24.16886854171753
-----------------
execution time: 1539636660.337844 s
-PY0002-111111111111;es el cliente;1;en terminar
-----------------
execution time: 1539636660.3799393 s
-PY0003-111111111111;el tiempo de descarga fue;24.20946741104126
-----------------
execution time: 1539636660.380195 s
-PY0003-111111111111;es el cliente;2;en terminar
-----------------
execution time: 1539636661.242826 s
-PY0002-111111111111;contacto de
-----------------
execution time: 1539636661.2643921 s
-PY0003-111111111111;contacto de
-----------------
execution time: 1539636662.6194127 s
-PY0001-111111111111;contacto de
-----------------
