Mon Oct 15 15:33:53 2018
Listening on 157.253.205.65:9010
-----------------
execution time: 1539635634.2011518 s
-PY0006-111111111111;contacto de
-----------------
execution time: 1539635634.202136 s
-PY0006-111111111111;la descarga inicia
-----------------
execution time: 1539635634.2155848 s
-PY0003-111111111111;contacto de
-----------------
execution time: 1539635634.2172024 s
-PY0003-111111111111;la descarga inicia
-----------------
execution time: 1539635634.2182047 s
-PY0002-111111111111;contacto de
-----------------
execution time: 1539635634.2192252 s
-PY0002-111111111111;la descarga inicia
-----------------
execution time: 1539635634.2612212 s
-PY0005-111111111111;contacto de
-----------------
execution time: 1539635634.2622051 s
-PY0005-111111111111;la descarga inicia
-----------------
execution time: 1539635634.4486651 s
-PY0004-111111111111;contacto de
-----------------
execution time: 1539635634.4497344 s
-PY0004-111111111111;la descarga inicia
-----------------
execution time: 1539635634.8326774 s
-PY0001-111111111111;contacto de
-----------------
execution time: 1539635634.8338132 s
-PY0001-111111111111;la descarga inicia
-----------------
execution time: 1539635639.2182183 s
-PY0006-111111111111;contacto de
-----------------
execution time: 1539635639.2286732 s
-PY0003-111111111111;contacto de
-----------------
execution time: 1539635639.2356267 s
-PY0002-111111111111;contacto de
-----------------
execution time: 1539635639.2684457 s
-PY0005-111111111111;contacto de
-----------------
execution time: 1539635639.4581077 s
-PY0004-111111111111;contacto de
-----------------
execution time: 1539635639.8477657 s
-PY0001-111111111111;contacto de
-----------------
execution time: 1539635644.2358289 s
-PY0006-111111111111;contacto de
-----------------
execution time: 1539635644.2444522 s
-PY0002-111111111111;contacto de
-----------------
execution time: 1539635644.2518167 s
-PY0003-111111111111;contacto de
-----------------
execution time: 1539635644.2823555 s
-PY0005-111111111111;contacto de
-----------------
execution time: 1539635644.470478 s
-PY0004-111111111111;contacto de
-----------------
execution time: 1539635644.8540525 s
-PY0001-111111111111;contacto de
-----------------
execution time: 1539635648.336872 s
-PY0003-111111111111;el tiempo de descarga fue;14.11967658996582
-----------------
execution time: 1539635648.3372104 s
-PY0003-111111111111;es el cliente;1;en terminar
-----------------
execution time: 1539635649.267222 s
-PY0002-111111111111;contacto de
-----------------
execution time: 1539635649.2811327 s
-PY0006-111111111111;contacto de
-----------------
execution time: 1539635649.2824218 s
-PY0003-111111111111;contacto de
-----------------
execution time: 1539635649.3426957 s
-PY0005-111111111111;contacto de
-----------------
execution time: 1539635649.5518074 s
-PY0004-111111111111;contacto de
-----------------
execution time: 1539635649.8626165 s
-PY0001-111111111111;contacto de
-----------------
execution time: 1539635652.440877 s
-PY0006-111111111111;el tiempo de descarga fue;18.23874831199646
-----------------
execution time: 1539635652.4412036 s
-PY0006-111111111111;es el cliente;2;en terminar
-----------------
execution time: 1539635654.291458 s
-PY0003-111111111111;contacto de
-----------------
execution time: 1539635654.294857 s
-PY0006-111111111111;contacto de
-----------------
execution time: 1539635654.3618279 s
-PY0002-111111111111;contacto de
-----------------
execution time: 1539635654.3839185 s
-PY0005-111111111111;contacto de
-----------------
execution time: 1539635654.6362698 s
-PY0004-111111111111;contacto de
-----------------
execution time: 1539635654.8707504 s
-PY0001-111111111111;contacto de
-----------------
execution time: 1539635655.7891493 s
-PY0005-111111111111;el tiempo de descarga fue;21.5269513130188
-----------------
execution time: 1539635655.7894838 s
-PY0005-111111111111;es el cliente;3;en terminar
-----------------
execution time: 1539635655.8229866 s
-PY0004-111111111111;el tiempo de descarga fue;21.37325954437256
-----------------
execution time: 1539635655.82338 s
-PY0004-111111111111;es el cliente;4;en terminar
-----------------
execution time: 1539635655.8578997 s
-PY0002-111111111111;el tiempo de descarga fue;21.638681173324585
-----------------
execution time: 1539635655.858325 s
-PY0002-111111111111;es el cliente;5;en terminar
-----------------
execution time: 1539635659.3007174 s
-PY0003-111111111111;contacto de
-----------------
execution time: 1539635659.3028302 s
-PY0006-111111111111;contacto de
-----------------
execution time: 1539635659.410582 s
-PY0002-111111111111;contacto de
-----------------
execution time: 1539635659.4527042 s
-PY0005-111111111111;contacto de
-----------------
execution time: 1539635659.6581724 s
-PY0004-111111111111;contacto de
-----------------
execution time: 1539635659.8785856 s
-PY0001-111111111111;contacto de
-----------------
