Mon Oct 15 15:32:26 2018
Listening on 157.253.205.65:9010
-----------------
execution time: 1539635546.872738 s
-PY0002-111111111111;contacto de
-----------------
execution time: 1539635546.873814 s
-PY0002-111111111111;la descarga inicia
-----------------
execution time: 1539635546.8974109 s
-PY0003-111111111111;contacto de
-----------------
execution time: 1539635546.8985949 s
-PY0003-111111111111;la descarga inicia
-----------------
execution time: 1539635546.899915 s
-PY0005-111111111111;contacto de
-----------------
execution time: 1539635546.901257 s
-PY0005-111111111111;la descarga inicia
-----------------
execution time: 1539635546.915065 s
-PY0006-111111111111;contacto de
-----------------
execution time: 1539635546.9162643 s
-PY0006-111111111111;la descarga inicia
-----------------
execution time: 1539635547.0489686 s
-PY0004-111111111111;contacto de
-----------------
execution time: 1539635547.0499916 s
-PY0004-111111111111;la descarga inicia
-----------------
execution time: 1539635547.2907774 s
-PY0001-111111111111;contacto de
-----------------
execution time: 1539635547.2920206 s
-PY0001-111111111111;la descarga inicia
-----------------
execution time: 1539635551.8838382 s
-PY0002-111111111111;contacto de
-----------------
execution time: 1539635551.9074066 s
-PY0003-111111111111;contacto de
-----------------
execution time: 1539635551.9125278 s
-PY0005-111111111111;contacto de
-----------------
execution time: 1539635551.9205034 s
-PY0006-111111111111;contacto de
-----------------
execution time: 1539635552.0623047 s
-PY0004-111111111111;contacto de
-----------------
execution time: 1539635552.3011172 s
-PY0001-111111111111;contacto de
-----------------
execution time: 1539635556.905514 s
-PY0002-111111111111;contacto de
-----------------
execution time: 1539635556.9216735 s
-PY0003-111111111111;contacto de
-----------------
execution time: 1539635556.9274309 s
-PY0005-111111111111;contacto de
-----------------
execution time: 1539635556.9303102 s
-PY0006-111111111111;contacto de
-----------------
execution time: 1539635557.071561 s
-PY0004-111111111111;contacto de
-----------------
execution time: 1539635557.3137264 s
-PY0001-111111111111;contacto de
-----------------
execution time: 1539635561.22805 s
-PY0006-111111111111;el tiempo de descarga fue;14.311793804168701
-----------------
execution time: 1539635561.2284224 s
-PY0006-111111111111;es el cliente;1;en terminar
-----------------
execution time: 1539635561.2884297 s
-PY0003-111111111111;el tiempo de descarga fue;14.389841318130493
-----------------
execution time: 1539635561.2887776 s
-PY0003-111111111111;es el cliente;2;en terminar
-----------------
execution time: 1539635561.510916 s
-PY0002-111111111111;el tiempo de descarga fue;14.63710904121399
-----------------
execution time: 1539635561.5112643 s
-PY0002-111111111111;es el cliente;3;en terminar
-----------------
execution time: 1539635561.5146995 s
-PY0005-111111111111;el tiempo de descarga fue;14.61344838142395
-----------------
execution time: 1539635561.5150092 s
-PY0005-111111111111;es el cliente;4;en terminar
-----------------
execution time: 1539635561.919495 s
-PY0002-111111111111;contacto de
-----------------
execution time: 1539635561.935558 s
-PY0003-111111111111;contacto de
-----------------
execution time: 1539635561.9366238 s
-PY0005-111111111111;contacto de
-----------------
execution time: 1539635561.9416275 s
-PY0006-111111111111;contacto de
-----------------
execution time: 1539635561.9964104 s
-PY0004-111111111111;el tiempo de descarga fue;14.946425199508667
-----------------
execution time: 1539635561.9966805 s
-PY0004-111111111111;es el cliente;5;en terminar
-----------------
execution time: 1539635562.0800707 s
-PY0004-111111111111;contacto de
-----------------
execution time: 1539635562.3218212 s
-PY0001-111111111111;contacto de
-----------------
execution time: 1539635566.9282556 s
-PY0002-111111111111;contacto de
-----------------
execution time: 1539635566.9436262 s
-PY0003-111111111111;contacto de
-----------------
execution time: 1539635566.945241 s
-PY0005-111111111111;contacto de
-----------------
execution time: 1539635566.9501023 s
-PY0006-111111111111;contacto de
-----------------
execution time: 1539635567.0882196 s
-PY0004-111111111111;contacto de
-----------------
execution time: 1539635567.3300493 s
-PY0001-111111111111;contacto de
-----------------
