Mon Oct 15 16:03:59 2018
Listening on 157.253.205.65:9010
-----------------
execution time: 1539637439.9807088 s
-PY0003-111111111111;contacto de
-----------------
execution time: 1539637439.9819093 s
-PY0003-111111111111;la descarga inicia
-----------------
execution time: 1539637439.99031 s
-PY0002-111111111111;contacto de
-----------------
execution time: 1539637439.991313 s
-PY0002-111111111111;la descarga inicia
-----------------
execution time: 1539637440.012948 s
-PY0005-111111111111;contacto de
-----------------
execution time: 1539637440.0140166 s
-PY0005-111111111111;la descarga inicia
-----------------
execution time: 1539637440.0152714 s
-PY0006-111111111111;contacto de
-----------------
execution time: 1539637440.0163045 s
-PY0006-111111111111;la descarga inicia
-----------------
execution time: 1539637440.151203 s
-PY0004-111111111111;contacto de
-----------------
execution time: 1539637440.1522832 s
-PY0004-111111111111;la descarga inicia
-----------------
execution time: 1539637444.996078 s
-PY0003-111111111111;contacto de
-----------------
execution time: 1539637445.0043855 s
-PY0002-111111111111;contacto de
-----------------
execution time: 1539637445.022637 s
-PY0005-111111111111;contacto de
-----------------
execution time: 1539637445.0274987 s
-PY0006-111111111111;contacto de
-----------------
execution time: 1539637445.162132 s
-PY0004-111111111111;contacto de
-----------------
execution time: 1539637446.0002396 s
-PY0001-111111111111;la descarga inicia
-----------------
execution time: 1539637446.009752 s
-PY0001-111111111111;contacto de
-----------------
execution time: 1539637450.015835 s
-PY0003-111111111111;contacto de
-----------------
execution time: 1539637450.0266435 s
-PY0002-111111111111;contacto de
-----------------
execution time: 1539637450.029878 s
-PY0005-111111111111;contacto de
-----------------
execution time: 1539637450.0410244 s
-PY0006-111111111111;contacto de
-----------------
execution time: 1539637450.1789563 s
-PY0004-111111111111;contacto de
-----------------
execution time: 1539637451.0438294 s
-PY0001-111111111111;contacto de
-----------------
execution time: 1539637455.0276897 s
-PY0003-111111111111;contacto de
-----------------
execution time: 1539637455.0376883 s
-PY0002-111111111111;contacto de
-----------------
execution time: 1539637455.0437646 s
-PY0005-111111111111;contacto de
-----------------
execution time: 1539637455.0642211 s
-PY0006-111111111111;contacto de
-----------------
execution time: 1539637455.1853023 s
-PY0004-111111111111;contacto de
-----------------
execution time: 1539637456.0602393 s
-PY0001-111111111111;contacto de
-----------------
execution time: 1539637460.0491853 s
-PY0003-111111111111;contacto de
-----------------
execution time: 1539637460.0519395 s
-PY0002-111111111111;contacto de
-----------------
execution time: 1539637460.0625088 s
-PY0005-111111111111;contacto de
-----------------
execution time: 1539637460.0923357 s
-PY0006-111111111111;contacto de
-----------------
execution time: 1539637460.2115214 s
-PY0004-111111111111;contacto de
-----------------
execution time: 1539637461.068654 s
-PY0001-111111111111;contacto de
-----------------
execution time: 1539637465.2662547 s
-PY0002-111111111111;contacto de
-----------------
execution time: 1539637465.2676768 s
-PY0003-111111111111;contacto de
-----------------
execution time: 1539637465.2687216 s
-PY0005-111111111111;contacto de
-----------------
execution time: 1539637465.2699285 s
-PY0006-111111111111;contacto de
-----------------
execution time: 1539637465.2709863 s
-PY0004-111111111111;contacto de
-----------------
execution time: 1539637466.0816622 s
-PY0001-111111111111;contacto de
-----------------
execution time: 1539637470.3258152 s
-PY0002-111111111111;contacto de
-----------------
execution time: 1539637470.3273714 s
-PY0005-111111111111;contacto de
-----------------
execution time: 1539637470.3283136 s
-PY0004-111111111111;contacto de
-----------------
execution time: 1539637470.3362985 s
-PY0003-111111111111;contacto de
-----------------
execution time: 1539637470.353942 s
-PY0006-111111111111;contacto de
-----------------
execution time: 1539637470.641991 s
-PY0004-111111111111;el tiempo de descarga fue;30.489714860916138
-----------------
execution time: 1539637470.6423316 s
-PY0004-111111111111;es el cliente;1;en terminar
-----------------
execution time: 1539637470.7037678 s
-PY0003-111111111111;el tiempo de descarga fue;30.72186541557312
-----------------
execution time: 1539637470.7041388 s
-PY0003-111111111111;es el cliente;2;en terminar
-----------------
execution time: 1539637470.8419025 s
-PY0006-111111111111;el tiempo de descarga fue;30.825605869293213
-----------------
execution time: 1539637470.842213 s
-PY0006-111111111111;es el cliente;3;en terminar
-----------------
execution time: 1539637471.0430114 s
-PY0005-111111111111;el tiempo de descarga fue;31.02900242805481
-----------------
execution time: 1539637471.0434513 s
-PY0005-111111111111;es el cliente;4;en terminar
-----------------
execution time: 1539637471.089934 s
-PY0001-111111111111;contacto de
-----------------
execution time: 1539637471.3582814 s
-PY0002-111111111111;el tiempo de descarga fue;31.366976261138916
-----------------
execution time: 1539637471.3589506 s
-PY0002-111111111111;es el cliente;5;en terminar
-----------------
execution time: 1539637475.3439732 s
-PY0002-111111111111;contacto de
-----------------
execution time: 1539637475.3495193 s
-PY0005-111111111111;contacto de
-----------------
execution time: 1539637475.3751345 s
-PY0006-111111111111;contacto de
-----------------
execution time: 1539637475.4092379 s
-PY0003-111111111111;contacto de
-----------------
execution time: 1539637475.4250164 s
-PY0004-111111111111;contacto de
-----------------
execution time: 1539637476.0985062 s
-PY0001-111111111111;contacto de
-----------------
