Mon Oct 15 15:59:41 2018
Listening on 157.253.205.65:9010
-----------------
execution time: 1539637181.9324408 s
-PY0002-111111111111;contacto de
-----------------
execution time: 1539637181.9337764 s
-PY0002-111111111111;la descarga inicia
-----------------
execution time: 1539637181.9406686 s
-PY0003-111111111111;contacto de
-----------------
execution time: 1539637181.941614 s
-PY0003-111111111111;la descarga inicia
-----------------
execution time: 1539637182.0516407 s
-PY0005-111111111111;contacto de
-----------------
execution time: 1539637182.0528297 s
-PY0005-111111111111;la descarga inicia
-----------------
execution time: 1539637182.0833268 s
-PY0004-111111111111;contacto de
-----------------
execution time: 1539637182.0846279 s
-PY0004-111111111111;la descarga inicia
-----------------
execution time: 1539637186.9479766 s
-PY0002-111111111111;contacto de
-----------------
execution time: 1539637186.952907 s
-PY0003-111111111111;contacto de
-----------------
execution time: 1539637187.063293 s
-PY0005-111111111111;contacto de
-----------------
execution time: 1539637187.1003768 s
-PY0004-111111111111;contacto de
-----------------
execution time: 1539637188.2896512 s
-PY0001-111111111111;contacto de
-----------------
execution time: 1539637188.2978046 s
-PY0001-111111111111;la descarga inicia
-----------------
execution time: 1539637191.969201 s
-PY0003-111111111111;contacto de
-----------------
execution time: 1539637191.9707854 s
-PY0002-111111111111;contacto de
-----------------
execution time: 1539637192.0850716 s
-PY0005-111111111111;contacto de
-----------------
execution time: 1539637192.1246626 s
-PY0004-111111111111;contacto de
-----------------
execution time: 1539637193.3209524 s
-PY0001-111111111111;contacto de
-----------------
execution time: 1539637196.9826467 s
-PY0002-111111111111;contacto de
-----------------
execution time: 1539637196.9875712 s
-PY0003-111111111111;contacto de
-----------------
execution time: 1539637197.1011717 s
-PY0005-111111111111;contacto de
-----------------
execution time: 1539637197.1371007 s
-PY0004-111111111111;contacto de
-----------------
execution time: 1539637198.3350315 s
-PY0001-111111111111;contacto de
-----------------
execution time: 1539637202.0009212 s
-PY0002-111111111111;contacto de
-----------------
execution time: 1539637202.0049202 s
-PY0003-111111111111;contacto de
-----------------
execution time: 1539637202.1135762 s
-PY0005-111111111111;contacto de
-----------------
execution time: 1539637202.1512825 s
-PY0004-111111111111;contacto de
-----------------
execution time: 1539637203.344536 s
-PY0001-111111111111;contacto de
-----------------
execution time: 1539637207.017614 s
-PY0002-111111111111;contacto de
-----------------
execution time: 1539637207.0188713 s
-PY0003-111111111111;contacto de
-----------------
execution time: 1539637207.120954 s
-PY0005-111111111111;contacto de
-----------------
execution time: 1539637207.172338 s
-PY0004-111111111111;contacto de
-----------------
execution time: 1539637208.3505862 s
-PY0001-111111111111;contacto de
-----------------
execution time: 1539637209.7768784 s
-PY0002-111111111111;el tiempo de descarga fue;27.843108415603638
-----------------
execution time: 1539637209.7772021 s
-PY0002-111111111111;es el cliente;1;en terminar
-----------------
execution time: 1539637210.088111 s
-PY0005-111111111111;el tiempo de descarga fue;28.035301685333252
-----------------
execution time: 1539637210.088574 s
-PY0005-111111111111;es el cliente;2;en terminar
-----------------
execution time: 1539637210.1548555 s
-PY0004-111111111111;el tiempo de descarga fue;28.07023525238037
-----------------
execution time: 1539637210.1552954 s
-PY0004-111111111111;es el cliente;3;en terminar
-----------------
execution time: 1539637210.538144 s
-PY0003-111111111111;el tiempo de descarga fue;28.596537351608276
-----------------
execution time: 1539637210.5385294 s
-PY0003-111111111111;es el cliente;4;en terminar
-----------------
execution time: 1539637212.0303214 s
-PY0003-111111111111;contacto de
-----------------
execution time: 1539637212.0321376 s
-PY0002-111111111111;contacto de
-----------------
execution time: 1539637212.1300826 s
-PY0005-111111111111;contacto de
-----------------
execution time: 1539637212.180877 s
-PY0004-111111111111;contacto de
-----------------
execution time: 1539637213.3581514 s
-PY0001-111111111111;contacto de
-----------------
