Mon Oct 15 15:40:04 2018
Listening on 157.253.205.65:9010
-----------------
execution time: 1539636004.3441823 s
-PY0002-111111111111;contacto de
-----------------
execution time: 1539636004.3451288 s
-PY0002-111111111111;la descarga inicia
-----------------
execution time: 1539636009.3598785 s
-PY0002-111111111111;contacto de
-----------------
execution time: 1539636013.0669494 s
-PY0001-111111111111;la descarga inicia
-----------------
execution time: 1539636013.0779345 s
-PY0001-111111111111;contacto de
-----------------
execution time: 1539636014.3796885 s
-PY0002-111111111111;contacto de
-----------------
execution time: 1539636018.102556 s
-PY0001-111111111111;contacto de
-----------------
execution time: 1539636019.4008403 s
-PY0002-111111111111;contacto de
-----------------
execution time: 1539636023.108063 s
-PY0001-111111111111;contacto de
-----------------
execution time: 1539636024.4188254 s
-PY0002-111111111111;contacto de
-----------------
execution time: 1539636027.194104 s
-PY0002-111111111111;el tiempo de descarga fue;22.848982095718384
-----------------
execution time: 1539636027.194461 s
-PY0002-111111111111;es el cliente;1;en terminar
-----------------
execution time: 1539636028.1143153 s
-PY0001-111111111111;contacto de
-----------------
execution time: 1539636029.4271376 s
-PY0002-111111111111;contacto de
-----------------
execution time: 1539636033.1198778 s
-PY0001-111111111111;contacto de
-----------------
execution time: 1539636034.4355454 s
-PY0002-111111111111;contacto de
-----------------
