Mon Oct 15 15:34:44 2018
Listening on 157.253.205.65:9010
-----------------
execution time: 1539635685.1552348 s
-PY0002-111111111111;contacto de
-----------------
execution time: 1539635685.1565535 s
-PY0002-111111111111;la descarga inicia
-----------------
execution time: 1539635685.1573899 s
-PY0003-111111111111;contacto de
-----------------
execution time: 1539635685.1584902 s
-PY0003-111111111111;la descarga inicia
-----------------
execution time: 1539635685.1716876 s
-PY0005-111111111111;contacto de
-----------------
execution time: 1539635685.1724732 s
-PY0006-111111111111;contacto de
-----------------
execution time: 1539635685.17351 s
-PY0005-111111111111;la descarga inicia
-----------------
execution time: 1539635685.1743786 s
-PY0006-111111111111;la descarga inicia
-----------------
execution time: 1539635685.3031952 s
-PY0004-111111111111;contacto de
-----------------
execution time: 1539635685.3043342 s
-PY0004-111111111111;la descarga inicia
-----------------
execution time: 1539635685.6009707 s
-PY0001-111111111111;contacto de
-----------------
execution time: 1539635685.6019857 s
-PY0001-111111111111;la descarga inicia
-----------------
execution time: 1539635690.1692703 s
-PY0002-111111111111;contacto de
-----------------
execution time: 1539635690.1733923 s
-PY0003-111111111111;contacto de
-----------------
execution time: 1539635690.186097 s
-PY0006-111111111111;contacto de
-----------------
execution time: 1539635690.1873496 s
-PY0005-111111111111;contacto de
-----------------
execution time: 1539635690.3208904 s
-PY0004-111111111111;contacto de
-----------------
execution time: 1539635690.6099093 s
-PY0001-111111111111;contacto de
-----------------
execution time: 1539635695.1829557 s
-PY0002-111111111111;contacto de
-----------------
execution time: 1539635695.191553 s
-PY0003-111111111111;contacto de
-----------------
execution time: 1539635695.2000272 s
-PY0006-111111111111;contacto de
-----------------
execution time: 1539635695.2012143 s
-PY0005-111111111111;contacto de
-----------------
execution time: 1539635695.3381588 s
-PY0004-111111111111;contacto de
-----------------
execution time: 1539635695.6240504 s
-PY0001-111111111111;contacto de
-----------------
execution time: 1539635699.718084 s
-PY0005-111111111111;el tiempo de descarga fue;14.544583320617676
-----------------
execution time: 1539635699.718635 s
-PY0005-111111111111;es el cliente;1;en terminar
-----------------
execution time: 1539635699.844647 s
-PY0006-111111111111;el tiempo de descarga fue;14.670275926589966
-----------------
execution time: 1539635699.8449907 s
-PY0006-111111111111;es el cliente;2;en terminar
-----------------
execution time: 1539635699.9742174 s
-PY0002-111111111111;el tiempo de descarga fue;14.817670583724976
-----------------
execution time: 1539635699.9745896 s
-PY0002-111111111111;es el cliente;3;en terminar
-----------------
execution time: 1539635700.090173 s
-PY0004-111111111111;el tiempo de descarga fue;14.78584599494934
-----------------
execution time: 1539635700.090556 s
-PY0004-111111111111;es el cliente;4;en terminar
-----------------
execution time: 1539635700.1507816 s
-PY0003-111111111111;el tiempo de descarga fue;14.99229884147644
-----------------
execution time: 1539635700.1513014 s
-PY0003-111111111111;es el cliente;5;en terminar
-----------------
execution time: 1539635700.1976604 s
-PY0002-111111111111;contacto de
-----------------
execution time: 1539635700.2027528 s
-PY0003-111111111111;contacto de
-----------------
execution time: 1539635700.2101002 s
-PY0006-111111111111;contacto de
-----------------
execution time: 1539635700.211332 s
-PY0005-111111111111;contacto de
-----------------
execution time: 1539635700.351158 s
-PY0004-111111111111;contacto de
-----------------
execution time: 1539635700.632155 s
-PY0001-111111111111;contacto de
-----------------
execution time: 1539635705.2063186 s
-PY0002-111111111111;contacto de
-----------------
execution time: 1539635705.210544 s
-PY0003-111111111111;contacto de
-----------------
execution time: 1539635705.2181585 s
-PY0006-111111111111;contacto de
-----------------
execution time: 1539635705.2195957 s
-PY0005-111111111111;contacto de
-----------------
execution time: 1539635705.3594382 s
-PY0004-111111111111;contacto de
-----------------
execution time: 1539635705.6403027 s
-PY0001-111111111111;contacto de
-----------------
