Mon Oct 15 15:30:01 2018
Listening on 157.253.205.65:9010
-----------------
execution time: 1539635401.738531 s
-PY0002-111111111111;contacto de
-----------------
execution time: 1539635401.7398 s
-PY0002-111111111111;la descarga inicia
-----------------
execution time: 1539635401.7443762 s
-PY0005-111111111111;contacto de
-----------------
execution time: 1539635401.7454422 s
-PY0003-111111111111;contacto de
-----------------
execution time: 1539635401.7464204 s
-PY0005-111111111111;la descarga inicia
-----------------
execution time: 1539635401.747425 s
-PY0003-111111111111;la descarga inicia
-----------------
execution time: 1539635401.8765094 s
-PY0004-111111111111;contacto de
-----------------
execution time: 1539635401.877616 s
-PY0004-111111111111;la descarga inicia
-----------------
execution time: 1539635402.0354033 s
-PY0001-111111111111;contacto de
-----------------
execution time: 1539635402.0362356 s
-PY0001-111111111111;la descarga inicia
-----------------
execution time: 1539635406.753601 s
-PY0002-111111111111;contacto de
-----------------
execution time: 1539635406.7588298 s
-PY0005-111111111111;contacto de
-----------------
execution time: 1539635406.7598734 s
-PY0003-111111111111;contacto de
-----------------
execution time: 1539635406.893837 s
-PY0004-111111111111;contacto de
-----------------
execution time: 1539635407.04409 s
-PY0001-111111111111;contacto de
-----------------
execution time: 1539635411.7689643 s
-PY0002-111111111111;contacto de
-----------------
execution time: 1539635411.771034 s
-PY0003-111111111111;contacto de
-----------------
execution time: 1539635411.7763104 s
-PY0005-111111111111;contacto de
-----------------
execution time: 1539635411.9110675 s
-PY0004-111111111111;contacto de
-----------------
execution time: 1539635412.055822 s
-PY0001-111111111111;contacto de
-----------------
execution time: 1539635414.1973448 s
-PY0005-111111111111;el tiempo de descarga fue;12.450931310653687
-----------------
execution time: 1539635414.197981 s
-PY0005-111111111111;es el cliente;1;en terminar
-----------------
execution time: 1539635414.289957 s
-PY0004-111111111111;el tiempo de descarga fue;12.412348747253418
-----------------
execution time: 1539635414.2903383 s
-PY0004-111111111111;es el cliente;2;en terminar
-----------------
execution time: 1539635414.7103915 s
-PY0002-111111111111;el tiempo de descarga fue;12.970598220825195
-----------------
execution time: 1539635414.7107549 s
-PY0002-111111111111;es el cliente;3;en terminar
-----------------
execution time: 1539635414.7661633 s
-PY0003-111111111111;el tiempo de descarga fue;13.018831729888916
-----------------
execution time: 1539635414.766507 s
-PY0003-111111111111;es el cliente;4;en terminar
-----------------
execution time: 1539635416.778324 s
-PY0002-111111111111;contacto de
-----------------
execution time: 1539635416.7858036 s
-PY0003-111111111111;contacto de
-----------------
execution time: 1539635416.78706 s
-PY0005-111111111111;contacto de
-----------------
execution time: 1539635416.9241836 s
-PY0004-111111111111;contacto de
-----------------
execution time: 1539635417.0639234 s
-PY0001-111111111111;contacto de
-----------------
execution time: 1539635421.7867444 s
-PY0002-111111111111;contacto de
-----------------
execution time: 1539635421.7938793 s
-PY0003-111111111111;contacto de
-----------------
execution time: 1539635421.7950873 s
-PY0005-111111111111;contacto de
-----------------
execution time: 1539635421.933303 s
-PY0004-111111111111;contacto de
-----------------
execution time: 1539635422.0724792 s
-PY0001-111111111111;contacto de
-----------------
execution time: 1539635426.7954042 s
-PY0002-111111111111;contacto de
-----------------
execution time: 1539635426.7982593 s
-PY0005-111111111111;contacto de
-----------------
execution time: 1539635426.8030944 s
-PY0003-111111111111;contacto de
-----------------
execution time: 1539635426.9422996 s
-PY0004-111111111111;contacto de
-----------------
execution time: 1539635427.080915 s
-PY0001-111111111111;contacto de
-----------------
