Mon Oct 15 01:33:29 2018
Listening on 157.253.205.65:None
-----------------
execution time: 1539585210.2044013 s
-PY0002-111111111111;contacto de
-----------------
execution time: 1539585210.2056346 s
-PY0002-111111111111;la descarga inicia
-----------------
execution time: 1539585210.2339234 s
-PY0003-111111111111;contacto de
-----------------
execution time: 1539585210.234969 s
-PY0003-111111111111;la descarga inicia
-----------------
execution time: 1539585211.147478 s
-PY0001-111111111111;la descarga inicia
-----------------
execution time: 1539585211.1483421 s
-PY0001-111111111111;contacto de
-----------------
execution time: 1539585215.2181342 s
-PY0002-111111111111;contacto de
-----------------
execution time: 1539585215.2400606 s
-PY0003-111111111111;contacto de
-----------------
execution time: 1539585216.153783 s
-PY0001-111111111111;contacto de
-----------------
execution time: 1539585220.2386875 s
-PY0002-111111111111;contacto de
-----------------
execution time: 1539585220.2473166 s
-PY0003-111111111111;contacto de
-----------------
execution time: 1539585221.1632664 s
-PY0001-111111111111;contacto de
-----------------
execution time: 1539585225.2582288 s
-PY0002-111111111111;contacto de
-----------------
execution time: 1539585225.2606099 s
-PY0003-111111111111;contacto de
-----------------
execution time: 1539585226.1723158 s
-PY0001-111111111111;contacto de
-----------------
execution time: 1539585230.267301 s
-PY0003-111111111111;contacto de
-----------------
execution time: 1539585230.2792513 s
-PY0002-111111111111;contacto de
-----------------
execution time: 1539585231.1794877 s
-PY0001-111111111111;contacto de
-----------------
execution time: 1539585235.2746136 s
-PY0003-111111111111;contacto de
-----------------
execution time: 1539585235.295141 s
-PY0002-111111111111;contacto de
-----------------
execution time: 1539585236.1855705 s
-PY0001-111111111111;contacto de
-----------------
execution time: 1539585240.283095 s
-PY0003-111111111111;contacto de
-----------------
execution time: 1539585240.3117085 s
-PY0002-111111111111;contacto de
-----------------
execution time: 1539585241.1919096 s
-PY0001-111111111111;contacto de
-----------------
execution time: 1539585245.2903728 s
-PY0003-111111111111;contacto de
-----------------
execution time: 1539585245.3303094 s
-PY0002-111111111111;contacto de
-----------------
execution time: 1539585246.197029 s
-PY0001-111111111111;contacto de
-----------------
execution time: 1539585250.298636 s
-PY0003-111111111111;contacto de
-----------------
execution time: 1539585250.346699 s
-PY0002-111111111111;contacto de
-----------------
execution time: 1539585251.2023544 s
-PY0001-111111111111;contacto de
-----------------
execution time: 1539585255.3060002 s
-PY0003-111111111111;contacto de
-----------------
execution time: 1539585255.3648946 s
-PY0002-111111111111;contacto de
-----------------
execution time: 1539585256.2078216 s
-PY0001-111111111111;contacto de
-----------------
execution time: 1539585260.3139327 s
-PY0003-111111111111;contacto de
-----------------
execution time: 1539585260.3782902 s
-PY0002-111111111111;contacto de
-----------------
execution time: 1539585261.2137759 s
-PY0001-111111111111;contacto de
-----------------
execution time: 1539585265.321034 s
-PY0003-111111111111;contacto de
-----------------
execution time: 1539585265.3850565 s
-PY0002-111111111111;contacto de
-----------------
execution time: 1539585266.220144 s
-PY0001-111111111111;contacto de
-----------------
execution time: 1539585270.3251252 s
-PY0003-111111111111;contacto de
-----------------
execution time: 1539585270.401306 s
-PY0002-111111111111;contacto de
-----------------
execution time: 1539585271.2258146 s
-PY0001-111111111111;contacto de
-----------------
execution time: 1539585275.3333194 s
-PY0003-111111111111;contacto de
-----------------
execution time: 1539585275.454222 s
-PY0002-111111111111;contacto de
-----------------
execution time: 1539585276.2318952 s
-PY0001-111111111111;contacto de
-----------------
execution time: 1539585280.2666936 s
-PY0002-111111111111;el tiempo de descarga fue;70.06106543540955
-----------------
execution time: 1539585280.2738574 s
-PY0003-111111111111;el tiempo de descarga fue;70.03889489173889
-----------------
execution time: 1539585280.3428671 s
-PY0003-111111111111;contacto de
-----------------
execution time: 1539585280.4653625 s
-PY0002-111111111111;contacto de
-----------------
execution time: 1539585281.2384603 s
-PY0001-111111111111;contacto de
-----------------
execution time: 1539585285.349071 s
-PY0003-111111111111;contacto de
-----------------
execution time: 1539585285.4798312 s
-PY0002-111111111111;contacto de
-----------------
execution time: 1539585286.2450235 s
-PY0001-111111111111;contacto de
-----------------
execution time: 1539585290.3583775 s
-PY0003-111111111111;contacto de
-----------------
execution time: 1539585290.4884095 s
-PY0002-111111111111;contacto de
-----------------
execution time: 1539585291.250543 s
-PY0001-111111111111;contacto de
-----------------
execution time: 1539585295.3676891 s
-PY0003-111111111111;contacto de
-----------------
execution time: 1539585295.49721 s
-PY0002-111111111111;contacto de
-----------------
execution time: 1539585296.2559392 s
-PY0001-111111111111;contacto de
-----------------
execution time: 1539585300.3771281 s
-PY0003-111111111111;contacto de
-----------------
execution time: 1539585300.505441 s
-PY0002-111111111111;contacto de
-----------------
execution time: 1539585301.2627115 s
-PY0001-111111111111;contacto de
-----------------
execution time: 1539585305.385793 s
-PY0003-111111111111;contacto de
-----------------
execution time: 1539585305.5142043 s
-PY0002-111111111111;contacto de
-----------------
execution time: 1539585306.2695355 s
-PY0001-111111111111;contacto de
-----------------
execution time: 1539585310.3955922 s
-PY0003-111111111111;contacto de
-----------------
execution time: 1539585310.5228558 s
-PY0002-111111111111;contacto de
-----------------
execution time: 1539585311.2760015 s
-PY0001-111111111111;contacto de
-----------------
execution time: 1539585315.4049644 s
-PY0003-111111111111;contacto de
-----------------
execution time: 1539585315.5314922 s
-PY0002-111111111111;contacto de
-----------------
execution time: 1539585316.2827961 s
-PY0001-111111111111;contacto de
-----------------
execution time: 1539585320.4142184 s
-PY0003-111111111111;contacto de
-----------------
execution time: 1539585320.5406218 s
-PY0002-111111111111;contacto de
-----------------
