Mon Oct 15 00:45:37 2018
Listening on 157.253.205.65:None
-----------------
execution time: 1539582337.9093022 s
-PY0002-111111111111;contacto de
-----------------
execution time: 1539582338.1118054 s
-PY0002-111111111111;contacto de
-----------------
execution time: 1539582338.1128905 s
-PY0002-111111111111;la descarga inicia
-----------------
execution time: 1539582338.3627048 s
-PY0001-111111111111;contacto de
-----------------
execution time: 1539582338.3636062 s
-PY0001-111111111111;la descarga inicia
-----------------
execution time: 1539582343.1268322 s
-PY0002-111111111111;contacto de
-----------------
execution time: 1539582343.371364 s
-PY0001-111111111111;contacto de
-----------------
execution time: 1539582346.3534775 s
-PY0002-111111111111;el tiempo de descarga fue;8.240593194961548
-----------------
execution time: 1539582348.1405373 s
-PY0002-111111111111;contacto de
-----------------
execution time: 1539582348.3796191 s
-PY0001-111111111111;contacto de
-----------------
execution time: 1539582353.1494844 s
-PY0002-111111111111;contacto de
-----------------
execution time: 1539582353.3879645 s
-PY0001-111111111111;contacto de
-----------------
