Mon Oct 15 15:56:10 2018
Listening on 157.253.205.65:9010
-----------------
execution time: 1539636971.0668232 s
-PY0002-111111111111;contacto de
-----------------
execution time: 1539636971.0680761 s
-PY0002-111111111111;la descarga inicia
-----------------
execution time: 1539636971.1001372 s
-PY0003-111111111111;contacto de
-----------------
execution time: 1539636971.10099 s
-PY0003-111111111111;la descarga inicia
-----------------
execution time: 1539636971.2259088 s
-PY0004-111111111111;contacto de
-----------------
execution time: 1539636971.2269423 s
-PY0004-111111111111;la descarga inicia
-----------------
execution time: 1539636976.0824208 s
-PY0002-111111111111;contacto de
-----------------
execution time: 1539636976.111456 s
-PY0003-111111111111;contacto de
-----------------
execution time: 1539636976.240858 s
-PY0004-111111111111;contacto de
-----------------
execution time: 1539636977.2530844 s
-PY0001-111111111111;la descarga inicia
-----------------
execution time: 1539636977.263282 s
-PY0001-111111111111;contacto de
-----------------
execution time: 1539636981.1030269 s
-PY0002-111111111111;contacto de
-----------------
execution time: 1539636981.131231 s
-PY0003-111111111111;contacto de
-----------------
execution time: 1539636981.2571137 s
-PY0004-111111111111;contacto de
-----------------
execution time: 1539636982.285573 s
-PY0001-111111111111;contacto de
-----------------
execution time: 1539636986.1179535 s
-PY0002-111111111111;contacto de
-----------------
execution time: 1539636986.1442738 s
-PY0003-111111111111;contacto de
-----------------
execution time: 1539636986.278531 s
-PY0004-111111111111;contacto de
-----------------
execution time: 1539636987.3021574 s
-PY0001-111111111111;contacto de
-----------------
execution time: 1539636991.1350658 s
-PY0002-111111111111;contacto de
-----------------
execution time: 1539636991.1668813 s
-PY0003-111111111111;contacto de
-----------------
execution time: 1539636991.2956736 s
-PY0004-111111111111;contacto de
-----------------
execution time: 1539636992.317139 s
-PY0001-111111111111;contacto de
-----------------
execution time: 1539636996.1517506 s
-PY0002-111111111111;contacto de
-----------------
execution time: 1539636996.181275 s
-PY0003-111111111111;contacto de
-----------------
execution time: 1539636996.315607 s
-PY0004-111111111111;contacto de
-----------------
execution time: 1539636997.3253484 s
-PY0001-111111111111;contacto de
-----------------
execution time: 1539636998.450094 s
-PY0003-111111111111;el tiempo de descarga fue;27.3491108417511
-----------------
execution time: 1539636998.4504755 s
-PY0003-111111111111;es el cliente;1;en terminar
-----------------
execution time: 1539637001.2111852 s
-PY0002-111111111111;contacto de
-----------------
execution time: 1539637001.212719 s
-PY0003-111111111111;contacto de
-----------------
execution time: 1539637001.3737485 s
-PY0004-111111111111;contacto de
-----------------
execution time: 1539637002.3335648 s
-PY0001-111111111111;contacto de
-----------------
execution time: 1539637006.2211711 s
-PY0003-111111111111;contacto de
-----------------
execution time: 1539637006.434409 s
-PY0002-111111111111;contacto de
-----------------
execution time: 1539637006.4694223 s
-PY0004-111111111111;contacto de
-----------------
execution time: 1539637007.3420095 s
-PY0001-111111111111;contacto de
-----------------
execution time: 1539637011.2297366 s
-PY0003-111111111111;contacto de
-----------------
execution time: 1539637011.5943735 s
-PY0002-111111111111;contacto de
-----------------
execution time: 1539637011.6214287 s
-PY0004-111111111111;contacto de
-----------------
execution time: 1539637012.3501592 s
-PY0001-111111111111;contacto de
-----------------
execution time: 1539637014.3082232 s
-PY0004-111111111111;el tiempo de descarga fue;43.08128809928894
-----------------
execution time: 1539637014.3085785 s
-PY0004-111111111111;es el cliente;2;en terminar
-----------------
execution time: 1539637014.3509955 s
-PY0002-111111111111;el tiempo de descarga fue;43.28292632102966
-----------------
execution time: 1539637014.3514013 s
-PY0002-111111111111;es el cliente;3;en terminar
-----------------
execution time: 1539637016.2388072 s
-PY0003-111111111111;contacto de
-----------------
execution time: 1539637016.6231296 s
-PY0002-111111111111;contacto de
-----------------
execution time: 1539637016.6343548 s
-PY0004-111111111111;contacto de
-----------------
execution time: 1539637017.35829 s
-PY0001-111111111111;contacto de
-----------------
