Mon Oct 15 12:19:21 2018
Listening on 157.253.205.65:9010
-----------------
execution time: 1539623961.4926982 s
-PY0004-111111111111;contacto de
-----------------
execution time: 1539623961.4938183 s
-PY0004-111111111111;la descarga inicia
-----------------
execution time: 1539623961.835695 s
-PY0001-111111111111;contacto de
-----------------
execution time: 1539623961.8365479 s
-PY0001-111111111111;la descarga inicia
-----------------
execution time: 1539623966.507738 s
-PY0004-111111111111;contacto de
-----------------
execution time: 1539623966.8443909 s
-PY0001-111111111111;contacto de
-----------------
execution time: 1539623970.4555843 s
-PY0004-111111111111;el tiempo de descarga fue;8.961774587631226
-----------------
execution time: 1539623970.455797 s
-PY0004-111111111111;es el cliente;1;en terminar
-----------------
execution time: 1539623971.5214057 s
-PY0004-111111111111;contacto de
-----------------
execution time: 1539623971.8533173 s
-PY0001-111111111111;contacto de
-----------------
execution time: 1539623976.530784 s
-PY0004-111111111111;contacto de
-----------------
execution time: 1539623976.861928 s
-PY0001-111111111111;contacto de
-----------------
execution time: 1539623981.5398333 s
-PY0004-111111111111;contacto de
-----------------
execution time: 1539623981.870719 s
-PY0001-111111111111;contacto de
-----------------
execution time: 1539623986.548741 s
-PY0004-111111111111;contacto de
-----------------
execution time: 1539623986.878953 s
-PY0001-111111111111;contacto de
-----------------
execution time: 1539623991.5578275 s
-PY0004-111111111111;contacto de
-----------------
execution time: 1539623991.8872514 s
-PY0001-111111111111;contacto de
-----------------
execution time: 1539623996.5668318 s
-PY0004-111111111111;contacto de
-----------------
execution time: 1539623996.896062 s
-PY0001-111111111111;contacto de
-----------------
