Mon Oct 15 15:30:44 2018
Listening on 157.253.205.65:9010
-----------------
execution time: 1539635444.8235548 s
-PY0003-111111111111;contacto de
-----------------
execution time: 1539635444.8249748 s
-PY0003-111111111111;la descarga inicia
-----------------
execution time: 1539635444.8316655 s
-PY0002-111111111111;contacto de
-----------------
execution time: 1539635444.8329275 s
-PY0002-111111111111;la descarga inicia
-----------------
execution time: 1539635444.8340647 s
-PY0005-111111111111;contacto de
-----------------
execution time: 1539635444.835091 s
-PY0005-111111111111;la descarga inicia
-----------------
execution time: 1539635444.8777034 s
-PY0006-111111111111;contacto de
-----------------
execution time: 1539635444.8786201 s
-PY0006-111111111111;la descarga inicia
-----------------
execution time: 1539635445.0107696 s
-PY0004-111111111111;contacto de
-----------------
execution time: 1539635445.0120728 s
-PY0004-111111111111;la descarga inicia
-----------------
execution time: 1539635445.1027763 s
-PY0001-111111111111;contacto de
-----------------
execution time: 1539635445.1038475 s
-PY0001-111111111111;la descarga inicia
-----------------
execution time: 1539635449.836001 s
-PY0003-111111111111;contacto de
-----------------
execution time: 1539635449.845825 s
-PY0002-111111111111;contacto de
-----------------
execution time: 1539635449.8468218 s
-PY0005-111111111111;contacto de
-----------------
execution time: 1539635449.8889854 s
-PY0006-111111111111;contacto de
-----------------
execution time: 1539635450.021259 s
-PY0004-111111111111;contacto de
-----------------
execution time: 1539635450.1107988 s
-PY0001-111111111111;contacto de
-----------------
execution time: 1539635454.852409 s
-PY0003-111111111111;contacto de
-----------------
execution time: 1539635454.8577197 s
-PY0005-111111111111;contacto de
-----------------
execution time: 1539635454.8601122 s
-PY0002-111111111111;contacto de
-----------------
execution time: 1539635454.898417 s
-PY0006-111111111111;contacto de
-----------------
execution time: 1539635455.0461159 s
-PY0004-111111111111;contacto de
-----------------
execution time: 1539635455.1222768 s
-PY0001-111111111111;contacto de
-----------------
execution time: 1539635459.8627708 s
-PY0006-111111111111;el tiempo de descarga fue;14.984158992767334
-----------------
execution time: 1539635459.863422 s
-PY0006-111111111111;es el cliente;1;en terminar
-----------------
execution time: 1539635459.872811 s
-PY0005-111111111111;el tiempo de descarga fue;15.037726640701294
-----------------
execution time: 1539635459.873233 s
-PY0005-111111111111;es el cliente;2;en terminar
-----------------
execution time: 1539635459.8743887 s
-PY0005-111111111111;contacto de
-----------------
execution time: 1539635459.9061718 s
-PY0003-111111111111;contacto de
-----------------
execution time: 1539635459.9073458 s
-PY0002-111111111111;contacto de
-----------------
execution time: 1539635459.912712 s
-PY0006-111111111111;contacto de
-----------------
execution time: 1539635460.0854561 s
-PY0004-111111111111;contacto de
-----------------
execution time: 1539635460.0876718 s
-PY0002-111111111111;el tiempo de descarga fue;15.254750490188599
-----------------
execution time: 1539635460.087855 s
-PY0002-111111111111;es el cliente;3;en terminar
-----------------
execution time: 1539635460.128766 s
-PY0001-111111111111;contacto de
-----------------
execution time: 1539635460.1979747 s
-PY0003-111111111111;el tiempo de descarga fue;15.373022556304932
-----------------
execution time: 1539635460.1983871 s
-PY0003-111111111111;es el cliente;4;en terminar
-----------------
execution time: 1539635460.4050763 s
-PY0004-111111111111;el tiempo de descarga fue;15.393102884292603
-----------------
execution time: 1539635460.40574 s
-PY0004-111111111111;es el cliente;5;en terminar
-----------------
execution time: 1539635464.8826013 s
-PY0005-111111111111;contacto de
-----------------
execution time: 1539635464.9188793 s
-PY0002-111111111111;contacto de
-----------------
execution time: 1539635464.9204683 s
-PY0006-111111111111;contacto de
-----------------
execution time: 1539635464.9689643 s
-PY0003-111111111111;contacto de
-----------------
execution time: 1539635465.1108305 s
-PY0004-111111111111;contacto de
-----------------
execution time: 1539635465.1366951 s
-PY0001-111111111111;contacto de
-----------------
