Mon Oct 15 15:49:13 2018
Listening on 157.253.205.65:9010
-----------------
execution time: 1539636554.0592532 s
-PY0002-111111111111;contacto de
-----------------
execution time: 1539636554.060386 s
-PY0002-111111111111;la descarga inicia
-----------------
execution time: 1539636554.0650258 s
-PY0003-111111111111;contacto de
-----------------
execution time: 1539636554.066498 s
-PY0003-111111111111;la descarga inicia
-----------------
execution time: 1539636559.0764203 s
-PY0002-111111111111;contacto de
-----------------
execution time: 1539636559.079578 s
-PY0003-111111111111;contacto de
-----------------
execution time: 1539636560.1128438 s
-PY0001-111111111111;la descarga inicia
-----------------
execution time: 1539636560.1219368 s
-PY0001-111111111111;contacto de
-----------------
execution time: 1539636564.0971143 s
-PY0002-111111111111;contacto de
-----------------
execution time: 1539636564.1001039 s
-PY0003-111111111111;contacto de
-----------------
execution time: 1539636565.1489377 s
-PY0001-111111111111;contacto de
-----------------
execution time: 1539636569.1207845 s
-PY0002-111111111111;contacto de
-----------------
execution time: 1539636569.1260588 s
-PY0003-111111111111;contacto de
-----------------
execution time: 1539636570.1633682 s
-PY0001-111111111111;contacto de
-----------------
execution time: 1539636574.1350846 s
-PY0002-111111111111;contacto de
-----------------
execution time: 1539636574.1391752 s
-PY0003-111111111111;contacto de
-----------------
execution time: 1539636575.1722794 s
-PY0001-111111111111;contacto de
-----------------
execution time: 1539636577.9627979 s
-PY0002-111111111111;el tiempo de descarga fue;23.90241813659668
-----------------
execution time: 1539636577.9632108 s
-PY0002-111111111111;es el cliente;1;en terminar
-----------------
execution time: 1539636578.0048475 s
-PY0003-111111111111;el tiempo de descarga fue;23.938355684280396
-----------------
execution time: 1539636578.0053082 s
-PY0003-111111111111;es el cliente;2;en terminar
-----------------
execution time: 1539636579.1459172 s
-PY0002-111111111111;contacto de
-----------------
execution time: 1539636579.149738 s
-PY0003-111111111111;contacto de
-----------------
execution time: 1539636580.1810439 s
-PY0001-111111111111;contacto de
-----------------
