Tue Oct 16 19:43:33 2018
Listening on 157.253.205.65:9010
-----------------
execution time: 1539737021.76878 s
-PY0001-111111111111;la descarga inicia
-----------------
execution time: 1539737021.7785132 s
-PY0001-111111111111;contacto de
-----------------
execution time: 1539737023.4771898 s
-PY0004-111111111111;contacto de
-----------------
execution time: 1539737023.4783475 s
-PY0004-111111111111;la descarga inicia
-----------------
execution time: 1539737023.5006554 s
-PY0007-111111111111;contacto de
-----------------
execution time: 1539737023.5024905 s
-PY0007-111111111111;la descarga inicia
-----------------
execution time: 1539737023.5049984 s
-PY0005-111111111111;contacto de
-----------------
execution time: 1539737023.5061216 s
-PY0005-111111111111;la descarga inicia
-----------------
execution time: 1539737023.517229 s
-PY0010-111111111111;contacto de
-----------------
execution time: 1539737023.518524 s
-PY0003-111111111111;contacto de
-----------------
execution time: 1539737023.5200372 s
-PY0010-111111111111;la descarga inicia
-----------------
execution time: 1539737023.5211701 s
-PY0003-111111111111;la descarga inicia
-----------------
execution time: 1539737023.5222769 s
-PY0002-111111111111;contacto de
-----------------
execution time: 1539737023.5235643 s
-PY0002-111111111111;la descarga inicia
-----------------
execution time: 1539737023.533667 s
-PY0009-111111111111;contacto de
-----------------
execution time: 1539737023.5349503 s
-PY0009-111111111111;la descarga inicia
-----------------
execution time: 1539737023.5362082 s
-PY0006-111111111111;contacto de
-----------------
execution time: 1539737023.537539 s
-PY0006-111111111111;la descarga inicia
-----------------
execution time: 1539737023.5478106 s
-PY0011-111111111111;contacto de
-----------------
execution time: 1539737023.5489726 s
-PY0011-111111111111;la descarga inicia
-----------------
execution time: 1539737023.5540106 s
-PY0013-111111111111;contacto de
-----------------
execution time: 1539737023.5555394 s
-PY0013-111111111111;la descarga inicia
-----------------
execution time: 1539737023.5621269 s
-PY0014-111111111111;contacto de
-----------------
execution time: 1539737023.5635684 s
-PY0014-111111111111;la descarga inicia
-----------------
execution time: 1539737023.5757473 s
-PY0012-111111111111;contacto de
-----------------
execution time: 1539737023.5771916 s
-PY0012-111111111111;la descarga inicia
-----------------
execution time: 1539737023.5813096 s
-PY0015-111111111111;contacto de
-----------------
execution time: 1539737023.5826013 s
-PY0015-111111111111;la descarga inicia
-----------------
execution time: 1539737023.6005917 s
-PY0020-111111111111;contacto de
-----------------
execution time: 1539737023.6025474 s
-PY0020-111111111111;la descarga inicia
-----------------
execution time: 1539737023.6267197 s
-PY0022-111111111111;contacto de
-----------------
execution time: 1539737023.6290073 s
-PY0022-111111111111;la descarga inicia
-----------------
execution time: 1539737023.6307905 s
-PY0021-111111111111;contacto de
-----------------
execution time: 1539737023.6331716 s
-PY0021-111111111111;la descarga inicia
-----------------
execution time: 1539737023.6357374 s
-PY0019-111111111111;contacto de
-----------------
execution time: 1539737023.6376042 s
-PY0019-111111111111;la descarga inicia
-----------------
execution time: 1539737023.6395273 s
-PY0017-111111111111;contacto de
-----------------
execution time: 1539737023.6412692 s
-PY0017-111111111111;la descarga inicia
-----------------
execution time: 1539737023.6432042 s
-PY0018-111111111111;contacto de
-----------------
execution time: 1539737023.6452742 s
-PY0018-111111111111;la descarga inicia
-----------------
execution time: 1539737023.6693373 s
-PY0008-111111111111;contacto de
-----------------
execution time: 1539737023.6715212 s
-PY0008-111111111111;la descarga inicia
-----------------
execution time: 1539737023.6920984 s
-PY0023-111111111111;contacto de
-----------------
execution time: 1539737023.6936655 s
-PY0023-111111111111;la descarga inicia
-----------------
execution time: 1539737023.7295048 s
-PY0016-111111111111;contacto de
-----------------
execution time: 1539737023.7307246 s
-PY0016-111111111111;la descarga inicia
-----------------
execution time: 1539737026.809924 s
-PY0001-111111111111;contacto de
-----------------
execution time: 1539737028.4896133 s
-PY0004-111111111111;contacto de
-----------------
execution time: 1539737028.5098355 s
-PY0007-111111111111;contacto de
-----------------
execution time: 1539737028.5132794 s
-PY0005-111111111111;contacto de
-----------------
execution time: 1539737028.5318832 s
-PY0003-111111111111;contacto de
-----------------
execution time: 1539737028.5343661 s
-PY0010-111111111111;contacto de
-----------------
execution time: 1539737028.5373895 s
-PY0002-111111111111;contacto de
-----------------
execution time: 1539737028.5421064 s
-PY0006-111111111111;contacto de
-----------------
execution time: 1539737028.5501099 s
-PY0009-111111111111;contacto de
-----------------
execution time: 1539737028.5610683 s
-PY0011-111111111111;contacto de
-----------------
execution time: 1539737028.5646222 s
-PY0013-111111111111;contacto de
-----------------
execution time: 1539737028.5785172 s
-PY0014-111111111111;contacto de
-----------------
execution time: 1539737028.5831695 s
-PY0012-111111111111;contacto de
-----------------
execution time: 1539737028.5878866 s
-PY0015-111111111111;contacto de
-----------------
execution time: 1539737028.6093495 s
-PY0020-111111111111;contacto de
-----------------
execution time: 1539737028.6436124 s
-PY0022-111111111111;contacto de
-----------------
execution time: 1539737028.6448119 s
-PY0021-111111111111;contacto de
-----------------
execution time: 1539737028.6459372 s
-PY0019-111111111111;contacto de
-----------------
execution time: 1539737028.6481173 s
-PY0017-111111111111;contacto de
-----------------
execution time: 1539737028.6639073 s
-PY0018-111111111111;contacto de
-----------------
execution time: 1539737028.6766396 s
-PY0008-111111111111;contacto de
-----------------
execution time: 1539737028.7008257 s
-PY0023-111111111111;contacto de
-----------------
execution time: 1539737028.7372453 s
-PY0016-111111111111;contacto de
-----------------
execution time: 1539737031.8364816 s
-PY0001-111111111111;contacto de
-----------------
execution time: 1539737033.506697 s
-PY0004-111111111111;contacto de
-----------------
execution time: 1539737033.521177 s
-PY0007-111111111111;contacto de
-----------------
execution time: 1539737033.5238373 s
-PY0005-111111111111;contacto de
-----------------
execution time: 1539737033.5425053 s
-PY0010-111111111111;contacto de
-----------------
execution time: 1539737033.5473864 s
-PY0003-111111111111;contacto de
-----------------
execution time: 1539737033.5541751 s
-PY0002-111111111111;contacto de
-----------------
execution time: 1539737033.5564656 s
-PY0006-111111111111;contacto de
-----------------
execution time: 1539737033.5606725 s
-PY0009-111111111111;contacto de
-----------------
execution time: 1539737033.5678618 s
-PY0011-111111111111;contacto de
-----------------
execution time: 1539737033.572339 s
-PY0013-111111111111;contacto de
-----------------
execution time: 1539737033.5858686 s
-PY0014-111111111111;contacto de
-----------------
execution time: 1539737033.5913098 s
-PY0012-111111111111;contacto de
-----------------
execution time: 1539737033.6120393 s
-PY0015-111111111111;contacto de
-----------------
execution time: 1539737033.6441343 s
-PY0020-111111111111;contacto de
-----------------
execution time: 1539737033.6523626 s
-PY0019-111111111111;contacto de
-----------------
execution time: 1539737033.6552396 s
-PY0021-111111111111;contacto de
-----------------
execution time: 1539737033.6568155 s
-PY0017-111111111111;contacto de
-----------------
execution time: 1539737033.6751962 s
-PY0022-111111111111;contacto de
-----------------
execution time: 1539737033.6766984 s
-PY0018-111111111111;contacto de
-----------------
execution time: 1539737033.693428 s
-PY0008-111111111111;contacto de
-----------------
execution time: 1539737033.7237108 s
-PY0023-111111111111;contacto de
-----------------
execution time: 1539737033.7583697 s
-PY0016-111111111111;contacto de
-----------------
execution time: 1539737036.8480706 s
-PY0001-111111111111;contacto de
-----------------
execution time: 1539737038.5323894 s
-PY0007-111111111111;contacto de
-----------------
execution time: 1539737038.5418684 s
-PY0005-111111111111;contacto de
-----------------
execution time: 1539737038.5578983 s
-PY0010-111111111111;contacto de
-----------------
execution time: 1539737038.5599084 s
-PY0003-111111111111;contacto de
-----------------
execution time: 1539737038.5644991 s
-PY0002-111111111111;contacto de
-----------------
execution time: 1539737038.5687618 s
-PY0009-111111111111;contacto de
-----------------
execution time: 1539737038.5714693 s
-PY0006-111111111111;contacto de
-----------------
execution time: 1539737038.5787876 s
-PY0011-111111111111;contacto de
-----------------
execution time: 1539737038.584285 s
-PY0013-111111111111;contacto de
-----------------
execution time: 1539737038.5944607 s
-PY0014-111111111111;contacto de
-----------------
execution time: 1539737038.5999267 s
-PY0012-111111111111;contacto de
-----------------
execution time: 1539737038.6239064 s
-PY0015-111111111111;contacto de
-----------------
execution time: 1539737038.659165 s
-PY0019-111111111111;contacto de
-----------------
execution time: 1539737038.6643846 s
-PY0017-111111111111;contacto de
-----------------
execution time: 1539737038.6688962 s
-PY0021-111111111111;contacto de
-----------------
execution time: 1539737038.677219 s
-PY0020-111111111111;contacto de
-----------------
execution time: 1539737038.6864426 s
-PY0018-111111111111;contacto de
-----------------
execution time: 1539737038.7172048 s
-PY0022-111111111111;contacto de
-----------------
execution time: 1539737038.745323 s
-PY0023-111111111111;contacto de
-----------------
execution time: 1539737039.5158436 s
-PY0008-111111111111;contacto de
-----------------
execution time: 1539737039.5240762 s
-PY0004-111111111111;contacto de
-----------------
execution time: 1539737039.7727995 s
-PY0016-111111111111;contacto de
-----------------
execution time: 1539737041.8722892 s
-PY0001-111111111111;contacto de
-----------------
execution time: 1539737043.55165 s
-PY0007-111111111111;contacto de
-----------------
execution time: 1539737043.574728 s
-PY0003-111111111111;contacto de
-----------------
execution time: 1539737043.5785067 s
-PY0002-111111111111;contacto de
-----------------
execution time: 1539737043.5800965 s
-PY0009-111111111111;contacto de
-----------------
execution time: 1539737043.5943236 s
-PY0011-111111111111;contacto de
-----------------
execution time: 1539737043.597205 s
-PY0013-111111111111;contacto de
-----------------
execution time: 1539737043.601311 s
-PY0014-111111111111;contacto de
-----------------
execution time: 1539737043.6101089 s
-PY0012-111111111111;contacto de
-----------------
execution time: 1539737043.6404567 s
-PY0006-111111111111;contacto de
-----------------
execution time: 1539737043.6421099 s
-PY0015-111111111111;contacto de
-----------------
execution time: 1539737043.8681993 s
-PY0005-111111111111;contacto de
-----------------
execution time: 1539737043.870462 s
-PY0017-111111111111;contacto de
-----------------
execution time: 1539737043.8720567 s
-PY0019-111111111111;contacto de
-----------------
execution time: 1539737043.8738916 s
-PY0021-111111111111;contacto de
-----------------
execution time: 1539737043.8756714 s
-PY0018-111111111111;contacto de
-----------------
execution time: 1539737043.877643 s
-PY0022-111111111111;contacto de
-----------------
execution time: 1539737043.879187 s
-PY0020-111111111111;contacto de
-----------------
execution time: 1539737044.0469313 s
-PY0023-111111111111;contacto de
-----------------
execution time: 1539737044.5507433 s
-PY0008-111111111111;contacto de
-----------------
execution time: 1539737045.689203 s
-PY0004-111111111111;contacto de
-----------------
execution time: 1539737045.6931074 s
-PY0016-111111111111;contacto de
-----------------
execution time: 1539737045.9526224 s
-PY0006-111111111111;el tiempo de descarga fue;22.415093421936035
-----------------
execution time: 1539737045.9532099 s
-PY0006-111111111111;es el cliente;1;en terminar
-----------------
execution time: 1539737046.4724844 s
-PY0009-111111111111;el tiempo de descarga fue;22.937541007995605
-----------------
execution time: 1539737046.4731417 s
-PY0009-111111111111;es el cliente;2;en terminar
-----------------
execution time: 1539737046.579964 s
-PY0010-111111111111;contacto de
-----------------
execution time: 1539737046.851109 s
-PY0023-111111111111;el tiempo de descarga fue;23.157450199127197
-----------------
execution time: 1539737046.851517 s
-PY0023-111111111111;es el cliente;3;en terminar
-----------------
execution time: 1539737046.8804436 s
-PY0001-111111111111;contacto de
-----------------
execution time: 1539737047.0800054 s
-PY0016-111111111111;el tiempo de descarga fue;23.34928798675537
-----------------
execution time: 1539737047.0805662 s
-PY0016-111111111111;es el cliente;4;en terminar
-----------------
execution time: 1539737047.3409832 s
-PY0020-111111111111;el tiempo de descarga fue;23.738442182540894
-----------------
execution time: 1539737047.3415456 s
-PY0020-111111111111;es el cliente;5;en terminar
-----------------
execution time: 1539737047.6368804 s
-PY0019-111111111111;el tiempo de descarga fue;23.99928593635559
-----------------
execution time: 1539737047.6373825 s
-PY0019-111111111111;es el cliente;6;en terminar
-----------------
execution time: 1539737047.704396 s
-PY0002-111111111111;el tiempo de descarga fue;24.180839776992798
-----------------
execution time: 1539737047.7050595 s
-PY0002-111111111111;es el cliente;7;en terminar
-----------------
execution time: 1539737047.7682736 s
-PY0015-111111111111;el tiempo de descarga fue;24.185681581497192
-----------------
execution time: 1539737047.7687023 s
-PY0015-111111111111;es el cliente;8;en terminar
-----------------
execution time: 1539737048.0215993 s
-PY0011-111111111111;el tiempo de descarga fue;24.472633600234985
-----------------
execution time: 1539737048.0218852 s
-PY0011-111111111111;es el cliente;9;en terminar
-----------------
execution time: 1539737048.106671 s
-PY0017-111111111111;el tiempo de descarga fue;24.465411901474
-----------------
execution time: 1539737048.107156 s
-PY0017-111111111111;es el cliente;10;en terminar
-----------------
execution time: 1539737048.3145866 s
-PY0021-111111111111;el tiempo de descarga fue;24.68142294883728
-----------------
execution time: 1539737048.3152087 s
-PY0021-111111111111;es el cliente;11;en terminar
-----------------
execution time: 1539737048.4869812 s
-PY0018-111111111111;el tiempo de descarga fue;24.841715574264526
-----------------
execution time: 1539737048.487221 s
-PY0018-111111111111;es el cliente;12;en terminar
-----------------
execution time: 1539737048.8480673 s
-PY0007-111111111111;contacto de
-----------------
execution time: 1539737048.8499827 s
-PY0009-111111111111;contacto de
-----------------
execution time: 1539737048.8516293 s
-PY0002-111111111111;contacto de
-----------------
execution time: 1539737048.853716 s
-PY0003-111111111111;contacto de
-----------------
execution time: 1539737048.8557844 s
-PY0011-111111111111;contacto de
-----------------
execution time: 1539737048.9665403 s
-PY0014-111111111111;contacto de
-----------------
execution time: 1539737048.9690325 s
-PY0013-111111111111;contacto de
-----------------
execution time: 1539737048.9711967 s
-PY0006-111111111111;contacto de
-----------------
execution time: 1539737048.9736464 s
-PY0012-111111111111;contacto de
-----------------
execution time: 1539737048.9760907 s
-PY0017-111111111111;contacto de
-----------------
execution time: 1539737048.977838 s
-PY0019-111111111111;contacto de
-----------------
execution time: 1539737048.9798715 s
-PY0005-111111111111;contacto de
-----------------
execution time: 1539737048.9815109 s
-PY0022-111111111111;contacto de
-----------------
execution time: 1539737049.0867674 s
-PY0021-111111111111;contacto de
-----------------
execution time: 1539737049.096276 s
-PY0023-111111111111;contacto de
-----------------
execution time: 1539737049.2031884 s
-PY0013-111111111111;el tiempo de descarga fue;25.647655963897705
-----------------
execution time: 1539737049.2035787 s
-PY0013-111111111111;es el cliente;13;en terminar
-----------------
execution time: 1539737049.4269211 s
-PY0012-111111111111;el tiempo de descarga fue;25.849738597869873
-----------------
execution time: 1539737049.427662 s
-PY0012-111111111111;es el cliente;14;en terminar
-----------------
execution time: 1539737049.5463078 s
-PY0004-111111111111;el tiempo de descarga fue;26.06796646118164
-----------------
execution time: 1539737049.5468018 s
-PY0004-111111111111;es el cliente;15;en terminar
-----------------
execution time: 1539737049.6553948 s
-PY0015-111111111111;contacto de
-----------------
execution time: 1539737050.0564678 s
-PY0008-111111111111;contacto de
-----------------
execution time: 1539737050.058297 s
-PY0007-111111111111;el tiempo de descarga fue;26.55581498146057
-----------------
execution time: 1539737050.058575 s
-PY0007-111111111111;es el cliente;16;en terminar
-----------------
execution time: 1539737050.0601804 s
-PY0003-111111111111;el tiempo de descarga fue;26.539016246795654
-----------------
execution time: 1539737050.0604136 s
-PY0003-111111111111;es el cliente;17;en terminar
-----------------
execution time: 1539737050.0618458 s
-PY0010-111111111111;el tiempo de descarga fue;26.54181456565857
-----------------
execution time: 1539737050.0620937 s
-PY0010-111111111111;es el cliente;18;en terminar
-----------------
execution time: 1539737050.0632133 s
-PY0022-111111111111;el tiempo de descarga fue;26.43421244621277
-----------------
execution time: 1539737050.0635185 s
-PY0022-111111111111;es el cliente;19;en terminar
-----------------
execution time: 1539737050.0651257 s
-PY0014-111111111111;el tiempo de descarga fue;26.50156331062317
-----------------
execution time: 1539737050.0653815 s
-PY0014-111111111111;es el cliente;20;en terminar
-----------------
execution time: 1539737050.066841 s
-PY0020-111111111111;contacto de
-----------------
execution time: 1539737050.1247985 s
-PY0018-111111111111;contacto de
-----------------
execution time: 1539737050.1772256 s
-PY0005-111111111111;el tiempo de descarga fue;26.6711106300354
-----------------
execution time: 1539737050.1776724 s
-PY0005-111111111111;es el cliente;21;en terminar
-----------------
execution time: 1539737050.7218318 s
-PY0016-111111111111;contacto de
-----------------
execution time: 1539737051.0213816 s
-PY0004-111111111111;contacto de
-----------------
execution time: 1539737051.5645294 s
-PY0008-111111111111;el tiempo de descarga fue;27.893014430999756
-----------------
execution time: 1539737051.5649884 s
-PY0008-111111111111;es el cliente;22;en terminar
-----------------
execution time: 1539737051.6061244 s
-PY0010-111111111111;contacto de
-----------------
execution time: 1539737051.888497 s
-PY0001-111111111111;contacto de
-----------------
execution time: 1539737053.860369 s
-PY0002-111111111111;contacto de
-----------------
execution time: 1539737053.8625836 s
-PY0009-111111111111;contacto de
-----------------
execution time: 1539737053.8637643 s
-PY0003-111111111111;contacto de
-----------------
execution time: 1539737053.8652685 s
-PY0011-111111111111;contacto de
-----------------
execution time: 1539737053.87789 s
-PY0007-111111111111;contacto de
-----------------
execution time: 1539737053.9827027 s
-PY0006-111111111111;contacto de
-----------------
execution time: 1539737053.984738 s
-PY0013-111111111111;contacto de
-----------------
execution time: 1539737053.9871197 s
-PY0017-111111111111;contacto de
-----------------
execution time: 1539737053.9886887 s
-PY0019-111111111111;contacto de
-----------------
execution time: 1539737053.9961712 s
-PY0022-111111111111;contacto de
-----------------
execution time: 1539737054.0022657 s
-PY0012-111111111111;contacto de
-----------------
execution time: 1539737054.0341604 s
-PY0014-111111111111;contacto de
-----------------
execution time: 1539737054.096079 s
-PY0021-111111111111;contacto de
-----------------
execution time: 1539737054.1067438 s
-PY0023-111111111111;contacto de
-----------------
execution time: 1539737054.2616544 s
-PY0005-111111111111;contacto de
-----------------
execution time: 1539737054.6688137 s
-PY0015-111111111111;contacto de
-----------------
execution time: 1539737055.076013 s
-PY0020-111111111111;contacto de
-----------------
execution time: 1539737055.0838068 s
-PY0008-111111111111;contacto de
-----------------
execution time: 1539737055.1359916 s
-PY0018-111111111111;contacto de
-----------------
execution time: 1539737055.7291536 s
-PY0016-111111111111;contacto de
-----------------
execution time: 1539737056.0307894 s
-PY0004-111111111111;contacto de
-----------------
execution time: 1539737056.6154833 s
-PY0010-111111111111;contacto de
-----------------
execution time: 1539737056.8967643 s
-PY0001-111111111111;contacto de
-----------------
