Mon Oct 15 00:45:17 2018
Listening on 157.253.205.65:None
-----------------
execution time: 1539582317.8599093 s
-PY0002-111111111111;contacto de
-----------------
execution time: 1539582317.8613865 s
-PY0002-111111111111;la descarga inicia
-----------------
execution time: 1539582318.4059887 s
-PY0001-111111111111;contacto de
-----------------
execution time: 1539582318.4069648 s
-PY0001-111111111111;la descarga inicia
-----------------
execution time: 1539582322.875962 s
-PY0002-111111111111;contacto de
-----------------
execution time: 1539582323.4166183 s
-PY0001-111111111111;contacto de
-----------------
execution time: 1539582326.1129053 s
-PY0002-111111111111;el tiempo de descarga fue;8.251527547836304
-----------------
execution time: 1539582327.8910787 s
-PY0002-111111111111;contacto de
-----------------
execution time: 1539582328.426185 s
-PY0001-111111111111;contacto de
-----------------
execution time: 1539582332.9002213 s
-PY0002-111111111111;contacto de
-----------------
execution time: 1539582333.4346626 s
-PY0001-111111111111;contacto de
-----------------
